spk_ver/v00/v0000	SES146	0.803246	-49.3709	-50.1741
spk_ver/v00/v0001	SES002	-12.8782	-63.4136	-50.5354
spk_ver/v00/v0002	SES002	-9.2035	-60.3494	-51.1459
spk_ver/v00/v0003	SES002	-15.1087	-66.3305	-51.2218
spk_ver/v00/v0004	SES002	-2.19303	-52.7789	-50.5859
spk_ver/v00/v0005	SES002	-3.3085	-53.4716	-50.1631
spk_ver/v00/v0006	SES002	-7.3989	-57.0257	-49.6268
spk_ver/v00/v0007	SES002	-8.53973	-60.4646	-51.9249
spk_ver/v00/v0008	SES146	0.224358	-50.3633	-50.5877
spk_ver/v00/v0009	SES002	-1.86001	-51.2257	-49.3657
spk_ver/v00/v0010	SES002	-2.3448	-52.6693	-50.3245
spk_ver/v00/v0011	SES002	-1.04279	-52.2869	-51.2441
spk_ver/v00/v0012	SES002	-7.52401	-56.1868	-48.6628
spk_ver/v00/v0013	SES002	-4.21064	-53.2886	-49.0779
spk_ver/v00/v0014	SES002	-1.38955	-51.3934	-50.0039
spk_ver/v00/v0015	SES002	-1.45242	-51.3446	-49.8922
spk_ver/v00/v0016	SES275	0.356415	-50.9259	-51.2823
spk_ver/v00/v0017	SES002	-0.216751	-50.2015	-49.9847
spk_ver/v00/v0018	SES002	-11.5872	-63.243	-51.6558
spk_ver/v00/v0019	SES002	-2.08212	-51.9545	-49.8723
spk_ver/v00/v0020	SES002	-9.88625	-60.901	-51.0148
spk_ver/v00/v0021	SES002	-9.58902	-59.7917	-50.2027
spk_ver/v00/v0022	SES002	-1.83738	-51.7031	-49.8657
spk_ver/v00/v0023	SES002	-8.25284	-57.388	-49.1352
spk_ver/v00/v0024	SES002	-9.85351	-60.7419	-50.8884
spk_ver/v00/v0025	SES002	-6.65076	-56.9656	-50.3148
spk_ver/v00/v0026	SES002	-4.41761	-53.6808	-49.2632
spk_ver/v00/v0027	SES129	1.45438	-48.0714	-49.5258
spk_ver/v00/v0028	SES007	-2.39107	-51.5636	-49.1725
spk_ver/v00/v0029	SES083	-0.148979	-49.3316	-49.1827
spk_ver/v00/v0030	SES019	1.68068	-49.0281	-50.7088
spk_ver/v00/v0031	SES007	-2.64955	-53.4674	-50.8179
spk_ver/v00/v0032	SES270	0.514454	-49.7565	-50.271
spk_ver/v00/v0033	SES007	-3.37886	-52.992	-49.6132
spk_ver/v00/v0034	SES007	-2.25584	-54.7359	-52.4801
spk_ver/v00/v0035	SES007	-1.28549	-50.671	-49.3855
spk_ver/v00/v0036	SES007	-1.37175	-50.7363	-49.3645
spk_ver/v00/v0037	SES007	-2.93528	-51.9476	-49.0123
spk_ver/v00/v0038	SES259	1.38986	-47.9251	-49.3149
spk_ver/v00/v0039	SES007	-2.71866	-52.9897	-50.271
spk_ver/v00/v0040	SES007	-2.92483	-51.8135	-48.8887
spk_ver/v00/v0041	SES007	-2.12129	-52.0084	-49.8871
spk_ver/v00/v0042	SES007	-1.20335	-51.3209	-50.1176
spk_ver/v00/v0043	SES007	-0.771454	-50.6367	-49.8653
spk_ver/v00/v0044	SES007	-2.53224	-50.8156	-48.2834
spk_ver/v00/v0045	SES007	-1.38771	-50.7975	-49.4097
spk_ver/v00/v0046	SES007	-1.7256	-51.0052	-49.2796
spk_ver/v00/v0047	SES172	0.404732	-49.059	-49.4638
spk_ver/v00/v0048	SES105	1.0686	-49.3497	-50.4183
spk_ver/v00/v0049	SES007	-1.04823	-50.2686	-49.2204
spk_ver/v00/v0050	SES292	-0.110085	-49.9149	-49.8048
spk_ver/v00/v0051	SES007	-2.26311	-52.3373	-50.0742
spk_ver/v00/v0052	SES068	0.664337	-48.5032	-49.1675
spk_ver/v00/v0053	SES008	-1.2495	-49.9934	-48.7439
spk_ver/v00/v0054	SES008	-5.54107	-57.3134	-51.7723
spk_ver/v00/v0055	SES008	-1.88085	-51.27	-49.3891
spk_ver/v00/v0056	SES008	-5.28689	-55.8762	-50.5893
spk_ver/v00/v0057	SES008	-4.63039	-54.5659	-49.9356
spk_ver/v00/v0058	SES083	0.143841	-49.3186	-49.4624
spk_ver/v00/v0059	SES158	1.60128	-48.677	-50.2782
spk_ver/v00/v0060	SES008	-3.35525	-53.0819	-49.7267
spk_ver/v00/v0061	SES101	0.153835	-49.6214	-49.7752
spk_ver/v00/v0062	SES008	-3.85603	-54.1335	-50.2774
spk_ver/v00/v0063	SES008	-2.49421	-52.8462	-50.352
spk_ver/v00/v0064	SES117	1.00452	-49.7424	-50.7469
spk_ver/v00/v0065	SES149	1.46781	-47.9786	-49.4464
spk_ver/v00/v0066	SES008	-1.48537	-50.4529	-48.9676
spk_ver/v00/v0067	SES008	-3.04434	-54.1261	-51.0817
spk_ver/v00/v0068	SES162	1.54577	-49.071	-50.6167
spk_ver/v00/v0069	SES008	-4.08207	-53.8798	-49.7977
spk_ver/v00/v0070	SES008	-1.14305	-50.1357	-48.9926
spk_ver/v00/v0071	SES008	-3.77538	-53.6246	-49.8492
spk_ver/v00/v0072	SES008	-1.29964	-49.8508	-48.5511
spk_ver/v00/v0073	SES008	-2.17482	-51.0081	-48.8333
spk_ver/v00/v0074	SES008	-3.42153	-52.7872	-49.3656
spk_ver/v00/v0075	SES008	-5.63469	-56.6513	-51.0166
spk_ver/v00/v0076	SES167	1.15563	-48.5016	-49.6573
spk_ver/v00/v0077	SES008	-1.64265	-50.7658	-49.1231
spk_ver/v00/v0078	SES177	0.775673	-48.9325	-49.7081
spk_ver/v00/v0079	SES008	-3.16121	-53.4432	-50.282
spk_ver/v00/v0080	SES008	-3.10909	-53.7604	-50.6513
spk_ver/v00/v0081	SES008	-5.85101	-57.588	-51.737
spk_ver/v00/v0082	SES008	-2.92137	-52.3404	-49.419
spk_ver/v00/v0083	SES008	-5.05121	-55.676	-50.6248
spk_ver/v00/v0084	SES144	0.619736	-49.7638	-50.3836
spk_ver/v00/v0085	SES008	-2.79707	-52.7791	-49.982
spk_ver/v00/v0086	SES008	-1.94662	-50.652	-48.7053
spk_ver/v00/v0087	SES008	-4.09239	-54.7288	-50.6364
spk_ver/v00/v0088	SES008	-3.772	-53.1234	-49.3514
spk_ver/v00/v0089	SES008	-1.86241	-52.5583	-50.6959
spk_ver/v00/v0090	SES142	1.89851	-48.4227	-50.3212
spk_ver/v00/v0091	SES008	-4.53456	-53.7908	-49.2563
spk_ver/v00/v0092	SES158	0.401714	-49.8935	-50.2953
spk_ver/v00/v0093	SES014	-3.2354	-52.1209	-48.8855
spk_ver/v00/v0094	SES014	-3.45502	-54.7417	-51.2867
spk_ver/v00/v0095	SES014	-1.36245	-50.1419	-48.7794
spk_ver/v00/v0096	SES014	-2.70099	-52.6984	-49.9974
spk_ver/v00/v0097	SES014	-1.5474	-52.7373	-51.1899
spk_ver/v00/v0098	SES014	-0.945034	-50.0691	-49.124
spk_ver/v00/v0099	SES014	-7.79587	-58.6711	-50.8753
spk_ver/v01/v0100	SES127	0.828888	-48.5388	-49.3676
spk_ver/v01/v0101	SES014	-6.87173	-58.6056	-51.7339
spk_ver/v01/v0102	SES014	-9.68053	-60.8334	-51.1529
spk_ver/v01/v0103	SES014	-4.2254	-55.8331	-51.6077
spk_ver/v01/v0104	SES014	-7.88377	-59.0241	-51.1404
spk_ver/v01/v0105	SES014	-3.15827	-55.1631	-52.0048
spk_ver/v01/v0106	SES014	-2.22812	-53.0029	-50.7748
spk_ver/v01/v0107	SES014	-9.73295	-58.99	-49.2571
spk_ver/v01/v0108	SES014	-11.3633	-62.0136	-50.6503
spk_ver/v01/v0109	SES014	-7.424	-58.9392	-51.5152
spk_ver/v01/v0110	SES014	-2.47141	-53.658	-51.1866
spk_ver/v01/v0111	SES014	-1.46139	-50.9128	-49.4514
spk_ver/v01/v0112	SES014	-7.3068	-56.5208	-49.214
spk_ver/v01/v0113	SES104	-0.146866	-50.5458	-50.3989
spk_ver/v01/v0114	SES082	0.374542	-48.7848	-49.1594
spk_ver/v01/v0115	SES087	1.50484	-48.5097	-50.0145
spk_ver/v01/v0116	SES014	-1.37098	-51.0028	-49.6318
spk_ver/v01/v0117	SES177	0.295753	-49.5953	-49.8911
spk_ver/v01/v0118	SES014	-7.68586	-58.9517	-51.2659
spk_ver/v01/v0119	SES014	-1.16011	-50.815	-49.6549
spk_ver/v01/v0120	SES014	-11.495	-62.5482	-51.0532
spk_ver/v01/v0121	SES146	0.556175	-49.5652	-50.1214
spk_ver/v01/v0122	SES014	1.03936	-47.6218	-48.6611
spk_ver/v01/v0123	SES014	-1.80154	-51.3077	-49.5061
spk_ver/v01/v0124	SES014	-8.29185	-58.1458	-49.854
spk_ver/v01/v0125	SES014	-4.91093	-54.8818	-49.9709
spk_ver/v01/v0126	SES016	-2.72615	-52.9703	-50.2441
spk_ver/v01/v0127	SES016	-2.92707	-54.3308	-51.4037
spk_ver/v01/v0128	SES106	1.53631	-48.192	-49.7283
spk_ver/v01/v0129	SES016	-4.56339	-53.6631	-49.0997
spk_ver/v01/v0130	SES016	-2.5405	-52.805	-50.2645
spk_ver/v01/v0131	SES016	-4.35276	-54.4472	-50.0944
spk_ver/v01/v0132	SES016	-1.95732	-51.4574	-49.5001
spk_ver/v01/v0133	SES016	-2.95399	-53.3734	-50.4194
spk_ver/v01/v0134	SES016	-2.66037	-51.6299	-48.9696
spk_ver/v01/v0135	SES016	-3.7621	-54.5402	-50.7781
spk_ver/v01/v0136	SES016	-3.60036	-53.6712	-50.0708
spk_ver/v01/v0137	SES007	0.117928	-50.2064	-50.3243
spk_ver/v01/v0138	SES016	-1.37278	-51.3267	-49.9539
spk_ver/v01/v0139	SES016	-2.06033	-51.0499	-48.9896
spk_ver/v01/v0140	SES016	0.941975	-48.6375	-49.5795
spk_ver/v01/v0141	SES016	-8.32797	-60.7138	-52.3858
spk_ver/v01/v0142	SES016	-3.18079	-52.6758	-49.495
spk_ver/v01/v0143	SES016	-5.56897	-56.5123	-50.9434
spk_ver/v01/v0144	SES016	-2.71477	-52.0768	-49.362
spk_ver/v01/v0145	SES016	-3.21207	-54.1197	-50.9077
spk_ver/v01/v0146	SES016	-1.90773	-51.4281	-49.5204
spk_ver/v01/v0147	SES016	-1.81774	-51.1894	-49.3717
spk_ver/v01/v0148	SES127	0.464359	-48.9482	-49.4126
spk_ver/v01/v0149	SES016	-3.79009	-53.6484	-49.8583
spk_ver/v01/v0150	SES016	-2.15372	-51.7033	-49.5495
spk_ver/v01/v0151	SES147	0.961399	-50.457	-51.4184
spk_ver/v01/v0152	SES016	-2.33342	-52.5531	-50.2197
spk_ver/v01/v0153	SES104	0.897297	-47.7481	-48.6454
spk_ver/v01/v0154	SES016	-3.09086	-53.6043	-50.5134
spk_ver/v01/v0155	SES016	-2.84337	-54.3064	-51.463
spk_ver/v01/v0156	SES019	-1.08014	-51.7674	-50.6872
spk_ver/v01/v0157	SES019	-2.74775	-51.5506	-48.8028
spk_ver/v01/v0158	SES019	-1.28738	-51.482	-50.1946
spk_ver/v01/v0159	SES007	0.421902	-49.2369	-49.6589
spk_ver/v01/v0160	SES019	-2.24279	-51.2179	-48.9751
spk_ver/v01/v0161	SES019	-2.38132	-53.0858	-50.7045
spk_ver/v01/v0162	SES019	-6.43186	-55.5687	-49.1368
spk_ver/v01/v0163	SES189	1.05853	-50.0191	-51.0776
spk_ver/v01/v0164	SES019	-1.72879	-51.2436	-49.5148
spk_ver/v01/v0165	SES019	-1.27203	-51.9404	-50.6684
spk_ver/v01/v0166	SES019	-5.96506	-55.4073	-49.4422
spk_ver/v01/v0167	SES019	-7.98442	-59.0639	-51.0795
spk_ver/v01/v0168	SES019	-1.39129	-52.25	-50.8587
spk_ver/v01/v0169	SES019	-3.45636	-53.835	-50.3786
spk_ver/v01/v0170	SES270	0.887684	-49.0615	-49.9491
spk_ver/v01/v0171	SES019	-2.57041	-52.2024	-49.632
spk_ver/v01/v0172	SES019	-9.10237	-59.9589	-50.8566
spk_ver/v01/v0173	SES206	0.955139	-49.2578	-50.213
spk_ver/v01/v0174	SES019	-1.81939	-52.0304	-50.211
spk_ver/v01/v0175	SES014	0.747707	-48.3459	-49.0936
spk_ver/v01/v0176	SES019	-5.28656	-54.6814	-49.3949
spk_ver/v01/v0177	SES120	0.853729	-49.4136	-50.2673
spk_ver/v01/v0178	SES019	-1.58601	-52.9435	-51.3575
spk_ver/v01/v0179	SES019	-8.65234	-56.9567	-48.3044
spk_ver/v01/v0180	SES175	1.03022	-49.4725	-50.5027
spk_ver/v01/v0181	SES019	-6.88149	-58.0418	-51.1603
spk_ver/v01/v0182	SES019	-3.22436	-52.2152	-48.9909
spk_ver/v01/v0183	SES029	-2.41431	-51.7662	-49.3519
spk_ver/v01/v0184	SES029	-4.32091	-54.418	-50.097
spk_ver/v01/v0185	SES029	-2.68089	-51.9869	-49.306
spk_ver/v01/v0186	SES068	0.660835	-48.7242	-49.385
spk_ver/v01/v0187	SES029	-4.61485	-54.0974	-49.4825
spk_ver/v01/v0188	SES029	-3.05503	-52.2402	-49.1852
spk_ver/v01/v0189	SES149	1.90102	-47.5299	-49.4309
spk_ver/v01/v0190	SES029	-3.70693	-53.1504	-49.4435
spk_ver/v01/v0191	SES029	-4.16117	-54.1623	-50.0011
spk_ver/v01/v0192	SES183	1.05835	-47.9629	-49.0212
spk_ver/v01/v0193	SES029	-1.50751	-51.5003	-49.9928
spk_ver/v01/v0194	SES016	1.31748	-48.3941	-49.7116
spk_ver/v01/v0195	SES029	-2.63263	-52.1592	-49.5265
spk_ver/v01/v0196	SES029	-1.22455	-51.1297	-49.9052
spk_ver/v01/v0197	SES029	-3.43855	-52.6777	-49.2392
spk_ver/v01/v0198	SES146	0.228642	-50.0464	-50.2751
spk_ver/v01/v0199	SES029	-3.82397	-54.4741	-50.6501
spk_ver/v02/v0200	SES029	-2.84767	-53.6157	-50.7681
spk_ver/v02/v0201	SES068	0.759224	-48.3355	-49.0948
spk_ver/v02/v0202	SES148	1.12469	-48.9375	-50.0622
spk_ver/v02/v0203	SES029	-2.91194	-52.6451	-49.7332
spk_ver/v02/v0204	SES029	-0.722111	-50.8864	-50.1643
spk_ver/v02/v0205	SES060	1.13596	-47.7999	-48.9358
spk_ver/v02/v0206	SES127	1.70639	-47.5238	-49.2302
spk_ver/v02/v0207	SES029	-3.58935	-54.5829	-50.9936
spk_ver/v02/v0208	SES048	1.69647	-49.3061	-51.0025
spk_ver/v02/v0209	SES029	-1.79786	-51.2635	-49.4656
spk_ver/v02/v0210	SES029	-4.65006	-54.7295	-50.0795
spk_ver/v02/v0211	SES029	-3.60242	-53.488	-49.8855
spk_ver/v02/v0212	SES042	-12.5248	-63.7119	-51.187
spk_ver/v02/v0213	SES085	0.927803	-48.7651	-49.693
spk_ver/v02/v0214	SES206	1.42241	-48.4585	-49.8809
spk_ver/v02/v0215	SES144	0.397568	-49.8922	-50.2898
spk_ver/v02/v0216	SES042	-3.29024	-53.0575	-49.7672
spk_ver/v02/v0217	SES042	-3.78273	-56.9789	-53.1962
spk_ver/v02/v0218	SES042	-1.38327	-50.2803	-48.8971
spk_ver/v02/v0219	SES206	1.01007	-48.5213	-49.5314
spk_ver/v02/v0220	SES019	3.22015	-47.8718	-51.0919
spk_ver/v02/v0221	SES007	0.293854	-49.713	-50.0068
spk_ver/v02/v0222	SES042	-10.6987	-61.9586	-51.2599
spk_ver/v02/v0223	SES147	1.09637	-50.1291	-51.2254
spk_ver/v02/v0224	SES105	0.987656	-49.7544	-50.7421
spk_ver/v02/v0225	SES042	-2.08723	-51.9712	-49.8839
spk_ver/v02/v0226	SES275	0.797806	-49.522	-50.3198
spk_ver/v02/v0227	SES042	-4.6521	-54.8148	-50.1627
spk_ver/v02/v0228	SES042	-7.42216	-56.7826	-49.3605
spk_ver/v02/v0229	SES042	-12.1832	-61.4576	-49.2744
spk_ver/v02/v0230	SES085	0.202209	-48.2681	-48.4703
spk_ver/v02/v0231	SES014	1.39919	-47.6113	-49.0105
spk_ver/v02/v0232	SES042	-1.5858	-51.1659	-49.5802
spk_ver/v02/v0233	SES048	-3.57755	-53.2987	-49.7212
spk_ver/v02/v0234	SES048	-7.93853	-58.8182	-50.8797
spk_ver/v02/v0235	SES029	0.472359	-49.4484	-49.9207
spk_ver/v02/v0236	SES048	-4.03764	-52.9561	-48.9185
spk_ver/v02/v0237	SES048	-4.02839	-53.9739	-49.9455
spk_ver/v02/v0238	SES048	-3.82228	-53.7774	-49.9551
spk_ver/v02/v0239	SES060	0.0944672	-48.8387	-48.9331
spk_ver/v02/v0240	SES048	-6.4392	-57.5021	-51.0629
spk_ver/v02/v0241	SES048	-6.76999	-56.9125	-50.1425
spk_ver/v02/v0242	SES189	2.69759	-49.8379	-52.5355
spk_ver/v02/v0243	SES162	0.88047	-49.8358	-50.7162
spk_ver/v02/v0244	SES048	-3.46541	-52.6332	-49.1678
spk_ver/v02/v0245	SES048	-3.36725	-52.7242	-49.3569
spk_ver/v02/v0246	SES048	-3.22347	-52.505	-49.2815
spk_ver/v02/v0247	SES048	-4.07233	-55.1255	-51.0532
spk_ver/v02/v0248	SES226	1.56414	-48.4426	-50.0067
spk_ver/v02/v0249	SES048	-3.28363	-53.3556	-50.0719
spk_ver/v02/v0250	SES048	-3.59445	-54.4617	-50.8672
spk_ver/v02/v0251	SES048	-3.75413	-54.1366	-50.3825
spk_ver/v02/v0252	SES060	-5.63664	-57.3102	-51.6736
spk_ver/v02/v0253	SES060	-4.62251	-54.4823	-49.8598
spk_ver/v02/v0254	SES259	1.99078	-47.5234	-49.5142
spk_ver/v02/v0255	SES060	-4.0337	-55.3092	-51.2755
spk_ver/v02/v0256	SES202	0.790237	-50.1087	-50.8989
spk_ver/v02/v0257	SES148	0.628532	-48.5794	-49.2079
spk_ver/v02/v0258	SES060	-5.90294	-57.5225	-51.6195
spk_ver/v02/v0259	SES060	-1.72779	-51.0941	-49.3663
spk_ver/v02/v0260	SES060	-2.70327	-52.4631	-49.7598
spk_ver/v02/v0261	SES099	1.50649	-48.2173	-49.7238
spk_ver/v02/v0262	SES060	-3.37601	-53.5283	-50.1523
spk_ver/v02/v0263	SES060	-2.25528	-51.06	-48.8047
spk_ver/v02/v0264	SES292	-0.0792274	-50.0035	-49.9243
spk_ver/v02/v0265	SES060	-1.46806	-51.176	-49.7079
spk_ver/v02/v0266	SES060	-5.67334	-56.4862	-50.8128
spk_ver/v02/v0267	SES060	-5.12058	-55.6753	-50.5547
spk_ver/v02/v0268	SES060	-5.8036	-57.3544	-51.5508
spk_ver/v02/v0269	SES127	0.487648	-49.0707	-49.5583
spk_ver/v02/v0270	SES060	-3.32095	-53.79	-50.469
spk_ver/v02/v0271	SES060	-1.18071	-50.3421	-49.1614
spk_ver/v02/v0272	SES060	-4.2051	-55.5406	-51.3355
spk_ver/v02/v0273	SES087	1.16542	-48.9279	-50.0933
spk_ver/v02/v0274	SES146	0.525299	-49.9471	-50.4724
spk_ver/v02/v0275	SES060	-4.61724	-55.3619	-50.7446
spk_ver/v02/v0276	SES002	1.52829	-48.8651	-50.3933
spk_ver/v02/v0277	SES060	-1.47451	-51.1954	-49.7209
spk_ver/v02/v0278	SES060	-5.32251	-55.5617	-50.2392
spk_ver/v02/v0279	SES060	-5.3025	-54.355	-49.0525
spk_ver/v02/v0280	SES129	1.90038	-47.5691	-49.4695
spk_ver/v02/v0281	SES162	1.10091	-49.2193	-50.3202
spk_ver/v02/v0282	SES060	-3.64627	-53.6692	-50.0229
spk_ver/v02/v0283	SES060	-3.2588	-52.737	-49.4782
spk_ver/v02/v0284	SES062	-3.51364	-54.5755	-51.0619
spk_ver/v02/v0285	SES062	-3.37218	-53.5341	-50.1619
spk_ver/v02/v0286	SES120	0.524582	-50.232	-50.7566
spk_ver/v02/v0287	SES062	-2.30284	-53.0785	-50.7757
spk_ver/v02/v0288	SES062	-3.49527	-54.0587	-50.5634
spk_ver/v02/v0289	SES062	-2.48147	-51.2693	-48.7878
spk_ver/v02/v0290	SES062	-2.13177	-51.3572	-49.2254
spk_ver/v02/v0291	SES275	0.0469971	-49.9951	-50.0421
spk_ver/v02/v0292	SES062	-4.15059	-54.5342	-50.3836
spk_ver/v02/v0293	SES062	-3.698	-54.3234	-50.6254
spk_ver/v02/v0294	SES062	-2.47514	-51.8014	-49.3263
spk_ver/v02/v0295	SES062	-3.62141	-54.0388	-50.4173
spk_ver/v02/v0296	SES062	-4.23356	-53.8803	-49.6467
spk_ver/v02/v0297	SES062	-5.5017	-56.213	-50.7113
spk_ver/v02/v0298	SES062	-2.83426	-53.6073	-50.773
spk_ver/v02/v0299	SES062	-2.87826	-53.0393	-50.161
spk_ver/v03/v0300	SES062	-4.5221	-55.65	-51.1279
spk_ver/v03/v0301	SES062	-2.92557	-52.5051	-49.5795
spk_ver/v03/v0302	SES172	0.672424	-47.7703	-48.4427
spk_ver/v03/v0303	SES062	-1.60553	-51.6474	-50.0419
spk_ver/v03/v0304	SES062	-2.05692	-51.6642	-49.6072
spk_ver/v03/v0305	SES062	-2.50981	-52.7985	-50.2887
spk_ver/v03/v0306	SES062	-5.36227	-57.1097	-51.7474
spk_ver/v03/v0307	SES062	-3.56941	-52.5058	-48.9364
spk_ver/v03/v0308	SES062	-5.56	-56.5753	-51.0153
spk_ver/v03/v0309	SES062	-2.17409	-53.8881	-51.714
spk_ver/v03/v0310	SES125	1.31915	-47.5666	-48.8858
spk_ver/v03/v0311	SES062	-1.58902	-51.051	-49.462
spk_ver/v03/v0312	SES062	-6.67094	-57.7037	-51.0328
spk_ver/v03/v0313	SES062	-2.23404	-53.0584	-50.8244
spk_ver/v03/v0314	SES068	-4.55472	-54.0528	-49.4981
spk_ver/v03/v0315	SES068	-2.88555	-51.8682	-48.9827
spk_ver/v03/v0316	SES068	-3.35888	-54.5396	-51.1807
spk_ver/v03/v0317	SES068	-2.123	-53.266	-51.143
spk_ver/v03/v0318	SES068	-3.81827	-53.3461	-49.5279
spk_ver/v03/v0319	SES068	-5.54656	-56.4457	-50.8992
spk_ver/v03/v0320	SES068	-1.52692	-50.6503	-49.1234
spk_ver/v03/v0321	SES068	-0.630306	-50.6226	-49.9923
spk_ver/v03/v0322	SES068	-0.619942	-50.7994	-50.1794
spk_ver/v03/v0323	SES068	-2.93743	-52.5139	-49.5765
spk_ver/v03/v0324	SES144	0.266922	-50.93	-51.197
spk_ver/v03/v0325	SES068	-1.62914	-50.7077	-49.0786
spk_ver/v03/v0326	SES068	-0.705551	-49.5545	-48.8489
spk_ver/v03/v0327	SES068	-2.06678	-51.3114	-49.2447
spk_ver/v03/v0328	SES068	-3.99778	-54.0929	-50.0951
spk_ver/v03/v0329	SES068	-1.87813	-51.4173	-49.5391
spk_ver/v03/v0330	SES180	0.630421	-49.559	-50.1895
spk_ver/v03/v0331	SES068	-0.827278	-50.9025	-50.0752
spk_ver/v03/v0332	SES275	1.05518	-48.6877	-49.7429
spk_ver/v03/v0333	SES062	1.30336	-47.1961	-48.4995
spk_ver/v03/v0334	SES270	1.12239	-49.5378	-50.6602
spk_ver/v03/v0335	SES068	-4.68188	-55.9916	-51.3097
spk_ver/v03/v0336	SES068	-1.48639	-49.9459	-48.4595
spk_ver/v03/v0337	SES068	-2.16726	-52.8043	-50.637
spk_ver/v03/v0338	SES068	-2.60594	-53.5251	-50.9192
spk_ver/v03/v0339	SES068	-1.69762	-51.5133	-49.8157
spk_ver/v03/v0340	SES068	-2.52205	-53.7382	-51.2162
spk_ver/v03/v0341	SES016	0.503658	-48.8915	-49.3952
spk_ver/v03/v0342	SES068	-2.66774	-53.7194	-51.0516
spk_ver/v03/v0343	SES068	-1.71649	-51.7259	-50.0094
spk_ver/v03/v0344	SES125	1.01075	-48.713	-49.7238
spk_ver/v03/v0345	SES187	1.02705	-48.7738	-49.8008
spk_ver/v03/v0346	SES068	-2.09122	-51.3221	-49.2309
spk_ver/v03/v0347	SES143	1.10291	-49.2713	-50.3742
spk_ver/v03/v0348	SES292	0.670078	-48.9521	-49.6221
spk_ver/v03/v0349	SES082	-5.33059	-55.0679	-49.7373
spk_ver/v03/v0350	SES101	0.777489	-47.5588	-48.3363
spk_ver/v03/v0351	SES082	-0.793919	-50.8808	-50.0868
spk_ver/v03/v0352	SES082	-1.47772	-51.3027	-49.8249
spk_ver/v03/v0353	SES082	-5.57244	-55.5851	-50.0127
spk_ver/v03/v0354	SES082	-12.9687	-64.3931	-51.4244
spk_ver/v03/v0355	SES083	0.380283	-48.0489	-48.4292
spk_ver/v03/v0356	SES082	-2.08307	-52.9739	-50.8909
spk_ver/v03/v0357	SES082	-10.3459	-60.5676	-50.2217
spk_ver/v03/v0358	SES082	-1.71228	-51.4171	-49.7048
spk_ver/v03/v0359	SES117	0.815166	-51.1503	-51.9654
spk_ver/v03/v0360	SES082	-7.77066	-57.1151	-49.3444
spk_ver/v03/v0361	SES082	-1.66416	-51.958	-50.2938
spk_ver/v03/v0362	SES007	0.548813	-48.8777	-49.4265
spk_ver/v03/v0363	SES082	-2.52845	-52.0513	-49.5228
spk_ver/v03/v0364	SES019	1.76913	-48.7401	-50.5092
spk_ver/v03/v0365	SES082	-1.37286	-51.8048	-50.4319
spk_ver/v03/v0366	SES226	1.64209	-48.5661	-50.2082
spk_ver/v03/v0367	SES167	1.33538	-47.8629	-49.1983
spk_ver/v03/v0368	SES082	-2.42309	-51.5447	-49.1217
spk_ver/v03/v0369	SES042	2.95512	-46.1177	-49.0728
spk_ver/v03/v0370	SES042	1.83126	-47.5405	-49.3717
spk_ver/v03/v0371	SES082	-7.01719	-57.1161	-50.0989
spk_ver/v03/v0372	SES082	-2.3009	-51.7198	-49.4189
spk_ver/v03/v0373	SES082	-5.73889	-55.6537	-49.9148
spk_ver/v03/v0374	SES083	-1.42476	-50.3321	-48.9074
spk_ver/v03/v0375	SES292	0.541271	-49.2731	-49.8144
spk_ver/v03/v0376	SES083	-3.07994	-52.8418	-49.7618
spk_ver/v03/v0377	SES083	-3.05507	-53.5818	-50.5267
spk_ver/v03/v0378	SES083	-1.51091	-51.7834	-50.2725
spk_ver/v03/v0379	SES083	-2.1731	-52.2249	-50.0519
spk_ver/v03/v0380	SES083	-3.47875	-54.5911	-51.1123
spk_ver/v03/v0381	SES083	-2.05891	-51.4173	-49.3584
spk_ver/v03/v0382	SES148	0.499126	-49.1217	-49.6208
spk_ver/v03/v0383	SES083	-1.85921	-50.8279	-48.9687
spk_ver/v03/v0384	SES226	1.58186	-48.3309	-49.9128
spk_ver/v03/v0385	SES226	1.57781	-47.7747	-49.3525
spk_ver/v03/v0386	SES087	1.0132	-49.1778	-50.191
spk_ver/v03/v0387	SES029	0.707432	-49.1063	-49.8137
spk_ver/v03/v0388	SES147	1.46209	-49.1627	-50.6248
spk_ver/v03/v0389	SES083	-3.99678	-54.6525	-50.6557
spk_ver/v03/v0390	SES189	1.50281	-49.2694	-50.7722
spk_ver/v03/v0391	SES083	-1.5414	-51.0479	-49.5065
spk_ver/v03/v0392	SES083	-0.361012	-48.8134	-48.4524
spk_ver/v03/v0393	SES083	-2.56127	-51.7044	-49.1431
spk_ver/v03/v0394	SES083	-3.70261	-53.8818	-50.1792
spk_ver/v03/v0395	SES083	-1.80929	-50.8895	-49.0802
spk_ver/v03/v0396	SES014	1.70909	-46.9786	-48.6877
spk_ver/v03/v0397	SES085	-0.620735	-48.8618	-48.2411
spk_ver/v03/v0398	SES085	-2.41824	-51.0522	-48.6339
spk_ver/v03/v0399	SES085	-4.11309	-53.498	-49.3849
spk_ver/v04/v0400	SES106	1.6517	-47.9109	-49.5626
spk_ver/v04/v0401	SES085	-4.11559	-53.9121	-49.7965
spk_ver/v04/v0402	SES085	-6.56114	-57.7359	-51.1748
spk_ver/v04/v0403	SES085	-0.927208	-49.8003	-48.8731
spk_ver/v04/v0404	SES180	1.08289	-48.4055	-49.4884
spk_ver/v04/v0405	SES129	1.51756	-47.2729	-48.7905
spk_ver/v04/v0406	SES085	-4.4051	-54.9058	-50.5007
spk_ver/v04/v0407	SES146	-0.0328255	-50.4788	-50.4459
spk_ver/v04/v0408	SES085	-1.24805	-50.1806	-48.9326
spk_ver/v04/v0409	SES085	-2.89275	-52.6995	-49.8067
spk_ver/v04/v0410	SES085	-5.2795	-54.766	-49.4865
spk_ver/v04/v0411	SES292	0.657398	-49.6409	-50.2983
spk_ver/v04/v0412	SES085	-1.88237	-51.2394	-49.357
spk_ver/v04/v0413	SES125	1.55119	-47.5823	-49.1335
spk_ver/v04/v0414	SES085	-3.04764	-55.8912	-52.8436
spk_ver/v04/v0415	SES085	-2.32692	-51.7895	-49.4625
spk_ver/v04/v0416	SES085	-2.71411	-52.2548	-49.5406
spk_ver/v04/v0417	SES062	0.298302	-48.282	-48.5803
spk_ver/v04/v0418	SES060	1.77265	-47.6187	-49.3913
spk_ver/v04/v0419	SES085	-1.49172	-50.459	-48.9673
spk_ver/v04/v0420	SES085	-5.15976	-55.4881	-50.3284
spk_ver/v04/v0421	SES085	-6.2398	-56.8062	-50.5664
spk_ver/v04/v0422	SES085	-1.44364	-52.4905	-51.0468
spk_ver/v04/v0423	SES085	-5.52519	-55.7457	-50.2205
spk_ver/v04/v0424	SES085	-3.96669	-55.1134	-51.1467
spk_ver/v04/v0425	SES183	0.834373	-49.5309	-50.3652
spk_ver/v04/v0426	SES085	-4.50928	-53.9933	-49.484
spk_ver/v04/v0427	SES087	-2.63511	-52.3539	-49.7187
spk_ver/v04/v0428	SES162	0.844059	-49.4022	-50.2462
spk_ver/v04/v0429	SES087	-1.50262	-50.6449	-49.1423
spk_ver/v04/v0430	SES087	-5.29356	-55.7511	-50.4575
spk_ver/v04/v0431	SES087	-10.9621	-62.0601	-51.098
spk_ver/v04/v0432	SES087	-1.86671	-52.6101	-50.7434
spk_ver/v04/v0433	SES087	-6.99184	-56.1061	-49.1142
spk_ver/v04/v0434	SES142	2.60543	-47.8593	-50.4648
spk_ver/v04/v0435	SES087	-9.76504	-60.4891	-50.724
spk_ver/v04/v0436	SES099	0.872276	-48.9226	-49.7949
spk_ver/v04/v0437	SES087	-2.98222	-52.08	-49.0978
spk_ver/v04/v0438	SES087	-6.78972	-56.5108	-49.7211
spk_ver/v04/v0439	SES087	-1.76941	-50.7929	-49.0235
spk_ver/v04/v0440	SES087	-6.42297	-56.1462	-49.7233
spk_ver/v04/v0441	SES087	-10.2324	-60.5752	-50.3427
spk_ver/v04/v0442	SES187	1.43098	-48.9051	-50.3361
spk_ver/v04/v0443	SES172	1.93303	-47.9785	-49.9115
spk_ver/v04/v0444	SES087	-2.0897	-51.5479	-49.4582
spk_ver/v04/v0445	SES087	-1.87661	-51.777	-49.9004
spk_ver/v04/v0446	SES087	-0.543297	-49.8963	-49.353
spk_ver/v04/v0447	SES087	-1.0934	-50.9483	-49.8549
spk_ver/v04/v0448	SES106	1.60754	-48.8182	-50.4258
spk_ver/v04/v0449	SES146	0.532833	-49.9432	-50.476
spk_ver/v04/v0450	SES087	-7.97438	-58.2268	-50.2524
spk_ver/v04/v0451	SES087	-1.24792	-51.0389	-49.7909
spk_ver/v04/v0452	SES007	0.933838	-49.1281	-50.0619
spk_ver/v04/v0453	SES087	-2.28373	-52.7831	-50.4994
spk_ver/v04/v0454	SES087	-8.16816	-58.2793	-50.1111
spk_ver/v04/v0455	SES180	0.89706	-49.1142	-50.0112
spk_ver/v04/v0456	SES099	-5.44207	-55.7531	-50.311
spk_ver/v04/v0457	SES042	1.56547	-48.1093	-49.6748
spk_ver/v04/v0458	SES099	-0.750919	-50.6202	-49.8693
spk_ver/v04/v0459	SES099	-9.24736	-59.5795	-50.3322
spk_ver/v04/v0460	SES099	-6.35219	-58.0837	-51.7315
spk_ver/v04/v0461	SES099	-1.25138	-50.4672	-49.2158
spk_ver/v04/v0462	SES082	1.66514	-47.8768	-49.5419
spk_ver/v04/v0463	SES099	-0.57531	-50.3705	-49.7952
spk_ver/v04/v0464	SES099	0.409176	-49.3214	-49.7305
spk_ver/v04/v0465	SES099	-8.6753	-58.5411	-49.8658
spk_ver/v04/v0466	SES099	-0.388638	-50.3188	-49.9302
spk_ver/v04/v0467	SES099	-0.649971	-50.6015	-49.9515
spk_ver/v04/v0468	SES129	1.59706	-48.0468	-49.6438
spk_ver/v04/v0469	SES101	0.560005	-49.033	-49.593
spk_ver/v04/v0470	SES099	-6.73943	-57.7555	-51.0161
spk_ver/v04/v0471	SES172	0.621204	-48.9812	-49.6024
spk_ver/v04/v0472	SES099	-0.0775299	-50.0706	-49.9931
spk_ver/v04/v0473	SES270	1.78079	-48.3348	-50.1156
spk_ver/v04/v0474	SES099	-4.00758	-53.0572	-49.0496
spk_ver/v04/v0475	SES099	-1.32696	-50.0007	-48.6737
spk_ver/v04/v0476	SES099	-3.09507	-55.2871	-52.1921
spk_ver/v04/v0477	SES002	1.36094	-48.1275	-49.4884
spk_ver/v04/v0478	SES099	-0.282417	-50.2028	-49.9204
spk_ver/v04/v0479	SES007	-0.737278	-50.675	-49.9377
spk_ver/v04/v0480	SES101	-4.11833	-53.2072	-49.0889
spk_ver/v04/v0481	SES101	-3.99961	-55.3988	-51.3992
spk_ver/v04/v0482	SES175	0.149139	-49.8194	-49.9685
spk_ver/v04/v0483	SES101	-2.51954	-52.3443	-49.8247
spk_ver/v04/v0484	SES101	-3.91049	-52.6415	-48.731
spk_ver/v04/v0485	SES101	-2.55796	-53.092	-50.534
spk_ver/v04/v0486	SES101	-1.5567	-52.7896	-51.2329
spk_ver/v04/v0487	SES101	-2.18343	-52.4575	-50.2741
spk_ver/v04/v0488	SES101	-3.89581	-54.3527	-50.4569
spk_ver/v04/v0489	SES147	0.0538254	-51.1783	-51.2321
spk_ver/v04/v0490	SES085	-0.162178	-50.03	-49.8678
spk_ver/v04/v0491	SES101	-2.6875	-54.4322	-51.7447
spk_ver/v04/v0492	SES101	-4.31418	-55.8112	-51.4971
spk_ver/v04/v0493	SES101	-3.6008	-52.5134	-48.9126
spk_ver/v04/v0494	SES101	-2.64669	-53.9323	-51.2856
spk_ver/v04/v0495	SES101	-1.12114	-49.8339	-48.7127
spk_ver/v04/v0496	SES101	-2.82167	-52.8681	-50.0464
spk_ver/v04/v0497	SES014	1.32887	-47.1074	-48.4363
spk_ver/v04/v0498	SES101	-3.42506	-53.1767	-49.7517
spk_ver/v04/v0499	SES101	-1.971	-51.2561	-49.2851
spk_ver/v05/v0500	SES085	0.396015	-48.4452	-48.8412
spk_ver/v05/v0501	SES101	-4.95182	-54.7043	-49.7524
spk_ver/v05/v0502	SES275	0.499458	-49.5368	-50.0363
spk_ver/v05/v0503	SES117	0.870018	-50.1477	-51.0177
spk_ver/v05/v0504	SES101	-4.29406	-53.9347	-49.6407
spk_ver/v05/v0505	SES101	-2.13977	-52.1527	-50.013
spk_ver/v05/v0506	SES101	-2.38537	-52.4855	-50.1001
spk_ver/v05/v0507	SES048	0.921043	-48.1196	-49.0407
spk_ver/v05/v0508	SES117	0.817127	-50.6861	-51.5032
spk_ver/v05/v0509	SES202	2.70438	-47.2803	-49.9847
spk_ver/v05/v0510	SES104	-2.10948	-53.6902	-51.5807
spk_ver/v05/v0511	SES008	0.651398	-49.8466	-50.498
spk_ver/v05/v0512	SES104	-1.5743	-52.1996	-50.6253
spk_ver/v05/v0513	SES104	-1.48572	-50.5205	-49.0347
spk_ver/v05/v0514	SES104	-6.20744	-54.7758	-48.5683
spk_ver/v05/v0515	SES104	-10.6581	-60.8252	-50.1671
spk_ver/v05/v0516	SES104	-1.17205	-52.6931	-51.5211
spk_ver/v05/v0517	SES060	0.663647	-47.7951	-48.4587
spk_ver/v05/v0518	SES104	-10.5257	-61.5834	-51.0578
spk_ver/v05/v0519	SES104	-10.6287	-61.7538	-51.1252
spk_ver/v05/v0520	SES104	-0.598957	-49.5273	-48.9283
spk_ver/v05/v0521	SES008	1.02495	-47.7821	-48.807
spk_ver/v05/v0522	SES068	1.10014	-48.5133	-49.6134
spk_ver/v05/v0523	SES087	1.16451	-48.6733	-49.8378
spk_ver/v05/v0524	SES104	-1.34304	-51.3485	-50.0054
spk_ver/v05/v0525	SES104	-1.37416	-52.1994	-50.8252
spk_ver/v05/v0526	SES104	-1.28458	-50.6423	-49.3577
spk_ver/v05/v0527	SES083	0.580517	-48.6622	-49.2427
spk_ver/v05/v0528	SES148	0.814995	-49.0232	-49.8382
spk_ver/v05/v0529	SES104	-2.86463	-53.31	-50.4453
spk_ver/v05/v0530	SES104	-7.16889	-57.2146	-50.0457
spk_ver/v05/v0531	SES125	0.704132	-48.8959	-49.6
spk_ver/v05/v0532	SES104	-9.99009	-60.0953	-50.1052
spk_ver/v05/v0533	SES149	2.34694	-47.2621	-49.609
spk_ver/v05/v0534	SES104	-8.62069	-58.1253	-49.5046
spk_ver/v05/v0535	SES187	0.697273	-49.8882	-50.5855
spk_ver/v05/v0536	SES104	-2.53054	-52.407	-49.8765
spk_ver/v05/v0537	SES104	-2.19186	-52.2959	-50.104
spk_ver/v05/v0538	SES167	1.39272	-48.315	-49.7078
spk_ver/v05/v0539	SES104	-1.97812	-53.7325	-51.7544
spk_ver/v05/v0540	SES104	-8.54427	-56.529	-47.9847
spk_ver/v05/v0541	SES183	1.30368	-50.3031	-51.6068
spk_ver/v05/v0542	SES104	-0.988739	-51.5878	-50.5991
spk_ver/v05/v0543	SES104	-8.18272	-57.4596	-49.2769
spk_ver/v05/v0544	SES105	-3.86526	-54.0495	-50.1842
spk_ver/v05/v0545	SES105	-2.37561	-52.6399	-50.2643
spk_ver/v05/v0546	SES105	-2.36159	-52.3527	-49.9911
spk_ver/v05/v0547	SES105	-2.82977	-53.8783	-51.0485
spk_ver/v05/v0548	SES019	2.44337	-48.3391	-50.7825
spk_ver/v05/v0549	SES105	-2.59718	-53.0014	-50.4042
spk_ver/v05/v0550	SES105	-3.06717	-53.8607	-50.7935
spk_ver/v05/v0551	SES202	1.78276	-49.4608	-51.2436
spk_ver/v05/v0552	SES105	-3.75484	-54.3652	-50.6103
spk_ver/v05/v0553	SES105	-0.822456	-50.6955	-49.873
spk_ver/v05/v0554	SES105	-1.82427	-51.1475	-49.3233
spk_ver/v05/v0555	SES105	-2.06308	-52.4045	-50.3414
spk_ver/v05/v0556	SES082	0.744911	-48.7965	-49.5414
spk_ver/v05/v0557	SES105	-2.93447	-52.3697	-49.4352
spk_ver/v05/v0558	SES014	1.33243	-47.792	-49.1244
spk_ver/v05/v0559	SES105	-1.53783	-51.3931	-49.8553
spk_ver/v05/v0560	SES177	0.334084	-49.9038	-50.2379
spk_ver/v05/v0561	SES189	3.28753	-52.8146	-56.1021
spk_ver/v05/v0562	SES105	-2.59236	-53.2924	-50.7
spk_ver/v05/v0563	SES099	1.1154	-49.9998	-51.1152
spk_ver/v05/v0564	SES105	-2.51638	-51.6728	-49.1565
spk_ver/v05/v0565	SES105	-3.14614	-53.2707	-50.1246
spk_ver/v05/v0566	SES105	-3.51599	-53.5505	-50.0345
spk_ver/v05/v0567	SES142	1.69805	-49.1496	-50.8477
spk_ver/v05/v0568	SES048	0.802155	-48.8424	-49.6446
spk_ver/v05/v0569	SES105	-3.4597	-53.2106	-49.7509
spk_ver/v05/v0570	SES105	-1.49242	-51.1819	-49.6895
spk_ver/v05/v0571	SES105	-3.59884	-54.1469	-50.5481
spk_ver/v05/v0572	SES105	-3.13597	-54.5367	-51.4007
spk_ver/v05/v0573	SES105	-3.48142	-54.1008	-50.6193
spk_ver/v05/v0574	SES105	-1.74096	-51.7189	-49.9779
spk_ver/v05/v0575	SES105	-2.16429	-52.4172	-50.2529
spk_ver/v05/v0576	SES106	-9.00702	-60.2448	-51.2378
spk_ver/v05/v0577	SES106	-4.40751	-55.0877	-50.6802
spk_ver/v05/v0578	SES106	-6.56199	-56.28	-49.718
spk_ver/v05/v0579	SES106	-7.70341	-56.932	-49.2286
spk_ver/v05/v0580	SES106	-1.35205	-50.2546	-48.9026
spk_ver/v05/v0581	SES106	-10.916	-61.5539	-50.6379
spk_ver/v05/v0582	SES106	-1.45735	-52.7236	-51.2662
spk_ver/v05/v0583	SES106	-1.11677	-50.6787	-49.562
spk_ver/v05/v0584	SES106	-9.00193	-59.6997	-50.6978
spk_ver/v05/v0585	SES106	-0.451725	-52.2906	-51.8389
spk_ver/v05/v0586	SES106	-7.54564	-57.3777	-49.8321
spk_ver/v05/v0587	SES106	-3.10217	-53.3001	-50.198
spk_ver/v05/v0588	SES106	-6.97618	-56.2507	-49.2745
spk_ver/v05/v0589	SES106	-8.95476	-57.6183	-48.6635
spk_ver/v05/v0590	SES082	0.501167	-49.4175	-49.9187
spk_ver/v05/v0591	SES180	0.968472	-48.9833	-49.9517
spk_ver/v05/v0592	SES106	-1.1564	-51.3466	-50.1902
spk_ver/v05/v0593	SES106	-11.5615	-62.1903	-50.6288
spk_ver/v05/v0594	SES292	0.782047	-48.8927	-49.6747
spk_ver/v05/v0595	SES106	-1.31895	-51.7097	-50.3908
spk_ver/v05/v0596	SES106	-8.33857	-59.0308	-50.6923
spk_ver/v05/v0597	SES106	-7.67808	-58.0826	-50.4045
spk_ver/v05/v0598	SES042	1.09413	-49.0696	-50.1637
spk_ver/v05/v0599	SES106	-8.23096	-58.9763	-50.7454
spk_ver/v06/v0600	SES106	-0.14397	-50.9373	-50.7933
spk_ver/v06/v0601	SES106	-1.36169	-51.8217	-50.46
spk_ver/v06/v0602	SES106	-3.9352	-53.7349	-49.7997
spk_ver/v06/v0603	SES106	-8.61198	-59.1285	-50.5166
spk_ver/v06/v0604	SES106	-7.5835	-57.8444	-50.2609
spk_ver/v06/v0605	SES106	-7.88789	-59.2637	-51.3758
spk_ver/v06/v0606	SES048	1.74859	-47.444	-49.1926
spk_ver/v06/v0607	SES167	2.1565	-47.4541	-49.6106
spk_ver/v06/v0608	SES106	-6.49496	-56.8181	-50.3232
spk_ver/v06/v0609	SES143	0.819485	-49.2865	-50.106
spk_ver/v06/v0610	SES106	-10.4239	-62.4433	-52.0194
spk_ver/v06/v0611	SES106	-5.2222	-56.1125	-50.8903
spk_ver/v06/v0612	SES106	-11.8552	-62.8672	-51.012
spk_ver/v06/v0613	SES117	-1.07874	-50.6666	-49.5878
spk_ver/v06/v0614	SES117	-4.23204	-54.0836	-49.8516
spk_ver/v06/v0615	SES117	-1.45044	-51.7942	-50.3437
spk_ver/v06/v0616	SES106	1.56928	-47.2351	-48.8043
spk_ver/v06/v0617	SES142	2.86858	-48.5643	-51.4329
spk_ver/v06/v0618	SES048	1.70141	-47.6933	-49.3947
spk_ver/v06/v0619	SES175	1.12077	-49.539	-50.6597
spk_ver/v06/v0620	SES180	0.844475	-48.8901	-49.7346
spk_ver/v06/v0621	SES117	-0.50127	-52.0951	-51.5938
spk_ver/v06/v0622	SES029	-0.0303535	-50.4057	-50.3753
spk_ver/v06/v0623	SES117	-1.06685	-50.4708	-49.404
spk_ver/v06/v0624	SES117	-3.24635	-53.626	-50.3797
spk_ver/v06/v0625	SES117	-1.52376	-53.6161	-52.0924
spk_ver/v06/v0626	SES106	1.55153	-48.0995	-49.651
spk_ver/v06/v0627	SES226	1.65174	-47.4502	-49.1019
spk_ver/v06/v0628	SES117	-0.920692	-50.5524	-49.6317
spk_ver/v06/v0629	SES117	-1.81096	-49.2772	-47.4663
spk_ver/v06/v0630	SES117	-3.48714	-52.8279	-49.3408
spk_ver/v06/v0631	SES117	-3.86759	-55.3562	-51.4886
spk_ver/v06/v0632	SES117	-1.27278	-50.5754	-49.3027
spk_ver/v06/v0633	SES099	2.23889	-48.8443	-51.0832
spk_ver/v06/v0634	SES105	1.43394	-49.0315	-50.4654
spk_ver/v06/v0635	SES167	0.289185	-49.7874	-50.0765
spk_ver/v06/v0636	SES117	-0.319256	-50.1582	-49.8389
spk_ver/v06/v0637	SES202	1.54604	-49.2398	-50.7858
spk_ver/v06/v0638	SES117	-2.18423	-51.7221	-49.5379
spk_ver/v06/v0639	SES167	1.73835	-48.7041	-50.4424
spk_ver/v06/v0640	SES117	-2.11622	-51.4005	-49.2843
spk_ver/v06/v0641	SES117	-2.49308	-51.6747	-49.1816
spk_ver/v06/v0642	SES101	0.782154	-48.4824	-49.2646
spk_ver/v06/v0643	SES068	0.767948	-48.8673	-49.6353
spk_ver/v06/v0644	SES120	-3.70805	-54.4826	-50.7745
spk_ver/v06/v0645	SES120	-1.88216	-53.0921	-51.2099
spk_ver/v06/v0646	SES172	0.661121	-49.6741	-50.3352
spk_ver/v06/v0647	SES120	-2.38612	-51.3697	-48.9836
spk_ver/v06/v0648	SES120	-0.430214	-49.5584	-49.1281
spk_ver/v06/v0649	SES120	-2.98773	-54.5778	-51.5901
spk_ver/v06/v0650	SES087	1.53715	-48.9868	-50.5239
spk_ver/v06/v0651	SES120	-1.73603	-51.9246	-50.1886
spk_ver/v06/v0652	SES104	0.16045	-50.8567	-51.0172
spk_ver/v06/v0653	SES129	1.21485	-47.5716	-48.7864
spk_ver/v06/v0654	SES120	-2.33899	-52.6037	-50.2647
spk_ver/v06/v0655	SES120	-1.63802	-52.6294	-50.9914
spk_ver/v06/v0656	SES120	-1.75576	-51.3885	-49.6327
spk_ver/v06/v0657	SES147	0.307495	-50.8896	-51.1971
spk_ver/v06/v0658	SES120	-2.5201	-53.1405	-50.6203
spk_ver/v06/v0659	SES120	-2.15268	-51.182	-49.0293
spk_ver/v06/v0660	SES120	-0.809761	-50.1191	-49.3094
spk_ver/v06/v0661	SES120	-2.79613	-54.2013	-51.4052
spk_ver/v06/v0662	SES120	-1.91864	-50.8868	-48.9681
spk_ver/v06/v0663	SES120	-3.23516	-54.9306	-51.6955
spk_ver/v06/v0664	SES147	1.0373	-49.2587	-50.296
spk_ver/v06/v0665	SES162	1.31361	-49.6195	-50.9331
spk_ver/v06/v0666	SES120	-1.98335	-51.3935	-49.4102
spk_ver/v06/v0667	SES120	-2.17135	-52.4255	-50.2542
spk_ver/v06/v0668	SES120	1.36914	-47.9637	-49.3328
spk_ver/v06/v0669	SES142	2.36444	-48.2487	-50.6132
spk_ver/v06/v0670	SES106	1.93312	-47.6822	-49.6153
spk_ver/v06/v0671	SES183	1.54168	-49.2327	-50.7744
spk_ver/v06/v0672	SES120	-1.69674	-52.0067	-50.31
spk_ver/v06/v0673	SES029	-0.511894	-50.7193	-50.2074
spk_ver/v06/v0674	SES120	-2.01175	-52.1549	-50.1431
spk_ver/v06/v0675	SES008	1.44262	-48.0743	-49.5169
spk_ver/v06/v0676	SES125	-9.05623	-60.9979	-51.9416
spk_ver/v06/v0677	SES143	0.730175	-49.8802	-50.6103
spk_ver/v06/v0678	SES125	-8.1415	-59.7839	-51.6424
spk_ver/v06/v0679	SES162	0.523598	-49.4208	-49.9444
spk_ver/v06/v0680	SES125	-4.60105	-53.4198	-48.8187
spk_ver/v06/v0681	SES125	-1.91473	-51.8074	-49.8927
spk_ver/v06/v0682	SES125	-5.6026	-53.946	-48.3434
spk_ver/v06/v0683	SES226	1.28592	-48.751	-50.0369
spk_ver/v06/v0684	SES125	-6.92246	-57.7949	-50.8724
spk_ver/v06/v0685	SES125	-8.17199	-57.6528	-49.4808
spk_ver/v06/v0686	SES120	1.03036	-48.6137	-49.6441
spk_ver/v06/v0687	SES125	-2.90012	-54.8244	-51.9243
spk_ver/v06/v0688	SES158	1.46357	-48.2473	-49.7109
spk_ver/v06/v0689	SES125	-5.32145	-55.849	-50.5276
spk_ver/v06/v0690	SES105	1.31133	-49.0842	-50.3955
spk_ver/v06/v0691	SES125	-0.946926	-51.4291	-50.4822
spk_ver/v06/v0692	SES125	-2.02485	-51.5207	-49.4959
spk_ver/v06/v0693	SES180	1.26356	-48.4771	-49.7407
spk_ver/v06/v0694	SES125	-13.505	-63.8886	-50.3836
spk_ver/v06/v0695	SES125	-1.85581	-51.6741	-49.8183
spk_ver/v06/v0696	SES125	-11.1612	-60.45	-49.2887
spk_ver/v06/v0697	SES125	-11.3029	-62.693	-51.3901
spk_ver/v06/v0698	SES083	0.491322	-48.2681	-48.7595
spk_ver/v06/v0699	SES125	-7.91349	-58.0724	-50.1589
spk_ver/v07/v0700	SES014	1.30366	-47.8685	-49.1721
spk_ver/v07/v0701	SES125	-5.1379	-54.1202	-48.9823
spk_ver/v07/v0702	SES127	-1.3013	-51.0305	-49.7292
spk_ver/v07/v0703	SES127	-1.43024	-52.6408	-51.2105
spk_ver/v07/v0704	SES206	1.55279	-48.2124	-49.7652
spk_ver/v07/v0705	SES127	-2.4297	-52.9149	-50.4852
spk_ver/v07/v0706	SES127	-2.5615	-52.4904	-49.9289
spk_ver/v07/v0707	SES127	-4.6171	-54.4295	-49.8124
spk_ver/v07/v0708	SES275	0.608131	-49.2157	-49.8239
spk_ver/v07/v0709	SES127	-2.77651	-53.5469	-50.7704
spk_ver/v07/v0710	SES105	0.714729	-49.6533	-50.368
spk_ver/v07/v0711	SES127	-2.78892	-52.5035	-49.7146
spk_ver/v07/v0712	SES127	-1.24427	-50.4481	-49.2038
spk_ver/v07/v0713	SES127	-3.69872	-53.6848	-49.9861
spk_ver/v07/v0714	SES019	3.4402	-48.1901	-51.6303
spk_ver/v07/v0715	SES127	-2.94783	-54.3064	-51.3586
spk_ver/v07/v0716	SES148	0.334339	-49.4015	-49.7358
spk_ver/v07/v0717	SES162	0.890285	-48.8305	-49.7208
spk_ver/v07/v0718	SES189	1.53577	-50.5508	-52.0866
spk_ver/v07/v0719	SES149	0.935791	-47.9127	-48.8485
spk_ver/v07/v0720	SES175	0.207256	-49.8621	-50.0694
spk_ver/v07/v0721	SES127	-4.48266	-54.4734	-49.9907
spk_ver/v07/v0722	SES127	-1.51515	-51.4544	-49.9392
spk_ver/v07/v0723	SES127	-2.48842	-52.0254	-49.5369
spk_ver/v07/v0724	SES127	-2.56472	-52.6782	-50.1135
spk_ver/v07/v0725	SES127	-2.54306	-53.0564	-50.5133
spk_ver/v07/v0726	SES259	1.42863	-48.2384	-49.667
spk_ver/v07/v0727	SES127	-2.52376	-52.8377	-50.3139
spk_ver/v07/v0728	SES127	-0.523563	-49.457	-48.9334
spk_ver/v07/v0729	SES127	-5.19704	-55.5169	-50.3198
spk_ver/v07/v0730	SES127	-2.26683	-53.6997	-51.4329
spk_ver/v07/v0731	SES129	-1.28207	-50.1062	-48.8241
spk_ver/v07/v0732	SES129	-4.17149	-54.3606	-50.1891
spk_ver/v07/v0733	SES129	-5.33007	-57.1806	-51.8505
spk_ver/v07/v0734	SES129	-8.34974	-59.8539	-51.5042
spk_ver/v07/v0735	SES183	1.14182	-49.0997	-50.2415
spk_ver/v07/v0736	SES129	-3.43343	-54.0835	-50.6501
spk_ver/v07/v0737	SES129	-3.32391	-53.1067	-49.7828
spk_ver/v07/v0738	SES129	-4.00437	-54.3289	-50.3245
spk_ver/v07/v0739	SES129	-4.08616	-54.4008	-50.3147
spk_ver/v07/v0740	SES167	-0.469582	-50.0248	-49.5552
spk_ver/v07/v0741	SES129	-3.76219	-54.3918	-50.6296
spk_ver/v07/v0742	SES129	-2.5966	-50.9945	-48.3979
spk_ver/v07/v0743	SES129	-2.17124	-51.6718	-49.5006
spk_ver/v07/v0744	SES129	-6.27784	-57.9194	-51.6416
spk_ver/v07/v0745	SES180	1.06275	-48.6959	-49.7587
spk_ver/v07/v0746	SES129	-1.54532	-50.7818	-49.2365
spk_ver/v07/v0747	SES292	0.210815	-48.7634	-48.9742
spk_ver/v07/v0748	SES202	1.3483	-49.2159	-50.5642
spk_ver/v07/v0749	SES270	0.778362	-49.386	-50.1644
spk_ver/v07/v0750	SES129	-3.02622	-51.7351	-48.7089
spk_ver/v07/v0751	SES129	-3.55552	-52.5335	-48.978
spk_ver/v07/v0752	SES060	-0.236713	-49.664	-49.4273
spk_ver/v07/v0753	SES129	-4.58516	-55.294	-50.7088
spk_ver/v07/v0754	SES129	-8.94297	-61.8932	-52.9502
spk_ver/v07/v0755	SES129	-3.54265	-53.8925	-50.3498
spk_ver/v07/v0756	SES175	0.904087	-50.3336	-51.2377
spk_ver/v07/v0757	SES129	-3.81802	-54.042	-50.224
spk_ver/v07/v0758	SES129	-4.97167	-55.2297	-50.258
spk_ver/v07/v0759	SES129	-3.42752	-52.5583	-49.1308
spk_ver/v07/v0760	SES129	-4.34155	-53.9226	-49.581
spk_ver/v07/v0761	SES129	-3.01619	-51.6507	-48.6345
spk_ver/v07/v0762	SES172	0.490967	-49.3813	-49.8722
spk_ver/v07/v0763	SES129	-3.3844	-55.0226	-51.6382
spk_ver/v07/v0764	SES129	-4.60293	-54.1238	-49.5209
spk_ver/v07/v0765	SES175	0.827095	-50.1174	-50.9445
spk_ver/v07/v0766	SES129	-3.51956	-52.4169	-48.8973
spk_ver/v07/v0767	SES129	-4.01787	-54.2454	-50.2276
spk_ver/v07/v0768	SES042	2.05871	-47.2543	-49.313
spk_ver/v07/v0769	SES099	1.21235	-49.4805	-50.6929
spk_ver/v07/v0770	SES142	-4.68893	-55.4105	-50.7216
spk_ver/v07/v0771	SES142	-4.09179	-53.012	-48.9202
spk_ver/v07/v0772	SES101	0.437988	-48.4359	-48.8739
spk_ver/v07/v0773	SES142	-8.64111	-59.3926	-50.7515
spk_ver/v07/v0774	SES142	-4.24371	-55.4224	-51.1787
spk_ver/v07/v0775	SES142	-2.74798	-52.3077	-49.5598
spk_ver/v07/v0776	SES142	-3.11434	-51.8378	-48.7235
spk_ver/v07/v0777	SES142	-3.25087	-53.817	-50.5661
spk_ver/v07/v0778	SES142	-1.44869	-52.6194	-51.1707
spk_ver/v07/v0779	SES142	-8.33142	-58.3082	-49.9768
spk_ver/v07/v0780	SES142	-3.95449	-55.0853	-51.1308
spk_ver/v07/v0781	SES142	-6.72959	-57.067	-50.3374
spk_ver/v07/v0782	SES101	0.809574	-49.1066	-49.9162
spk_ver/v07/v0783	SES142	-3.89927	-53.7535	-49.8542
spk_ver/v07/v0784	SES187	1.64662	-48.3642	-50.0109
spk_ver/v07/v0785	SES143	0.24078	-51.1347	-51.3755
spk_ver/v07/v0786	SES142	-3.35733	-53.6492	-50.2919
spk_ver/v07/v0787	SES144	0.543865	-49.5275	-50.0713
spk_ver/v07/v0788	SES275	0.145874	-49.4169	-49.5628
spk_ver/v07/v0789	SES142	-2.72721	-52.6166	-49.8894
spk_ver/v07/v0790	SES099	1.32249	-48.3071	-49.6296
spk_ver/v07/v0791	SES142	-6.68742	-57.507	-50.8196
spk_ver/v07/v0792	SES142	-3.68233	-51.8961	-48.2138
spk_ver/v07/v0793	SES142	-6.61037	-56.6883	-50.0779
spk_ver/v07/v0794	SES014	1.06844	-47.7741	-48.8425
spk_ver/v07/v0795	SES142	-5.79712	-55.2525	-49.4554
spk_ver/v07/v0796	SES142	-3.84684	-53.0955	-49.2486
spk_ver/v07/v0797	SES143	-0.710407	-49.8862	-49.1758
spk_ver/v07/v0798	SES206	0.913937	-47.7917	-48.7056
spk_ver/v07/v0799	SES143	-4.35852	-55.1567	-50.7982
spk_ver/v08/v0800	SES143	-1.931	-52.8783	-50.9472
spk_ver/v08/v0801	SES143	-1.15818	-50.1297	-48.9716
spk_ver/v08/v0802	SES143	-2.40279	-52.3061	-49.9033
spk_ver/v08/v0803	SES143	-2.87286	-53.3536	-50.4807
spk_ver/v08/v0804	SES143	-2.97561	-53.697	-50.7214
spk_ver/v08/v0805	SES143	-2.99626	-53.6014	-50.6051
spk_ver/v08/v0806	SES143	-3.05732	-53.8816	-50.8242
spk_ver/v08/v0807	SES177	0.252247	-49.4713	-49.7236
spk_ver/v08/v0808	SES149	1.28223	-48.1929	-49.4752
spk_ver/v08/v0809	SES143	-4.70995	-53.973	-49.2631
spk_ver/v08/v0810	SES158	1.76645	-49.1148	-50.8813
spk_ver/v08/v0811	SES143	-2.57832	-55.0213	-52.443
spk_ver/v08/v0812	SES062	1.21341	-47.1562	-48.3696
spk_ver/v08/v0813	SES259	0.999813	-48.4735	-49.4733
spk_ver/v08/v0814	SES143	-4.76805	-53.6044	-48.8363
spk_ver/v08/v0815	SES143	-3.62268	-53.6712	-50.0485
spk_ver/v08/v0816	SES143	-1.7238	-51.6846	-49.9608
spk_ver/v08/v0817	SES144	0.497849	-49.8271	-50.3249
spk_ver/v08/v0818	SES143	-1.50396	-52.2073	-50.7033
spk_ver/v08/v0819	SES143	-2.5087	-52.4495	-49.9408
spk_ver/v08/v0820	SES143	-0.456333	-48.665	-48.2087
spk_ver/v08/v0821	SES143	-2.34312	-53.0594	-50.7163
spk_ver/v08/v0822	SES143	-3.04623	-52.7113	-49.6651
spk_ver/v08/v0823	SES104	1.3757	-48.383	-49.7587
spk_ver/v08/v0824	SES143	-3.32778	-52.9775	-49.6497
spk_ver/v08/v0825	SES143	-2.81682	-52.6198	-49.803
spk_ver/v08/v0826	SES144	-4.0607	-53.5194	-49.4587
spk_ver/v08/v0827	SES144	-1.73038	-51.8945	-50.1641
spk_ver/v08/v0828	SES144	-0.701771	-49.5057	-48.8039
spk_ver/v08/v0829	SES172	0.56078	-49.5064	-50.0672
spk_ver/v08/v0830	SES144	-0.537968	-50.9897	-50.4517
spk_ver/v08/v0831	SES183	1.10471	-49.6574	-50.7622
spk_ver/v08/v0832	SES144	-3.00853	-53.7528	-50.7442
spk_ver/v08/v0833	SES144	-3.46435	-52.831	-49.3666
spk_ver/v08/v0834	SES144	-0.877346	-50.9193	-50.042
spk_ver/v08/v0835	SES144	-1.94659	-52.6006	-50.654
spk_ver/v08/v0836	SES144	-1.837	-52.4718	-50.6348
spk_ver/v08/v0837	SES144	-2.28735	-51.3298	-49.0424
spk_ver/v08/v0838	SES144	-2.31914	-52.895	-50.5759
spk_ver/v08/v0839	SES085	-0.0512848	-49.4054	-49.3541
spk_ver/v08/v0840	SES144	-0.648281	-50.8397	-50.1914
spk_ver/v08/v0841	SES144	-4.45484	-55.7686	-51.3138
spk_ver/v08/v0842	SES144	-3.97127	-53.7414	-49.7701
spk_ver/v08/v0843	SES144	-0.813698	-50.4407	-49.627
spk_ver/v08/v0844	SES144	-1.85038	-51.9686	-50.1182
spk_ver/v08/v0845	SES144	-3.13668	-51.8549	-48.7182
spk_ver/v08/v0846	SES104	0.59127	-49.5152	-50.1065
spk_ver/v08/v0847	SES144	-1.66294	-52.4973	-50.8343
spk_ver/v08/v0848	SES144	-1.92697	-54.1031	-52.1761
spk_ver/v08/v0849	SES144	-3.99144	-54.0522	-50.0607
spk_ver/v08/v0850	SES144	-3.42547	-52.3554	-48.9299
spk_ver/v08/v0851	SES144	-1.61323	-50.69	-49.0768
spk_ver/v08/v0852	SES144	-0.700378	-50.2222	-49.5219
spk_ver/v08/v0853	SES144	-3.94794	-53.4124	-49.4645
spk_ver/v08/v0854	SES144	-1.65018	-51.8688	-50.2186
spk_ver/v08/v0855	SES144	-0.224434	-48.7482	-48.5238
spk_ver/v08/v0856	SES082	-0.303375	-52.0898	-51.7864
spk_ver/v08/v0857	SES142	2.46594	-47.8272	-50.2932
spk_ver/v08/v0858	SES144	-0.669224	-52.3447	-51.6755
spk_ver/v08/v0859	SES144	-1.35383	-52.2005	-50.8467
spk_ver/v08/v0860	SES146	-3.59392	-53.9275	-50.3336
spk_ver/v08/v0861	SES146	-2.60793	-53.0853	-50.4774
spk_ver/v08/v0862	SES146	-3.73684	-53.3658	-49.6289
spk_ver/v08/v0863	SES146	-2.54821	-53.4463	-50.8981
spk_ver/v08/v0864	SES146	-3.10994	-52.1242	-49.0143
spk_ver/v08/v0865	SES008	2.08677	-47.1942	-49.281
spk_ver/v08/v0866	SES142	1.07718	-49.4239	-50.5011
spk_ver/v08/v0867	SES146	-2.3584	-51.7165	-49.3581
spk_ver/v08/v0868	SES082	2.02063	-46.7403	-48.7609
spk_ver/v08/v0869	SES146	-1.37432	-50.6507	-49.2764
spk_ver/v08/v0870	SES146	-3.00624	-53.5236	-50.5173
spk_ver/v08/v0871	SES146	-3.09152	-53.6167	-50.5252
spk_ver/v08/v0872	SES146	-3.5951	-54.6142	-51.0191
spk_ver/v08/v0873	SES082	0.785862	-48.0341	-48.8199
spk_ver/v08/v0874	SES146	-2.87539	-53.8563	-50.981
spk_ver/v08/v0875	SES144	0.0700264	-50.7103	-50.7804
spk_ver/v08/v0876	SES146	-2.00465	-49.1999	-47.1952
spk_ver/v08/v0877	SES146	-2.73897	-52.8749	-50.136
spk_ver/v08/v0878	SES146	-2.21148	-52.1498	-49.9383
spk_ver/v08/v0879	SES146	-3.72608	-53.7981	-50.072
spk_ver/v08/v0880	SES146	-3.82471	-54.786	-50.9613
spk_ver/v08/v0881	SES143	0.733219	-49.6216	-50.3548
spk_ver/v08/v0882	SES146	-0.809113	-49.8384	-49.0293
spk_ver/v08/v0883	SES147	-1.6375	-50.6567	-49.0192
spk_ver/v08/v0884	SES147	-0.891598	-50.8848	-49.9932
spk_ver/v08/v0885	SES016	0.454811	-49.0342	-49.4891
spk_ver/v08/v0886	SES147	-1.43802	-52.5512	-51.1132
spk_ver/v08/v0887	SES147	-1.39774	-52.2484	-50.8506
spk_ver/v08/v0888	SES147	-1.95525	-53.3991	-51.4439
spk_ver/v08/v0889	SES019	1.46951	-49.0767	-50.5463
spk_ver/v08/v0890	SES147	-2.23896	-53.2205	-50.9816
spk_ver/v08/v0891	SES147	-2.98356	-52.49	-49.5064
spk_ver/v08/v0892	SES147	-2.91508	-53.3871	-50.472
spk_ver/v08/v0893	SES270	1.20539	-50.5145	-51.7198
spk_ver/v08/v0894	SES029	0.299587	-50.2383	-50.5379
spk_ver/v08/v0895	SES147	-2.50005	-54.9262	-52.4261
spk_ver/v08/v0896	SES117	0.683121	-50.4048	-51.0879
spk_ver/v08/v0897	SES183	1.33986	-50.2169	-51.5568
spk_ver/v08/v0898	SES147	-3.76336	-53.0103	-49.247
spk_ver/v08/v0899	SES147	-3.88731	-55.4396	-51.5523
spk_ver/v09/v0900	SES087	1.34676	-48.1393	-49.486
spk_ver/v09/v0901	SES147	-5.9451	-56.8193	-50.8743
spk_ver/v09/v0902	SES147	-4.13684	-53.7658	-49.629
spk_ver/v09/v0903	SES147	-1.34127	-51.7479	-50.4067
spk_ver/v09/v0904	SES147	-2.45127	-52.0438	-49.5925
spk_ver/v09/v0905	SES143	0.479996	-49.992	-50.472
spk_ver/v09/v0906	SES149	0.833771	-48.0304	-48.8641
spk_ver/v09/v0907	SES148	-1.66947	-51.5704	-49.9009
spk_ver/v09/v0908	SES148	-1.29966	-50.9792	-49.6796
spk_ver/v09/v0909	SES106	2.19775	-49.0104	-51.2082
spk_ver/v09/v0910	SES148	-1.10371	-52.6002	-51.4965
spk_ver/v09/v0911	SES148	-2.98744	-52.4689	-49.4814
spk_ver/v09/v0912	SES142	1.04134	-49.3326	-50.3739
spk_ver/v09/v0913	SES148	-4.05308	-54.5331	-50.48
spk_ver/v09/v0914	SES148	-3.03658	-52.4525	-49.4159
spk_ver/v09/v0915	SES148	-4.15593	-55.7672	-51.6113
spk_ver/v09/v0916	SES148	-3.54701	-55.0195	-51.4725
spk_ver/v09/v0917	SES148	0.553944	-49.3911	-49.9451
spk_ver/v09/v0918	SES148	-1.00667	-50.0297	-49.023
spk_ver/v09/v0919	SES270	0.960777	-49.7466	-50.7074
spk_ver/v09/v0920	SES148	-1.49463	-50.7991	-49.3045
spk_ver/v09/v0921	SES148	-2.79528	-52.1283	-49.3331
spk_ver/v09/v0922	SES129	0.541016	-48.179	-48.72
spk_ver/v09/v0923	SES117	0.760406	-49.3416	-50.102
spk_ver/v09/v0924	SES042	2.61723	-46.9798	-49.597
spk_ver/v09/v0925	SES148	-3.11246	-54.2698	-51.1573
spk_ver/v09/v0926	SES148	-3.48918	-55.9209	-52.4317
spk_ver/v09/v0927	SES144	0.681385	-49.5774	-50.2588
spk_ver/v09/v0928	SES007	0.41098	-49.6215	-50.0324
spk_ver/v09/v0929	SES148	-1.99014	-50.3827	-48.3926
spk_ver/v09/v0930	SES148	-1.36259	-50.4873	-49.1247
spk_ver/v09/v0931	SES148	-2.92567	-54.4613	-51.5357
spk_ver/v09/v0932	SES202	1.87794	-47.5573	-49.4353
spk_ver/v09/v0933	SES148	-0.67041	-49.9558	-49.2854
spk_ver/v09/v0934	SES148	-3.22367	-52.1345	-48.9108
spk_ver/v09/v0935	SES060	0.947575	-48.1352	-49.0828
spk_ver/v09/v0936	SES060	1.4905	-48.1638	-49.6544
spk_ver/v09/v0937	SES148	-1.81248	-51.2898	-49.4773
spk_ver/v09/v0938	SES148	-1.43546	-51.321	-49.8856
spk_ver/v09/v0939	SES148	-1.99891	-51.5693	-49.5704
spk_ver/v09/v0940	SES148	-1.90698	-50.4711	-48.5642
spk_ver/v09/v0941	SES149	-2.71441	-52.9393	-50.2249
spk_ver/v09/v0942	SES149	-6.07551	-54.5781	-48.5026
spk_ver/v09/v0943	SES149	-5.81855	-56.6013	-50.7828
spk_ver/v09/v0944	SES149	-1.72196	-51.5953	-49.8734
spk_ver/v09/v0945	SES105	0.451454	-49.4682	-49.9197
spk_ver/v09/v0946	SES149	-3.37106	-52.7381	-49.367
spk_ver/v09/v0947	SES149	-5.67624	-57.169	-51.4928
spk_ver/v09/v0948	SES149	-6.32508	-55.6787	-49.3536
spk_ver/v09/v0949	SES149	-3.94155	-52.422	-48.4804
spk_ver/v09/v0950	SES226	0.804077	-48.4588	-49.2629
spk_ver/v09/v0951	SES149	-6.42744	-57.1835	-50.7561
spk_ver/v09/v0952	SES149	-2.25309	-52.5826	-50.3295
spk_ver/v09/v0953	SES062	0.522392	-48.4678	-48.9902
spk_ver/v09/v0954	SES149	-6.97398	-57.4396	-50.4656
spk_ver/v09/v0955	SES048	0.335678	-48.6192	-48.9549
spk_ver/v09/v0956	SES158	-1.08395	-51.2598	-50.1758
spk_ver/v09/v0957	SES158	-4.34578	-55.6194	-51.2736
spk_ver/v09/v0958	SES158	-0.66534	-49.4465	-48.7812
spk_ver/v09/v0959	SES158	-1.35308	-50.7304	-49.3773
spk_ver/v09/v0960	SES158	-6.00534	-57.1622	-51.1568
spk_ver/v09/v0961	SES147	1.02882	-50.0588	-51.0877
spk_ver/v09/v0962	SES158	-9.60263	-60.9193	-51.3167
spk_ver/v09/v0963	SES292	0.681137	-49.2232	-49.9044
spk_ver/v09/v0964	SES060	1.50994	-47.9482	-49.4582
spk_ver/v09/v0965	SES002	0.917305	-49.5628	-50.4801
spk_ver/v09/v0966	SES149	1.47163	-47.7552	-49.2268
spk_ver/v09/v0967	SES158	-7.38163	-57.8565	-50.4748
spk_ver/v09/v0968	SES158	-1.75272	-51.2228	-49.4701
spk_ver/v09/v0969	SES275	-0.558815	-51.4252	-50.8664
spk_ver/v09/v0970	SES158	-6.35147	-55.8124	-49.4609
spk_ver/v09/v0971	SES158	-6.83905	-57.1518	-50.3128
spk_ver/v09/v0972	SES002	1.38414	-48.1152	-49.4994
spk_ver/v09/v0973	SES158	-8.90134	-58.6129	-49.7116
spk_ver/v09/v0974	SES202	1.53205	-48.4947	-50.0268
spk_ver/v09/v0975	SES158	-8.85715	-60.2624	-51.4053
spk_ver/v09/v0976	SES158	-0.00688553	-49.3943	-49.3874
spk_ver/v09/v0977	SES162	-1.4161	-51.0553	-49.6392
spk_ver/v09/v0978	SES162	-5.521	-56.3832	-50.8622
spk_ver/v09/v0979	SES162	-5.66664	-55.8719	-50.2052
spk_ver/v09/v0980	SES162	-1.36594	-52.4506	-51.0846
spk_ver/v09/v0981	SES162	-1.92743	-52.8877	-50.9603
spk_ver/v09/v0982	SES259	1.79539	-47.8881	-49.6835
spk_ver/v09/v0983	SES162	-3.4278	-56.2767	-52.8489
spk_ver/v09/v0984	SES162	-1.48463	-50.4394	-48.9548
spk_ver/v09/v0985	SES162	-0.902786	-50.6464	-49.7436
spk_ver/v09/v0986	SES062	1.03764	-47.5005	-48.5382
spk_ver/v09/v0987	SES162	-0.884502	-50.7237	-49.8392
spk_ver/v09/v0988	SES162	-3.90578	-53.2035	-49.2977
spk_ver/v09/v0989	SES162	-4.25533	-55.8508	-51.5955
spk_ver/v09/v0990	SES162	-3.23336	-52.2325	-48.9991
spk_ver/v09/v0991	SES087	1.18764	-48.8011	-49.9888
spk_ver/v09/v0992	SES120	-0.265587	-50.4789	-50.2133
spk_ver/v09/v0993	SES162	-3.91278	-53.2201	-49.3073
spk_ver/v09/v0994	SES162	-1.60796	-50.6373	-49.0293
spk_ver/v09/v0995	SES162	-3.95573	-52.5319	-48.5762
spk_ver/v09/v0996	SES162	-1.88387	-50.1047	-48.2208
spk_ver/v09/v0997	SES162	-5.20416	-54.906	-49.7018
spk_ver/v09/v0998	SES162	-2.47626	-54.0171	-51.5408
spk_ver/v09/v0999	SES162	-1.12716	-48.8186	-47.6914
spk_ver/v10/v1000	SES162	-3.45588	-53.5481	-50.0922
spk_ver/v10/v1001	SES148	0.844021	-49.95	-50.794
spk_ver/v10/v1002	SES162	-0.496582	-51.5165	-51.0199
spk_ver/v10/v1003	SES162	-1.35381	-51.1995	-49.8457
spk_ver/v10/v1004	SES162	-1.90876	-53.5284	-51.6197
spk_ver/v10/v1005	SES162	-3.39415	-54.1608	-50.7666
spk_ver/v10/v1006	SES162	-2.96955	-52.6733	-49.7038
spk_ver/v10/v1007	SES162	-1.47306	-52.6235	-51.1504
spk_ver/v10/v1008	SES162	-3.45185	-55.1558	-51.7039
spk_ver/v10/v1009	SES162	-4.44549	-54.3467	-49.9012
spk_ver/v10/v1010	SES167	-3.54669	-53.7	-50.1533
spk_ver/v10/v1011	SES167	-0.707191	-51.1388	-50.4316
spk_ver/v10/v1012	SES167	-2.13476	-53.2915	-51.1568
spk_ver/v10/v1013	SES167	-6.9691	-56.8133	-49.8442
spk_ver/v10/v1014	SES167	-1.3227	-49.6841	-48.3614
spk_ver/v10/v1015	SES167	-1.63228	-51.1449	-49.5126
spk_ver/v10/v1016	SES167	-1.32148	-51.2235	-49.902
spk_ver/v10/v1017	SES167	-1.45731	-51.3536	-49.8963
spk_ver/v10/v1018	SES167	-3.56733	-53.0334	-49.4661
spk_ver/v10/v1019	SES167	-2.09248	-51.7586	-49.6661
spk_ver/v10/v1020	SES167	-5.75073	-55.7717	-50.021
spk_ver/v10/v1021	SES167	-1.31815	-53.4907	-52.1726
spk_ver/v10/v1022	SES167	-3.84288	-53.8647	-50.0219
spk_ver/v10/v1023	SES167	-4.06221	-54.8366	-50.7744
spk_ver/v10/v1024	SES167	-3.85799	-56.1736	-52.3157
spk_ver/v10/v1025	SES167	-1.42401	-50.4261	-49.0021
spk_ver/v10/v1026	SES167	-2.21285	-52.5014	-50.2885
spk_ver/v10/v1027	SES167	-1.36177	-50.598	-49.2363
spk_ver/v10/v1028	SES167	-6.25043	-56.2348	-49.9844
spk_ver/v10/v1029	SES167	-3.83455	-53.9925	-50.158
spk_ver/v10/v1030	SES167	-3.47817	-52.8122	-49.334
spk_ver/v10/v1031	SES167	-5.42063	-55.1193	-49.6986
spk_ver/v10/v1032	SES167	-6.03281	-54.3778	-48.345
spk_ver/v10/v1033	SES167	-5.41635	-54.2091	-48.7928
spk_ver/v10/v1034	SES002	1.10769	-47.9778	-49.0854
spk_ver/v10/v1035	SES167	-1.9825	-51.1209	-49.1384
spk_ver/v10/v1036	SES083	0.598412	-48.9636	-49.562
spk_ver/v10/v1037	SES167	-2.27447	-52.7159	-50.4414
spk_ver/v10/v1038	SES167	-3.09051	-54.6203	-51.5298
spk_ver/v10/v1039	SES167	-1.86028	-52.6952	-50.8349
spk_ver/v10/v1040	SES167	-5.48587	-56.2715	-50.7856
spk_ver/v10/v1041	SES167	-1.0377	-52.4763	-51.4386
spk_ver/v10/v1042	SES087	1.00532	-49.6376	-50.6429
spk_ver/v10/v1043	SES029	1.37088	-48.6707	-50.0415
spk_ver/v10/v1044	SES206	0.702152	-48.6426	-49.3447
spk_ver/v10/v1045	SES172	-3.07178	-53.8598	-50.788
spk_ver/v10/v1046	SES172	0.949284	-48.268	-49.2173
spk_ver/v10/v1047	SES172	-1.70856	-51.1948	-49.4862
spk_ver/v10/v1048	SES259	1.72701	-47.6699	-49.3969
spk_ver/v10/v1049	SES172	-3.89584	-52.8422	-48.9463
spk_ver/v10/v1050	SES120	0.884827	-49.723	-50.6078
spk_ver/v10/v1051	SES172	-2.47845	-51.8395	-49.3611
spk_ver/v10/v1052	SES172	-2.9292	-53.42	-50.4908
spk_ver/v10/v1053	SES172	-3.70557	-54.2243	-50.5188
spk_ver/v10/v1054	SES172	-2.59078	-52.7206	-50.1298
spk_ver/v10/v1055	SES189	2.23862	-51.4462	-53.6848
spk_ver/v10/v1056	SES172	-3.93876	-53.7334	-49.7946
spk_ver/v10/v1057	SES172	-1.45483	-51.3358	-49.8809
spk_ver/v10/v1058	SES172	-1.93019	-51.7826	-49.8524
spk_ver/v10/v1059	SES172	-1.94799	-51.2856	-49.3376
spk_ver/v10/v1060	SES029	0.385414	-49.3007	-49.6861
spk_ver/v10/v1061	SES175	-6.89415	-57.0133	-50.1192
spk_ver/v10/v1062	SES187	0.45475	-48.3022	-48.757
spk_ver/v10/v1063	SES019	2.79207	-49.0479	-51.8399
spk_ver/v10/v1064	SES175	-4.95279	-54.8393	-49.8865
spk_ver/v10/v1065	SES175	-5.63345	-55.6039	-49.9705
spk_ver/v10/v1066	SES175	-6.41584	-57.9018	-51.486
spk_ver/v10/v1067	SES175	-2.46578	-52.9711	-50.5053
spk_ver/v10/v1068	SES175	-4.13079	-54.0799	-49.9491
spk_ver/v10/v1069	SES016	2.26886	-47.1405	-49.4093
spk_ver/v10/v1070	SES175	-3.16775	-53.74	-50.5723
spk_ver/v10/v1071	SES175	-2.11505	-50.2981	-48.183
spk_ver/v10/v1072	SES175	-6.13131	-55.4728	-49.3415
spk_ver/v10/v1073	SES029	-0.0743217	-49.6882	-49.6139
spk_ver/v10/v1074	SES175	-3.75274	-53.742	-49.9892
spk_ver/v10/v1075	SES175	-1.27402	-49.7261	-48.4521
spk_ver/v10/v1076	SES175	-0.462303	-49.2913	-48.829
spk_ver/v10/v1077	SES175	-4.54149	-53.5013	-48.9598
spk_ver/v10/v1078	SES127	1.12613	-47.2145	-48.3406
spk_ver/v10/v1079	SES175	-3.5793	-52.3422	-48.7629
spk_ver/v10/v1080	SES175	-1.6138	-52.4218	-50.808
spk_ver/v10/v1081	SES175	-4.51464	-54.4906	-49.9759
spk_ver/v10/v1082	SES175	-3.02686	-52.4755	-49.4486
spk_ver/v10/v1083	SES007	1.05098	-49.1966	-50.2476
spk_ver/v10/v1084	SES068	0.437923	-48.4601	-48.898
spk_ver/v10/v1085	SES008	0.893799	-47.791	-48.6848
spk_ver/v10/v1086	SES175	-1.36673	-50.1571	-48.7904
spk_ver/v10/v1087	SES175	-3.37445	-52.9062	-49.5317
spk_ver/v10/v1088	SES008	1.74584	-47.3534	-49.0993
spk_ver/v10/v1089	SES177	-2.35915	-50.9101	-48.551
spk_ver/v10/v1090	SES177	-3.40871	-52.8981	-49.4894
spk_ver/v10/v1091	SES177	-4.22718	-55.0407	-50.8135
spk_ver/v10/v1092	SES177	-0.945663	-51.1933	-50.2476
spk_ver/v10/v1093	SES177	-4.34544	-54.6514	-50.306
spk_ver/v10/v1094	SES002	1.2742	-48.5457	-49.8199
spk_ver/v10/v1095	SES104	1.02083	-48.5982	-49.619
spk_ver/v10/v1096	SES177	-1.06434	-50.6042	-49.5398
spk_ver/v10/v1097	SES177	-1.83772	-53.3178	-51.4801
spk_ver/v10/v1098	SES177	-1.73131	-50.6438	-48.9125
spk_ver/v10/v1099	SES177	-0.267189	-50.0474	-49.7802
spk_ver/v11/v1100	SES177	-3.46588	-53.8369	-50.371
spk_ver/v11/v1101	SES085	0.540958	-48.7181	-49.2591
spk_ver/v11/v1102	SES187	0.869987	-48.9212	-49.7912
spk_ver/v11/v1103	SES177	-1.79945	-51.7496	-49.9501
spk_ver/v11/v1104	SES177	0.742092	-48.2029	-48.945
spk_ver/v11/v1105	SES177	-0.539883	-49.3724	-48.8326
spk_ver/v11/v1106	SES177	-2.07358	-51.5954	-49.5218
spk_ver/v11/v1107	SES177	-0.899715	-50.3002	-49.4005
spk_ver/v11/v1108	SES177	-0.739071	-50.1545	-49.4154
spk_ver/v11/v1109	SES125	1.41591	-47.9955	-49.4114
spk_ver/v11/v1110	SES177	-2.77958	-52.8357	-50.0561
spk_ver/v11/v1111	SES177	-1.58828	-50.8113	-49.223
spk_ver/v11/v1112	SES177	-2.86686	-52.1478	-49.2809
spk_ver/v11/v1113	SES177	-4.47389	-53.8535	-49.3796
spk_ver/v11/v1114	SES177	-1.25164	-52.2001	-50.9485
spk_ver/v11/v1115	SES177	-1.57715	-52.5472	-50.97
spk_ver/v11/v1116	SES085	0.657829	-47.8069	-48.4647
spk_ver/v11/v1117	SES147	0.25272	-50.2134	-50.4661
spk_ver/v11/v1118	SES177	-0.807663	-50.9875	-50.1799
spk_ver/v11/v1119	SES177	-3.00191	-52.7652	-49.7633
spk_ver/v11/v1120	SES180	-5.85939	-56.0068	-50.1474
spk_ver/v11/v1121	SES189	1.00344	-50.9295	-51.933
spk_ver/v11/v1122	SES117	0.661636	-51.8009	-52.4626
spk_ver/v11/v1123	SES129	1.83643	-47.6135	-49.4499
spk_ver/v11/v1124	SES180	-1.9603	-51.5651	-49.6048
spk_ver/v11/v1125	SES180	-1.30969	-49.936	-48.6263
spk_ver/v11/v1126	SES180	-1.51917	-50.9539	-49.4347
spk_ver/v11/v1127	SES180	-2.06231	-52.0163	-49.954
spk_ver/v11/v1128	SES016	0.546497	-49.9297	-50.4762
spk_ver/v11/v1129	SES158	0.802055	-49.0495	-49.8516
spk_ver/v11/v1130	SES180	-2.26825	-51.8835	-49.6153
spk_ver/v11/v1131	SES180	-3.50699	-51.7477	-48.2407
spk_ver/v11/v1132	SES180	-1.61794	-52.6637	-51.0458
spk_ver/v11/v1133	SES180	-3.52124	-52.8316	-49.3104
spk_ver/v11/v1134	SES180	-2.00755	-52.7402	-50.7327
spk_ver/v11/v1135	SES180	-1.14513	-49.6388	-48.4937
spk_ver/v11/v1136	SES180	-5.20958	-56.7401	-51.5305
spk_ver/v11/v1137	SES148	0.366268	-48.7244	-49.0906
spk_ver/v11/v1138	SES104	1.37207	-46.9972	-48.3692
spk_ver/v11/v1139	SES180	-5.06181	-55.193	-50.1312
spk_ver/v11/v1140	SES083	0.502869	-49.0551	-49.5579
spk_ver/v11/v1141	SES180	-4.0826	-54.4316	-50.349
spk_ver/v11/v1142	SES180	-2.58252	-53.0459	-50.4634
spk_ver/v11/v1143	SES180	-2.76782	-53.9075	-51.1397
spk_ver/v11/v1144	SES099	1.0289	-49.8101	-50.839
spk_ver/v11/v1145	SES180	-2.06733	-51.5032	-49.4359
spk_ver/v11/v1146	SES183	-2.9647	-52.6008	-49.6361
spk_ver/v11/v1147	SES183	-1.17536	-50.701	-49.5257
spk_ver/v11/v1148	SES183	-5.05352	-56.2154	-51.1619
spk_ver/v11/v1149	SES183	-5.37944	-54.7654	-49.386
spk_ver/v11/v1150	SES183	-4.5499	-55.4522	-50.9023
spk_ver/v11/v1151	SES082	1.40833	-48.1737	-49.5821
spk_ver/v11/v1152	SES183	-2.78307	-54.3499	-51.5668
spk_ver/v11/v1153	SES183	-2.60224	-52.1934	-49.5911
spk_ver/v11/v1154	SES002	1.60901	-47.4357	-49.0447
spk_ver/v11/v1155	SES183	-2.35642	-52.9831	-50.6267
spk_ver/v11/v1156	SES183	-4.32845	-55.2154	-50.887
spk_ver/v11/v1157	SES183	-3.23755	-50.8362	-47.5986
spk_ver/v11/v1158	SES183	-1.05604	-50.3991	-49.343
spk_ver/v11/v1159	SES183	-1.72801	-51.297	-49.569
spk_ver/v11/v1160	SES183	-3.73752	-53.7626	-50.0251
spk_ver/v11/v1161	SES183	-4.09837	-55.3304	-51.232
spk_ver/v11/v1162	SES105	1.18655	-48.9475	-50.1341
spk_ver/v11/v1163	SES183	-4.78017	-54.4053	-49.6252
spk_ver/v11/v1164	SES259	1.43687	-48.3879	-49.8247
spk_ver/v11/v1165	SES183	-2.48843	-53.3795	-50.8911
spk_ver/v11/v1166	SES183	-4.52171	-53.6224	-49.1006
spk_ver/v11/v1167	SES183	-2.81274	-53.3552	-50.5424
spk_ver/v11/v1168	SES183	-2.15615	-51.3879	-49.2317
spk_ver/v11/v1169	SES183	-4.91679	-54.3787	-49.4619
spk_ver/v11/v1170	SES183	-3.72359	-52.6755	-48.9519
spk_ver/v11/v1171	SES183	-6.51411	-56.7364	-50.2223
spk_ver/v11/v1172	SES187	-3.61898	-53.4962	-49.8772
spk_ver/v11/v1173	SES019	2.85397	-48.8606	-51.7145
spk_ver/v11/v1174	SES187	-5.03304	-56.7825	-51.7494
spk_ver/v11/v1175	SES187	-1.75875	-53.018	-51.2593
spk_ver/v11/v1176	SES083	0.64764	-47.9248	-48.5724
spk_ver/v11/v1177	SES187	-4.75364	-55.6233	-50.8697
spk_ver/v11/v1178	SES187	-4.16698	-54.0033	-49.8364
spk_ver/v11/v1179	SES187	-1.76685	-52.0158	-50.249
spk_ver/v11/v1180	SES187	-0.815521	-51.3968	-50.5813
spk_ver/v11/v1181	SES187	-5.23702	-54.8036	-49.5666
spk_ver/v11/v1182	SES187	-0.788906	-49.5721	-48.7832
spk_ver/v11/v1183	SES187	-3.90426	-53.8892	-49.9849
spk_ver/v11/v1184	SES187	0.10471	-50.1034	-50.2081
spk_ver/v11/v1185	SES127	0.79393	-48.0487	-48.8426
spk_ver/v11/v1186	SES187	-1.10469	-50.481	-49.3763
spk_ver/v11/v1187	SES187	-1.42474	-50.0786	-48.6539
spk_ver/v11/v1188	SES187	-1.56405	-52.8997	-51.3356
spk_ver/v11/v1189	SES042	1.48558	-47.9268	-49.4124
spk_ver/v11/v1190	SES187	-1.35051	-50.6082	-49.2577
spk_ver/v11/v1191	SES187	-3.88473	-55.303	-51.4183
spk_ver/v11/v1192	SES187	-3.33771	-54.0093	-50.6716
spk_ver/v11/v1193	SES183	0.572727	-50.1296	-50.7023
spk_ver/v11/v1194	SES187	-2.49389	-53.3142	-50.8203
spk_ver/v11/v1195	SES187	-4.84732	-55.3978	-50.5505
spk_ver/v11/v1196	SES146	0.931946	-50.4646	-51.3966
spk_ver/v11/v1197	SES189	-4.65294	-54.1124	-49.4595
spk_ver/v11/v1198	SES175	1.50142	-49.2028	-50.7042
spk_ver/v11/v1199	SES189	-3.78951	-54.9045	-51.115
spk_ver/v12/v1200	SES189	-1.77815	-50.4277	-48.6495
spk_ver/v12/v1201	SES177	0.784676	-48.5416	-49.3263
spk_ver/v12/v1202	SES189	-1.55116	-52.4993	-50.9482
spk_ver/v12/v1203	SES143	0.572113	-50.0675	-50.6396
spk_ver/v12/v1204	SES189	-2.20921	-51.6498	-49.4406
spk_ver/v12/v1205	SES189	-1.79393	-50.9561	-49.1621
spk_ver/v12/v1206	SES189	-4.71634	-55.7803	-51.0639
spk_ver/v12/v1207	SES189	-3.19477	-52.6086	-49.4139
spk_ver/v12/v1208	SES189	-2.87384	-51.0356	-48.1617
spk_ver/v12/v1209	SES189	-4.69614	-55.7635	-51.0674
spk_ver/v12/v1210	SES189	-0.216644	-50.8311	-50.6144
spk_ver/v12/v1211	SES062	1.51318	-47.6396	-49.1528
spk_ver/v12/v1212	SES189	-2.4954	-51.455	-48.9596
spk_ver/v12/v1213	SES048	0.558872	-48.7353	-49.2942
spk_ver/v12/v1214	SES042	2.51314	-46.3923	-48.9054
spk_ver/v12/v1215	SES008	1.82432	-47.1375	-48.9619
spk_ver/v12/v1216	SES202	-4.39206	-53.0269	-48.6349
spk_ver/v12/v1217	SES202	-3.31403	-54.515	-51.201
spk_ver/v12/v1218	SES085	1.02749	-47.59	-48.6175
spk_ver/v12/v1219	SES202	-2.79024	-52.0521	-49.2619
spk_ver/v12/v1220	SES202	-3.77502	-52.5039	-48.7288
spk_ver/v12/v1221	SES202	-1.68266	-52.682	-50.9994
spk_ver/v12/v1222	SES202	-8.29384	-58.8785	-50.5846
spk_ver/v12/v1223	SES158	1.13012	-48.5684	-49.6985
spk_ver/v12/v1224	SES202	-2.63546	-53.6092	-50.9737
spk_ver/v12/v1225	SES202	-6.55096	-56.0154	-49.4644
spk_ver/v12/v1226	SES202	-5.51487	-54.3324	-48.8175
spk_ver/v12/v1227	SES202	-4.43499	-54.3428	-49.9078
spk_ver/v12/v1228	SES177	0.479794	-49.4504	-49.9302
spk_ver/v12/v1229	SES202	-5.07546	-54.2444	-49.169
spk_ver/v12/v1230	SES202	-1.67798	-51.8211	-50.1431
spk_ver/v12/v1231	SES202	-5.68434	-56.027	-50.3427
spk_ver/v12/v1232	SES202	-2.96418	-54.9338	-51.9696
spk_ver/v12/v1233	SES206	1.10447	-47.8019	-48.9063
spk_ver/v12/v1234	SES202	-6.19025	-56.556	-50.3658
spk_ver/v12/v1235	SES202	-4.00246	-52.8989	-48.8964
spk_ver/v12/v1236	SES125	1.69882	-48.5345	-50.2333
spk_ver/v12/v1237	SES127	0.74017	-48.207	-48.9471
spk_ver/v12/v1238	SES202	2.41894	-47.4923	-49.9113
spk_ver/v12/v1239	SES167	1.68631	-47.3846	-49.0709
spk_ver/v12/v1240	SES206	-8.40724	-59.0374	-50.6302
spk_ver/v12/v1241	SES206	-9.36068	-59.9461	-50.5854
spk_ver/v12/v1242	SES206	-1.1902	-50.6435	-49.4533
spk_ver/v12/v1243	SES206	-2.27393	-53.2079	-50.934
spk_ver/v12/v1244	SES259	1.44844	-49.0977	-50.5461
spk_ver/v12/v1245	SES206	-4.75115	-53.7705	-49.0193
spk_ver/v12/v1246	SES206	-4.69374	-54.0352	-49.3414
spk_ver/v12/v1247	SES206	-0.663715	-50.3603	-49.6966
spk_ver/v12/v1248	SES206	-10.6999	-62.0826	-51.3826
spk_ver/v12/v1249	SES270	1.45375	-49.3253	-50.7791
spk_ver/v12/v1250	SES206	-7.06898	-57.4907	-50.4217
spk_ver/v12/v1251	SES206	-4.08263	-53.195	-49.1124
spk_ver/v12/v1252	SES206	-3.75979	-53.5157	-49.7559
spk_ver/v12/v1253	SES206	-0.369484	-49.6309	-49.2614
spk_ver/v12/v1254	SES206	-0.854576	-50.7304	-49.8759
spk_ver/v12/v1255	SES125	1.51002	-48.3225	-49.8325
spk_ver/v12/v1256	SES206	-10.6911	-60.2192	-49.5281
spk_ver/v12/v1257	SES206	-6.22174	-55.2914	-49.0697
spk_ver/v12/v1258	SES206	-1.96336	-52.3869	-50.4235
spk_ver/v12/v1259	SES206	-9.58648	-59.995	-50.4085
spk_ver/v12/v1260	SES206	-11.8628	-62.6211	-50.7583
spk_ver/v12/v1261	SES206	-7.74613	-57.1215	-49.3754
spk_ver/v12/v1262	SES206	-9.82788	-59.94	-50.1121
spk_ver/v12/v1263	SES206	-4.86657	-54.3314	-49.4648
spk_ver/v12/v1264	SES149	1.48591	-48.6238	-50.1097
spk_ver/v12/v1265	SES206	-1.12634	-51.9525	-50.8262
spk_ver/v12/v1266	SES206	-10.7787	-61.4092	-50.6305
spk_ver/v12/v1267	SES206	-0.996998	-53.0429	-52.0459
spk_ver/v12/v1268	SES206	-4.39979	-54.9383	-50.5385
spk_ver/v12/v1269	SES206	-10.5506	-62.5706	-52.0201
spk_ver/v12/v1270	SES206	-12.4127	-65.2094	-52.7966
spk_ver/v12/v1271	SES226	-11.2292	-62.3078	-51.0786
spk_ver/v12/v1272	SES226	-0.493515	-48.7022	-48.2087
spk_ver/v12/v1273	SES226	-8.77781	-57.8158	-49.038
spk_ver/v12/v1274	SES226	-8.70666	-59.2297	-50.523
spk_ver/v12/v1275	SES226	-0.286903	-50.6435	-50.3566
spk_ver/v12/v1276	SES226	-7.54769	-57.6353	-50.0876
spk_ver/v12/v1277	SES226	-1.13298	-50.4844	-49.3514
spk_ver/v12/v1278	SES226	0.0650139	-50.2051	-50.2702
spk_ver/v12/v1279	SES226	-7.81657	-56.4287	-48.6122
spk_ver/v12/v1280	SES226	-2.41294	-51.6887	-49.2758
spk_ver/v12/v1281	SES226	-1.1417	-51.5473	-50.4056
spk_ver/v12/v1282	SES226	-2.11178	-52.3302	-50.2185
spk_ver/v12/v1283	SES143	1.0187	-49.1999	-50.2186
spk_ver/v12/v1284	SES226	-4.81108	-54.0492	-49.2381
spk_ver/v12/v1285	SES226	-1.15004	-50.3189	-49.1689
spk_ver/v12/v1286	SES226	-1.6309	-52.2619	-50.631
spk_ver/v12/v1287	SES226	-4.22559	-53.8857	-49.6601
spk_ver/v12/v1288	SES226	-7.27038	-56.5998	-49.3294
spk_ver/v12/v1289	SES104	1.10285	-48.7485	-49.8513
spk_ver/v12/v1290	SES008	2.48284	-48.2301	-50.7129
spk_ver/v12/v1291	SES226	-1.61584	-51.5768	-49.9609
spk_ver/v12/v1292	SES259	-3.15093	-53.1883	-50.0373
spk_ver/v12/v1293	SES062	0.98473	-47.8743	-48.859
spk_ver/v12/v1294	SES099	1.2786	-49.7759	-51.0545
spk_ver/v12/v1295	SES158	0.863819	-49.532	-50.3958
spk_ver/v12/v1296	SES259	-5.583	-54.3813	-48.7983
spk_ver/v12/v1297	SES259	-4.04811	-53.474	-49.4259
spk_ver/v12/v1298	SES259	-1.81316	-51.0609	-49.2477
spk_ver/v12/v1299	SES259	-5.28227	-55.0689	-49.7866
spk_ver/v13/v1300	SES120	0.563492	-49.9829	-50.5464
spk_ver/v13/v1301	SES259	-6.14536	-56.0463	-49.9009
spk_ver/v13/v1302	SES259	-6.21078	-56.6647	-50.4539
spk_ver/v13/v1303	SES129	1.02868	-48.5705	-49.5992
spk_ver/v13/v1304	SES259	-4.33868	-55.3688	-51.0301
spk_ver/v13/v1305	SES259	-4.31741	-55.5857	-51.2683
spk_ver/v13/v1306	SES106	0.945488	-49.071	-50.0165
spk_ver/v13/v1307	SES259	-3.91906	-54.9349	-51.0158
spk_ver/v13/v1308	SES259	-1.31738	-51.3095	-49.9922
spk_ver/v13/v1309	SES259	-6.82789	-56.5494	-49.7215
spk_ver/v13/v1310	SES259	-4.29813	-53.5153	-49.2172
spk_ver/v13/v1311	SES259	-4.86693	-54.3875	-49.5206
spk_ver/v13/v1312	SES259	-2.2993	-51.2034	-48.9041
spk_ver/v13/v1313	SES144	0.655369	-49.2304	-49.8858
spk_ver/v13/v1314	SES259	-5.71509	-56.0776	-50.3626
spk_ver/v13/v1315	SES162	1.62199	-48.5836	-50.2056
spk_ver/v13/v1316	SES206	0.973385	-48.2427	-49.2161
spk_ver/v13/v1317	SES175	1.18726	-49.5073	-50.6945
spk_ver/v13/v1318	SES259	-6.77594	-57.7763	-51.0004
spk_ver/v13/v1319	SES259	-6.90348	-57.6583	-50.7548
spk_ver/v13/v1320	SES270	-0.500793	-50.361	-49.8602
spk_ver/v13/v1321	SES101	-0.0220947	-49.1736	-49.1515
spk_ver/v13/v1322	SES177	0.837711	-48.3685	-49.2062
spk_ver/v13/v1323	SES127	0.956699	-47.2707	-48.2274
spk_ver/v13/v1324	SES270	-8.1499	-58.3717	-50.2218
spk_ver/v13/v1325	SES062	0.287853	-48.482	-48.7699
spk_ver/v13/v1326	SES270	-0.457813	-51.1896	-50.7318
spk_ver/v13/v1327	SES120	0.123974	-51.0072	-51.1312
spk_ver/v13/v1328	SES270	-4.75175	-55.1255	-50.3737
spk_ver/v13/v1329	SES270	-5.92336	-54.3275	-48.4042
spk_ver/v13/v1330	SES270	0.0128441	-50.3137	-50.3265
spk_ver/v13/v1331	SES270	-5.88088	-54.051	-48.1702
spk_ver/v13/v1332	SES270	-0.719246	-49.5567	-48.8375
spk_ver/v13/v1333	SES270	-1.11932	-52.0346	-50.9153
spk_ver/v13/v1334	SES270	-1.96634	-51.5547	-49.5883
spk_ver/v13/v1335	SES270	0.383915	-49.7904	-50.1743
spk_ver/v13/v1336	SES270	-0.825005	-50.0032	-49.1782
spk_ver/v13/v1337	SES016	1.59019	-48.2453	-49.8355
spk_ver/v13/v1338	SES270	-4.98133	-53.9752	-48.9939
spk_ver/v13/v1339	SES002	1.02659	-48.4373	-49.4639
spk_ver/v13/v1340	SES105	1.51069	-49.6665	-51.1772
spk_ver/v13/v1341	SES275	-2.16969	-52.7243	-50.5546
spk_ver/v13/v1342	SES187	0.77327	-49.6371	-50.4104
spk_ver/v13/v1343	SES275	-2.97738	-52.9025	-49.9251
spk_ver/v13/v1344	SES275	-2.82748	-54.0555	-51.2281
spk_ver/v13/v1345	SES275	-1.95923	-51.9719	-50.0126
spk_ver/v13/v1346	SES275	-3.84348	-53.9452	-50.1017
spk_ver/v13/v1347	SES275	-4.25791	-55.2904	-51.0325
spk_ver/v13/v1348	SES180	0.0896034	-49.6285	-49.7181
spk_ver/v13/v1349	SES275	-2.90285	-55.0948	-52.1919
spk_ver/v13/v1350	SES275	-0.877262	-49.3713	-48.4941
spk_ver/v13/v1351	SES275	-3.92995	-57.4897	-53.5598
spk_ver/v13/v1352	SES275	-1.42418	-50.5393	-49.1151
spk_ver/v13/v1353	SES275	-2.05935	-53.6663	-51.607
spk_ver/v13/v1354	SES189	1.83109	-50.9293	-52.7604
spk_ver/v13/v1355	SES068	0.351868	-48.3839	-48.7357
spk_ver/v13/v1356	SES275	-3.26212	-54.5458	-51.2837
spk_ver/v13/v1357	SES048	0.304718	-49.1537	-49.4584
spk_ver/v13/v1358	SES226	1.6078	-47.357	-48.9648
spk_ver/v13/v1359	SES016	0.701622	-48.7724	-49.4741
spk_ver/v13/v1360	SES275	-3.39341	-54.2528	-50.8594
spk_ver/v13/v1361	SES068	0.953869	-47.3686	-48.3225
spk_ver/v13/v1362	SES275	-3.35459	-52.7493	-49.3947
spk_ver/v13/v1363	SES275	-3.06772	-53.2364	-50.1687
spk_ver/v13/v1364	SES275	-3.56418	-55.1867	-51.6225
spk_ver/v13/v1365	SES275	-2.94246	-52.6034	-49.661
spk_ver/v13/v1366	SES187	0.754581	-48.6121	-49.3667
spk_ver/v13/v1367	SES275	-4.12368	-55.2009	-51.0772
spk_ver/v13/v1368	SES125	0.995842	-48.7883	-49.7842
spk_ver/v13/v1369	SES275	-1.6102	-52.5428	-50.9326
spk_ver/v13/v1370	SES292	-3.59637	-52.9944	-49.398
spk_ver/v13/v1371	SES292	-2.90207	-52.4647	-49.5626
spk_ver/v13/v1372	SES292	-3.8517	-54.7184	-50.8667
spk_ver/v13/v1373	SES292	-2.26919	-52.2589	-49.9897
spk_ver/v13/v1374	SES101	0.838932	-49.4001	-50.2391
spk_ver/v13/v1375	SES292	-3.64117	-54.3109	-50.6697
spk_ver/v13/v1376	SES292	-2.13134	-51.593	-49.4617
spk_ver/v13/v1377	SES292	-5.25456	-56.6801	-51.4255
spk_ver/v13/v1378	SES292	-1.33827	-51.1852	-49.8469
spk_ver/v13/v1379	SES292	-1.35279	-51.3355	-49.9827
spk_ver/v13/v1380	SES292	-2.38136	-52.2561	-49.8747
spk_ver/v13/v1381	SES292	-1.90841	-50.2323	-48.3239
spk_ver/v13/v1382	SES292	-2.94843	-54.3179	-51.3695
spk_ver/v13/v1383	SES292	-1.93164	-51.4612	-49.5295
spk_ver/v13/v1384	SES292	-2.28511	-51.9835	-49.6983
spk_ver/v13/v1385	SES292	-1.7439	-51.0527	-49.3088
spk_ver/v13/v1386	SES292	-2.16333	-52.5867	-50.4234
spk_ver/v13/v1387	SES158	1.50305	-49.7885	-51.2915
spk_ver/v13/v1388	SES292	-0.89415	-49.3305	-48.4363
spk_ver/v13/v1389	SES292	-0.887379	-48.8544	-47.967
spk_ver/v13/v1390	SES292	-2.48122	-51.7684	-49.2872
spk_ver/v13/v1391	SES292	-2.14524	-51.6413	-49.4961
spk_ver/v13/v1392	SES292	-3.51269	-54.4609	-50.9482
spk_ver/v13/v1393	SES292	-2.21981	-51.7469	-49.5271
spk_ver/v13/v1394	SES292	-4.42208	-54.4118	-49.9897
spk_ver/v13/v1395	SES292	-3.0018	-52.4673	-49.4655
spk_ver/v13/v1396	SES117	1.43473	-50.0868	-51.5216
spk_ver/v13/v1397	SES292	-2.66103	-52.1198	-49.4588
spk_ver/v13/v1398	SES292	-3.62853	-54.6659	-51.0373
spk_ver/v13/v1399	SES292	-0.674675	-49.8396	-49.165
