BLOCK00/SES002/SA002S12	SES002	0.630072	-7.36026	-7.99033
BLOCK00/SES002/SA002S13	SES002	1.46671	-7.34242	-8.80913
BLOCK00/SES002/SA002S23	SES002	0.629667	-7.44288	-8.07255
BLOCK00/SES002/SA002S26	SES002	0.669934	-8.24773	-8.91766
BLOCK00/SES002/SA002S28	SES002	0.246803	-7.81451	-8.06131
BLOCK00/SES007/SA007S14	SES007	0.634307	-5.92856	-6.56286
BLOCK00/SES007/SA007S15	SES007	0.288367	-7.03537	-7.32373
BLOCK00/SES007/SA007S24	SES007	0.380034	-6.50827	-6.8883
BLOCK00/SES007/SA007S27	SES007	0.277664	-7.78018	-8.05785
BLOCK00/SES007/SA007S29	SES007	-0.143957	-6.9895	-6.84554
BLOCK00/SES008/SA008S11	SES008	1.28813	-6.31927	-7.6074
BLOCK00/SES008/SA008S12	SES008	0.109966	-7.25552	-7.36548
BLOCK00/SES008/SA008S19	SES008	1.18883	-6.57287	-7.7617
BLOCK00/SES008/SA008S22	SES008	0.682054	-7.2728	-7.95486
BLOCK00/SES008/SA008S29	SES008	1.00906	-6.40247	-7.41153
BLOCK01/SES014/SA014S10	SES014	1.03406	-6.73362	-7.76769
BLOCK01/SES014/SA014S12	SES014	1.5147	-6.11767	-7.63237
BLOCK01/SES014/SA014S24	SES014	1.37835	-6.77308	-8.15144
BLOCK01/SES014/SA014S26	SES014	1.53349	-5.84984	-7.38334
BLOCK01/SES014/SA014S28	SES014	2.08499	-5.29154	-7.37653
BLOCK01/SES016/SA016S12	SES016	0.662683	-8.81112	-9.4738
BLOCK01/SES016/SA016S13	SES016	0.923017	-6.61398	-7.537
BLOCK01/SES016/SA016S22	SES016	0.975928	-6.55339	-7.52931
BLOCK01/SES016/SA016S25	SES016	1.34808	-4.81615	-6.16423
BLOCK01/SES016/SA016S27	SES016	1.01782	-5.99495	-7.01277
BLOCK01/SES019/SA019S13	SES019	3.18698	-5.76681	-8.95379
BLOCK01/SES019/SA019S14	SES019	1.62653	-7.65546	-9.28199
BLOCK01/SES019/SA019S22	SES019	2.11178	-6.46576	-8.57754
BLOCK01/SES019/SA019S25	SES019	2.24915	-6.67481	-8.92396
BLOCK01/SES019/SA019S29	SES019	3.8664	-6.46845	-10.3348
BLOCK02/SES029/SA029S11	SES029	0.63524	-5.90576	-6.541
BLOCK02/SES029/SA029S12	SES029	-0.00221872	-6.6784	-6.67618
BLOCK02/SES029/SA029S20	SES029	0.332922	-6.13753	-6.47045
BLOCK02/SES029/SA029S25	SES029	0.304124	-6.86232	-7.16644
BLOCK02/SES029/SA029S28	SES029	0.352101	-6.44975	-6.80185
BLOCK04/SES042/SA042S12	SES042	1.21041	-6.286	-7.49641
BLOCK04/SES042/SA042S15	SES042	1.24544	-5.5696	-6.81504
BLOCK04/SES042/SA042S22	SES042	1.99055	-6.36918	-8.35973
BLOCK04/SES042/SA042S25	SES042	1.15411	-7.84329	-8.9974
BLOCK04/SES042/SA042S27	SES042	1.81448	-6.62018	-8.43467
BLOCK04/SES048/SA048S11	SES048	0.468112	-6.03462	-6.50273
BLOCK04/SES048/SA048S12	SES048	-0.000317097	-7.56509	-7.56478
BLOCK04/SES048/SA048S20	SES048	0.260681	-6.11506	-6.37574
BLOCK04/SES048/SA048S23	SES048	1.10176	-6.32798	-7.42974
BLOCK04/SES048/SA048S27	SES048	0.143669	-7.11331	-7.25697
BLOCK06/SES060/SA060S11	SES060	0.985162	-6.37971	-7.36487
BLOCK06/SES060/SA060S12	SES060	0.400068	-7.5062	-7.90627
BLOCK06/SES060/SA060S22	SES060	-1.10371	-9.07075	-7.96704
BLOCK06/SES060/SA060S24	SES060	1.00492	-5.3348	-6.33972
BLOCK06/SES060/SA060S28	SES060	0.696445	-5.38828	-6.08472
BLOCK06/SES062/SA062S10	SES062	0.0459027	-6.82113	-6.86703
BLOCK06/SES062/SA062S11	SES062	0.290114	-7.8355	-8.12561
BLOCK06/SES062/SA062S21	SES062	0.56986	-5.08194	-5.6518
BLOCK06/SES062/SA062S26	SES062	0.247983	-7.08477	-7.33275
BLOCK06/SES062/SA062S29	SES062	0.707985	-5.9945	-6.70248
BLOCK06/SES068/SA068S14	SES068	0.376114	-7.18671	-7.56282
BLOCK06/SES068/SA068S15	SES068	0.836792	-6.78203	-7.61882
BLOCK06/SES068/SA068S23	SES068	-0.00864792	-7.25396	-7.24531
BLOCK06/SES068/SA068S27	SES068	1.34487	-6.10185	-7.44672
BLOCK06/SES068/SA068S29	SES068	0.525577	-6.91772	-7.4433
BLOCK08/SES082/SA082S12	SES082	-0.185596	-8.33815	-8.15255
BLOCK08/SES082/SA082S14	SES082	-0.0166054	-8.06275	-8.04614
BLOCK08/SES082/SA082S21	SES082	0.597497	-7.06351	-7.661
BLOCK08/SES082/SA082S24	SES082	-0.137655	-8.01254	-7.87489
BLOCK08/SES082/SA082S28	SES082	0.326534	-7.65633	-7.98286
BLOCK08/SES083/SA083S14	SES083	-0.137627	-7.12709	-6.98946
BLOCK08/SES083/SA083S15	SES083	0.578409	-6.57891	-7.15732
BLOCK08/SES083/SA083S24	SES083	0.29515	-7.0702	-7.36535
BLOCK08/SES083/SA083S26	SES083	0.57259	-7.72195	-8.29454
BLOCK08/SES083/SA083S29	SES083	-0.182515	-7.65693	-7.47442
BLOCK08/SES085/SA085S10	SES085	0.867672	-5.78209	-6.64976
BLOCK08/SES085/SA085S13	SES085	-0.251789	-8.05676	-7.80498
BLOCK08/SES085/SA085S22	SES085	0.603657	-6.4575	-7.06115
BLOCK08/SES085/SA085S26	SES085	-0.239114	-7.50572	-7.26661
BLOCK08/SES085/SA085S28	SES085	0.210286	-7.05479	-7.26508
BLOCK08/SES087/SA087S15	SES087	1.23313	-7.32057	-8.5537
BLOCK08/SES087/SA087S16	SES087	1.31671	-7.28919	-8.6059
BLOCK08/SES087/SA087S24	SES087	1.65724	-6.96846	-8.6257
BLOCK08/SES087/SA087S26	SES087	1.0059	-6.28254	-7.28844
BLOCK08/SES087/SA087S29	SES087	1.29455	-6.43174	-7.7263
BLOCK09/SES099/SA099S15	SES099	1.1126	-7.32056	-8.43316
BLOCK09/SES099/SA099S16	SES099	1.14818	-7.04757	-8.19575
BLOCK09/SES099/SA099S24	SES099	0.993655	-7.35856	-8.35221
BLOCK09/SES099/SA099S26	SES099	1.11991	-6.5596	-7.67951
BLOCK09/SES099/SA099S29	SES099	0.681944	-7.62537	-8.30731
BLOCK10/SES101/SA101S11	SES101	0.56303	-5.98672	-6.54975
BLOCK10/SES101/SA101S13	SES101	0.513897	-5.28256	-5.79646
BLOCK10/SES101/SA101S22	SES101	0.698734	-7.46814	-8.16688
BLOCK10/SES101/SA101S24	SES101	0.821251	-6.36091	-7.18216
BLOCK10/SES101/SA101S28	SES101	0.402702	-6.944	-7.3467
BLOCK10/SES104/SA104S11	SES104	0.470699	-6.54108	-7.01177
BLOCK10/SES104/SA104S12	SES104	0.723937	-7.13608	-7.86002
BLOCK10/SES104/SA104S21	SES104	0.709596	-7.41757	-8.12717
BLOCK10/SES104/SA104S24	SES104	0.466511	-7.65271	-8.11922
BLOCK10/SES104/SA104S28	SES104	1.09104	-6.8438	-7.93484
BLOCK10/SES105/SA105S12	SES105	0.731199	-7.5045	-8.2357
BLOCK10/SES105/SA105S13	SES105	0.0185037	-7.11445	-7.13295
BLOCK10/SES105/SA105S22	SES105	0.663977	-7.81243	-8.47641
BLOCK10/SES105/SA105S26	SES105	0.894205	-7.50877	-8.40298
BLOCK10/SES105/SA105S29	SES105	1.13256	-5.82407	-6.95662
BLOCK10/SES106/SA106S09	SES106	1.08215	-7.42592	-8.50807
BLOCK10/SES106/SA106S11	SES106	0.907592	-6.61468	-7.52228
BLOCK10/SES106/SA106S22	SES106	1.65975	-7.17835	-8.8381
BLOCK10/SES106/SA106S27	SES106	0.824554	-6.72657	-7.55112
BLOCK10/SES106/SA106S29	SES106	0.604308	-6.30208	-6.90639
BLOCK11/SES117/SA117S12	SES117	0.672637	-7.30199	-7.97463
BLOCK11/SES117/SA117S13	SES117	0.345765	-7.78884	-8.1346
BLOCK11/SES117/SA117S23	SES117	0.941463	-8.30015	-9.24161
BLOCK11/SES117/SA117S25	SES117	0.636602	-7.49211	-8.12871
BLOCK11/SES117/SA117S28	SES117	0.88946	-7.3456	-8.23506
BLOCK12/SES120/SA120S08	SES120	0.392983	-7.36965	-7.76263
BLOCK12/SES120/SA120S11	SES120	0.935755	-9.41358	-10.3493
BLOCK12/SES120/SA120S22	SES120	0.0615096	-6.88952	-6.95103
BLOCK12/SES120/SA120S24	SES120	0.0721288	-7.74612	-7.81825
BLOCK12/SES120/SA120S28	SES120	-0.0219226	-7.97425	-7.95233
BLOCK12/SES125/SA125S13	SES125	1.12028	-6.6671	-7.78738
BLOCK12/SES125/SA125S14	SES125	0.763896	-7.32748	-8.09137
BLOCK12/SES125/SA125S25	SES125	1.17828	-7.47075	-8.64903
BLOCK12/SES125/SA125S27	SES125	1.25609	-6.35636	-7.61245
BLOCK12/SES125/SA125S29	SES125	0.586256	-6.82962	-7.41588
BLOCK12/SES127/SA127S11	SES127	0.239675	-7.35826	-7.59794
BLOCK12/SES127/SA127S12	SES127	0.508039	-5.59621	-6.10424
BLOCK12/SES127/SA127S23	SES127	0.0302148	-6.54396	-6.57418
BLOCK12/SES127/SA127S25	SES127	0.345306	-6.37793	-6.72324
BLOCK12/SES127/SA127S27	SES127	0.759365	-6.54087	-7.30024
BLOCK12/SES129/SA129S11	SES129	1.20208	-5.72576	-6.92784
BLOCK12/SES129/SA129S12	SES129	0.606572	-5.80566	-6.41223
BLOCK12/SES129/SA129S22	SES129	1.04564	-6.50538	-7.55102
BLOCK12/SES129/SA129S27	SES129	1.13571	-6.38394	-7.51965
BLOCK12/SES129/SA129S29	SES129	0.116153	-7.92577	-8.04192
BLOCK14/SES142/SA142S11	SES142	0.847458	-6.18571	-7.03317
BLOCK14/SES142/SA142S12	SES142	0.424151	-7.25575	-7.6799
BLOCK14/SES142/SA142S24	SES142	0.834914	-6.32822	-7.16314
BLOCK14/SES142/SA142S27	SES142	1.11938	-5.98818	-7.10756
BLOCK14/SES142/SA142S29	SES142	1.23181	-5.7941	-7.0259
BLOCK14/SES143/SA143S12	SES143	0.720963	-6.7709	-7.49187
BLOCK14/SES143/SA143S13	SES143	0.54141	-7.02054	-7.56195
BLOCK14/SES143/SA143S23	SES143	0.386218	-6.81518	-7.2014
BLOCK14/SES143/SA143S25	SES143	0.459175	-7.19456	-7.65373
BLOCK14/SES143/SA143S28	SES143	0.379128	-7.00428	-7.3834
BLOCK14/SES144/SA144S09	SES144	0.397229	-7.12035	-7.51757
BLOCK14/SES144/SA144S11	SES144	0.304418	-6.82253	-7.12695
BLOCK14/SES144/SA144S21	SES144	-0.218309	-7.67574	-7.45744
BLOCK14/SES144/SA144S25	SES144	0.561135	-7.35613	-7.91726
BLOCK14/SES144/SA144S29	SES144	-0.434352	-8.04226	-7.60791
BLOCK14/SES146/SA146S14	SES146	0.348752	-7.44428	-7.79304
BLOCK14/SES146/SA146S15	SES146	-0.0446849	-7.62492	-7.58023
BLOCK14/SES146/SA146S24	SES146	0.400291	-7.0048	-7.40509
BLOCK14/SES146/SA146S26	SES146	0.464642	-7.15792	-7.62256
BLOCK14/SES146/SA146S29	SES146	0.3839	-7.70969	-8.09359
BLOCK14/SES147/SA147S11	SES147	0.470599	-6.79816	-7.26876
BLOCK14/SES147/SA147S13	SES147	0.557355	-6.20753	-6.76488
BLOCK14/SES147/SA147S23	SES147	0.395843	-7.23872	-7.63456
BLOCK14/SES147/SA147S26	SES147	0.790198	-6.88001	-7.67021
BLOCK14/SES147/SA147S28	SES147	1.23468	-6.18242	-7.4171
BLOCK14/SES148/SA148S10	SES148	0.440148	-6.4207	-6.86084
BLOCK14/SES148/SA148S12	SES148	-0.176772	-7.80345	-7.62667
BLOCK14/SES148/SA148S22	SES148	0.806809	-6.27373	-7.08054
BLOCK14/SES148/SA148S26	SES148	-0.210616	-6.3474	-6.13678
BLOCK14/SES148/SA148S29	SES148	0.195913	-7.14359	-7.3395
BLOCK14/SES149/SA149S13	SES149	-0.315085	-7.08608	-6.77099
BLOCK14/SES149/SA149S14	SES149	0.269003	-6.15658	-6.42559
BLOCK14/SES149/SA149S24	SES149	0.646183	-6.57608	-7.22226
BLOCK14/SES149/SA149S26	SES149	0.660109	-5.7388	-6.39891
BLOCK14/SES149/SA149S28	SES149	1.16881	-5.07854	-6.24735
BLOCK15/SES158/SA158S13	SES158	0.972264	-6.56299	-7.53526
BLOCK15/SES158/SA158S14	SES158	0.711797	-7.8752	-8.587
BLOCK15/SES158/SA158S23	SES158	0.77901	-5.89905	-6.67806
BLOCK15/SES158/SA158S26	SES158	1.11595	-7.08212	-8.19807
BLOCK15/SES158/SA158S28	SES158	0.414647	-7.46434	-7.87898
BLOCK16/SES162/SA162S10	SES162	0.446445	-7.93821	-8.38465
BLOCK16/SES162/SA162S11	SES162	0.460787	-6.29299	-6.75378
BLOCK16/SES162/SA162S21	SES162	0.944829	-6.54452	-7.48935
BLOCK16/SES162/SA162S24	SES162	0.784743	-6.68035	-7.46509
BLOCK16/SES162/SA162S27	SES162	1.18215	-7.49098	-8.67314
BLOCK16/SES167/SA167S14	SES167	0.828039	-6.26163	-7.08966
BLOCK16/SES167/SA167S15	SES167	1.4093	-5.93691	-7.34621
BLOCK16/SES167/SA167S21	SES167	1.21256	-5.7525	-6.96506
BLOCK16/SES167/SA167S25	SES167	1.53295	-6.31712	-7.85007
BLOCK16/SES167/SA167S29	SES167	1.45531	-5.51055	-6.96587
BLOCK17/SES172/SA172S12	SES172	0.875349	-7.60216	-8.47751
BLOCK17/SES172/SA172S13	SES172	1.03479	-7.34914	-8.38393
BLOCK17/SES172/SA172S23	SES172	0.849005	-6.61873	-7.46774
BLOCK17/SES172/SA172S27	SES172	0.702899	-8.04442	-8.74732
BLOCK17/SES172/SA172S29	SES172	1.24286	-6.83344	-8.0763
BLOCK17/SES175/SA175S11	SES175	0.180102	-7.14469	-7.3248
BLOCK17/SES175/SA175S13	SES175	0.167299	-5.2968	-5.4641
BLOCK17/SES175/SA175S23	SES175	0.466819	-6.14573	-6.61255
BLOCK17/SES175/SA175S25	SES175	-0.171823	-8.13562	-7.9638
BLOCK17/SES175/SA175S28	SES175	0.29572	-6.38744	-6.68316
BLOCK17/SES177/SA177S15	SES177	0.186368	-7.90712	-8.09349
BLOCK17/SES177/SA177S17	SES177	0.340662	-7.4498	-7.79046
BLOCK17/SES177/SA177S23	SES177	0.207259	-7.64285	-7.8501
BLOCK17/SES177/SA177S26	SES177	0.494407	-5.40451	-5.89892
BLOCK17/SES177/SA177S28	SES177	0.608307	-7.49243	-8.10073
BLOCK18/SES180/SA180S13	SES180	-0.192008	-8.15988	-7.96787
BLOCK18/SES180/SA180S15	SES180	0.224802	-7.08628	-7.31108
BLOCK18/SES180/SA180S24	SES180	0.555317	-5.96072	-6.51604
BLOCK18/SES180/SA180S26	SES180	0.174184	-6.50706	-6.68124
BLOCK18/SES180/SA180S29	SES180	-0.132201	-7.71114	-7.57894
BLOCK18/SES183/SA183S13	SES183	1.16959	-6.64702	-7.81661
BLOCK18/SES183/SA183S14	SES183	-0.0880971	-7.24522	-7.15712
BLOCK18/SES183/SA183S24	SES183	1.12405	-7.16363	-8.28769
BLOCK18/SES183/SA183S27	SES183	0.918965	-7.77196	-8.69093
BLOCK18/SES183/SA183S29	SES183	1.08695	-6.60849	-7.69545
BLOCK18/SES187/SA187S13	SES187	0.232773	-8.31877	-8.55155
BLOCK18/SES187/SA187S14	SES187	0.194921	-7.81651	-8.01143
BLOCK18/SES187/SA187S24	SES187	0.907909	-7.84187	-8.74978
BLOCK18/SES187/SA187S27	SES187	0.530039	-7.92261	-8.45265
BLOCK18/SES187/SA187S29	SES187	0.295881	-8.14438	-8.44026
BLOCK18/SES189/SA189S10	SES189	0.984612	-7.55525	-8.53986
BLOCK18/SES189/SA189S13	SES189	0.932246	-8.24606	-9.1783
BLOCK18/SES189/SA189S24	SES189	0.853891	-6.50947	-7.36336
BLOCK18/SES189/SA189S26	SES189	0.921854	-6.73245	-7.6543
BLOCK18/SES189/SA189S29	SES189	0.945764	-6.53327	-7.47903
BLOCK20/SES202/SA202S12	SES202	0.474655	-7.18026	-7.65492
BLOCK20/SES202/SA202S14	SES202	0.886071	-6.77598	-7.66205
BLOCK20/SES202/SA202S24	SES202	0.407186	-7.73824	-8.14543
BLOCK20/SES202/SA202S27	SES202	0.75015	-6.46242	-7.21257
BLOCK20/SES202/SA202S29	SES202	0.397674	-6.75508	-7.15275
BLOCK20/SES206/SA206S15	SES206	-0.407253	-7.11095	-6.7037
BLOCK20/SES206/SA206S17	SES206	0.698918	-7.10537	-7.80429
BLOCK20/SES206/SA206S24	SES206	1.26166	-5.51426	-6.77592
BLOCK20/SES206/SA206S27	SES206	1.01757	-7.32744	-8.34501
BLOCK20/SES206/SA206S29	SES206	0.962098	-5.63983	-6.60193
BLOCK22/SES226/SA226S12	SES226	0.716694	-7.36442	-8.08112
BLOCK22/SES226/SA226S13	SES226	-0.209754	-8.23442	-8.02466
BLOCK22/SES226/SA226S20	SES226	0.66823	-7.11368	-7.78191
BLOCK22/SES226/SA226S23	SES226	0.988562	-6.28866	-7.27722
BLOCK22/SES226/SA226S28	SES226	1.4076	-6.24259	-7.65018
BLOCK25/SES259/SA259S13	SES259	1.88913	-6.1324	-8.02153
BLOCK25/SES259/SA259S14	SES259	1.33708	-6.1455	-7.48259
BLOCK25/SES259/SA259S22	SES259	1.62593	-5.79232	-7.41825
BLOCK25/SES259/SA259S24	SES259	1.00872	-6.6014	-7.61011
BLOCK25/SES259/SA259S28	SES259	0.831135	-6.61696	-7.4481
BLOCK27/SES270/SA270S14	SES270	1.92124	-7.05944	-8.98068
BLOCK27/SES270/SA270S16	SES270	0.434149	-7.01237	-7.44652
BLOCK27/SES270/SA270S22	SES270	2.08447	-6.24814	-8.33261
BLOCK27/SES270/SA270S26	SES270	1.1608	-7.47323	-8.63403
BLOCK27/SES270/SA270S28	SES270	1.27143	-6.89506	-8.16649
BLOCK27/SES275/SA275S17	SES275	0.405622	-6.57589	-6.98151
BLOCK27/SES275/SA275S18	SES275	0.215879	-6.80059	-7.01647
BLOCK27/SES275/SA275S24	SES275	0.336975	-7.33437	-7.67134
BLOCK27/SES275/SA275S26	SES275	0.662955	-6.76135	-7.42431
BLOCK27/SES275/SA275S28	SES275	0.481471	-6.93441	-7.41588
BLOCK29/SES292/SA292S10	SES292	-0.242815	-6.94326	-6.70045
BLOCK29/SES292/SA292S12	SES292	0.30168	-7.96539	-8.26707
BLOCK29/SES292/SA292S22	SES292	0.119734	-7.39628	-7.51601
BLOCK29/SES292/SA292S24	SES292	0.108165	-7.2549	-7.36307
BLOCK29/SES292/SA292S27	SES292	-0.107398	-7.06419	-6.95679
BLOCK00/SES001/SA001S14	SES062	-1.5117	-9.69035	-8.17865
BLOCK00/SES001/SA001S14	SES082	-0.581856	-8.76051	-8.17865
BLOCK00/SES001/SA001S14	SES106	-1.32475	-9.5034	-8.17865
BLOCK00/SES001/SA001S14	SES206	-1.35826	-9.53691	-8.17865
BLOCK00/SES001/SA001S15	SES062	-1.03967	-8.48539	-7.44572
BLOCK00/SES001/SA001S15	SES104	-1.08373	-8.52945	-7.44572
BLOCK00/SES001/SA001S15	SES106	-1.58552	-9.03124	-7.44572
BLOCK00/SES001/SA001S15	SES206	-1.58148	-9.0272	-7.44572
BLOCK00/SES001/SA001S24	SES062	-0.606801	-8.13624	-7.52943
BLOCK00/SES001/SA001S24	SES082	-0.683412	-8.21285	-7.52943
BLOCK00/SES001/SA001S24	SES087	-0.43927	-7.9687	-7.52943
BLOCK00/SES001/SA001S24	SES206	-0.365253	-7.89469	-7.52943
BLOCK00/SES001/SA001S27	SES062	-0.434381	-6.45403	-6.01965
BLOCK00/SES001/SA001S27	SES082	-0.76139	-6.78104	-6.01965
BLOCK00/SES001/SA001S27	SES087	-0.580128	-6.59977	-6.01965
BLOCK00/SES001/SA001S27	SES206	-1.15066	-7.17031	-6.01965
BLOCK00/SES001/SA001S29	SES062	-1.57698	-9.29358	-7.7166
BLOCK00/SES001/SA001S29	SES082	-0.569088	-8.28569	-7.7166
BLOCK00/SES001/SA001S29	SES158	-0.582053	-8.29865	-7.7166
BLOCK00/SES001/SA001S29	SES206	-0.97838	-8.69498	-7.7166
BLOCK00/SES003/SA003S11	SES002	-0.00290775	-8.12716	-8.12426
BLOCK00/SES003/SA003S11	SES019	-1.08859	-9.21284	-8.12426
BLOCK00/SES003/SA003S11	SES082	-0.170824	-8.29508	-8.12426
BLOCK00/SES003/SA003S11	SES125	-0.959082	-9.08334	-8.12426
BLOCK00/SES003/SA003S15	SES016	-1.64974	-8.49534	-6.84561
BLOCK00/SES003/SA003S15	SES019	-2.97635	-9.82195	-6.84561
BLOCK00/SES003/SA003S15	SES062	-0.204405	-7.05001	-6.84561
BLOCK00/SES003/SA003S15	SES206	-0.843806	-7.68941	-6.84561
BLOCK00/SES003/SA003S22	SES002	-0.774762	-8.09479	-7.32003
BLOCK00/SES003/SA003S22	SES062	-0.135058	-7.45509	-7.32003
BLOCK00/SES003/SA003S22	SES082	-0.66221	-7.98224	-7.32003
BLOCK00/SES003/SA003S22	SES087	-0.750807	-8.07084	-7.32003
BLOCK00/SES003/SA003S25	SES062	-0.649651	-9.84676	-9.19711
BLOCK00/SES003/SA003S25	SES082	-1.27908	-10.4762	-9.19711
BLOCK00/SES003/SA003S25	SES087	-1.10264	-10.2998	-9.19711
BLOCK00/SES003/SA003S25	SES206	-0.956068	-10.1532	-9.19711
BLOCK00/SES003/SA003S29	SES002	-0.916418	-9.1745	-8.25809
BLOCK00/SES003/SA003S29	SES062	-1.6819	-9.93998	-8.25809
BLOCK00/SES003/SA003S29	SES082	-0.988027	-9.24611	-8.25809
BLOCK00/SES003/SA003S29	SES087	-1.59836	-9.85644	-8.25809
BLOCK00/SES004/SA004S12	SES083	-1.29483	-8.0047	-6.70987
BLOCK00/SES004/SA004S12	SES148	-1.0832	-7.79306	-6.70987
BLOCK00/SES004/SA004S12	SES172	0.106983	-6.60289	-6.70987
BLOCK00/SES004/SA004S12	SES292	-1.25091	-7.96078	-6.70987
BLOCK00/SES004/SA004S17	SES083	-1.01287	-8.00736	-6.99448
BLOCK00/SES004/SA004S17	SES162	-1.07211	-8.06659	-6.99448
BLOCK00/SES004/SA004S17	SES172	-0.68414	-7.67863	-6.99448
BLOCK00/SES004/SA004S17	SES292	-1.26516	-8.25965	-6.99448
BLOCK00/SES004/SA004S24	SES083	-1.04411	-7.79008	-6.74597
BLOCK00/SES004/SA004S24	SES148	-1.48286	-8.22883	-6.74597
BLOCK00/SES004/SA004S24	SES172	-0.150765	-6.89674	-6.74597
BLOCK00/SES004/SA004S24	SES292	-0.628695	-7.37467	-6.74597
BLOCK00/SES004/SA004S26	SES083	-1.68164	-9.04821	-7.36657
BLOCK00/SES004/SA004S26	SES127	-0.758759	-8.12533	-7.36657
BLOCK00/SES004/SA004S26	SES148	-2.66067	-10.0272	-7.36657
BLOCK00/SES004/SA004S26	SES292	-1.83786	-9.20443	-7.36657
BLOCK00/SES004/SA004S28	SES083	-1.13334	-8.06079	-6.92745
BLOCK00/SES004/SA004S28	SES127	-0.293296	-7.22074	-6.92745
BLOCK00/SES004/SA004S28	SES187	-0.00928926	-6.93674	-6.92745
BLOCK00/SES004/SA004S28	SES292	-1.66571	-8.59315	-6.92745
BLOCK00/SES006/SA006S10	SES014	-0.809679	-10.0826	-9.27291
BLOCK00/SES006/SA006S10	SES158	-1.16401	-10.4369	-9.27291
BLOCK00/SES006/SA006S10	SES226	-2.61115	-11.8841	-9.27291
BLOCK00/SES006/SA006S10	SES270	0.248315	-9.0246	-9.27291
BLOCK00/SES006/SA006S11	SES158	-1.46442	-10.4226	-8.95816
BLOCK00/SES006/SA006S11	SES226	-1.62548	-10.5836	-8.95816
BLOCK00/SES006/SA006S11	SES270	0.328076	-8.63009	-8.95816
BLOCK00/SES006/SA006S11	SES275	-1.28182	-10.24	-8.95816
BLOCK00/SES006/SA006S23	SES062	-3.57113	-12.3636	-8.79243
BLOCK00/SES006/SA006S23	SES105	-3.30793	-12.1004	-8.79243
BLOCK00/SES006/SA006S23	SES158	-1.8009	-10.5933	-8.79243
BLOCK00/SES006/SA006S23	SES275	-2.44035	-11.2328	-8.79243
BLOCK00/SES006/SA006S26	SES104	-2.26999	-11.319	-9.049
BLOCK00/SES006/SA006S26	SES158	-1.59018	-10.6392	-9.049
BLOCK00/SES006/SA006S26	SES270	-0.0310631	-9.08006	-9.049
BLOCK00/SES006/SA006S26	SES275	-1.92428	-10.9733	-9.049
BLOCK00/SES006/SA006S28	SES007	-2.02355	-11.2823	-9.25878
BLOCK00/SES006/SA006S28	SES105	-2.4538	-11.7126	-9.25878
BLOCK00/SES006/SA006S28	SES158	-0.78818	-10.047	-9.25878
BLOCK00/SES006/SA006S28	SES275	-1.8063	-11.0651	-9.25878
BLOCK00/SES009/SA009S12	SES083	-2.39224	-9.69858	-7.30634
BLOCK00/SES009/SA009S12	SES148	-1.61344	-8.91978	-7.30634
BLOCK00/SES009/SA009S12	SES177	-0.569341	-7.87568	-7.30634
BLOCK00/SES009/SA009S12	SES292	-0.996357	-8.3027	-7.30634
BLOCK00/SES009/SA009S15	SES007	-0.157266	-6.87759	-6.72032
BLOCK00/SES009/SA009S15	SES099	-3.04586	-9.76618	-6.72032
BLOCK00/SES009/SA009S15	SES148	-1.51654	-8.23687	-6.72032
BLOCK00/SES009/SA009S15	SES172	-0.865987	-7.58631	-6.72032
BLOCK00/SES009/SA009S24	SES146	-0.540938	-8.0293	-7.48836
BLOCK00/SES009/SA009S24	SES148	-2.01844	-9.50681	-7.48836
BLOCK00/SES009/SA009S24	SES177	-0.328995	-7.81736	-7.48836
BLOCK00/SES009/SA009S24	SES292	-0.780899	-8.26926	-7.48836
BLOCK00/SES009/SA009S26	SES083	-2.37005	-9.70602	-7.33597
BLOCK00/SES009/SA009S26	SES101	-1.96938	-9.30535	-7.33597
BLOCK00/SES009/SA009S26	SES120	-0.669553	-8.00552	-7.33597
BLOCK00/SES009/SA009S26	SES177	-1.05882	-8.39479	-7.33597
BLOCK00/SES009/SA009S29	SES083	-1.75665	-9.05695	-7.3003
BLOCK00/SES009/SA009S29	SES101	-1.2883	-8.5886	-7.3003
BLOCK00/SES009/SA009S29	SES177	-0.743754	-8.04405	-7.3003
BLOCK00/SES009/SA009S29	SES292	-1.20202	-8.50232	-7.3003
BLOCK01/SES011/SA011S10	SES019	-3.46097	-12.2269	-8.76597
BLOCK01/SES011/SA011S10	SES042	1.11178	-7.65419	-8.76597
BLOCK01/SES011/SA011S10	SES082	-0.840577	-9.60654	-8.76597
BLOCK01/SES011/SA011S10	SES206	-0.0764313	-8.8424	-8.76597
BLOCK01/SES011/SA011S11	SES019	-1.87745	-10.5232	-8.64576
BLOCK01/SES011/SA011S11	SES042	0.564564	-8.08119	-8.64576
BLOCK01/SES011/SA011S11	SES082	-0.155978	-8.80174	-8.64576
BLOCK01/SES011/SA011S11	SES206	-0.734971	-9.38073	-8.64576
BLOCK01/SES011/SA011S22	SES019	-2.01805	-10.7292	-8.71119
BLOCK01/SES011/SA011S22	SES042	0.611329	-8.09986	-8.71119
BLOCK01/SES011/SA011S22	SES082	-0.561135	-9.27233	-8.71119
BLOCK01/SES011/SA011S22	SES206	-0.490959	-9.20215	-8.71119
BLOCK01/SES011/SA011S24	SES019	-2.63691	-10.4071	-7.77019
BLOCK01/SES011/SA011S24	SES042	1.17202	-6.59816	-7.77019
BLOCK01/SES011/SA011S24	SES104	-0.118363	-7.88855	-7.77019
BLOCK01/SES011/SA011S24	SES206	-0.360788	-8.13098	-7.77019
BLOCK01/SES011/SA011S27	SES082	0.201433	-7.971	-8.17244
BLOCK01/SES011/SA011S27	SES087	-0.991801	-9.16424	-8.17244
BLOCK01/SES011/SA011S27	SES125	0.208077	-7.96436	-8.17244
BLOCK01/SES011/SA011S27	SES206	0.0334949	-8.13894	-8.17244
BLOCK01/SES012/SA012S11	SES007	-0.115614	-6.6869	-6.57128
BLOCK01/SES012/SA012S11	SES082	-0.163359	-6.73464	-6.57128
BLOCK01/SES012/SA012S11	SES083	-1.63138	-8.20266	-6.57128
BLOCK01/SES012/SA012S11	SES206	-0.641076	-7.21236	-6.57128
BLOCK01/SES012/SA012S14	SES082	-0.315436	-8.07874	-7.76331
BLOCK01/SES012/SA012S14	SES087	-1.58742	-9.35072	-7.76331
BLOCK01/SES012/SA012S14	SES206	-0.325271	-8.08858	-7.76331
BLOCK01/SES012/SA012S14	SES292	-1.14569	-8.909	-7.76331
BLOCK01/SES012/SA012S24	SES082	-0.189361	-8.87374	-8.68437
BLOCK01/SES012/SA012S24	SES087	-1.59884	-10.2832	-8.68437
BLOCK01/SES012/SA012S24	SES120	-1.24154	-9.92592	-8.68437
BLOCK01/SES012/SA012S24	SES206	-0.645054	-9.32943	-8.68437
BLOCK01/SES012/SA012S26	SES019	-6.58522	-14.8709	-8.28564
BLOCK01/SES012/SA012S26	SES082	-1.9585	-10.2441	-8.28564
BLOCK01/SES012/SA012S26	SES206	0.0305653	-8.25507	-8.28564
BLOCK01/SES012/SA012S26	SES292	-0.726478	-9.01211	-8.28564
BLOCK01/SES012/SA012S29	SES062	-1.22034	-7.58756	-6.36722
BLOCK01/SES012/SA012S29	SES082	0.133437	-6.23378	-6.36722
BLOCK01/SES012/SA012S29	SES083	-1.6767	-8.04392	-6.36722
BLOCK01/SES012/SA012S29	SES206	-0.343657	-6.71088	-6.36722
BLOCK01/SES013/SA013S16	SES062	-2.73994	-11.7583	-9.01835
BLOCK01/SES013/SA013S16	SES106	-0.55595	-9.5743	-9.01835
BLOCK01/SES013/SA013S16	SES206	-1.02838	-10.0467	-9.01835
BLOCK01/SES013/SA013S16	SES226	-0.723698	-9.74205	-9.01835
BLOCK01/SES013/SA013S17	SES062	-0.872046	-8.84229	-7.97024
BLOCK01/SES013/SA013S17	SES106	-1.16514	-9.13538	-7.97024
BLOCK01/SES013/SA013S17	SES206	-0.262891	-8.23314	-7.97024
BLOCK01/SES013/SA013S17	SES226	-0.685059	-8.6553	-7.97024
BLOCK01/SES013/SA013S23	SES104	-0.446791	-9.70618	-9.25939
BLOCK01/SES013/SA013S23	SES106	0.158384	-9.10101	-9.25939
BLOCK01/SES013/SA013S23	SES206	-1.30514	-10.5645	-9.25939
BLOCK01/SES013/SA013S23	SES270	-0.049222	-9.30861	-9.25939
BLOCK01/SES013/SA013S25	SES042	-2.0222	-10.6125	-8.59028
BLOCK01/SES013/SA013S25	SES104	0.0317173	-8.55857	-8.59028
BLOCK01/SES013/SA013S25	SES106	0.417334	-8.17295	-8.59028
BLOCK01/SES013/SA013S25	SES206	-1.03953	-9.62982	-8.59028
BLOCK01/SES013/SA013S29	SES062	-2.05788	-10.9001	-8.84224
BLOCK01/SES013/SA013S29	SES104	-0.519584	-9.36182	-8.84224
BLOCK01/SES013/SA013S29	SES106	-0.00223446	-8.84447	-8.84224
BLOCK01/SES013/SA013S29	SES206	-1.68751	-10.5297	-8.84224
BLOCK02/SES021/SA021S13	SES016	-2.3963	-10.1127	-7.71638
BLOCK02/SES021/SA021S13	SES029	-0.840049	-8.55643	-7.71638
BLOCK02/SES021/SA021S13	SES087	-1.87593	-9.59231	-7.71638
BLOCK02/SES021/SA021S13	SES206	-1.48832	-9.2047	-7.71638
BLOCK02/SES021/SA021S15	SES087	-0.581158	-7.84531	-7.26415
BLOCK02/SES021/SA021S15	SES125	-1.07752	-8.34167	-7.26415
BLOCK02/SES021/SA021S15	SES206	-1.09527	-8.35942	-7.26415
BLOCK02/SES021/SA021S15	SES226	-1.323	-8.58715	-7.26415
BLOCK02/SES021/SA021S23	SES062	-1.98931	-10.5093	-8.51998
BLOCK02/SES021/SA021S23	SES087	-0.790093	-9.31007	-8.51998
BLOCK02/SES021/SA021S23	SES206	-0.767926	-9.2879	-8.51998
BLOCK02/SES021/SA021S23	SES226	-1.12008	-9.64006	-8.51998
BLOCK02/SES021/SA021S27	SES002	-0.618958	-7.77009	-7.15113
BLOCK02/SES021/SA021S27	SES016	-3.59617	-10.7473	-7.15113
BLOCK02/SES021/SA021S27	SES019	-1.10099	-8.25212	-7.15113
BLOCK02/SES021/SA021S27	SES062	-0.758984	-7.91012	-7.15113
BLOCK02/SES021/SA021S29	SES087	-1.15958	-9.29567	-8.13609
BLOCK02/SES021/SA021S29	SES125	-1.70019	-9.83628	-8.13609
BLOCK02/SES021/SA021S29	SES206	-0.458293	-8.59439	-8.13609
BLOCK02/SES021/SA021S29	SES226	-1.2369	-9.37299	-8.13609
BLOCK04/SES043/SA043S09	SES083	-0.367412	-8.59349	-8.22608
BLOCK04/SES043/SA043S09	SES101	-0.411664	-8.63774	-8.22608
BLOCK04/SES043/SA043S09	SES144	-0.0552855	-8.28137	-8.22608
BLOCK04/SES043/SA043S09	SES172	-1.34229	-9.56837	-8.22608
BLOCK04/SES043/SA043S11	SES083	-0.356124	-7.26547	-6.90935
BLOCK04/SES043/SA043S11	SES101	-0.574336	-7.48369	-6.90935
BLOCK04/SES043/SA043S11	SES144	0.0725799	-6.83677	-6.90935
BLOCK04/SES043/SA043S11	SES172	-0.832502	-7.74185	-6.90935
BLOCK04/SES043/SA043S23	SES083	-0.408683	-7.99456	-7.58587
BLOCK04/SES043/SA043S23	SES144	-0.2051	-7.79097	-7.58587
BLOCK04/SES043/SA043S23	SES177	-0.770859	-8.35673	-7.58587
BLOCK04/SES043/SA043S23	SES275	-0.862225	-8.4481	-7.58587
BLOCK04/SES043/SA043S26	SES083	-0.454969	-9.24349	-8.78852
BLOCK04/SES043/SA043S26	SES101	-0.561426	-9.34994	-8.78852
BLOCK04/SES043/SA043S26	SES144	-0.0196924	-8.80821	-8.78852
BLOCK04/SES043/SA043S26	SES177	-0.89724	-9.68576	-8.78852
BLOCK04/SES043/SA043S28	SES016	-1.78197	-9.56427	-7.7823
BLOCK04/SES043/SA043S28	SES083	-0.337949	-8.12025	-7.7823
BLOCK04/SES043/SA043S28	SES101	-0.204226	-7.98652	-7.7823
BLOCK04/SES043/SA043S28	SES144	-0.403372	-8.18567	-7.7823
BLOCK04/SES044/SA044S10	SES127	-2.13743	-10.7214	-8.58394
BLOCK04/SES044/SA044S10	SES144	-0.000706673	-8.58465	-8.58394
BLOCK04/SES044/SA044S10	SES147	-3.87097	-12.4549	-8.58394
BLOCK04/SES044/SA044S10	SES148	-2.55074	-11.1347	-8.58394
BLOCK04/SES044/SA044S11	SES101	0.126772	-7.65091	-7.77768
BLOCK04/SES044/SA044S11	SES144	0.0660014	-7.71168	-7.77768
BLOCK04/SES044/SA044S11	SES147	-1.96913	-9.74681	-7.77768
BLOCK04/SES044/SA044S11	SES177	-0.775987	-8.55367	-7.77768
BLOCK04/SES044/SA044S24	SES007	-1.67567	-9.48262	-7.80695
BLOCK04/SES044/SA044S24	SES101	0.202555	-7.60439	-7.80695
BLOCK04/SES044/SA044S24	SES147	-1.51359	-9.32054	-7.80695
BLOCK04/SES044/SA044S24	SES177	-0.31967	-8.12662	-7.80695
BLOCK04/SES044/SA044S26	SES007	-1.49664	-8.81515	-7.31851
BLOCK04/SES044/SA044S26	SES016	-0.696149	-8.01466	-7.31851
BLOCK04/SES044/SA044S26	SES101	-0.00419569	-7.32271	-7.31851
BLOCK04/SES044/SA044S26	SES147	-0.685879	-8.00439	-7.31851
BLOCK04/SES044/SA044S29	SES007	-2.51868	-9.64457	-7.12589
BLOCK04/SES044/SA044S29	SES101	0.162055	-6.96383	-7.12589
BLOCK04/SES044/SA044S29	SES147	-1.26439	-8.39027	-7.12589
BLOCK04/SES044/SA044S29	SES177	-1.98508	-9.11097	-7.12589
BLOCK04/SES046/SA046S13	SES101	-0.0640459	-8.89888	-8.83484
BLOCK04/SES046/SA046S13	SES144	-0.0766592	-8.9115	-8.83484
BLOCK04/SES046/SA046S13	SES147	-2.11595	-10.9508	-8.83484
BLOCK04/SES046/SA046S13	SES177	-0.959341	-9.79418	-8.83484
BLOCK04/SES046/SA046S15	SES048	-0.386589	-6.43365	-6.04706
BLOCK04/SES046/SA046S15	SES083	-1.33225	-7.37931	-6.04706
BLOCK04/SES046/SA046S15	SES120	-2.80912	-8.85617	-6.04706
BLOCK04/SES046/SA046S15	SES148	-1.10991	-7.15696	-6.04706
BLOCK04/SES046/SA046S22	SES101	-0.0889778	-8.15015	-8.06117
BLOCK04/SES046/SA046S22	SES144	0.06496	-7.99621	-8.06117
BLOCK04/SES046/SA046S22	SES147	-2.01617	-10.0773	-8.06117
BLOCK04/SES046/SA046S22	SES172	-0.155909	-8.21708	-8.06117
BLOCK04/SES046/SA046S25	SES083	-0.522677	-7.82062	-7.29794
BLOCK04/SES046/SA046S25	SES127	-1.0776	-8.37554	-7.29794
BLOCK04/SES046/SA046S25	SES144	-0.460002	-7.75794	-7.29794
BLOCK04/SES046/SA046S25	SES148	-1.43749	-8.73543	-7.29794
BLOCK04/SES046/SA046S28	SES007	-0.953486	-8.41734	-7.46385
BLOCK04/SES046/SA046S28	SES105	-1.05428	-8.51813	-7.46385
BLOCK04/SES046/SA046S28	SES147	-0.870265	-8.33412	-7.46385
BLOCK04/SES046/SA046S28	SES148	-1.19635	-8.6602	-7.46385
BLOCK04/SES049/SA049S16	SES104	-0.685863	-10.0745	-9.38861
BLOCK04/SES049/SA049S16	SES106	-1.49069	-10.8793	-9.38861
BLOCK04/SES049/SA049S16	SES120	-1.25245	-10.6411	-9.38861
BLOCK04/SES049/SA049S16	SES206	-1.47436	-10.863	-9.38861
BLOCK04/SES049/SA049S18	SES099	-0.141217	-8.84237	-8.70115
BLOCK04/SES049/SA049S18	SES104	-1.36776	-10.0689	-8.70115
BLOCK04/SES049/SA049S18	SES125	-1.2565	-9.95765	-8.70115
BLOCK04/SES049/SA049S18	SES206	-1.73087	-10.432	-8.70115
BLOCK04/SES049/SA049S25	SES087	-1.29715	-11.1389	-9.84177
BLOCK04/SES049/SA049S25	SES104	-0.820035	-10.6618	-9.84177
BLOCK04/SES049/SA049S25	SES125	-0.886747	-10.7285	-9.84177
BLOCK04/SES049/SA049S25	SES206	-0.462225	-10.304	-9.84177
BLOCK04/SES049/SA049S27	SES099	-0.313585	-8.58504	-8.27145
BLOCK04/SES049/SA049S27	SES104	0.246647	-8.02481	-8.27145
BLOCK04/SES049/SA049S27	SES125	-1.1887	-9.46015	-8.27145
BLOCK04/SES049/SA049S27	SES206	-1.39161	-9.66306	-8.27145
BLOCK04/SES049/SA049S29	SES099	-0.175404	-7.90962	-7.73422
BLOCK04/SES049/SA049S29	SES104	-0.011817	-7.74604	-7.73422
BLOCK04/SES049/SA049S29	SES125	-0.488199	-8.22242	-7.73422
BLOCK04/SES049/SA049S29	SES206	-1.22625	-8.96047	-7.73422
BLOCK06/SES063/SA063S09	SES068	-2.19314	-11.3318	-9.13864
BLOCK06/SES063/SA063S09	SES083	-0.418345	-9.55699	-9.13864
BLOCK06/SES063/SA063S09	SES177	-0.626541	-9.76519	-9.13864
BLOCK06/SES063/SA063S09	SES187	-0.959853	-10.0985	-9.13864
BLOCK06/SES063/SA063S10	SES068	-1.86258	-10.4038	-8.54122
BLOCK06/SES063/SA063S10	SES083	-0.784859	-9.32608	-8.54122
BLOCK06/SES063/SA063S10	SES172	-0.961772	-9.50299	-8.54122
BLOCK06/SES063/SA063S10	SES187	-1.16875	-9.70998	-8.54122
BLOCK06/SES063/SA063S20	SES068	-2.57958	-11.2253	-8.64568
BLOCK06/SES063/SA063S20	SES083	-0.98682	-9.6325	-8.64568
BLOCK06/SES063/SA063S20	SES172	-0.824392	-9.47007	-8.64568
BLOCK06/SES063/SA063S20	SES187	-0.879977	-9.52566	-8.64568
BLOCK06/SES063/SA063S24	SES029	-1.96172	-11.4525	-9.49079
BLOCK06/SES063/SA063S24	SES083	-0.597997	-10.0888	-9.49079
BLOCK06/SES063/SA063S24	SES177	-0.172531	-9.66332	-9.49079
BLOCK06/SES063/SA063S24	SES189	0.620947	-8.86984	-9.49079
BLOCK06/SES063/SA063S27	SES083	-0.466063	-8.85146	-8.3854
BLOCK06/SES063/SA063S27	SES172	-1.50309	-9.88848	-8.3854
BLOCK06/SES063/SA063S27	SES187	-1.07115	-9.45654	-8.3854
BLOCK06/SES063/SA063S27	SES292	-1.27382	-9.65921	-8.3854
BLOCK06/SES067/SA067S12	SES083	-0.928143	-8.01991	-7.09177
BLOCK06/SES067/SA067S12	SES172	-1.46636	-8.55813	-7.09177
BLOCK06/SES067/SA067S12	SES202	-0.736415	-7.82818	-7.09177
BLOCK06/SES067/SA067S12	SES292	-1.2818	-8.37357	-7.09177
BLOCK06/SES067/SA067S14	SES085	-1.51837	-7.15981	-5.64144
BLOCK06/SES067/SA067S14	SES177	-1.61642	-7.25786	-5.64144
BLOCK06/SES067/SA067S14	SES183	-0.0736861	-5.71513	-5.64144
BLOCK06/SES067/SA067S14	SES202	-0.522388	-6.16383	-5.64144
BLOCK06/SES067/SA067S21	SES144	-1.22885	-8.71935	-7.4905
BLOCK06/SES067/SA067S21	SES177	-1.48923	-8.97972	-7.4905
BLOCK06/SES067/SA067S21	SES183	-1.55799	-9.04849	-7.4905
BLOCK06/SES067/SA067S21	SES189	-1.37185	-8.86235	-7.4905
BLOCK06/SES067/SA067S25	SES085	-2.31526	-9.15992	-6.84467
BLOCK06/SES067/SA067S25	SES177	-1.02063	-7.86529	-6.84467
BLOCK06/SES067/SA067S25	SES183	-0.777126	-7.62179	-6.84467
BLOCK06/SES067/SA067S25	SES202	-1.42519	-8.26985	-6.84467
BLOCK06/SES067/SA067S29	SES085	-3.03638	-11.1984	-8.162
BLOCK06/SES067/SA067S29	SES177	-1.43154	-9.59354	-8.162
BLOCK06/SES067/SA067S29	SES183	-0.545212	-8.70721	-8.162
BLOCK06/SES067/SA067S29	SES202	-0.326196	-8.4882	-8.162
BLOCK06/SES069/SA069S12	SES029	-1.41535	-8.83784	-7.4225
BLOCK06/SES069/SA069S12	SES082	-0.62775	-8.05025	-7.4225
BLOCK06/SES069/SA069S12	SES087	-0.708476	-8.13097	-7.4225
BLOCK06/SES069/SA069S12	SES206	-0.383608	-7.80611	-7.4225
BLOCK06/SES069/SA069S13	SES029	-2.11841	-9.4838	-7.36538
BLOCK06/SES069/SA069S13	SES087	-0.627146	-7.99253	-7.36538
BLOCK06/SES069/SA069S13	SES206	-1.17457	-8.53995	-7.36538
BLOCK06/SES069/SA069S13	SES226	0.225659	-7.13972	-7.36538
BLOCK06/SES069/SA069S23	SES029	-0.246182	-6.92897	-6.68279
BLOCK06/SES069/SA069S23	SES087	-0.189419	-6.87221	-6.68279
BLOCK06/SES069/SA069S23	SES206	-1.24775	-7.93054	-6.68279
BLOCK06/SES069/SA069S23	SES226	-0.191262	-6.87405	-6.68279
BLOCK06/SES069/SA069S25	SES087	-1.00328	-8.18198	-7.1787
BLOCK06/SES069/SA069S25	SES206	-1.95547	-9.13417	-7.1787
BLOCK06/SES069/SA069S25	SES226	-0.348351	-7.52705	-7.1787
BLOCK06/SES069/SA069S25	SES270	-1.29712	-8.47581	-7.1787
BLOCK06/SES069/SA069S27	SES087	-1.29392	-9.20925	-7.91533
BLOCK06/SES069/SA069S27	SES206	-0.645579	-8.56091	-7.91533
BLOCK06/SES069/SA069S27	SES226	0.264125	-7.6512	-7.91533
BLOCK06/SES069/SA069S27	SES270	-0.99637	-8.9117	-7.91533
BLOCK08/SES081/SA081S11	SES060	-1.61068	-9.3722	-7.76152
BLOCK08/SES081/SA081S11	SES062	-0.773687	-8.5352	-7.76152
BLOCK08/SES081/SA081S11	SES117	-2.23902	-10.0005	-7.76152
BLOCK08/SES081/SA081S11	SES162	-1.79933	-9.56085	-7.76152
BLOCK08/SES081/SA081S13	SES016	-0.700181	-7.414	-6.71382
BLOCK08/SES081/SA081S13	SES060	-0.226353	-6.94017	-6.71382
BLOCK08/SES081/SA081S13	SES068	-0.317599	-7.03142	-6.71382
BLOCK08/SES081/SA081S13	SES129	-2.15836	-8.87218	-6.71382
BLOCK08/SES081/SA081S24	SES060	-0.499375	-7.81782	-7.31844
BLOCK08/SES081/SA081S24	SES068	-0.505413	-7.82386	-7.31844
BLOCK08/SES081/SA081S24	SES117	-1.7559	-9.07435	-7.31844
BLOCK08/SES081/SA081S24	SES275	-0.878504	-8.19695	-7.31844
BLOCK08/SES081/SA081S27	SES007	-0.294333	-8.22112	-7.92679
BLOCK08/SES081/SA081S27	SES060	-0.494121	-8.42091	-7.92679
BLOCK08/SES081/SA081S27	SES117	-0.891081	-8.81787	-7.92679
BLOCK08/SES081/SA081S27	SES275	-1.00465	-8.93143	-7.92679
BLOCK08/SES081/SA081S29	SES007	-0.433791	-8.85899	-8.4252
BLOCK08/SES081/SA081S29	SES060	-0.439517	-8.86472	-8.4252
BLOCK08/SES081/SA081S29	SES117	-1.08008	-9.50528	-8.4252
BLOCK08/SES081/SA081S29	SES275	-1.06068	-9.48588	-8.4252
BLOCK08/SES086/SA086S11	SES029	-2.03365	-11.5068	-9.47319
BLOCK08/SES086/SA086S11	SES082	-1.83853	-11.3117	-9.47319
BLOCK08/SES086/SA086S11	SES087	0.0751333	-9.39806	-9.47319
BLOCK08/SES086/SA086S11	SES206	-1.40667	-10.8799	-9.47319
BLOCK08/SES086/SA086S12	SES029	-1.61061	-10.301	-8.69035
BLOCK08/SES086/SA086S12	SES082	-0.999337	-9.68969	-8.69035
BLOCK08/SES086/SA086S12	SES087	0.699094	-7.99126	-8.69035
BLOCK08/SES086/SA086S12	SES206	-0.721102	-9.41145	-8.69035
BLOCK08/SES086/SA086S20	SES029	-1.33226	-9.43413	-8.10187
BLOCK08/SES086/SA086S20	SES082	-1.10238	-9.20425	-8.10187
BLOCK08/SES086/SA086S20	SES087	0.177861	-7.92401	-8.10187
BLOCK08/SES086/SA086S20	SES206	-0.237532	-8.3394	-8.10187
BLOCK08/SES086/SA086S24	SES087	0.48202	-9.00478	-9.4868
BLOCK08/SES086/SA086S24	SES104	-1.04149	-10.5283	-9.4868
BLOCK08/SES086/SA086S24	SES120	-0.582973	-10.0698	-9.4868
BLOCK08/SES086/SA086S24	SES206	0.241817	-9.24498	-9.4868
BLOCK08/SES086/SA086S28	SES029	-1.96567	-9.77486	-7.80918
BLOCK08/SES086/SA086S28	SES082	-1.33413	-9.14331	-7.80918
BLOCK08/SES086/SA086S28	SES087	0.316978	-7.49221	-7.80918
BLOCK08/SES086/SA086S28	SES206	-0.419036	-8.22822	-7.80918
BLOCK08/SES089/SA089S13	SES087	-0.806018	-9.65658	-8.85056
BLOCK08/SES089/SA089S13	SES206	-1.27143	-10.122	-8.85056
BLOCK08/SES089/SA089S13	SES226	-0.851283	-9.70184	-8.85056
BLOCK08/SES089/SA089S13	SES270	-1.0175	-9.86806	-8.85056
BLOCK08/SES089/SA089S14	SES062	-1.39988	-9.5624	-8.16252
BLOCK08/SES089/SA089S14	SES087	-0.142299	-8.30482	-8.16252
BLOCK08/SES089/SA089S14	SES206	-1.32785	-9.49037	-8.16252
BLOCK08/SES089/SA089S14	SES226	-1.59021	-9.75273	-8.16252
BLOCK08/SES089/SA089S23	SES087	-0.205588	-10.3185	-10.1129
BLOCK08/SES089/SA089S23	SES206	-1.31518	-11.4281	-10.1129
BLOCK08/SES089/SA089S23	SES226	-0.586875	-10.6998	-10.1129
BLOCK08/SES089/SA089S23	SES270	-2.70332	-12.8163	-10.1129
BLOCK08/SES089/SA089S25	SES062	-0.696125	-9.52079	-8.82467
BLOCK08/SES089/SA089S25	SES087	0.132553	-8.69211	-8.82467
BLOCK08/SES089/SA089S25	SES206	-1.29327	-10.1179	-8.82467
BLOCK08/SES089/SA089S25	SES226	-0.878171	-9.70284	-8.82467
BLOCK08/SES089/SA089S28	SES062	-0.181429	-8.81741	-8.63598
BLOCK08/SES089/SA089S28	SES087	0.255706	-8.38027	-8.63598
BLOCK08/SES089/SA089S28	SES206	-0.879462	-9.51544	-8.63598
BLOCK08/SES089/SA089S28	SES226	-0.524261	-9.16024	-8.63598
BLOCK09/SES097/SA097S11	SES099	0.358678	-9.36876	-9.72744
BLOCK09/SES097/SA097S11	SES125	-0.996529	-10.724	-9.72744
BLOCK09/SES097/SA097S11	SES206	-0.956009	-10.6834	-9.72744
BLOCK09/SES097/SA097S11	SES226	1.4322	-8.29524	-9.72744
BLOCK09/SES097/SA097S14	SES062	-1.84382	-10.4837	-8.6399
BLOCK09/SES097/SA097S14	SES099	-0.703284	-9.34318	-8.6399
BLOCK09/SES097/SA097S14	SES104	-0.238087	-8.87798	-8.6399
BLOCK09/SES097/SA097S14	SES206	-1.21551	-9.8554	-8.6399
BLOCK09/SES097/SA097S22	SES099	0.342113	-8.65939	-9.0015
BLOCK09/SES097/SA097S22	SES206	-0.768855	-9.77036	-9.0015
BLOCK09/SES097/SA097S22	SES226	-0.436043	-9.43755	-9.0015
BLOCK09/SES097/SA097S22	SES270	-0.610684	-9.61219	-9.0015
BLOCK09/SES097/SA097S26	SES099	0.417015	-8.92696	-9.34397
BLOCK09/SES097/SA097S26	SES120	-0.741124	-10.0851	-9.34397
BLOCK09/SES097/SA097S26	SES206	-1.04173	-10.3857	-9.34397
BLOCK09/SES097/SA097S26	SES226	-0.147057	-9.49103	-9.34397
BLOCK09/SES097/SA097S28	SES099	0.122964	-7.87491	-7.99788
BLOCK09/SES097/SA097S28	SES120	-0.715407	-8.71328	-7.99788
BLOCK09/SES097/SA097S28	SES206	-1.23189	-9.22976	-7.99788
BLOCK09/SES097/SA097S28	SES226	-0.692603	-8.69048	-7.99788
BLOCK09/SES098/SA098S11	SES127	-1.01085	-7.94152	-6.93067
BLOCK09/SES098/SA098S11	SES144	-0.807602	-7.73827	-6.93067
BLOCK09/SES098/SA098S11	SES147	-0.870562	-7.80123	-6.93067
BLOCK09/SES098/SA098S11	SES148	-2.28242	-9.21309	-6.93067
BLOCK09/SES098/SA098S12	SES127	-2.47138	-10.7923	-8.32089
BLOCK09/SES098/SA098S12	SES144	-2.10867	-10.4296	-8.32089
BLOCK09/SES098/SA098S12	SES147	-1.8366	-10.1575	-8.32089
BLOCK09/SES098/SA098S12	SES189	-1.57502	-9.89591	-8.32089
BLOCK09/SES098/SA098S20	SES127	-3.67685	-11.6129	-7.93602
BLOCK09/SES098/SA098S20	SES147	-2.00291	-9.93893	-7.93602
BLOCK09/SES098/SA098S20	SES148	-5.05255	-12.9886	-7.93602
BLOCK09/SES098/SA098S20	SES292	-1.26769	-9.20372	-7.93602
BLOCK09/SES098/SA098S23	SES127	-1.35802	-9.03957	-7.68155
BLOCK09/SES098/SA098S23	SES147	-1.64893	-9.33048	-7.68155
BLOCK09/SES098/SA098S23	SES187	-0.94973	-8.63128	-7.68155
BLOCK09/SES098/SA098S23	SES292	-0.912601	-8.59415	-7.68155
BLOCK09/SES098/SA098S27	SES127	-2.40963	-10.2087	-7.79907
BLOCK09/SES098/SA098S27	SES147	-2.6149	-10.414	-7.79907
BLOCK09/SES098/SA098S27	SES148	-3.59856	-11.3976	-7.79907
BLOCK09/SES098/SA098S27	SES292	-0.423888	-8.22296	-7.79907
BLOCK10/SES102/SA102S13	SES101	-0.655117	-9.36629	-8.71118
BLOCK10/SES102/SA102S13	SES105	-0.911046	-9.62222	-8.71118
BLOCK10/SES102/SA102S13	SES120	-2.57592	-11.2871	-8.71118
BLOCK10/SES102/SA102S13	SES158	-2.34688	-11.0581	-8.71118
BLOCK10/SES102/SA102S14	SES007	0.0651951	-5.96792	-6.03311
BLOCK10/SES102/SA102S14	SES101	-0.362532	-6.39564	-6.03311
BLOCK10/SES102/SA102S14	SES105	-0.684788	-6.7179	-6.03311
BLOCK10/SES102/SA102S14	SES147	-2.23856	-8.27167	-6.03311
BLOCK10/SES102/SA102S22	SES007	-1.14723	-8.34025	-7.19302
BLOCK10/SES102/SA102S22	SES101	-0.333747	-7.52677	-7.19302
BLOCK10/SES102/SA102S22	SES105	-0.312102	-7.50512	-7.19302
BLOCK10/SES102/SA102S22	SES158	-2.07409	-9.26711	-7.19302
BLOCK10/SES102/SA102S25	SES007	-0.501077	-7.44848	-6.94741
BLOCK10/SES102/SA102S25	SES101	-0.142717	-7.09013	-6.94741
BLOCK10/SES102/SA102S25	SES105	-1.0297	-7.97711	-6.94741
BLOCK10/SES102/SA102S25	SES147	-2.54582	-9.49323	-6.94741
BLOCK10/SES102/SA102S27	SES007	-0.409629	-7.98819	-7.57856
BLOCK10/SES102/SA102S27	SES101	0.142999	-7.43556	-7.57856
BLOCK10/SES102/SA102S27	SES105	-1.63111	-9.20967	-7.57856
BLOCK10/SES102/SA102S27	SES147	-2.29972	-9.87828	-7.57856
BLOCK10/SES103/SA103S14	SES105	-2.05927	-10.7447	-8.68541
BLOCK10/SES103/SA103S14	SES106	-1.15204	-9.83745	-8.68541
BLOCK10/SES103/SA103S14	SES120	-1.86473	-10.5501	-8.68541
BLOCK10/SES103/SA103S14	SES206	-1.23121	-9.91661	-8.68541
BLOCK10/SES103/SA103S15	SES099	-1.17862	-11.3209	-10.1423
BLOCK10/SES103/SA103S15	SES101	-3.04992	-13.1922	-10.1423
BLOCK10/SES103/SA103S15	SES104	-0.494421	-10.6367	-10.1423
BLOCK10/SES103/SA103S15	SES125	-1.21097	-11.3533	-10.1423
BLOCK10/SES103/SA103S24	SES104	-0.971628	-9.58211	-8.61048
BLOCK10/SES103/SA103S24	SES125	-2.84698	-11.4575	-8.61048
BLOCK10/SES103/SA103S24	SES148	-2.17042	-10.7809	-8.61048
BLOCK10/SES103/SA103S24	SES158	-1.26962	-9.8801	-8.61048
BLOCK10/SES103/SA103S26	SES104	-0.868515	-9.22637	-8.35786
BLOCK10/SES103/SA103S26	SES106	-1.42414	-9.782	-8.35786
BLOCK10/SES103/SA103S26	SES125	-1.08294	-9.4408	-8.35786
BLOCK10/SES103/SA103S26	SES148	-2.14748	-10.5053	-8.35786
BLOCK10/SES103/SA103S28	SES104	-0.441167	-9.25992	-8.81875
BLOCK10/SES103/SA103S28	SES106	-1.24459	-10.0633	-8.81875
BLOCK10/SES103/SA103S28	SES125	-2.32875	-11.1475	-8.81875
BLOCK10/SES103/SA103S28	SES206	-1.99515	-10.8139	-8.81875
BLOCK12/SES121/SA121S12	SES042	-1.08028	-9.94307	-8.86279
BLOCK12/SES121/SA121S12	SES087	-1.35165	-10.2144	-8.86279
BLOCK12/SES121/SA121S12	SES105	-0.517608	-9.38039	-8.86279
BLOCK12/SES121/SA121S12	SES206	-0.481096	-9.34388	-8.86279
BLOCK12/SES121/SA121S14	SES007	-2.16517	-12.8177	-10.6526
BLOCK12/SES121/SA121S14	SES105	-1.8064	-12.459	-10.6526
BLOCK12/SES121/SA121S14	SES106	-1.47799	-12.1306	-10.6526
BLOCK12/SES121/SA121S14	SES206	-0.976467	-11.629	-10.6526
BLOCK12/SES121/SA121S23	SES105	-1.48014	-11.7898	-10.3096
BLOCK12/SES121/SA121S23	SES106	-0.947112	-11.2567	-10.3096
BLOCK12/SES121/SA121S23	SES120	-1.22179	-11.5314	-10.3096
BLOCK12/SES121/SA121S23	SES206	0.426474	-9.88315	-10.3096
BLOCK12/SES121/SA121S25	SES007	-1.14984	-12.0714	-10.9215
BLOCK12/SES121/SA121S25	SES105	-1.63885	-12.5604	-10.9215
BLOCK12/SES121/SA121S25	SES106	-0.355904	-11.2774	-10.9215
BLOCK12/SES121/SA121S25	SES206	-0.615109	-11.5366	-10.9215
BLOCK12/SES121/SA121S27	SES087	0.766561	-9.81494	-10.5815
BLOCK12/SES121/SA121S27	SES105	-2.22691	-12.8084	-10.5815
BLOCK12/SES121/SA121S27	SES120	0.276721	-10.3048	-10.5815
BLOCK12/SES121/SA121S27	SES206	-0.52318	-11.1047	-10.5815
BLOCK12/SES124/SA124S16	SES042	0.12237	-6.76599	-6.88836
BLOCK12/SES124/SA124S16	SES082	-0.375559	-7.26392	-6.88836
BLOCK12/SES124/SA124S16	SES183	-1.32174	-8.2101	-6.88836
BLOCK12/SES124/SA124S16	SES206	-0.683187	-7.57155	-6.88836
BLOCK12/SES124/SA124S17	SES105	-1.8855	-10.0121	-8.12656
BLOCK12/SES124/SA124S17	SES149	-0.849771	-8.97633	-8.12656
BLOCK12/SES124/SA124S17	SES158	-1.57226	-9.69882	-8.12656
BLOCK12/SES124/SA124S17	SES275	-1.55125	-9.67781	-8.12656
BLOCK12/SES124/SA124S23	SES105	-1.97563	-8.32985	-6.35423
BLOCK12/SES124/SA124S23	SES125	0.42703	-5.9272	-6.35423
BLOCK12/SES124/SA124S23	SES129	-2.03253	-8.38675	-6.35423
BLOCK12/SES124/SA124S23	SES158	-1.32258	-7.67681	-6.35423
BLOCK12/SES124/SA124S26	SES105	-2.01805	-9.9005	-7.88245
BLOCK12/SES124/SA124S26	SES125	-0.122813	-8.00526	-7.88245
BLOCK12/SES124/SA124S26	SES129	-1.9719	-9.85434	-7.88245
BLOCK12/SES124/SA124S26	SES158	-0.739616	-8.62206	-7.88245
BLOCK12/SES124/SA124S28	SES104	-0.486229	-7.32095	-6.83472
BLOCK12/SES124/SA124S28	SES106	-1.40365	-8.23836	-6.83472
BLOCK12/SES124/SA124S28	SES125	-0.0396333	-6.87435	-6.83472
BLOCK12/SES124/SA124S28	SES275	-1.31269	-8.1474	-6.83472
BLOCK12/SES126/SA126S13	SES007	-0.704532	-8.42454	-7.72001
BLOCK12/SES126/SA126S13	SES162	-1.2798	-8.99982	-7.72001
BLOCK12/SES126/SA126S13	SES177	-0.733325	-8.45334	-7.72001
BLOCK12/SES126/SA126S13	SES180	-1.52414	-9.24416	-7.72001
BLOCK12/SES126/SA126S14	SES144	-0.39788	-7.52543	-7.12755
BLOCK12/SES126/SA126S14	SES148	-1.81473	-8.94228	-7.12755
BLOCK12/SES126/SA126S14	SES177	-0.796462	-7.92401	-7.12755
BLOCK12/SES126/SA126S14	SES180	-1.45754	-8.58509	-7.12755
BLOCK12/SES126/SA126S20	SES007	-0.787263	-7.38676	-6.5995
BLOCK12/SES126/SA126S20	SES162	-1.37779	-7.97728	-6.5995
BLOCK12/SES126/SA126S20	SES172	-1.39203	-7.99152	-6.5995
BLOCK12/SES126/SA126S20	SES180	-1.20111	-7.80061	-6.5995
BLOCK12/SES126/SA126S24	SES120	-0.13631	-7.21844	-7.08213
BLOCK12/SES126/SA126S24	SES162	-1.02623	-8.10837	-7.08213
BLOCK12/SES126/SA126S24	SES177	-0.162546	-7.24468	-7.08213
BLOCK12/SES126/SA126S24	SES180	-0.42851	-7.51064	-7.08213
BLOCK12/SES126/SA126S26	SES120	0.742503	-7.02804	-7.77054
BLOCK12/SES126/SA126S26	SES177	-0.518513	-8.28905	-7.77054
BLOCK12/SES126/SA126S26	SES180	-0.26346	-8.034	-7.77054
BLOCK12/SES126/SA126S26	SES202	-0.706206	-8.47675	-7.77054
BLOCK12/SES128/SA128S10	SES087	-1.73875	-9.90839	-8.16964
BLOCK12/SES128/SA128S10	SES206	-0.639783	-8.80942	-8.16964
BLOCK12/SES128/SA128S10	SES226	-0.0316935	-8.20133	-8.16964
BLOCK12/SES128/SA128S10	SES270	-0.0987978	-8.26844	-8.16964
BLOCK12/SES128/SA128S12	SES120	-0.382271	-8.2693	-7.88702
BLOCK12/SES128/SA128S12	SES158	-0.523199	-8.41022	-7.88702
BLOCK12/SES128/SA128S12	SES206	-0.258563	-8.14559	-7.88702
BLOCK12/SES128/SA128S12	SES226	-1.43674	-9.32376	-7.88702
BLOCK12/SES128/SA128S21	SES106	-0.851678	-8.84711	-7.99544
BLOCK12/SES128/SA128S21	SES120	-0.627124	-8.62256	-7.99544
BLOCK12/SES128/SA128S21	SES206	-0.521033	-8.51647	-7.99544
BLOCK12/SES128/SA128S21	SES226	0.295288	-7.70015	-7.99544
BLOCK12/SES128/SA128S24	SES087	-0.922134	-9.5036	-8.58146
BLOCK12/SES128/SA128S24	SES120	-0.201996	-8.78346	-8.58146
BLOCK12/SES128/SA128S24	SES206	-0.180432	-8.7619	-8.58146
BLOCK12/SES128/SA128S24	SES226	-1.01409	-9.59555	-8.58146
BLOCK12/SES128/SA128S27	SES099	0.118761	-7.14565	-7.26441
BLOCK12/SES128/SA128S27	SES120	-0.0242991	-7.28871	-7.26441
BLOCK12/SES128/SA128S27	SES206	-0.940933	-8.20535	-7.26441
BLOCK12/SES128/SA128S27	SES226	-0.991693	-8.25611	-7.26441
BLOCK13/SES130/SA130S13	SES143	0.0613966	-8.7907	-8.8521
BLOCK13/SES130/SA130S13	SES144	0.630034	-8.22206	-8.8521
BLOCK13/SES130/SA130S13	SES146	-1.66492	-10.517	-8.8521
BLOCK13/SES130/SA130S13	SES275	-2.07794	-10.93	-8.8521
BLOCK13/SES130/SA130S15	SES143	-0.841264	-7.99305	-7.15179
BLOCK13/SES130/SA130S15	SES144	0.330603	-6.82118	-7.15179
BLOCK13/SES130/SA130S15	SES146	-0.579354	-7.73114	-7.15179
BLOCK13/SES130/SA130S15	SES275	-1.07985	-8.23164	-7.15179
BLOCK13/SES130/SA130S23	SES127	-0.909716	-9.13399	-8.22428
BLOCK13/SES130/SA130S23	SES144	0.21911	-8.00517	-8.22428
BLOCK13/SES130/SA130S23	SES146	-0.573508	-8.79779	-8.22428
BLOCK13/SES130/SA130S23	SES162	-0.796964	-9.02124	-8.22428
BLOCK13/SES130/SA130S25	SES127	-0.844197	-7.50426	-6.66006
BLOCK13/SES130/SA130S25	SES144	-0.294048	-6.95411	-6.66006
BLOCK13/SES130/SA130S25	SES146	-0.817057	-7.47712	-6.66006
BLOCK13/SES130/SA130S25	SES275	-0.810241	-7.4703	-6.66006
BLOCK13/SES130/SA130S28	SES127	-0.427577	-8.36609	-7.93851
BLOCK13/SES130/SA130S28	SES144	-0.807861	-8.74637	-7.93851
BLOCK13/SES130/SA130S28	SES146	-0.335453	-8.27396	-7.93851
BLOCK13/SES130/SA130S28	SES275	-0.763474	-8.70199	-7.93851
BLOCK13/SES131/SA131S13	SES002	-1.19746	-10.243	-9.04552
BLOCK13/SES131/SA131S13	SES007	-0.928807	-9.97433	-9.04552
BLOCK13/SES131/SA131S13	SES099	0.434614	-8.61091	-9.04552
BLOCK13/SES131/SA131S13	SES105	-1.03294	-10.0785	-9.04552
BLOCK13/SES131/SA131S14	SES104	-0.590332	-7.03401	-6.44368
BLOCK13/SES131/SA131S14	SES106	-2.27003	-8.71371	-6.44368
BLOCK13/SES131/SA131S14	SES125	-1.22676	-7.67044	-6.44368
BLOCK13/SES131/SA131S14	SES148	0.0638409	-6.37984	-6.44368
BLOCK13/SES131/SA131S20	SES104	-0.540597	-9.6924	-9.15181
BLOCK13/SES131/SA131S20	SES106	-1.44391	-10.5957	-9.15181
BLOCK13/SES131/SA131S20	SES125	-0.816575	-9.96838	-9.15181
BLOCK13/SES131/SA131S20	SES148	-1.50775	-10.6596	-9.15181
BLOCK13/SES131/SA131S22	SES099	-0.11237	-7.24677	-7.1344
BLOCK13/SES131/SA131S22	SES104	-0.53991	-7.67431	-7.1344
BLOCK13/SES131/SA131S22	SES125	-0.310699	-7.4451	-7.1344
BLOCK13/SES131/SA131S22	SES206	-0.612589	-7.74699	-7.1344
BLOCK13/SES131/SA131S29	SES087	-1.52085	-10.3071	-8.7863
BLOCK13/SES131/SA131S29	SES104	-2.19367	-10.98	-8.7863
BLOCK13/SES131/SA131S29	SES125	-3.45621	-12.2425	-8.7863
BLOCK13/SES131/SA131S29	SES206	-1.74161	-10.5279	-8.7863
BLOCK13/SES132/SA132S11	SES083	-1.63318	-9.02267	-7.3895
BLOCK13/SES132/SA132S11	SES120	-0.0606723	-7.45017	-7.3895
BLOCK13/SES132/SA132S11	SES127	-2.30595	-9.69545	-7.3895
BLOCK13/SES132/SA132S11	SES275	-1.48918	-8.87868	-7.3895
BLOCK13/SES132/SA132S12	SES083	-1.74676	-8.94763	-7.20087
BLOCK13/SES132/SA132S12	SES143	-2.0618	-9.26267	-7.20087
BLOCK13/SES132/SA132S12	SES144	-0.849361	-8.05023	-7.20087
BLOCK13/SES132/SA132S12	SES148	-1.19103	-8.39191	-7.20087
BLOCK13/SES132/SA132S22	SES062	-0.660518	-8.1445	-7.48399
BLOCK13/SES132/SA132S22	SES083	-1.96097	-9.44496	-7.48399
BLOCK13/SES132/SA132S22	SES127	-1.90387	-9.38785	-7.48399
BLOCK13/SES132/SA132S22	SES275	-0.924432	-8.40842	-7.48399
BLOCK13/SES132/SA132S24	SES007	-0.846383	-7.6954	-6.84902
BLOCK13/SES132/SA132S24	SES083	-1.85199	-8.70101	-6.84902
BLOCK13/SES132/SA132S24	SES127	-2.18874	-9.03776	-6.84902
BLOCK13/SES132/SA132S24	SES275	-1.1974	-8.04642	-6.84902
BLOCK13/SES132/SA132S27	SES083	-2.21834	-10.6701	-8.45173
BLOCK13/SES132/SA132S27	SES120	0.413887	-8.03784	-8.45173
BLOCK13/SES132/SA132S27	SES127	-4.2668	-12.7185	-8.45173
BLOCK13/SES132/SA132S27	SES275	-1.79372	-10.2454	-8.45173
BLOCK14/SES141/SA141S09	SES143	-1.17748	-7.93507	-6.75759
BLOCK14/SES141/SA141S09	SES144	-0.440884	-7.19847	-6.75759
BLOCK14/SES141/SA141S09	SES162	-1.13995	-7.89754	-6.75759
BLOCK14/SES141/SA141S09	SES180	-1.15888	-7.91647	-6.75759
BLOCK14/SES141/SA141S15	SES127	-1.54241	-9.37355	-7.83114
BLOCK14/SES141/SA141S15	SES144	-1.0558	-8.88694	-7.83114
BLOCK14/SES141/SA141S15	SES162	-1.90851	-9.73965	-7.83114
BLOCK14/SES141/SA141S15	SES180	-1.35517	-9.18632	-7.83114
BLOCK14/SES141/SA141S24	SES127	-2.01971	-9.32021	-7.3005
BLOCK14/SES141/SA141S24	SES144	-1.29851	-8.59901	-7.3005
BLOCK14/SES141/SA141S24	SES162	-1.96375	-9.26425	-7.3005
BLOCK14/SES141/SA141S24	SES183	-1.4005	-8.701	-7.3005
BLOCK14/SES141/SA141S26	SES142	-0.0579205	-8.15983	-8.10191
BLOCK14/SES141/SA141S26	SES144	-1.50286	-9.60476	-8.10191
BLOCK14/SES141/SA141S26	SES172	-1.09003	-9.19194	-8.10191
BLOCK14/SES141/SA141S26	SES180	-1.25405	-9.35596	-8.10191
BLOCK14/SES141/SA141S29	SES127	-0.779371	-7.85588	-7.07651
BLOCK14/SES141/SA141S29	SES142	0.182765	-6.89374	-7.07651
BLOCK14/SES141/SA141S29	SES144	-0.198937	-7.27544	-7.07651
BLOCK14/SES141/SA141S29	SES180	-0.396363	-7.47287	-7.07651
BLOCK15/SES157/SA157S08	SES083	-1.37427	-8.48453	-7.11027
BLOCK15/SES157/SA157S08	SES127	-1.27134	-8.3816	-7.11027
BLOCK15/SES157/SA157S08	SES148	-0.346469	-7.45673	-7.11027
BLOCK15/SES157/SA157S08	SES292	-1.32556	-8.43582	-7.11027
BLOCK15/SES157/SA157S11	SES083	-1.23672	-9.04012	-7.8034
BLOCK15/SES157/SA157S11	SES127	-0.941734	-8.74514	-7.8034
BLOCK15/SES157/SA157S11	SES148	-1.74878	-9.55219	-7.8034
BLOCK15/SES157/SA157S11	SES292	-1.73549	-9.53889	-7.8034
BLOCK15/SES157/SA157S21	SES127	-0.127996	-6.94875	-6.82076
BLOCK15/SES157/SA157S21	SES148	-0.000182629	-6.82094	-6.82076
BLOCK15/SES157/SA157S21	SES158	-3.72164	-10.5424	-6.82076
BLOCK15/SES157/SA157S21	SES292	-1.47054	-8.2913	-6.82076
BLOCK15/SES157/SA157S24	SES127	-0.372334	-8.57888	-8.20654
BLOCK15/SES157/SA157S24	SES148	-0.490994	-8.69754	-8.20654
BLOCK15/SES157/SA157S24	SES183	-0.853742	-9.06029	-8.20654
BLOCK15/SES157/SA157S24	SES292	-1.52613	-9.73267	-8.20654
BLOCK15/SES157/SA157S26	SES007	-0.7602	-8.0484	-7.2882
BLOCK15/SES157/SA157S26	SES127	-0.634322	-7.92252	-7.2882
BLOCK15/SES157/SA157S26	SES147	-1.0678	-8.356	-7.2882
BLOCK15/SES157/SA157S26	SES148	-0.792119	-8.08032	-7.2882
BLOCK16/SES161/SA161S10	SES007	-0.667132	-8.34629	-7.67915
BLOCK16/SES161/SA161S10	SES105	-0.785974	-8.46513	-7.67915
BLOCK16/SES161/SA161S10	SES158	-1.24589	-8.92505	-7.67915
BLOCK16/SES161/SA161S10	SES275	-0.628201	-8.30735	-7.67915
BLOCK16/SES161/SA161S12	SES007	-2.34643	-11.1907	-8.84424
BLOCK16/SES161/SA161S12	SES105	-1.98072	-10.825	-8.84424
BLOCK16/SES161/SA161S12	SES158	-0.966082	-9.81033	-8.84424
BLOCK16/SES161/SA161S12	SES275	-3.36454	-12.2088	-8.84424
BLOCK16/SES161/SA161S20	SES007	-0.688579	-9.81903	-9.13045
BLOCK16/SES161/SA161S20	SES105	-1.74368	-10.8741	-9.13045
BLOCK16/SES161/SA161S20	SES158	-0.0846882	-9.21514	-9.13045
BLOCK16/SES161/SA161S20	SES275	-1.92311	-11.0536	-9.13045
BLOCK16/SES161/SA161S23	SES007	-2.38373	-11.3914	-9.00767
BLOCK16/SES161/SA161S23	SES105	-0.607053	-9.61472	-9.00767
BLOCK16/SES161/SA161S23	SES148	-2.41857	-11.4262	-9.00767
BLOCK16/SES161/SA161S23	SES158	-2.59972	-11.6074	-9.00767
BLOCK16/SES161/SA161S28	SES007	-1.54213	-9.66281	-8.12068
BLOCK16/SES161/SA161S28	SES105	-2.13616	-10.2568	-8.12068
BLOCK16/SES161/SA161S28	SES158	-0.242132	-8.36281	-8.12068
BLOCK16/SES161/SA161S28	SES206	-0.78922	-8.9099	-8.12068
BLOCK16/SES164/SA164S11	SES104	-0.582455	-8.88337	-8.30091
BLOCK16/SES164/SA164S11	SES125	0.00220299	-8.29871	-8.30091
BLOCK16/SES164/SA164S11	SES158	-1.092	-9.39291	-8.30091
BLOCK16/SES164/SA164S11	SES206	-1.856	-10.1569	-8.30091
BLOCK16/SES164/SA164S13	SES099	-1.33425	-10.2423	-8.9081
BLOCK16/SES164/SA164S13	SES104	-0.396729	-9.30483	-8.9081
BLOCK16/SES164/SA164S13	SES125	-1.1386	-10.0467	-8.9081
BLOCK16/SES164/SA164S13	SES206	-1.56134	-10.4694	-8.9081
BLOCK16/SES164/SA164S24	SES002	0.699972	-7.61535	-8.31532
BLOCK16/SES164/SA164S24	SES099	-0.306189	-8.62151	-8.31532
BLOCK16/SES164/SA164S24	SES125	-0.8039	-9.11922	-8.31532
BLOCK16/SES164/SA164S24	SES226	0.991049	-7.32427	-8.31532
BLOCK16/SES164/SA164S27	SES087	-1.80419	-10.75	-8.9458
BLOCK16/SES164/SA164S27	SES125	-0.407435	-9.35324	-8.9458
BLOCK16/SES164/SA164S27	SES206	-1.74301	-10.6888	-8.9458
BLOCK16/SES164/SA164S27	SES226	0.0822144	-8.86359	-8.9458
BLOCK16/SES164/SA164S29	SES002	0.235979	-8.36972	-8.6057
BLOCK16/SES164/SA164S29	SES019	-1.08632	-9.69202	-8.6057
BLOCK16/SES164/SA164S29	SES125	-0.406708	-9.0124	-8.6057
BLOCK16/SES164/SA164S29	SES226	0.25041	-8.35529	-8.6057
BLOCK16/SES169/SA169S13	SES117	-1.34997	-9.03301	-7.68304
BLOCK16/SES169/SA169S13	SES144	-0.631474	-8.31451	-7.68304
BLOCK16/SES169/SA169S13	SES146	-0.652155	-8.33519	-7.68304
BLOCK16/SES169/SA169S13	SES162	-1.29313	-8.97617	-7.68304
BLOCK16/SES169/SA169S14	SES144	-0.62767	-7.03092	-6.40325
BLOCK16/SES169/SA169S14	SES148	-0.477598	-6.88085	-6.40325
BLOCK16/SES169/SA169S14	SES177	-0.371026	-6.77428	-6.40325
BLOCK16/SES169/SA169S14	SES180	-0.751396	-7.15465	-6.40325
BLOCK16/SES169/SA169S24	SES117	-0.985632	-9.31086	-8.32522
BLOCK16/SES169/SA169S24	SES144	-0.512839	-8.83806	-8.32522
BLOCK16/SES169/SA169S24	SES146	-0.680683	-9.00591	-8.32522
BLOCK16/SES169/SA169S24	SES162	-1.15727	-9.48249	-8.32522
BLOCK16/SES169/SA169S27	SES127	-0.756805	-8.27714	-7.52033
BLOCK16/SES169/SA169S27	SES129	-0.608097	-8.12843	-7.52033
BLOCK16/SES169/SA169S27	SES144	-0.569762	-8.09009	-7.52033
BLOCK16/SES169/SA169S27	SES146	-0.606485	-8.12682	-7.52033
BLOCK16/SES169/SA169S29	SES144	-0.146012	-6.66715	-6.52114
BLOCK16/SES169/SA169S29	SES162	-0.341344	-6.86249	-6.52114
BLOCK16/SES169/SA169S29	SES177	-0.957401	-7.47854	-6.52114
BLOCK16/SES169/SA169S29	SES180	-0.811512	-7.33265	-6.52114
BLOCK17/SES171/SA171S12	SES083	-0.753364	-9.61601	-8.86265
BLOCK17/SES171/SA171S12	SES148	-2.08859	-10.9512	-8.86265
BLOCK17/SES171/SA171S12	SES172	-1.19263	-10.0553	-8.86265
BLOCK17/SES171/SA171S12	SES292	-2.40445	-11.2671	-8.86265
BLOCK17/SES171/SA171S15	SES148	-1.23732	-9.4073	-8.16998
BLOCK17/SES171/SA171S15	SES177	-0.816766	-8.98674	-8.16998
BLOCK17/SES171/SA171S15	SES180	-2.26567	-10.4357	-8.16998
BLOCK17/SES171/SA171S15	SES292	-1.4227	-9.59268	-8.16998
BLOCK17/SES171/SA171S22	SES007	-0.741676	-7.20258	-6.4609
BLOCK17/SES171/SA171S22	SES148	-0.658971	-7.11987	-6.4609
BLOCK17/SES171/SA171S22	SES177	-0.242508	-6.70341	-6.4609
BLOCK17/SES171/SA171S22	SES180	-2.11236	-8.57326	-6.4609
BLOCK17/SES171/SA171S25	SES101	-1.49764	-9.66794	-8.1703
BLOCK17/SES171/SA171S25	SES120	-3.43059	-11.6009	-8.1703
BLOCK17/SES171/SA171S25	SES177	-1.01369	-9.184	-8.1703
BLOCK17/SES171/SA171S25	SES180	-1.59884	-9.76914	-8.1703
BLOCK17/SES171/SA171S27	SES177	-0.819427	-9.21331	-8.39388
BLOCK17/SES171/SA171S27	SES180	-2.65651	-11.0504	-8.39388
BLOCK17/SES171/SA171S27	SES189	-0.795951	-9.18983	-8.39388
BLOCK17/SES171/SA171S27	SES292	-2.29679	-10.6907	-8.39388
BLOCK17/SES173/SA173S13	SES162	-2.46532	-10.0605	-7.59521
BLOCK17/SES173/SA173S13	SES177	-0.912869	-8.50808	-7.59521
BLOCK17/SES173/SA173S13	SES180	-1.88621	-9.48142	-7.59521
BLOCK17/SES173/SA173S13	SES292	-0.0390611	-7.63427	-7.59521
BLOCK17/SES173/SA173S14	SES007	-0.804096	-8.1265	-7.32241
BLOCK17/SES173/SA173S14	SES162	-2.89606	-10.2185	-7.32241
BLOCK17/SES173/SA173S14	SES177	-1.62491	-8.94732	-7.32241
BLOCK17/SES173/SA173S14	SES180	-2.38701	-9.70942	-7.32241
BLOCK17/SES173/SA173S24	SES144	-2.00233	-9.90591	-7.90358
BLOCK17/SES173/SA173S24	SES162	-2.6129	-10.5165	-7.90358
BLOCK17/SES173/SA173S24	SES177	-0.653008	-8.55659	-7.90358
BLOCK17/SES173/SA173S24	SES180	-2.09204	-9.99562	-7.90358
BLOCK17/SES173/SA173S27	SES162	-4.24087	-11.6504	-7.40948
BLOCK17/SES173/SA173S27	SES177	-1.58298	-8.99246	-7.40948
BLOCK17/SES173/SA173S27	SES180	-1.94278	-9.35226	-7.40948
BLOCK17/SES173/SA173S27	SES292	-0.150325	-7.55981	-7.40948
BLOCK17/SES173/SA173S29	SES162	-2.09536	-10.0933	-7.9979
BLOCK17/SES173/SA173S29	SES175	-0.809373	-8.80728	-7.9979
BLOCK17/SES173/SA173S29	SES177	-1.02915	-9.02705	-7.9979
BLOCK17/SES173/SA173S29	SES292	-0.971182	-8.96909	-7.9979
BLOCK18/SES182/SA182S10	SES144	-1.64134	-8.4306	-6.78925
BLOCK18/SES182/SA182S10	SES177	-1.3321	-8.12136	-6.78925
BLOCK18/SES182/SA182S10	SES180	-2.91691	-9.70617	-6.78925
BLOCK18/SES182/SA182S10	SES275	-0.710364	-7.49962	-6.78925
BLOCK18/SES182/SA182S12	SES144	-0.739235	-7.44422	-6.70498
BLOCK18/SES182/SA182S12	SES177	-0.878812	-7.5838	-6.70498
BLOCK18/SES182/SA182S12	SES180	-2.88377	-9.58875	-6.70498
BLOCK18/SES182/SA182S12	SES275	-0.635662	-7.34065	-6.70498
BLOCK18/SES182/SA182S21	SES117	-1.51414	-9.84771	-8.33358
BLOCK18/SES182/SA182S21	SES144	-1.17017	-9.50375	-8.33358
BLOCK18/SES182/SA182S21	SES162	-1.19821	-9.53179	-8.33358
BLOCK18/SES182/SA182S21	SES180	-2.88098	-11.2146	-8.33358
BLOCK18/SES182/SA182S23	SES117	-2.00038	-10.5379	-8.5375
BLOCK18/SES182/SA182S23	SES144	-1.78777	-10.3253	-8.5375
BLOCK18/SES182/SA182S23	SES180	-4.11002	-12.6475	-8.5375
BLOCK18/SES182/SA182S23	SES275	-1.66641	-10.2039	-8.5375
BLOCK18/SES182/SA182S25	SES007	-0.160491	-8.08287	-7.92238
BLOCK18/SES182/SA182S25	SES162	-1.51766	-9.44003	-7.92238
BLOCK18/SES182/SA182S25	SES177	-0.719578	-8.64195	-7.92238
BLOCK18/SES182/SA182S25	SES180	-2.37722	-10.2996	-7.92238
BLOCK18/SES184/SA184S12	SES177	-1.6074	-8.74055	-7.13315
BLOCK18/SES184/SA184S12	SES180	-0.773187	-7.90634	-7.13315
BLOCK18/SES184/SA184S12	SES189	-1.81159	-8.94475	-7.13315
BLOCK18/SES184/SA184S12	SES292	-0.222637	-7.35579	-7.13315
BLOCK18/SES184/SA184S13	SES101	-0.844935	-8.46105	-7.61611
BLOCK18/SES184/SA184S13	SES177	-0.666847	-8.28296	-7.61611
BLOCK18/SES184/SA184S13	SES180	-0.787302	-8.40341	-7.61611
BLOCK18/SES184/SA184S13	SES292	-0.875314	-8.49143	-7.61611
BLOCK18/SES184/SA184S22	SES177	-1.53179	-9.12724	-7.59545
BLOCK18/SES184/SA184S22	SES180	-0.528669	-8.12412	-7.59545
BLOCK18/SES184/SA184S22	SES189	-1.27062	-8.86607	-7.59545
BLOCK18/SES184/SA184S22	SES292	-1.26136	-8.85681	-7.59545
BLOCK18/SES184/SA184S25	SES101	-0.689321	-8.08465	-7.39533
BLOCK18/SES184/SA184S25	SES177	-1.11455	-8.50988	-7.39533
BLOCK18/SES184/SA184S25	SES180	-0.258331	-7.65366	-7.39533
BLOCK18/SES184/SA184S25	SES292	-0.6575	-8.05283	-7.39533
BLOCK18/SES184/SA184S27	SES083	-0.718878	-8.22956	-7.51068
BLOCK18/SES184/SA184S27	SES177	-0.714197	-8.22487	-7.51068
BLOCK18/SES184/SA184S27	SES202	-0.639035	-8.14971	-7.51068
BLOCK18/SES184/SA184S27	SES292	-0.817838	-8.32852	-7.51068
BLOCK20/SES204/SA204S12	SES062	-0.936133	-7.77593	-6.8398
BLOCK20/SES204/SA204S12	SES083	-2.41989	-9.25969	-6.8398
BLOCK20/SES204/SA204S12	SES206	-0.705864	-7.54566	-6.8398
BLOCK20/SES204/SA204S12	SES226	-1.26035	-8.10015	-6.8398
BLOCK20/SES204/SA204S14	SES068	-0.498608	-6.55482	-6.05621
BLOCK20/SES204/SA204S14	SES087	-0.286947	-6.34316	-6.05621
BLOCK20/SES204/SA204S14	SES206	-1.22156	-7.27777	-6.05621
BLOCK20/SES204/SA204S14	SES226	-1.53027	-7.58648	-6.05621
BLOCK20/SES204/SA204S22	SES068	-0.568953	-7.52717	-6.95822
BLOCK20/SES204/SA204S22	SES082	-0.796991	-7.75521	-6.95822
BLOCK20/SES204/SA204S22	SES083	-2.21083	-9.16905	-6.95822
BLOCK20/SES204/SA204S22	SES206	-0.691024	-7.64924	-6.95822
BLOCK20/SES204/SA204S25	SES062	-0.785568	-7.57823	-6.79267
BLOCK20/SES204/SA204S25	SES083	-2.3709	-9.16357	-6.79267
BLOCK20/SES204/SA204S25	SES206	-0.334497	-7.12716	-6.79267
BLOCK20/SES204/SA204S25	SES226	-0.817678	-7.61034	-6.79267
BLOCK20/SES204/SA204S27	SES068	-0.0175066	-7.74859	-7.73108
BLOCK20/SES204/SA204S27	SES082	-1.8172	-9.54828	-7.73108
BLOCK20/SES204/SA204S27	SES087	0.0763807	-7.6547	-7.73108
BLOCK20/SES204/SA204S27	SES206	-1.65373	-9.38481	-7.73108
BLOCK20/SES207/SA207S10	SES127	-1.90273	-9.115	-7.21227
BLOCK20/SES207/SA207S10	SES183	-1.35719	-8.56946	-7.21227
BLOCK20/SES207/SA207S10	SES189	-0.832966	-8.04524	-7.21227
BLOCK20/SES207/SA207S10	SES292	-1.60963	-8.8219	-7.21227
BLOCK20/SES207/SA207S11	SES127	-1.81511	-10.0915	-8.27635
BLOCK20/SES207/SA207S11	SES183	-1.51564	-9.79198	-8.27635
BLOCK20/SES207/SA207S11	SES187	-0.736876	-9.01322	-8.27635
BLOCK20/SES207/SA207S11	SES292	-0.517493	-8.79384	-8.27635
BLOCK20/SES207/SA207S25	SES068	-0.785391	-9.05222	-8.26683
BLOCK20/SES207/SA207S25	SES083	-1.64992	-9.91675	-8.26683
BLOCK20/SES207/SA207S25	SES127	-0.671335	-8.93816	-8.26683
BLOCK20/SES207/SA207S25	SES187	-0.808975	-9.0758	-8.26683
BLOCK20/SES207/SA207S27	SES127	-1.69158	-9.69437	-8.00279
BLOCK20/SES207/SA207S27	SES183	-1.51311	-9.5159	-8.00279
BLOCK20/SES207/SA207S27	SES187	-1.01176	-9.01455	-8.00279
BLOCK20/SES207/SA207S27	SES292	-1.42532	-9.42811	-8.00279
BLOCK20/SES207/SA207S29	SES083	-2.4047	-10.1366	-7.73192
BLOCK20/SES207/SA207S29	SES085	-1.29305	-9.02497	-7.73192
BLOCK20/SES207/SA207S29	SES172	-0.336672	-8.06859	-7.73192
BLOCK20/SES207/SA207S29	SES189	-2.16554	-9.89745	-7.73192
BLOCK22/SES221/SA221S12	SES068	0.141921	-6.48131	-6.62323
BLOCK22/SES221/SA221S12	SES143	-1.57994	-8.20317	-6.62323
BLOCK22/SES221/SA221S12	SES175	-0.24925	-6.87248	-6.62323
BLOCK22/SES221/SA221S12	SES202	-0.68099	-7.30422	-6.62323
BLOCK22/SES221/SA221S15	SES085	-0.201125	-7.13662	-6.93549
BLOCK22/SES221/SA221S15	SES143	-1.52283	-8.45832	-6.93549
BLOCK22/SES221/SA221S15	SES175	-0.603386	-7.53888	-6.93549
BLOCK22/SES221/SA221S15	SES187	-1.16599	-8.10148	-6.93549
BLOCK22/SES221/SA221S23	SES068	0.288939	-6.59912	-6.88806
BLOCK22/SES221/SA221S23	SES143	-1.73463	-8.62269	-6.88806
BLOCK22/SES221/SA221S23	SES175	-1.08481	-7.97288	-6.88806
BLOCK22/SES221/SA221S23	SES189	-1.45901	-8.34707	-6.88806
BLOCK22/SES221/SA221S27	SES085	0.124537	-7.2817	-7.40624
BLOCK22/SES221/SA221S27	SES143	-1.53092	-8.93716	-7.40624
BLOCK22/SES221/SA221S27	SES175	-1.09578	-8.50202	-7.40624
BLOCK22/SES221/SA221S27	SES189	-0.92816	-8.3344	-7.40624
BLOCK22/SES221/SA221S29	SES085	-0.0173397	-6.87459	-6.85725
BLOCK22/SES221/SA221S29	SES143	-1.11983	-7.97708	-6.85725
BLOCK22/SES221/SA221S29	SES175	-0.567513	-7.42476	-6.85725
BLOCK22/SES221/SA221S29	SES187	-1.13004	-7.98729	-6.85725
BLOCK22/SES223/SA223S11	SES143	-1.1667	-8.68484	-7.51815
BLOCK22/SES223/SA223S11	SES144	-2.07397	-9.59212	-7.51815
BLOCK22/SES223/SA223S11	SES175	-0.72388	-8.24203	-7.51815
BLOCK22/SES223/SA223S11	SES187	-1.37136	-8.88951	-7.51815
BLOCK22/SES223/SA223S13	SES068	-0.0453515	-7.47054	-7.42519
BLOCK22/SES223/SA223S13	SES143	-1.8206	-9.24579	-7.42519
BLOCK22/SES223/SA223S13	SES146	-1.42798	-8.85317	-7.42519
BLOCK22/SES223/SA223S13	SES202	-1.09589	-8.52107	-7.42519
BLOCK22/SES223/SA223S22	SES143	-0.546851	-7.83629	-7.28944
BLOCK22/SES223/SA223S22	SES144	-1.96216	-9.2516	-7.28944
BLOCK22/SES223/SA223S22	SES175	-0.645135	-7.93457	-7.28944
BLOCK22/SES223/SA223S22	SES187	-1.22665	-8.51608	-7.28944
BLOCK22/SES223/SA223S25	SES068	-0.754804	-8.00563	-7.25082
BLOCK22/SES223/SA223S25	SES143	-1.56938	-8.8202	-7.25082
BLOCK22/SES223/SA223S25	SES175	-0.665018	-7.91584	-7.25082
BLOCK22/SES223/SA223S25	SES187	-1.47769	-8.72852	-7.25082
BLOCK22/SES223/SA223S27	SES143	-0.654495	-8.66644	-8.01195
BLOCK22/SES223/SA223S27	SES146	-1.6529	-9.66485	-8.01195
BLOCK22/SES223/SA223S27	SES187	-1.17037	-9.18232	-8.01195
BLOCK22/SES223/SA223S27	SES292	-0.288082	-8.30003	-8.01195
BLOCK27/SES273/SA273S12	SES099	0.0738616	-7.34643	-7.42029
BLOCK27/SES273/SA273S12	SES104	0.235264	-7.18503	-7.42029
BLOCK27/SES273/SA273S12	SES125	-0.262453	-7.68275	-7.42029
BLOCK27/SES273/SA273S12	SES206	0.0237937	-7.3965	-7.42029
BLOCK27/SES273/SA273S13	SES099	-1.07977	-7.89905	-6.81928
BLOCK27/SES273/SA273S13	SES104	-0.26561	-7.08489	-6.81928
BLOCK27/SES273/SA273S13	SES206	-1.54989	-8.36917	-6.81928
BLOCK27/SES273/SA273S13	SES292	-0.860147	-7.67943	-6.81928
BLOCK27/SES273/SA273S21	SES099	-0.438788	-8.29999	-7.86121
BLOCK27/SES273/SA273S21	SES148	-1.74865	-9.60985	-7.86121
BLOCK27/SES273/SA273S21	SES149	-1.51561	-9.37682	-7.86121
BLOCK27/SES273/SA273S21	SES177	-1.43813	-9.29933	-7.86121
BLOCK27/SES273/SA273S25	SES104	-0.228323	-8.37074	-8.14242
BLOCK27/SES273/SA273S25	SES125	-0.676023	-8.81844	-8.14242
BLOCK27/SES273/SA273S25	SES158	0.305939	-7.83648	-8.14242
BLOCK27/SES273/SA273S25	SES206	-0.528841	-8.67126	-8.14242
BLOCK27/SES273/SA273S27	SES099	-0.555391	-7.00351	-6.44812
BLOCK27/SES273/SA273S27	SES104	-0.518771	-6.96689	-6.44812
BLOCK27/SES273/SA273S27	SES149	-1.06933	-7.51744	-6.44812
BLOCK27/SES273/SA273S27	SES275	-1.11029	-7.5584	-6.44812
BLOCK27/SES274/SA274S10	SES105	-1.71136	-8.22553	-6.51417
BLOCK27/SES274/SA274S10	SES125	-1.55536	-8.06953	-6.51417
BLOCK27/SES274/SA274S10	SES129	-0.1318	-6.64597	-6.51417
BLOCK27/SES274/SA274S10	SES158	-4.14208	-10.6562	-6.51417
BLOCK27/SES274/SA274S11	SES105	-0.956463	-7.48563	-6.52917
BLOCK27/SES274/SA274S11	SES149	-0.659777	-7.18894	-6.52917
BLOCK27/SES274/SA274S11	SES158	-1.26986	-7.79903	-6.52917
BLOCK27/SES274/SA274S11	SES275	-0.141761	-6.67093	-6.52917
BLOCK27/SES274/SA274S21	SES105	-1.11753	-7.93904	-6.82151
BLOCK27/SES274/SA274S21	SES129	0.135583	-6.68593	-6.82151
BLOCK27/SES274/SA274S21	SES149	-1.48465	-8.30617	-6.82151
BLOCK27/SES274/SA274S21	SES158	-2.99308	-9.81459	-6.82151
BLOCK27/SES274/SA274S24	SES105	-1.45567	-9.14425	-7.68859
BLOCK27/SES274/SA274S24	SES129	0.246338	-7.44225	-7.68859
BLOCK27/SES274/SA274S24	SES149	-2.17943	-9.86801	-7.68859
BLOCK27/SES274/SA274S24	SES158	-3.96403	-11.6526	-7.68859
BLOCK27/SES274/SA274S29	SES105	-1.56567	-8.63826	-7.07259
BLOCK27/SES274/SA274S29	SES106	-2.18652	-9.25912	-7.07259
BLOCK27/SES274/SA274S29	SES120	-0.923687	-7.99628	-7.07259
BLOCK27/SES274/SA274S29	SES275	-0.635952	-7.70854	-7.07259
BLOCK27/SES276/SA276S16	SES148	-0.429909	-7.47167	-7.04176
BLOCK27/SES276/SA276S16	SES172	0.153815	-6.88795	-7.04176
BLOCK27/SES276/SA276S16	SES180	-0.792573	-7.83434	-7.04176
BLOCK27/SES276/SA276S16	SES292	-0.457467	-7.49923	-7.04176
BLOCK27/SES276/SA276S17	SES101	-0.774653	-8.27576	-7.5011
BLOCK27/SES276/SA276S17	SES177	-1.33289	-8.834	-7.5011
BLOCK27/SES276/SA276S17	SES180	-1.35742	-8.85853	-7.5011
BLOCK27/SES276/SA276S17	SES292	-0.974312	-8.47542	-7.5011
BLOCK27/SES276/SA276S24	SES101	-0.430343	-6.97946	-6.54911
BLOCK27/SES276/SA276S24	SES177	-0.669403	-7.21852	-6.54911
BLOCK27/SES276/SA276S24	SES180	-1.00875	-7.55786	-6.54911
BLOCK27/SES276/SA276S24	SES292	-1.07649	-7.6256	-6.54911
BLOCK27/SES276/SA276S26	SES101	-0.540833	-7.31662	-6.77578
BLOCK27/SES276/SA276S26	SES177	-0.639636	-7.41542	-6.77578
BLOCK27/SES276/SA276S26	SES180	-0.634904	-7.41069	-6.77578
BLOCK27/SES276/SA276S26	SES292	-0.000442982	-6.77623	-6.77578
BLOCK27/SES276/SA276S28	SES101	-0.164794	-7.03817	-6.87337
BLOCK27/SES276/SA276S28	SES177	-0.896259	-7.76963	-6.87337
BLOCK27/SES276/SA276S28	SES180	-0.149144	-7.02252	-6.87337
BLOCK27/SES276/SA276S28	SES292	-0.350433	-7.22381	-6.87337
BLOCK27/SES277/SA277S12	SES101	-0.319879	-8.89885	-8.57897
BLOCK27/SES277/SA277S12	SES177	-1.71033	-10.2893	-8.57897
BLOCK27/SES277/SA277S12	SES180	-1.70132	-10.2803	-8.57897
BLOCK27/SES277/SA277S12	SES292	-1.38324	-9.9622	-8.57897
BLOCK27/SES277/SA277S14	SES177	-0.852497	-9.47974	-8.62724
BLOCK27/SES277/SA277S14	SES180	-2.16744	-10.7947	-8.62724
BLOCK27/SES277/SA277S14	SES189	-0.130852	-8.75809	-8.62724
BLOCK27/SES277/SA277S14	SES292	-1.77897	-10.4062	-8.62724
BLOCK27/SES277/SA277S21	SES177	-0.195848	-8.87381	-8.67796
BLOCK27/SES277/SA277S21	SES180	-1.10575	-9.78371	-8.67796
BLOCK27/SES277/SA277S21	SES189	0.0991478	-8.57881	-8.67796
BLOCK27/SES277/SA277S21	SES292	-2.16129	-10.8393	-8.67796
BLOCK27/SES277/SA277S24	SES144	-0.525754	-9.36982	-8.84406
BLOCK27/SES277/SA277S24	SES177	-0.864674	-9.70874	-8.84406
BLOCK27/SES277/SA277S24	SES180	-2.74555	-11.5896	-8.84406
BLOCK27/SES277/SA277S24	SES189	-0.0422497	-8.88631	-8.84406
BLOCK27/SES277/SA277S29	SES177	-0.701312	-6.96131	-6.26
BLOCK27/SES277/SA277S29	SES180	-1.00441	-7.26441	-6.26
BLOCK27/SES277/SA277S29	SES202	-0.364725	-6.62472	-6.26
BLOCK27/SES277/SA277S29	SES292	-1.39945	-7.65944	-6.26
BLOCK27/SES279/SA279S09	SES120	-0.899677	-7.60012	-6.70044
BLOCK27/SES279/SA279S09	SES146	-1.24006	-7.9405	-6.70044
BLOCK27/SES279/SA279S09	SES206	-0.404522	-7.10496	-6.70044
BLOCK27/SES279/SA279S09	SES226	-1.19552	-7.89596	-6.70044
BLOCK27/SES279/SA279S10	SES099	-0.860468	-8.1419	-7.28143
BLOCK27/SES279/SA279S10	SES206	-1.49095	-8.77238	-7.28143
BLOCK27/SES279/SA279S10	SES226	-2.12452	-9.40595	-7.28143
BLOCK27/SES279/SA279S10	SES292	-0.0477028	-7.32913	-7.28143
BLOCK27/SES279/SA279S20	SES099	-1.31203	-9.10851	-7.79649
BLOCK27/SES279/SA279S20	SES206	-0.31836	-8.11485	-7.79649
BLOCK27/SES279/SA279S20	SES226	-1.9412	-9.73769	-7.79649
BLOCK27/SES279/SA279S20	SES292	-0.33583	-8.13232	-7.79649
BLOCK27/SES279/SA279S26	SES099	-0.577631	-8.68173	-8.1041
BLOCK27/SES279/SA279S26	SES206	-1.06877	-9.17288	-8.1041
BLOCK27/SES279/SA279S26	SES226	-1.39617	-9.50027	-8.1041
BLOCK27/SES279/SA279S26	SES292	0.381577	-7.72253	-8.1041
BLOCK27/SES279/SA279S28	SES099	-0.394732	-7.09677	-6.70204
BLOCK27/SES279/SA279S28	SES120	-0.795932	-7.49797	-6.70204
BLOCK27/SES279/SA279S28	SES177	-1.80091	-8.50295	-6.70204
BLOCK27/SES279/SA279S28	SES206	-0.547036	-7.24907	-6.70204
BLOCK29/SES290/SA290S12	SES162	-0.263938	-5.99158	-5.72764
BLOCK29/SES290/SA290S12	SES177	-0.14672	-5.87436	-5.72764
BLOCK29/SES290/SA290S12	SES180	-0.993702	-6.72134	-5.72764
BLOCK29/SES290/SA290S12	SES292	-0.8661	-6.59374	-5.72764
BLOCK29/SES290/SA290S13	SES007	0.12144	-6.31166	-6.4331
BLOCK29/SES290/SA290S13	SES162	-0.941344	-7.37445	-6.4331
BLOCK29/SES290/SA290S13	SES177	-0.676548	-7.10965	-6.4331
BLOCK29/SES290/SA290S13	SES180	-0.293788	-6.72689	-6.4331
BLOCK29/SES290/SA290S22	SES177	-0.778073	-7.25037	-6.47229
BLOCK29/SES290/SA290S22	SES180	-0.74439	-7.21668	-6.47229
BLOCK29/SES290/SA290S22	SES202	-0.583437	-7.05573	-6.47229
BLOCK29/SES290/SA290S22	SES292	-0.534503	-7.0068	-6.47229
BLOCK29/SES290/SA290S25	SES162	-0.54462	-6.95863	-6.41401
BLOCK29/SES290/SA290S25	SES177	-0.818	-7.23201	-6.41401
BLOCK29/SES290/SA290S25	SES180	-0.790942	-7.20496	-6.41401
BLOCK29/SES290/SA290S25	SES292	-0.55976	-6.97377	-6.41401
BLOCK29/SES290/SA290S29	SES177	-0.549152	-6.74651	-6.19735
BLOCK29/SES290/SA290S29	SES180	0.0291829	-6.16817	-6.19735
BLOCK29/SES290/SA290S29	SES275	-0.543631	-6.74098	-6.19735
BLOCK29/SES290/SA290S29	SES292	-0.562239	-6.75959	-6.19735
BLOCK29/SES291/SA291S11	SES105	-1.56348	-9.61672	-8.05324
BLOCK29/SES291/SA291S11	SES125	-1.06521	-9.11845	-8.05324
BLOCK29/SES291/SA291S11	SES158	-0.347994	-8.40123	-8.05324
BLOCK29/SES291/SA291S11	SES275	-0.943163	-8.9964	-8.05324
BLOCK29/SES291/SA291S12	SES158	0.305845	-7.02656	-7.3324
BLOCK29/SES291/SA291S12	SES226	-0.981357	-8.31376	-7.3324
BLOCK29/SES291/SA291S12	SES270	-0.437127	-7.76953	-7.3324
BLOCK29/SES291/SA291S12	SES275	-2.29015	-9.62256	-7.3324
BLOCK29/SES291/SA291S22	SES082	-0.515991	-8.21159	-7.6956
BLOCK29/SES291/SA291S22	SES158	-0.232001	-7.9276	-7.6956
BLOCK29/SES291/SA291S22	SES259	-0.984269	-8.67987	-7.6956
BLOCK29/SES291/SA291S22	SES275	-1.33374	-9.02933	-7.6956
BLOCK29/SES291/SA291S24	SES104	0.3569	-6.87026	-7.22716
BLOCK29/SES291/SA291S24	SES125	-0.163471	-7.39063	-7.22716
BLOCK29/SES291/SA291S24	SES158	0.100257	-7.1269	-7.22716
BLOCK29/SES291/SA291S24	SES275	-1.19783	-8.42499	-7.22716
BLOCK29/SES291/SA291S27	SES158	0.111415	-7.00817	-7.11959
BLOCK29/SES291/SA291S27	SES172	-1.98991	-9.10949	-7.11959
BLOCK29/SES291/SA291S27	SES275	-1.39886	-8.51844	-7.11959
BLOCK29/SES291/SA291S27	SES292	-0.231847	-7.35143	-7.11959
