BLOCK00/SES002/SA002S12	SES002	0.479805	-49.1457	-49.6255
BLOCK00/SES002/SA002S13	SES002	1.75667	-48.2688	-50.0254
BLOCK00/SES002/SA002S23	SES002	1.28687	-48.9026	-50.1895
BLOCK00/SES002/SA002S26	SES002	1.64071	-48.0186	-49.6594
BLOCK00/SES002/SA002S28	SES002	0.954189	-48.9943	-49.9485
BLOCK00/SES007/SA007S14	SES007	1.28973	-47.5718	-48.8615
BLOCK00/SES007/SA007S15	SES007	0.361191	-49.3346	-49.6958
BLOCK00/SES007/SA007S24	SES007	0.974091	-48.9389	-49.913
BLOCK00/SES007/SA007S27	SES007	0.404057	-49.7711	-50.1751
BLOCK00/SES007/SA007S29	SES007	0.637367	-48.5275	-49.1649
BLOCK00/SES008/SA008S11	SES008	0.866314	-49.0578	-49.9241
BLOCK00/SES008/SA008S12	SES008	0.692947	-49.132	-49.8249
BLOCK00/SES008/SA008S19	SES008	1.60132	-47.8359	-49.4372
BLOCK00/SES008/SA008S22	SES008	1.14922	-49.1488	-50.298
BLOCK00/SES008/SA008S29	SES008	1.38295	-47.9601	-49.343
BLOCK01/SES014/SA014S10	SES014	1.63236	-48.6033	-50.2356
BLOCK01/SES014/SA014S12	SES014	2.68113	-46.1798	-48.8609
BLOCK01/SES014/SA014S24	SES014	0.972187	-48.3942	-49.3664
BLOCK01/SES014/SA014S26	SES014	2.3926	-45.7092	-48.1018
BLOCK01/SES014/SA014S28	SES014	2.38902	-46.3772	-48.7662
BLOCK01/SES016/SA016S12	SES016	1.71457	-49.6019	-51.3165
BLOCK01/SES016/SA016S13	SES016	1.49098	-48.717	-50.208
BLOCK01/SES016/SA016S22	SES016	0.235626	-50.1618	-50.3974
BLOCK01/SES016/SA016S25	SES016	1.06675	-47.8547	-48.9214
BLOCK01/SES016/SA016S27	SES016	1.28135	-47.3974	-48.6787
BLOCK01/SES019/SA019S13	SES019	2.76072	-49.0223	-51.783
BLOCK01/SES019/SA019S14	SES019	1.68011	-49.1192	-50.7993
BLOCK01/SES019/SA019S22	SES019	2.47714	-48.4377	-50.9149
BLOCK01/SES019/SA019S25	SES019	1.91097	-49.2212	-51.1322
BLOCK01/SES019/SA019S29	SES019	2.92434	-48.8337	-51.7581
BLOCK02/SES029/SA029S11	SES029	1.29805	-48.6626	-49.9606
BLOCK02/SES029/SA029S12	SES029	0.296234	-49.0054	-49.3016
BLOCK02/SES029/SA029S20	SES029	0.75906	-49.5249	-50.284
BLOCK02/SES029/SA029S25	SES029	0.593727	-48.3345	-48.9282
BLOCK02/SES029/SA029S28	SES029	0.314819	-49.5651	-49.8799
BLOCK04/SES042/SA042S12	SES042	1.89152	-47.2405	-49.132
BLOCK04/SES042/SA042S15	SES042	1.8226	-47.7226	-49.5452
BLOCK04/SES042/SA042S22	SES042	2.94897	-45.7962	-48.7452
BLOCK04/SES042/SA042S25	SES042	1.79034	-48.4793	-50.2697
BLOCK04/SES042/SA042S27	SES042	1.94612	-47.2636	-49.2097
BLOCK04/SES048/SA048S11	SES048	1.04535	-48.6085	-49.6539
BLOCK04/SES048/SA048S12	SES048	0.602108	-48.4509	-49.053
BLOCK04/SES048/SA048S20	SES048	0.733387	-48.4453	-49.1787
BLOCK04/SES048/SA048S23	SES048	1.16217	-48.6507	-49.8129
BLOCK04/SES048/SA048S27	SES048	1.22641	-47.313	-48.5394
BLOCK06/SES060/SA060S11	SES060	1.57819	-48.1304	-49.7086
BLOCK06/SES060/SA060S12	SES060	-0.572311	-50.1752	-49.6029
BLOCK06/SES060/SA060S22	SES060	0.0887527	-50.5747	-50.6635
BLOCK06/SES060/SA060S24	SES060	0.905144	-48.424	-49.3291
BLOCK06/SES060/SA060S28	SES060	0.982105	-46.49	-47.4721
BLOCK06/SES062/SA062S10	SES062	0.651657	-48.7789	-49.4306
BLOCK06/SES062/SA062S11	SES062	0.917118	-48.3184	-49.2355
BLOCK06/SES062/SA062S21	SES062	2.13292	-45.8311	-47.964
BLOCK06/SES062/SA062S26	SES062	0.816959	-47.3031	-48.1201
BLOCK06/SES062/SA062S29	SES062	1.51675	-46.7631	-48.2798
BLOCK06/SES068/SA068S14	SES068	0.668259	-48.6825	-49.3507
BLOCK06/SES068/SA068S15	SES068	1.26827	-47.4363	-48.7045
BLOCK06/SES068/SA068S23	SES068	0.601627	-49.6168	-50.2184
BLOCK06/SES068/SA068S27	SES068	1.39379	-47.2394	-48.6331
BLOCK06/SES068/SA068S29	SES068	0.82523	-48.0578	-48.883
BLOCK08/SES082/SA082S12	SES082	0.530842	-49.9228	-50.4537
BLOCK08/SES082/SA082S14	SES082	0.144299	-50.4654	-50.6097
BLOCK08/SES082/SA082S21	SES082	0.402912	-49.8778	-50.2807
BLOCK08/SES082/SA082S24	SES082	0.58955	-48.9687	-49.5582
BLOCK08/SES082/SA082S28	SES082	0.850632	-49.3188	-50.1694
BLOCK08/SES083/SA083S14	SES083	-0.329918	-49.6536	-49.3237
BLOCK08/SES083/SA083S15	SES083	0.0900002	-48.9118	-49.0018
BLOCK08/SES083/SA083S24	SES083	0.346107	-49.295	-49.6411
BLOCK08/SES083/SA083S26	SES083	0.70739	-48.6148	-49.3222
BLOCK08/SES083/SA083S29	SES083	0.00731659	-48.8157	-48.823
BLOCK08/SES085/SA085S10	SES085	0.472988	-48.6109	-49.0839
BLOCK08/SES085/SA085S13	SES085	0.358761	-49.5341	-49.8929
BLOCK08/SES085/SA085S22	SES085	-1.1188	-50.3701	-49.2513
BLOCK08/SES085/SA085S26	SES085	-0.553524	-49.29	-48.7365
BLOCK08/SES085/SA085S28	SES085	0.214638	-49.5411	-49.7557
BLOCK08/SES087/SA087S15	SES087	1.35859	-48.8001	-50.1587
BLOCK08/SES087/SA087S16	SES087	1.42925	-49.0114	-50.4406
BLOCK08/SES087/SA087S24	SES087	1.4953	-48.6212	-50.1165
BLOCK08/SES087/SA087S26	SES087	1.14404	-47.8775	-49.0215
BLOCK08/SES087/SA087S29	SES087	1.44289	-49.1719	-50.6148
BLOCK09/SES099/SA099S15	SES099	0.958221	-49.7341	-50.6923
BLOCK09/SES099/SA099S16	SES099	0.827637	-49.1323	-49.9599
BLOCK09/SES099/SA099S24	SES099	1.10518	-49.0979	-50.2031
BLOCK09/SES099/SA099S26	SES099	1.11938	-48.8267	-49.9461
BLOCK09/SES099/SA099S29	SES099	1.2044	-49.3086	-50.513
BLOCK10/SES101/SA101S11	SES101	0.36409	-48.8273	-49.1914
BLOCK10/SES101/SA101S13	SES101	1.42447	-47.3333	-48.7578
BLOCK10/SES101/SA101S22	SES101	0.986423	-48.7744	-49.7608
BLOCK10/SES101/SA101S24	SES101	1.20376	-48.5058	-49.7096
BLOCK10/SES101/SA101S28	SES101	-0.0546379	-49.6164	-49.5617
BLOCK10/SES104/SA104S11	SES104	1.43213	-47.4254	-48.8575
BLOCK10/SES104/SA104S12	SES104	1.22255	-47.9555	-49.1781
BLOCK10/SES104/SA104S21	SES104	1.03371	-48.496	-49.5297
BLOCK10/SES104/SA104S24	SES104	0.899776	-48.7616	-49.6614
BLOCK10/SES104/SA104S28	SES104	1.05675	-48.3436	-49.4003
BLOCK10/SES105/SA105S12	SES105	0.692623	-49.5386	-50.2312
BLOCK10/SES105/SA105S13	SES105	0.831974	-49.7597	-50.5917
BLOCK10/SES105/SA105S22	SES105	0.283482	-50.4874	-50.7709
BLOCK10/SES105/SA105S26	SES105	1.20073	-49.1911	-50.3918
BLOCK10/SES105/SA105S29	SES105	0.623589	-49.4993	-50.1229
BLOCK10/SES106/SA106S09	SES106	0.982666	-49.5191	-50.5018
BLOCK10/SES106/SA106S11	SES106	1.22611	-48.5388	-49.7649
BLOCK10/SES106/SA106S22	SES106	2.39098	-48.2945	-50.6855
BLOCK10/SES106/SA106S27	SES106	0.780365	-49.4516	-50.232
BLOCK10/SES106/SA106S29	SES106	0.96772	-49.1643	-50.132
BLOCK11/SES117/SA117S12	SES117	0.218361	-49.8148	-50.0332
BLOCK11/SES117/SA117S13	SES117	0.21714	-49.3771	-49.5942
BLOCK11/SES117/SA117S23	SES117	1.74383	-49.9495	-51.6933
BLOCK11/SES117/SA117S25	SES117	0.927673	-50.1884	-51.1161
BLOCK11/SES117/SA117S28	SES117	1.4374	-49.7626	-51.2
BLOCK12/SES120/SA120S08	SES120	1.23007	-50.2452	-51.4752
BLOCK12/SES120/SA120S11	SES120	0.159771	-51.6491	-51.8088
BLOCK12/SES120/SA120S22	SES120	0.254948	-49.4555	-49.7105
BLOCK12/SES120/SA120S24	SES120	0.41925	-49.549	-49.9683
BLOCK12/SES120/SA120S28	SES120	0.431454	-51.129	-51.5604
BLOCK12/SES125/SA125S13	SES125	2.38554	-47.3417	-49.7273
BLOCK12/SES125/SA125S14	SES125	1.23956	-48.8526	-50.0922
BLOCK12/SES125/SA125S25	SES125	1.52995	-48.3618	-49.8918
BLOCK12/SES125/SA125S27	SES125	1.759	-47.3062	-49.0652
BLOCK12/SES125/SA125S29	SES125	1.70864	-48.0194	-49.7281
BLOCK12/SES127/SA127S11	SES127	1.26605	-48.564	-49.8301
BLOCK12/SES127/SA127S12	SES127	-0.10458	-49.3017	-49.1972
BLOCK12/SES127/SA127S23	SES127	0.344627	-49.2561	-49.6007
BLOCK12/SES127/SA127S25	SES127	0.137909	-49.365	-49.5029
BLOCK12/SES127/SA127S27	SES127	0.990307	-48.1707	-49.161
BLOCK12/SES129/SA129S11	SES129	1.54602	-47.8179	-49.3639
BLOCK12/SES129/SA129S12	SES129	1.46881	-47.5501	-49.0189
BLOCK12/SES129/SA129S22	SES129	1.18023	-48.4412	-49.6214
BLOCK12/SES129/SA129S27	SES129	1.78651	-47.2845	-49.071
BLOCK12/SES129/SA129S29	SES129	1.37182	-47.5847	-48.9565
BLOCK14/SES142/SA142S11	SES142	1.94086	-49.0599	-51.0008
BLOCK14/SES142/SA142S12	SES142	0.732723	-49.9741	-50.7068
BLOCK14/SES142/SA142S24	SES142	1.71116	-48.8474	-50.5585
BLOCK14/SES142/SA142S27	SES142	2.29761	-48.5918	-50.8894
BLOCK14/SES142/SA142S29	SES142	2.38717	-47.8139	-50.2011
BLOCK14/SES143/SA143S12	SES143	0.968044	-49.6578	-50.6259
BLOCK14/SES143/SA143S13	SES143	0.585445	-49.8291	-50.4146
BLOCK14/SES143/SA143S23	SES143	1.45729	-49.3091	-50.7664
BLOCK14/SES143/SA143S25	SES143	1.24467	-49.2481	-50.4928
BLOCK14/SES143/SA143S28	SES143	1.26921	-48.6851	-49.9543
BLOCK14/SES144/SA144S09	SES144	0.899685	-48.9814	-49.881
BLOCK14/SES144/SA144S11	SES144	0.72086	-50.0323	-50.7532
BLOCK14/SES144/SA144S21	SES144	0.345512	-49.7325	-50.078
BLOCK14/SES144/SA144S25	SES144	0.512226	-49.7911	-50.3033
BLOCK14/SES144/SA144S29	SES144	0.0153008	-49.7757	-49.791
BLOCK14/SES146/SA146S14	SES146	0.704258	-49.8942	-50.5985
BLOCK14/SES146/SA146S15	SES146	0.498745	-49.7124	-50.2112
BLOCK14/SES146/SA146S24	SES146	0.44035	-50.0041	-50.4444
BLOCK14/SES146/SA146S26	SES146	0.904186	-49.8759	-50.7801
BLOCK14/SES146/SA146S29	SES146	0.50174	-50.6139	-51.1156
BLOCK14/SES147/SA147S11	SES147	1.45082	-49.3755	-50.8264
BLOCK14/SES147/SA147S13	SES147	1.91776	-48.3418	-50.2595
BLOCK14/SES147/SA147S23	SES147	1.17344	-49.4718	-50.6453
BLOCK14/SES147/SA147S26	SES147	0.803959	-49.6768	-50.4808
BLOCK14/SES147/SA147S28	SES147	1.56577	-48.6104	-50.1762
BLOCK14/SES148/SA148S10	SES148	1.0542	-48.6158	-49.67
BLOCK14/SES148/SA148S12	SES148	0.700161	-49.8508	-50.551
BLOCK14/SES148/SA148S22	SES148	0.980583	-48.1842	-49.1648
BLOCK14/SES148/SA148S26	SES148	0.555611	-48.9018	-49.4574
BLOCK14/SES148/SA148S29	SES148	0.54565	-49.5115	-50.0572
BLOCK14/SES149/SA149S13	SES149	0.201279	-49.5662	-49.7675
BLOCK14/SES149/SA149S14	SES149	0.437477	-48.947	-49.3845
BLOCK14/SES149/SA149S24	SES149	1.40305	-48.5472	-49.9503
BLOCK14/SES149/SA149S26	SES149	2.02378	-47.59	-49.6138
BLOCK14/SES149/SA149S28	SES149	2.47966	-46.7401	-49.2198
BLOCK15/SES158/SA158S13	SES158	1.2767	-49.4486	-50.7253
BLOCK15/SES158/SA158S14	SES158	1.89294	-48.6933	-50.5862
BLOCK15/SES158/SA158S23	SES158	1.13358	-48.8446	-49.9782
BLOCK15/SES158/SA158S26	SES158	1.62098	-48.9227	-50.5437
BLOCK15/SES158/SA158S28	SES158	1.06852	-49.398	-50.4665
BLOCK16/SES162/SA162S10	SES162	0.569561	-50.475	-51.0445
BLOCK16/SES162/SA162S11	SES162	0.843288	-49.1908	-50.0341
BLOCK16/SES162/SA162S21	SES162	1.71575	-48.9514	-50.6671
BLOCK16/SES162/SA162S24	SES162	1.13419	-49.7095	-50.8437
BLOCK16/SES162/SA162S27	SES162	1.25921	-48.8819	-50.1411
BLOCK16/SES167/SA167S14	SES167	1.0042	-47.8332	-48.8374
BLOCK16/SES167/SA167S15	SES167	1.46042	-48.6487	-50.1091
BLOCK16/SES167/SA167S21	SES167	1.3252	-47.8146	-49.1398
BLOCK16/SES167/SA167S25	SES167	1.45646	-48.7886	-50.2451
BLOCK16/SES167/SA167S29	SES167	1.91283	-47.1862	-49.099
BLOCK17/SES172/SA172S12	SES172	1.77233	-48.0899	-49.8622
BLOCK17/SES172/SA172S13	SES172	1.7419	-48.8397	-50.5816
BLOCK17/SES172/SA172S23	SES172	0.692249	-47.8209	-48.5132
BLOCK17/SES172/SA172S27	SES172	0.6796	-49.0711	-49.7507
BLOCK17/SES172/SA172S29	SES172	1.3012	-48.5203	-49.8215
BLOCK17/SES175/SA175S11	SES175	0.996082	-48.5766	-49.5727
BLOCK17/SES175/SA175S13	SES175	1.0893	-48.9582	-50.0475
BLOCK17/SES175/SA175S23	SES175	1.55285	-48.5522	-50.105
BLOCK17/SES175/SA175S25	SES175	0.914261	-50.2166	-51.1309
BLOCK17/SES175/SA175S28	SES175	1.30336	-48.3184	-49.6218
BLOCK17/SES177/SA177S15	SES177	0.0518188	-49.6466	-49.6984
BLOCK17/SES177/SA177S17	SES177	0.42873	-49.3113	-49.7401
BLOCK17/SES177/SA177S23	SES177	0.144005	-49.9844	-50.1284
BLOCK17/SES177/SA177S26	SES177	0.925884	-47.6141	-48.54
BLOCK17/SES177/SA177S28	SES177	0.79081	-48.2931	-49.0839
BLOCK18/SES180/SA180S13	SES180	0.512733	-48.9608	-49.4735
BLOCK18/SES180/SA180S15	SES180	0.784668	-49.266	-50.0506
BLOCK18/SES180/SA180S24	SES180	0.892681	-47.7904	-48.6831
BLOCK18/SES180/SA180S26	SES180	0.940884	-48.391	-49.3319
BLOCK18/SES180/SA180S29	SES180	1.15695	-48.9442	-50.1012
BLOCK18/SES183/SA183S13	SES183	1.03455	-49.867	-50.9015
BLOCK18/SES183/SA183S14	SES183	0.652954	-49.7095	-50.3624
BLOCK18/SES183/SA183S24	SES183	1.24009	-49.621	-50.8611
BLOCK18/SES183/SA183S27	SES183	1.12591	-49.2706	-50.3965
BLOCK18/SES183/SA183S29	SES183	1.13111	-49.0206	-50.1517
BLOCK18/SES187/SA187S13	SES187	0.924625	-49.9013	-50.8259
BLOCK18/SES187/SA187S14	SES187	0.773495	-49.8266	-50.6001
BLOCK18/SES187/SA187S24	SES187	1.29193	-48.7069	-49.9988
BLOCK18/SES187/SA187S27	SES187	1.58992	-48.5699	-50.1599
BLOCK18/SES187/SA187S29	SES187	1.32541	-48.8037	-50.1292
BLOCK18/SES189/SA189S10	SES189	1.57844	-50.9835	-52.5619
BLOCK18/SES189/SA189S13	SES189	2.16886	-50.886	-53.0549
BLOCK18/SES189/SA189S24	SES189	2.54752	-50.2916	-52.8391
BLOCK18/SES189/SA189S26	SES189	1.11469	-50.1452	-51.2599
BLOCK18/SES189/SA189S29	SES189	2.42236	-49.7537	-52.1761
BLOCK20/SES202/SA202S12	SES202	1.73832	-49.8253	-51.5637
BLOCK20/SES202/SA202S14	SES202	2.59404	-47.9744	-50.5684
BLOCK20/SES202/SA202S24	SES202	1.52242	-49.0831	-50.6055
BLOCK20/SES202/SA202S27	SES202	2.17327	-46.9883	-49.1615
BLOCK20/SES202/SA202S29	SES202	2.64198	-46.6581	-49.3001
BLOCK20/SES206/SA206S15	SES206	-0.0774269	-49.344	-49.2666
BLOCK20/SES206/SA206S17	SES206	1.77341	-47.3444	-49.1178
BLOCK20/SES206/SA206S24	SES206	1.54599	-47.5293	-49.0753
BLOCK20/SES206/SA206S27	SES206	1.27288	-48.6418	-49.9147
BLOCK20/SES206/SA206S29	SES206	1.26849	-47.6224	-48.8908
BLOCK22/SES226/SA226S12	SES226	1.29297	-49.3324	-50.6253
BLOCK22/SES226/SA226S13	SES226	0.183636	-49.8031	-49.9868
BLOCK22/SES226/SA226S20	SES226	1.09638	-49.22	-50.3164
BLOCK22/SES226/SA226S23	SES226	1.25502	-48.8569	-50.1119
BLOCK22/SES226/SA226S28	SES226	1.65226	-48.3197	-49.972
BLOCK25/SES259/SA259S13	SES259	2.43188	-47.6938	-50.1257
BLOCK25/SES259/SA259S14	SES259	1.63192	-48.3051	-49.937
BLOCK25/SES259/SA259S22	SES259	1.27935	-48.7059	-49.9852
BLOCK25/SES259/SA259S24	SES259	1.78481	-47.1445	-48.9293
BLOCK25/SES259/SA259S28	SES259	1.43171	-48.0861	-49.5178
BLOCK27/SES270/SA270S14	SES270	1.55856	-50.0253	-51.5839
BLOCK27/SES270/SA270S16	SES270	1.0565	-49.3534	-50.4099
BLOCK27/SES270/SA270S22	SES270	1.78728	-49.0016	-50.7889
BLOCK27/SES270/SA270S26	SES270	0.963634	-49.9954	-50.959
BLOCK27/SES270/SA270S28	SES270	0.428799	-49.5783	-50.0071
BLOCK27/SES275/SA275S17	SES275	1.25537	-49.6255	-50.8808
BLOCK27/SES275/SA275S18	SES275	0.225594	-49.451	-49.6766
BLOCK27/SES275/SA275S24	SES275	0.709888	-50.2264	-50.9363
BLOCK27/SES275/SA275S26	SES275	0.933712	-49.0001	-49.9338
BLOCK27/SES275/SA275S28	SES275	0.357189	-49.3657	-49.7229
BLOCK29/SES292/SA292S10	SES292	0.126667	-49.8066	-49.9333
BLOCK29/SES292/SA292S12	SES292	0.296841	-50.0855	-50.3823
BLOCK29/SES292/SA292S22	SES292	0.997265	-48.588	-49.5853
BLOCK29/SES292/SA292S24	SES292	0.299904	-49.304	-49.6039
BLOCK29/SES292/SA292S27	SES292	0.102821	-48.8844	-48.9872
BLOCK00/SES001/SA001S14	SES062	-1.54066	-51.675	-50.1343
BLOCK00/SES001/SA001S14	SES082	-1.98347	-52.1178	-50.1343
BLOCK00/SES001/SA001S14	SES106	-1.38436	-51.5187	-50.1343
BLOCK00/SES001/SA001S14	SES206	-1.67697	-51.8113	-50.1343
BLOCK00/SES001/SA001S15	SES062	-1.76697	-50.7512	-48.9842
BLOCK00/SES001/SA001S15	SES104	-2.1453	-51.1295	-48.9842
BLOCK00/SES001/SA001S15	SES106	-1.77346	-50.7576	-48.9842
BLOCK00/SES001/SA001S15	SES206	-1.56629	-50.5505	-48.9842
BLOCK00/SES001/SA001S24	SES062	-3.08801	-53.7523	-50.6643
BLOCK00/SES001/SA001S24	SES082	-2.3395	-53.0038	-50.6643
BLOCK00/SES001/SA001S24	SES087	-1.81724	-52.4815	-50.6643
BLOCK00/SES001/SA001S24	SES206	-1.63259	-52.2969	-50.6643
BLOCK00/SES001/SA001S27	SES062	-2.1275	-51.2935	-49.166
BLOCK00/SES001/SA001S27	SES082	-2.11515	-51.2812	-49.166
BLOCK00/SES001/SA001S27	SES087	-2.01551	-51.1815	-49.166
BLOCK00/SES001/SA001S27	SES206	-1.9962	-51.1622	-49.166
BLOCK00/SES001/SA001S29	SES062	-2.94799	-53.2013	-50.2533
BLOCK00/SES001/SA001S29	SES082	-1.52927	-51.7826	-50.2533
BLOCK00/SES001/SA001S29	SES158	-1.11666	-51.37	-50.2533
BLOCK00/SES001/SA001S29	SES206	-2.39623	-52.6496	-50.2533
BLOCK00/SES003/SA003S11	SES002	-0.76915	-50.7908	-50.0216
BLOCK00/SES003/SA003S11	SES019	-1.0033	-51.0249	-50.0216
BLOCK00/SES003/SA003S11	SES082	-0.117039	-50.1387	-50.0216
BLOCK00/SES003/SA003S11	SES125	-1.30787	-51.3295	-50.0216
BLOCK00/SES003/SA003S15	SES016	-3.26183	-52.2726	-49.0107
BLOCK00/SES003/SA003S15	SES019	-1.49906	-50.5098	-49.0107
BLOCK00/SES003/SA003S15	SES062	-1.723	-50.7337	-49.0107
BLOCK00/SES003/SA003S15	SES206	-0.62059	-49.6313	-49.0107
BLOCK00/SES003/SA003S22	SES002	-1.46155	-51.1126	-49.651
BLOCK00/SES003/SA003S22	SES062	-1.33618	-50.9872	-49.651
BLOCK00/SES003/SA003S22	SES082	-0.907295	-50.5583	-49.651
BLOCK00/SES003/SA003S22	SES087	-1.26227	-50.9133	-49.651
BLOCK00/SES003/SA003S25	SES062	-2.78787	-52.4141	-49.6262
BLOCK00/SES003/SA003S25	SES082	-0.754768	-50.381	-49.6262
BLOCK00/SES003/SA003S25	SES087	-0.89864	-50.5248	-49.6262
BLOCK00/SES003/SA003S25	SES206	-1.277	-50.9032	-49.6262
BLOCK00/SES003/SA003S29	SES002	-1.53576	-51.6054	-50.0697
BLOCK00/SES003/SA003S29	SES062	-1.90099	-51.9707	-50.0697
BLOCK00/SES003/SA003S29	SES082	-0.785313	-50.855	-50.0697
BLOCK00/SES003/SA003S29	SES087	-1.8201	-51.8898	-50.0697
BLOCK00/SES004/SA004S12	SES083	-2.1709	-52.8111	-50.6402
BLOCK00/SES004/SA004S12	SES148	-2.16653	-52.8067	-50.6402
BLOCK00/SES004/SA004S12	SES172	-1.82014	-52.4603	-50.6402
BLOCK00/SES004/SA004S12	SES292	-2.15962	-52.7998	-50.6402
BLOCK00/SES004/SA004S17	SES083	-1.8931	-52.4909	-50.5978
BLOCK00/SES004/SA004S17	SES162	-0.850674	-51.4485	-50.5978
BLOCK00/SES004/SA004S17	SES172	-1.8209	-52.4187	-50.5978
BLOCK00/SES004/SA004S17	SES292	-1.75826	-52.3561	-50.5978
BLOCK00/SES004/SA004S24	SES083	-1.81039	-51.9984	-50.188
BLOCK00/SES004/SA004S24	SES148	-1.93979	-52.1278	-50.188
BLOCK00/SES004/SA004S24	SES172	-0.946487	-51.1345	-50.188
BLOCK00/SES004/SA004S24	SES292	-1.48233	-51.6703	-50.188
BLOCK00/SES004/SA004S26	SES083	-1.3986	-51.2193	-49.8207
BLOCK00/SES004/SA004S26	SES127	-1.23484	-51.0556	-49.8207
BLOCK00/SES004/SA004S26	SES148	-2.20793	-52.0287	-49.8207
BLOCK00/SES004/SA004S26	SES292	-2.02864	-51.8494	-49.8207
BLOCK00/SES004/SA004S28	SES083	-1.37766	-50.7978	-49.4201
BLOCK00/SES004/SA004S28	SES127	-1.33476	-50.7549	-49.4201
BLOCK00/SES004/SA004S28	SES187	-1.03724	-50.4573	-49.4201
BLOCK00/SES004/SA004S28	SES292	-2.28008	-51.7002	-49.4201
BLOCK00/SES006/SA006S10	SES014	-2.44699	-54.5722	-52.1252
BLOCK00/SES006/SA006S10	SES158	-0.772915	-52.8982	-52.1252
BLOCK00/SES006/SA006S10	SES226	-3.32434	-55.4496	-52.1252
BLOCK00/SES006/SA006S10	SES270	-0.408436	-52.5337	-52.1252
BLOCK00/SES006/SA006S11	SES158	-0.935623	-52.8111	-51.8754
BLOCK00/SES006/SA006S11	SES226	-2.50457	-54.38	-51.8754
BLOCK00/SES006/SA006S11	SES270	-0.568565	-52.444	-51.8754
BLOCK00/SES006/SA006S11	SES275	-2.61883	-54.4943	-51.8754
BLOCK00/SES006/SA006S23	SES062	-2.42598	-53.379	-50.9531
BLOCK00/SES006/SA006S23	SES105	-2.37017	-53.3232	-50.9531
BLOCK00/SES006/SA006S23	SES158	-0.587811	-51.5409	-50.9531
BLOCK00/SES006/SA006S23	SES275	-1.75135	-52.7044	-50.9531
BLOCK00/SES006/SA006S26	SES104	-2.41446	-53.0225	-50.6081
BLOCK00/SES006/SA006S26	SES158	-0.60318	-51.2113	-50.6081
BLOCK00/SES006/SA006S26	SES270	0.14444	-50.4636	-50.6081
BLOCK00/SES006/SA006S26	SES275	-2.79747	-53.4055	-50.6081
BLOCK00/SES006/SA006S28	SES007	-2.33035	-54.3051	-51.9748
BLOCK00/SES006/SA006S28	SES105	-2.53169	-54.5065	-51.9748
BLOCK00/SES006/SA006S28	SES158	-1.20437	-53.1792	-51.9748
BLOCK00/SES006/SA006S28	SES275	-2.75427	-54.7291	-51.9748
BLOCK00/SES009/SA009S12	SES083	-1.78464	-51.2311	-49.4465
BLOCK00/SES009/SA009S12	SES148	-1.35513	-50.8016	-49.4465
BLOCK00/SES009/SA009S12	SES177	-1.5043	-50.9508	-49.4465
BLOCK00/SES009/SA009S12	SES292	-1.20162	-50.6481	-49.4465
BLOCK00/SES009/SA009S15	SES007	0.329727	-48.3172	-48.6469
BLOCK00/SES009/SA009S15	SES099	-2.53598	-51.1829	-48.6469
BLOCK00/SES009/SA009S15	SES148	-1.29295	-49.9398	-48.6469
BLOCK00/SES009/SA009S15	SES172	-1.64967	-50.2966	-48.6469
BLOCK00/SES009/SA009S24	SES146	-0.616249	-49.6245	-49.0083
BLOCK00/SES009/SA009S24	SES148	-1.4796	-50.4879	-49.0083
BLOCK00/SES009/SA009S24	SES177	-0.94672	-49.955	-49.0083
BLOCK00/SES009/SA009S24	SES292	-1.08482	-50.0931	-49.0083
BLOCK00/SES009/SA009S26	SES083	-1.75027	-51.2445	-49.4942
BLOCK00/SES009/SA009S26	SES101	-1.58567	-51.0799	-49.4942
BLOCK00/SES009/SA009S26	SES120	-1.04699	-50.5412	-49.4942
BLOCK00/SES009/SA009S26	SES177	-1.51392	-51.0082	-49.4942
BLOCK00/SES009/SA009S29	SES083	-1.19462	-50.1454	-48.9508
BLOCK00/SES009/SA009S29	SES101	-1.12388	-50.0747	-48.9508
BLOCK00/SES009/SA009S29	SES177	-1.21162	-50.1624	-48.9508
BLOCK00/SES009/SA009S29	SES292	-1.28167	-50.2325	-48.9508
BLOCK01/SES011/SA011S10	SES019	-1.30438	-51.3076	-50.0032
BLOCK01/SES011/SA011S10	SES042	-0.630531	-50.6337	-50.0032
BLOCK01/SES011/SA011S10	SES082	-2.12548	-52.1287	-50.0032
BLOCK01/SES011/SA011S10	SES206	-1.08327	-51.0865	-50.0032
BLOCK01/SES011/SA011S11	SES019	-0.853905	-52.0682	-51.2143
BLOCK01/SES011/SA011S11	SES042	-0.873577	-52.0879	-51.2143
BLOCK01/SES011/SA011S11	SES082	-2.33541	-53.5497	-51.2143
BLOCK01/SES011/SA011S11	SES206	-0.616264	-51.8306	-51.2143
BLOCK01/SES011/SA011S22	SES019	-0.375454	-51.1378	-50.7623
BLOCK01/SES011/SA011S22	SES042	-0.224312	-50.9866	-50.7623
BLOCK01/SES011/SA011S22	SES082	-1.63064	-52.393	-50.7623
BLOCK01/SES011/SA011S22	SES206	-0.728291	-51.4906	-50.7623
BLOCK01/SES011/SA011S24	SES019	-1.03621	-51.1233	-50.0871
BLOCK01/SES011/SA011S24	SES042	-0.81591	-50.903	-50.0871
BLOCK01/SES011/SA011S24	SES104	-1.48491	-51.572	-50.0871
BLOCK01/SES011/SA011S24	SES206	-0.603077	-50.6902	-50.0871
BLOCK01/SES011/SA011S27	SES082	-0.0882301	-50.1103	-50.0221
BLOCK01/SES011/SA011S27	SES087	-1.24372	-51.2658	-50.0221
BLOCK01/SES011/SA011S27	SES125	-0.53899	-50.5611	-50.0221
BLOCK01/SES011/SA011S27	SES206	-0.391937	-50.414	-50.0221
BLOCK01/SES012/SA012S11	SES007	-1.47646	-50.5137	-49.0372
BLOCK01/SES012/SA012S11	SES082	-1.14474	-50.1819	-49.0372
BLOCK01/SES012/SA012S11	SES083	-1.96447	-51.0017	-49.0372
BLOCK01/SES012/SA012S11	SES206	-0.66761	-49.7048	-49.0372
BLOCK01/SES012/SA012S14	SES082	-1.07989	-50.5159	-49.436
BLOCK01/SES012/SA012S14	SES087	-1.55511	-50.9911	-49.436
BLOCK01/SES012/SA012S14	SES206	-0.652683	-50.0887	-49.436
BLOCK01/SES012/SA012S14	SES292	-2.66322	-52.0992	-49.436
BLOCK01/SES012/SA012S24	SES082	0.146969	-50.3126	-50.4596
BLOCK01/SES012/SA012S24	SES087	-0.984283	-51.4439	-50.4596
BLOCK01/SES012/SA012S24	SES120	-3.44419	-53.9038	-50.4596
BLOCK01/SES012/SA012S24	SES206	-0.330975	-50.7906	-50.4596
BLOCK01/SES012/SA012S26	SES019	-2.09058	-51.4333	-49.3427
BLOCK01/SES012/SA012S26	SES082	-1.64382	-50.9865	-49.3427
BLOCK01/SES012/SA012S26	SES206	-0.386806	-49.7295	-49.3427
BLOCK01/SES012/SA012S26	SES292	-2.31234	-51.6551	-49.3427
BLOCK01/SES012/SA012S29	SES062	-1.57978	-50.5864	-49.0066
BLOCK01/SES012/SA012S29	SES082	-1.11663	-50.1232	-49.0066
BLOCK01/SES012/SA012S29	SES083	-2.25912	-51.2657	-49.0066
BLOCK01/SES012/SA012S29	SES206	-0.933434	-49.94	-49.0066
BLOCK01/SES013/SA013S16	SES062	-3.53156	-53.4134	-49.8818
BLOCK01/SES013/SA013S16	SES106	-1.11476	-50.9966	-49.8818
BLOCK01/SES013/SA013S16	SES206	-1.23374	-51.1156	-49.8818
BLOCK01/SES013/SA013S16	SES226	-0.289574	-50.1714	-49.8818
BLOCK01/SES013/SA013S17	SES062	-2.82859	-51.9365	-49.1079
BLOCK01/SES013/SA013S17	SES106	-2.07111	-51.179	-49.1079
BLOCK01/SES013/SA013S17	SES206	-0.680901	-49.7888	-49.1079
BLOCK01/SES013/SA013S17	SES226	-0.281307	-49.3892	-49.1079
BLOCK01/SES013/SA013S23	SES104	-1.57151	-51.722	-50.1505
BLOCK01/SES013/SA013S23	SES106	-0.796612	-50.9472	-50.1505
BLOCK01/SES013/SA013S23	SES206	-1.23252	-51.3831	-50.1505
BLOCK01/SES013/SA013S23	SES270	-0.440411	-50.591	-50.1505
BLOCK01/SES013/SA013S25	SES042	-1.46196	-50.7075	-49.2455
BLOCK01/SES013/SA013S25	SES104	-1.58746	-50.833	-49.2455
BLOCK01/SES013/SA013S25	SES106	-0.994572	-50.2401	-49.2455
BLOCK01/SES013/SA013S25	SES206	-1.23085	-50.4764	-49.2455
BLOCK01/SES013/SA013S29	SES062	-3.65738	-53.1913	-49.5339
BLOCK01/SES013/SA013S29	SES104	-2.01419	-51.5481	-49.5339
BLOCK01/SES013/SA013S29	SES106	-0.903618	-50.4376	-49.5339
BLOCK01/SES013/SA013S29	SES206	-1.20567	-50.7396	-49.5339
BLOCK02/SES021/SA021S13	SES016	-3.19824	-52.6055	-49.4073
BLOCK02/SES021/SA021S13	SES029	-2.35237	-51.7596	-49.4073
BLOCK02/SES021/SA021S13	SES087	-1.35459	-50.7619	-49.4073
BLOCK02/SES021/SA021S13	SES206	-0.24123	-49.6485	-49.4073
BLOCK02/SES021/SA021S15	SES087	-0.69035	-49.121	-48.4307
BLOCK02/SES021/SA021S15	SES125	0.393368	-48.0373	-48.4307
BLOCK02/SES021/SA021S15	SES206	0.174583	-48.2561	-48.4307
BLOCK02/SES021/SA021S15	SES226	-0.981098	-49.4118	-48.4307
BLOCK02/SES021/SA021S23	SES062	-2.84297	-52.7882	-49.9452
BLOCK02/SES021/SA021S23	SES087	-1.44842	-51.3936	-49.9452
BLOCK02/SES021/SA021S23	SES206	-0.990597	-50.9358	-49.9452
BLOCK02/SES021/SA021S23	SES226	-0.887085	-50.8323	-49.9452
BLOCK02/SES021/SA021S27	SES002	-1.03717	-50.2529	-49.2158
BLOCK02/SES021/SA021S27	SES016	-3.54612	-52.7619	-49.2158
BLOCK02/SES021/SA021S27	SES019	-1.71586	-50.9316	-49.2158
BLOCK02/SES021/SA021S27	SES062	-1.39225	-50.608	-49.2158
BLOCK02/SES021/SA021S29	SES087	-0.549667	-49.3154	-48.7657
BLOCK02/SES021/SA021S29	SES125	-0.537651	-49.3034	-48.7657
BLOCK02/SES021/SA021S29	SES206	-0.022274	-48.788	-48.7657
BLOCK02/SES021/SA021S29	SES226	-1.08642	-49.8522	-48.7657
BLOCK04/SES043/SA043S09	SES083	-2.11786	-53.0131	-50.8953
BLOCK04/SES043/SA043S09	SES101	-2.05496	-52.9502	-50.8953
BLOCK04/SES043/SA043S09	SES144	-0.595867	-51.4911	-50.8953
BLOCK04/SES043/SA043S09	SES172	-2.3278	-53.2231	-50.8953
BLOCK04/SES043/SA043S11	SES083	-1.03274	-50.6929	-49.6602
BLOCK04/SES043/SA043S11	SES101	-1.4422	-51.1024	-49.6602
BLOCK04/SES043/SA043S11	SES144	-0.579338	-50.2395	-49.6602
BLOCK04/SES043/SA043S11	SES172	-1.59149	-51.2517	-49.6602
BLOCK04/SES043/SA043S23	SES083	-1.15158	-51.1843	-50.0327
BLOCK04/SES043/SA043S23	SES144	-0.148323	-50.181	-50.0327
BLOCK04/SES043/SA043S23	SES177	-1.56379	-51.5965	-50.0327
BLOCK04/SES043/SA043S23	SES275	-0.821877	-50.8546	-50.0327
BLOCK04/SES043/SA043S26	SES083	-0.713013	-50.6279	-49.9149
BLOCK04/SES043/SA043S26	SES101	-1.21835	-51.1332	-49.9149
BLOCK04/SES043/SA043S26	SES144	-0.26553	-50.1804	-49.9149
BLOCK04/SES043/SA043S26	SES177	-1.57298	-51.4879	-49.9149
BLOCK04/SES043/SA043S28	SES016	-1.48453	-50.9054	-49.4209
BLOCK04/SES043/SA043S28	SES083	-0.934212	-50.3551	-49.4209
BLOCK04/SES043/SA043S28	SES101	-1.00987	-50.4307	-49.4209
BLOCK04/SES043/SA043S28	SES144	-0.654667	-50.0755	-49.4209
BLOCK04/SES044/SA044S10	SES127	-3.35468	-55.9879	-52.6332
BLOCK04/SES044/SA044S10	SES144	-0.800915	-53.4341	-52.6332
BLOCK04/SES044/SA044S10	SES147	-2.91121	-55.5444	-52.6332
BLOCK04/SES044/SA044S10	SES148	-3.00734	-55.6405	-52.6332
BLOCK04/SES044/SA044S11	SES101	-1.90648	-53.6945	-51.7881
BLOCK04/SES044/SA044S11	SES144	0.142853	-51.6452	-51.7881
BLOCK04/SES044/SA044S11	SES147	-1.52524	-53.3133	-51.7881
BLOCK04/SES044/SA044S11	SES177	-1.81594	-53.604	-51.7881
BLOCK04/SES044/SA044S24	SES007	-1.96978	-53.1	-51.1302
BLOCK04/SES044/SA044S24	SES101	-1.4194	-52.5496	-51.1302
BLOCK04/SES044/SA044S24	SES147	-2.21094	-53.3412	-51.1302
BLOCK04/SES044/SA044S24	SES177	-1.65491	-52.7851	-51.1302
BLOCK04/SES044/SA044S26	SES007	-1.72254	-52.2064	-50.4838
BLOCK04/SES044/SA044S26	SES016	-0.921692	-51.4055	-50.4838
BLOCK04/SES044/SA044S26	SES101	-1.38181	-51.8656	-50.4838
BLOCK04/SES044/SA044S26	SES147	-1.30212	-51.7859	-50.4838
BLOCK04/SES044/SA044S29	SES007	-1.72279	-51.6004	-49.8776
BLOCK04/SES044/SA044S29	SES101	-0.428169	-50.3058	-49.8776
BLOCK04/SES044/SA044S29	SES147	-1.81901	-51.6966	-49.8776
BLOCK04/SES044/SA044S29	SES177	-1.458	-51.3356	-49.8776
BLOCK04/SES046/SA046S13	SES101	-2.43293	-53.2507	-50.8178
BLOCK04/SES046/SA046S13	SES144	-1.15428	-51.9721	-50.8178
BLOCK04/SES046/SA046S13	SES147	-2.5688	-53.3866	-50.8178
BLOCK04/SES046/SA046S13	SES177	-0.865841	-51.6836	-50.8178
BLOCK04/SES046/SA046S15	SES048	-2.45484	-51.7323	-49.2775
BLOCK04/SES046/SA046S15	SES083	-1.1424	-50.4199	-49.2775
BLOCK04/SES046/SA046S15	SES120	-2.93738	-52.2149	-49.2775
BLOCK04/SES046/SA046S15	SES148	-1.57613	-50.8536	-49.2775
BLOCK04/SES046/SA046S22	SES101	-1.13266	-51.2314	-50.0988
BLOCK04/SES046/SA046S22	SES144	-1.03326	-51.132	-50.0988
BLOCK04/SES046/SA046S22	SES147	-2.32901	-52.4278	-50.0988
BLOCK04/SES046/SA046S22	SES172	-1.14426	-51.243	-50.0988
BLOCK04/SES046/SA046S25	SES083	-1.52737	-51.5881	-50.0607
BLOCK04/SES046/SA046S25	SES127	-1.77834	-51.8391	-50.0607
BLOCK04/SES046/SA046S25	SES144	-1.30216	-51.3629	-50.0607
BLOCK04/SES046/SA046S25	SES148	-0.991474	-51.0522	-50.0607
BLOCK04/SES046/SA046S28	SES007	-3.01951	-53.727	-50.7075
BLOCK04/SES046/SA046S28	SES105	-2.19458	-52.9021	-50.7075
BLOCK04/SES046/SA046S28	SES147	-1.96667	-52.6742	-50.7075
BLOCK04/SES046/SA046S28	SES148	-2.17059	-52.8781	-50.7075
BLOCK04/SES049/SA049S16	SES104	-1.4173	-52.191	-50.7737
BLOCK04/SES049/SA049S16	SES106	-1.42812	-52.2018	-50.7737
BLOCK04/SES049/SA049S16	SES120	-2.75749	-53.5312	-50.7737
BLOCK04/SES049/SA049S16	SES206	-1.04699	-51.8207	-50.7737
BLOCK04/SES049/SA049S18	SES099	-0.334896	-52.1953	-51.8604
BLOCK04/SES049/SA049S18	SES104	-2.13217	-53.9926	-51.8604
BLOCK04/SES049/SA049S18	SES125	-1.95864	-53.8191	-51.8604
BLOCK04/SES049/SA049S18	SES206	-1.2953	-53.1557	-51.8604
BLOCK04/SES049/SA049S25	SES087	-1.31589	-51.7591	-50.4432
BLOCK04/SES049/SA049S25	SES104	-1.15351	-51.5967	-50.4432
BLOCK04/SES049/SA049S25	SES125	-1.73369	-52.1769	-50.4432
BLOCK04/SES049/SA049S25	SES206	-0.594624	-51.0378	-50.4432
BLOCK04/SES049/SA049S27	SES099	-0.305271	-50.7196	-50.4143
BLOCK04/SES049/SA049S27	SES104	-0.452675	-50.867	-50.4143
BLOCK04/SES049/SA049S27	SES125	-1.09992	-51.5142	-50.4143
BLOCK04/SES049/SA049S27	SES206	-0.859837	-51.2741	-50.4143
BLOCK04/SES049/SA049S29	SES099	-0.316425	-49.7736	-49.4572
BLOCK04/SES049/SA049S29	SES104	-0.0549088	-49.5121	-49.4572
BLOCK04/SES049/SA049S29	SES125	-0.558788	-50.016	-49.4572
BLOCK04/SES049/SA049S29	SES206	-0.213963	-49.6711	-49.4572
BLOCK06/SES063/SA063S09	SES068	-1.52265	-51.4291	-49.9064
BLOCK06/SES063/SA063S09	SES083	-0.825035	-50.7315	-49.9064
BLOCK06/SES063/SA063S09	SES177	-0.870361	-50.7768	-49.9064
BLOCK06/SES063/SA063S09	SES187	-1.54988	-51.4563	-49.9064
BLOCK06/SES063/SA063S10	SES068	-1.67892	-52.2174	-50.5385
BLOCK06/SES063/SA063S10	SES083	-0.735847	-51.2744	-50.5385
BLOCK06/SES063/SA063S10	SES172	-0.373997	-50.9125	-50.5385
BLOCK06/SES063/SA063S10	SES187	-1.11924	-51.6578	-50.5385
BLOCK06/SES063/SA063S20	SES068	-2.50548	-52.7582	-50.2527
BLOCK06/SES063/SA063S20	SES083	-0.918751	-51.1715	-50.2527
BLOCK06/SES063/SA063S20	SES172	-1.12346	-51.3762	-50.2527
BLOCK06/SES063/SA063S20	SES187	-0.259254	-50.512	-50.2527
BLOCK06/SES063/SA063S24	SES029	-2.34203	-51.7264	-49.3843
BLOCK06/SES063/SA063S24	SES083	-0.459137	-49.8435	-49.3843
BLOCK06/SES063/SA063S24	SES177	-0.490112	-49.8744	-49.3843
BLOCK06/SES063/SA063S24	SES189	-1.06495	-50.4493	-49.3843
BLOCK06/SES063/SA063S27	SES083	-0.66053	-50.8826	-50.2221
BLOCK06/SES063/SA063S27	SES172	-1.38086	-51.6029	-50.2221
BLOCK06/SES063/SA063S27	SES187	-1.37827	-51.6003	-50.2221
BLOCK06/SES063/SA063S27	SES292	-2.0302	-52.2523	-50.2221
BLOCK06/SES067/SA067S12	SES083	-1.71555	-51.5867	-49.8712
BLOCK06/SES067/SA067S12	SES172	-2.00644	-51.8776	-49.8712
BLOCK06/SES067/SA067S12	SES202	0.069149	-49.802	-49.8712
BLOCK06/SES067/SA067S12	SES292	-1.80702	-51.6782	-49.8712
BLOCK06/SES067/SA067S14	SES085	-2.11703	-51.6424	-49.5253
BLOCK06/SES067/SA067S14	SES177	-1.15224	-50.6776	-49.5253
BLOCK06/SES067/SA067S14	SES183	-1.95008	-51.4754	-49.5253
BLOCK06/SES067/SA067S14	SES202	-0.556709	-50.0821	-49.5253
BLOCK06/SES067/SA067S21	SES144	-1.26498	-51.7332	-50.4682
BLOCK06/SES067/SA067S21	SES177	-0.847923	-51.3161	-50.4682
BLOCK06/SES067/SA067S21	SES183	-3.66904	-54.1373	-50.4682
BLOCK06/SES067/SA067S21	SES189	-0.12904	-50.5973	-50.4682
BLOCK06/SES067/SA067S25	SES085	-0.595554	-50.6044	-50.0088
BLOCK06/SES067/SA067S25	SES177	-0.515846	-50.5247	-50.0088
BLOCK06/SES067/SA067S25	SES183	-1.90812	-51.917	-50.0088
BLOCK06/SES067/SA067S25	SES202	-0.251877	-50.2607	-50.0088
BLOCK06/SES067/SA067S29	SES085	-1.50972	-51.1486	-49.6389
BLOCK06/SES067/SA067S29	SES177	-1.25884	-50.8977	-49.6389
BLOCK06/SES067/SA067S29	SES183	-2.35361	-51.9925	-49.6389
BLOCK06/SES067/SA067S29	SES202	0.174587	-49.4643	-49.6389
BLOCK06/SES069/SA069S12	SES029	-2.87713	-52.3134	-49.4363
BLOCK06/SES069/SA069S12	SES082	-0.829712	-50.266	-49.4363
BLOCK06/SES069/SA069S12	SES087	-1.26711	-50.7034	-49.4363
BLOCK06/SES069/SA069S12	SES206	-0.8927	-50.329	-49.4363
BLOCK06/SES069/SA069S13	SES029	-3.15303	-52.7692	-49.6162
BLOCK06/SES069/SA069S13	SES087	-1.73611	-51.3523	-49.6162
BLOCK06/SES069/SA069S13	SES206	-1.25688	-50.8731	-49.6162
BLOCK06/SES069/SA069S13	SES226	-1.30021	-50.9164	-49.6162
BLOCK06/SES069/SA069S23	SES029	-1.3714	-49.3536	-47.9822
BLOCK06/SES069/SA069S23	SES087	-0.916821	-48.899	-47.9822
BLOCK06/SES069/SA069S23	SES206	-0.588093	-48.5702	-47.9822
BLOCK06/SES069/SA069S23	SES226	-0.139133	-48.1213	-47.9822
BLOCK06/SES069/SA069S25	SES087	-1.18324	-49.92	-48.7367
BLOCK06/SES069/SA069S25	SES206	-1.37889	-50.1156	-48.7367
BLOCK06/SES069/SA069S25	SES226	-0.546093	-49.2828	-48.7367
BLOCK06/SES069/SA069S25	SES270	-0.561874	-49.2986	-48.7367
BLOCK06/SES069/SA069S27	SES087	-1.49577	-50.1877	-48.6919
BLOCK06/SES069/SA069S27	SES206	-0.44241	-49.1343	-48.6919
BLOCK06/SES069/SA069S27	SES226	-0.189526	-48.8815	-48.6919
BLOCK06/SES069/SA069S27	SES270	-0.68486	-49.3768	-48.6919
BLOCK08/SES081/SA081S11	SES060	-1.80284	-51.4819	-49.679
BLOCK08/SES081/SA081S11	SES062	-3.21124	-52.8903	-49.679
BLOCK08/SES081/SA081S11	SES117	-2.30643	-51.9855	-49.679
BLOCK08/SES081/SA081S11	SES162	-1.8289	-51.5079	-49.679
BLOCK08/SES081/SA081S13	SES016	-1.25176	-50.497	-49.2452
BLOCK08/SES081/SA081S13	SES060	-0.652618	-49.8978	-49.2452
BLOCK08/SES081/SA081S13	SES068	-0.508923	-49.7542	-49.2452
BLOCK08/SES081/SA081S13	SES129	-1.49331	-50.7385	-49.2452
BLOCK08/SES081/SA081S24	SES060	-1.26179	-50.809	-49.5472
BLOCK08/SES081/SA081S24	SES068	-1.0557	-50.6029	-49.5472
BLOCK08/SES081/SA081S24	SES117	-1.85834	-51.4055	-49.5472
BLOCK08/SES081/SA081S24	SES275	-1.94669	-51.4939	-49.5472
BLOCK08/SES081/SA081S27	SES007	-1.91516	-51.3429	-49.4278
BLOCK08/SES081/SA081S27	SES060	-1.69239	-51.1202	-49.4278
BLOCK08/SES081/SA081S27	SES117	-0.870216	-50.298	-49.4278
BLOCK08/SES081/SA081S27	SES275	-1.96589	-51.3937	-49.4278
BLOCK08/SES081/SA081S29	SES007	-1.82486	-50.8116	-48.9868
BLOCK08/SES081/SA081S29	SES060	-1.086	-50.0728	-48.9868
BLOCK08/SES081/SA081S29	SES117	-1.31701	-50.3038	-48.9868
BLOCK08/SES081/SA081S29	SES275	-2.10834	-51.0951	-48.9868
BLOCK08/SES086/SA086S11	SES029	-5.13419	-56.6039	-51.4697
BLOCK08/SES086/SA086S11	SES082	-1.71426	-53.184	-51.4697
BLOCK08/SES086/SA086S11	SES087	-1.34299	-52.8127	-51.4697
BLOCK08/SES086/SA086S11	SES206	-1.99368	-53.4634	-51.4697
BLOCK08/SES086/SA086S12	SES029	-4.35114	-55.0254	-50.6743
BLOCK08/SES086/SA086S12	SES082	-2.1304	-52.8046	-50.6743
BLOCK08/SES086/SA086S12	SES087	-0.32259	-50.9968	-50.6743
BLOCK08/SES086/SA086S12	SES206	-1.302	-51.9763	-50.6743
BLOCK08/SES086/SA086S20	SES029	-3.56782	-53.2112	-49.6434
BLOCK08/SES086/SA086S20	SES082	-1.80998	-51.4534	-49.6434
BLOCK08/SES086/SA086S20	SES087	0.0370712	-49.6063	-49.6434
BLOCK08/SES086/SA086S20	SES206	-0.20422	-49.8476	-49.6434
BLOCK08/SES086/SA086S24	SES087	-0.325108	-50.7434	-50.4182
BLOCK08/SES086/SA086S24	SES104	-1.50122	-51.9195	-50.4182
BLOCK08/SES086/SA086S24	SES120	-2.66292	-53.0812	-50.4182
BLOCK08/SES086/SA086S24	SES206	0.000762939	-50.4175	-50.4182
BLOCK08/SES086/SA086S28	SES029	-3.04012	-52.7881	-49.7479
BLOCK08/SES086/SA086S28	SES082	-1.51387	-51.2618	-49.7479
BLOCK08/SES086/SA086S28	SES087	-0.121395	-49.8693	-49.7479
BLOCK08/SES086/SA086S28	SES206	-0.542976	-50.2909	-49.7479
BLOCK08/SES089/SA089S13	SES087	-1.15048	-50.8376	-49.6871
BLOCK08/SES089/SA089S13	SES206	-1.02057	-50.7077	-49.6871
BLOCK08/SES089/SA089S13	SES226	-1.19149	-50.8786	-49.6871
BLOCK08/SES089/SA089S13	SES270	-2.14624	-51.8334	-49.6871
BLOCK08/SES089/SA089S14	SES062	-1.63657	-51.352	-49.7155
BLOCK08/SES089/SA089S14	SES087	-0.32946	-50.0449	-49.7155
BLOCK08/SES089/SA089S14	SES206	-0.54908	-50.2645	-49.7155
BLOCK08/SES089/SA089S14	SES226	-0.820953	-50.5364	-49.7155
BLOCK08/SES089/SA089S23	SES087	-0.378357	-50.5558	-50.1775
BLOCK08/SES089/SA089S23	SES206	-0.358402	-50.5359	-50.1775
BLOCK08/SES089/SA089S23	SES226	-1.0763	-51.2538	-50.1775
BLOCK08/SES089/SA089S23	SES270	-1.8786	-52.0561	-50.1775
BLOCK08/SES089/SA089S25	SES062	-1.96082	-51.3242	-49.3633
BLOCK08/SES089/SA089S25	SES087	-0.145752	-49.5091	-49.3633
BLOCK08/SES089/SA089S25	SES206	-0.777531	-50.1409	-49.3633
BLOCK08/SES089/SA089S25	SES226	-0.497852	-49.8612	-49.3633
BLOCK08/SES089/SA089S28	SES062	-1.43162	-51.1096	-49.678
BLOCK08/SES089/SA089S28	SES087	0.0912399	-49.5868	-49.678
BLOCK08/SES089/SA089S28	SES206	0.106682	-49.5713	-49.678
BLOCK08/SES089/SA089S28	SES226	-0.413212	-50.0912	-49.678
BLOCK09/SES097/SA097S11	SES099	-0.166172	-50.7724	-50.6062
BLOCK09/SES097/SA097S11	SES125	-1.75039	-52.3566	-50.6062
BLOCK09/SES097/SA097S11	SES206	-1.45572	-52.0619	-50.6062
BLOCK09/SES097/SA097S11	SES226	-0.482155	-51.0883	-50.6062
BLOCK09/SES097/SA097S14	SES062	-2.08282	-52.0353	-49.9524
BLOCK09/SES097/SA097S14	SES099	-0.668201	-50.6206	-49.9524
BLOCK09/SES097/SA097S14	SES104	-1.5219	-51.4743	-49.9524
BLOCK09/SES097/SA097S14	SES206	-1.12704	-51.0795	-49.9524
BLOCK09/SES097/SA097S22	SES099	0.123089	-50.032	-50.1551
BLOCK09/SES097/SA097S22	SES206	-1.2952	-51.4503	-50.1551
BLOCK09/SES097/SA097S22	SES226	-1.32653	-51.4816	-50.1551
BLOCK09/SES097/SA097S22	SES270	0.0448532	-50.1103	-50.1551
BLOCK09/SES097/SA097S26	SES099	-0.267906	-50.0769	-49.809
BLOCK09/SES097/SA097S26	SES120	-2.65841	-52.4674	-49.809
BLOCK09/SES097/SA097S26	SES206	-1.38867	-51.1977	-49.809
BLOCK09/SES097/SA097S26	SES226	-1.55533	-51.3643	-49.809
BLOCK09/SES097/SA097S28	SES099	-0.32967	-50.5458	-50.2161
BLOCK09/SES097/SA097S28	SES120	-2.29531	-52.5114	-50.2161
BLOCK09/SES097/SA097S28	SES206	-1.70284	-51.9189	-50.2161
BLOCK09/SES097/SA097S28	SES226	-1.95821	-52.1743	-50.2161
BLOCK09/SES098/SA098S11	SES127	-2.12877	-53.6561	-51.5273
BLOCK09/SES098/SA098S11	SES144	-1.33057	-52.8578	-51.5273
BLOCK09/SES098/SA098S11	SES147	-0.659927	-52.1872	-51.5273
BLOCK09/SES098/SA098S11	SES148	-3.10014	-54.6274	-51.5273
BLOCK09/SES098/SA098S12	SES127	-3.25791	-55.8967	-52.6387
BLOCK09/SES098/SA098S12	SES144	-2.27814	-54.9169	-52.6387
BLOCK09/SES098/SA098S12	SES147	-1.64645	-54.2852	-52.6387
BLOCK09/SES098/SA098S12	SES189	-0.988579	-53.6273	-52.6387
BLOCK09/SES098/SA098S20	SES127	-2.73705	-54.3181	-51.581
BLOCK09/SES098/SA098S20	SES147	-0.851334	-52.4323	-51.581
BLOCK09/SES098/SA098S20	SES148	-3.76921	-55.3502	-51.581
BLOCK09/SES098/SA098S20	SES292	-4.36144	-55.9424	-51.581
BLOCK09/SES098/SA098S23	SES127	-1.9595	-52.9791	-51.0196
BLOCK09/SES098/SA098S23	SES147	-0.703506	-51.7231	-51.0196
BLOCK09/SES098/SA098S23	SES187	-1.49227	-52.5119	-51.0196
BLOCK09/SES098/SA098S23	SES292	-2.36234	-53.3819	-51.0196
BLOCK09/SES098/SA098S27	SES127	-2.27982	-53.4845	-51.2047
BLOCK09/SES098/SA098S27	SES147	-2.07148	-53.2762	-51.2047
BLOCK09/SES098/SA098S27	SES148	-3.74937	-54.9541	-51.2047
BLOCK09/SES098/SA098S27	SES292	-2.64259	-53.8473	-51.2047
BLOCK10/SES102/SA102S13	SES101	-0.780006	-51.9619	-51.1819
BLOCK10/SES102/SA102S13	SES105	-1.68004	-52.8619	-51.1819
BLOCK10/SES102/SA102S13	SES120	-1.4859	-52.6678	-51.1819
BLOCK10/SES102/SA102S13	SES158	-3.6604	-54.8423	-51.1819
BLOCK10/SES102/SA102S14	SES007	-0.430069	-49.8484	-49.4183
BLOCK10/SES102/SA102S14	SES101	-0.0377274	-49.456	-49.4183
BLOCK10/SES102/SA102S14	SES105	-0.35918	-49.7775	-49.4183
BLOCK10/SES102/SA102S14	SES147	-1.69747	-51.1158	-49.4183
BLOCK10/SES102/SA102S22	SES007	-1.19149	-50.9577	-49.7662
BLOCK10/SES102/SA102S22	SES101	-0.393105	-50.1593	-49.7662
BLOCK10/SES102/SA102S22	SES105	-0.461926	-50.2281	-49.7662
BLOCK10/SES102/SA102S22	SES158	-2.71731	-52.4835	-49.7662
BLOCK10/SES102/SA102S25	SES007	-0.472977	-50.3187	-49.8457
BLOCK10/SES102/SA102S25	SES101	-0.0299683	-49.8757	-49.8457
BLOCK10/SES102/SA102S25	SES105	-0.690891	-50.5366	-49.8457
BLOCK10/SES102/SA102S25	SES147	-2.35981	-52.2055	-49.8457
BLOCK10/SES102/SA102S27	SES007	-1.09542	-51.3233	-50.2278
BLOCK10/SES102/SA102S27	SES101	-0.704956	-50.9328	-50.2278
BLOCK10/SES102/SA102S27	SES105	-1.05165	-51.2795	-50.2278
BLOCK10/SES102/SA102S27	SES147	-1.94826	-52.1761	-50.2278
BLOCK10/SES103/SA103S14	SES105	-2.41486	-53.8944	-51.4796
BLOCK10/SES103/SA103S14	SES106	-1.11977	-52.5993	-51.4796
BLOCK10/SES103/SA103S14	SES120	-3.18491	-54.6645	-51.4796
BLOCK10/SES103/SA103S14	SES206	-1.31759	-52.7971	-51.4796
BLOCK10/SES103/SA103S15	SES099	-0.698261	-52.7228	-52.0245
BLOCK10/SES103/SA103S15	SES101	-4.29413	-56.3187	-52.0245
BLOCK10/SES103/SA103S15	SES104	-1.59099	-53.6155	-52.0245
BLOCK10/SES103/SA103S15	SES125	-1.47685	-53.5014	-52.0245
BLOCK10/SES103/SA103S24	SES104	-1.58184	-52.1912	-50.6093
BLOCK10/SES103/SA103S24	SES125	-1.32592	-51.9352	-50.6093
BLOCK10/SES103/SA103S24	SES148	-2.59358	-53.2029	-50.6093
BLOCK10/SES103/SA103S24	SES158	-0.408665	-51.018	-50.6093
BLOCK10/SES103/SA103S26	SES104	-2.17787	-53.6009	-51.423
BLOCK10/SES103/SA103S26	SES106	-1.59728	-53.0203	-51.423
BLOCK10/SES103/SA103S26	SES125	-1.78959	-53.2126	-51.423
BLOCK10/SES103/SA103S26	SES148	-2.96067	-54.3837	-51.423
BLOCK10/SES103/SA103S28	SES104	-2.16021	-53.8141	-51.6539
BLOCK10/SES103/SA103S28	SES106	-1.5316	-53.1855	-51.6539
BLOCK10/SES103/SA103S28	SES125	-2.71844	-54.3723	-51.6539
BLOCK10/SES103/SA103S28	SES206	-2.536	-54.1899	-51.6539
BLOCK12/SES121/SA121S12	SES042	-1.93714	-54.2624	-52.3252
BLOCK12/SES121/SA121S12	SES087	-0.93187	-53.2571	-52.3252
BLOCK12/SES121/SA121S12	SES105	-1.33545	-53.6607	-52.3252
BLOCK12/SES121/SA121S12	SES206	-0.648849	-52.9741	-52.3252
BLOCK12/SES121/SA121S14	SES007	-2.21877	-54.765	-52.5463
BLOCK12/SES121/SA121S14	SES105	-2.46046	-55.0067	-52.5463
BLOCK12/SES121/SA121S14	SES106	-1.69791	-54.2442	-52.5463
BLOCK12/SES121/SA121S14	SES206	-1.59787	-54.1441	-52.5463
BLOCK12/SES121/SA121S23	SES105	-2.71792	-55.3719	-52.654
BLOCK12/SES121/SA121S23	SES106	-1.34526	-53.9992	-52.654
BLOCK12/SES121/SA121S23	SES120	-2.68516	-55.3391	-52.654
BLOCK12/SES121/SA121S23	SES206	-1.46041	-54.1144	-52.654
BLOCK12/SES121/SA121S25	SES007	-1.64139	-55.0885	-53.4471
BLOCK12/SES121/SA121S25	SES105	-2.81169	-56.2588	-53.4471
BLOCK12/SES121/SA121S25	SES106	-1.71894	-55.166	-53.4471
BLOCK12/SES121/SA121S25	SES206	-1.53304	-54.9801	-53.4471
BLOCK12/SES121/SA121S27	SES087	-0.649689	-52.1545	-51.5048
BLOCK12/SES121/SA121S27	SES105	-3.67712	-55.1819	-51.5048
BLOCK12/SES121/SA121S27	SES120	-2.32244	-53.8273	-51.5048
BLOCK12/SES121/SA121S27	SES206	-1.40543	-52.9103	-51.5048
BLOCK12/SES124/SA124S16	SES042	-0.372334	-51.0051	-50.6327
BLOCK12/SES124/SA124S16	SES082	-1.30233	-51.9351	-50.6327
BLOCK12/SES124/SA124S16	SES183	-2.98573	-53.6185	-50.6327
BLOCK12/SES124/SA124S16	SES206	-1.17587	-51.8086	-50.6327
BLOCK12/SES124/SA124S17	SES105	-2.11811	-53.552	-51.4339
BLOCK12/SES124/SA124S17	SES149	-1.75625	-53.1902	-51.4339
BLOCK12/SES124/SA124S17	SES158	-1.96629	-53.4002	-51.4339
BLOCK12/SES124/SA124S17	SES275	-2.58744	-54.0213	-51.4339
BLOCK12/SES124/SA124S23	SES105	-2.29753	-51.2337	-48.9361
BLOCK12/SES124/SA124S23	SES125	-0.61301	-49.5491	-48.9361
BLOCK12/SES124/SA124S23	SES129	-2.57978	-51.5159	-48.9361
BLOCK12/SES124/SA124S23	SES158	-0.590973	-49.5271	-48.9361
BLOCK12/SES124/SA124S26	SES105	-3.08634	-52.8503	-49.764
BLOCK12/SES124/SA124S26	SES125	-0.911858	-50.6758	-49.764
BLOCK12/SES124/SA124S26	SES129	-3.07895	-52.8429	-49.764
BLOCK12/SES124/SA124S26	SES158	-0.848732	-50.6127	-49.764
BLOCK12/SES124/SA124S28	SES104	-0.802101	-50.5611	-49.759
BLOCK12/SES124/SA124S28	SES106	-0.907272	-50.6663	-49.759
BLOCK12/SES124/SA124S28	SES125	-1.23213	-50.9911	-49.759
BLOCK12/SES124/SA124S28	SES275	-2.5488	-52.3078	-49.759
BLOCK12/SES126/SA126S13	SES007	-2.48876	-54.6042	-52.1154
BLOCK12/SES126/SA126S13	SES162	-1.54635	-53.6617	-52.1154
BLOCK12/SES126/SA126S13	SES177	-1.10008	-53.2155	-52.1154
BLOCK12/SES126/SA126S13	SES180	-1.47045	-53.5858	-52.1154
BLOCK12/SES126/SA126S14	SES144	-1.41821	-51.3875	-49.9693
BLOCK12/SES126/SA126S14	SES148	-1.85289	-51.8222	-49.9693
BLOCK12/SES126/SA126S14	SES177	-0.306255	-50.2756	-49.9693
BLOCK12/SES126/SA126S14	SES180	-0.730598	-50.6999	-49.9693
BLOCK12/SES126/SA126S20	SES007	-2.14041	-52.6229	-50.4825
BLOCK12/SES126/SA126S20	SES162	-1.38441	-51.8669	-50.4825
BLOCK12/SES126/SA126S20	SES172	-3.14083	-53.6233	-50.4825
BLOCK12/SES126/SA126S20	SES180	-2.80553	-53.288	-50.4825
BLOCK12/SES126/SA126S24	SES120	-1.27735	-51.1104	-49.8331
BLOCK12/SES126/SA126S24	SES162	-1.27879	-51.1118	-49.8331
BLOCK12/SES126/SA126S24	SES177	-0.795525	-50.6286	-49.8331
BLOCK12/SES126/SA126S24	SES180	-0.950905	-50.784	-49.8331
BLOCK12/SES126/SA126S26	SES120	-0.977047	-52.2086	-51.2316
BLOCK12/SES126/SA126S26	SES177	-0.658806	-51.8904	-51.2316
BLOCK12/SES126/SA126S26	SES180	-1.11123	-52.3428	-51.2316
BLOCK12/SES126/SA126S26	SES202	-2.41377	-53.6453	-51.2316
BLOCK12/SES128/SA128S10	SES087	-2.12098	-52.1551	-50.0341
BLOCK12/SES128/SA128S10	SES206	-1.39443	-51.4285	-50.0341
BLOCK12/SES128/SA128S10	SES226	-0.968262	-51.0023	-50.0341
BLOCK12/SES128/SA128S10	SES270	-0.872097	-50.9062	-50.0341
BLOCK12/SES128/SA128S12	SES120	-2.4203	-52.5484	-50.1281
BLOCK12/SES128/SA128S12	SES158	-1.51469	-51.6428	-50.1281
BLOCK12/SES128/SA128S12	SES206	-1.2047	-51.3328	-50.1281
BLOCK12/SES128/SA128S12	SES226	-1.1932	-51.3213	-50.1281
BLOCK12/SES128/SA128S21	SES106	-2.23147	-52.7708	-50.5393
BLOCK12/SES128/SA128S21	SES120	-2.56246	-53.1017	-50.5393
BLOCK12/SES128/SA128S21	SES206	-1.49852	-52.0378	-50.5393
BLOCK12/SES128/SA128S21	SES226	-1.74576	-52.285	-50.5393
BLOCK12/SES128/SA128S24	SES087	-1.8161	-52.1826	-50.3665
BLOCK12/SES128/SA128S24	SES120	-1.37747	-51.744	-50.3665
BLOCK12/SES128/SA128S24	SES206	-1.22399	-51.5905	-50.3665
BLOCK12/SES128/SA128S24	SES226	-1.71451	-52.081	-50.3665
BLOCK12/SES128/SA128S27	SES099	-0.343262	-49.7879	-49.4446
BLOCK12/SES128/SA128S27	SES120	-1.54874	-50.9934	-49.4446
BLOCK12/SES128/SA128S27	SES206	-0.86982	-50.3144	-49.4446
BLOCK12/SES128/SA128S27	SES226	-0.740208	-50.1848	-49.4446
BLOCK13/SES130/SA130S13	SES143	-1.67809	-53.0265	-51.3484
BLOCK13/SES130/SA130S13	SES144	-0.594112	-51.9425	-51.3484
BLOCK13/SES130/SA130S13	SES146	-0.754559	-52.103	-51.3484
BLOCK13/SES130/SA130S13	SES275	-2.80463	-54.1531	-51.3484
BLOCK13/SES130/SA130S15	SES143	-1.68868	-51.9691	-50.2805
BLOCK13/SES130/SA130S15	SES144	-0.207275	-50.4877	-50.2805
BLOCK13/SES130/SA130S15	SES146	-0.470917	-50.7514	-50.2805
BLOCK13/SES130/SA130S15	SES275	-1.07862	-51.3591	-50.2805
BLOCK13/SES130/SA130S23	SES127	-2.63395	-54.0961	-51.4621
BLOCK13/SES130/SA130S23	SES144	-1.38726	-52.8494	-51.4621
BLOCK13/SES130/SA130S23	SES146	-0.759106	-52.2213	-51.4621
BLOCK13/SES130/SA130S23	SES162	-0.94577	-52.4079	-51.4621
BLOCK13/SES130/SA130S25	SES127	-1.7076	-51.5678	-49.8602
BLOCK13/SES130/SA130S25	SES144	-0.412773	-50.273	-49.8602
BLOCK13/SES130/SA130S25	SES146	-0.632854	-50.4931	-49.8602
BLOCK13/SES130/SA130S25	SES275	-0.835251	-50.6955	-49.8602
BLOCK13/SES130/SA130S28	SES127	-1.76406	-52.1068	-50.3428
BLOCK13/SES130/SA130S28	SES144	-0.718746	-51.0615	-50.3428
BLOCK13/SES130/SA130S28	SES146	-0.911335	-51.2541	-50.3428
BLOCK13/SES130/SA130S28	SES275	-0.427338	-50.7701	-50.3428
BLOCK13/SES131/SA131S13	SES002	-2.59748	-54.9867	-52.3892
BLOCK13/SES131/SA131S13	SES007	-2.88456	-55.2738	-52.3892
BLOCK13/SES131/SA131S13	SES099	-1.8061	-54.1953	-52.3892
BLOCK13/SES131/SA131S13	SES105	-2.39717	-54.7864	-52.3892
BLOCK13/SES131/SA131S14	SES104	-1.23771	-52.2024	-50.9647
BLOCK13/SES131/SA131S14	SES106	-0.874855	-51.8396	-50.9647
BLOCK13/SES131/SA131S14	SES125	-1.56926	-52.534	-50.9647
BLOCK13/SES131/SA131S14	SES148	-2.02302	-52.9877	-50.9647
BLOCK13/SES131/SA131S20	SES104	-2.09826	-54.0571	-51.9589
BLOCK13/SES131/SA131S20	SES106	-1.16258	-53.1215	-51.9589
BLOCK13/SES131/SA131S20	SES125	-1.67652	-53.6354	-51.9589
BLOCK13/SES131/SA131S20	SES148	-2.71208	-54.671	-51.9589
BLOCK13/SES131/SA131S22	SES099	-1.20459	-52.1407	-50.9361
BLOCK13/SES131/SA131S22	SES104	-1.81853	-52.7546	-50.9361
BLOCK13/SES131/SA131S22	SES125	-1.79658	-52.7327	-50.9361
BLOCK13/SES131/SA131S22	SES206	-2.10057	-53.0367	-50.9361
BLOCK13/SES131/SA131S29	SES087	-1.67254	-53.4344	-51.7618
BLOCK13/SES131/SA131S29	SES104	-2.48695	-54.2488	-51.7618
BLOCK13/SES131/SA131S29	SES125	-2.05137	-53.8132	-51.7618
BLOCK13/SES131/SA131S29	SES206	-1.95781	-53.7196	-51.7618
BLOCK13/SES132/SA132S11	SES083	-1.86095	-51.5567	-49.6958
BLOCK13/SES132/SA132S11	SES120	-0.0520706	-49.7478	-49.6958
BLOCK13/SES132/SA132S11	SES127	-1.05857	-50.7543	-49.6958
BLOCK13/SES132/SA132S11	SES275	-0.905151	-50.6009	-49.6958
BLOCK13/SES132/SA132S12	SES083	-1.59509	-51.2984	-49.7033
BLOCK13/SES132/SA132S12	SES143	-1.27539	-50.9787	-49.7033
BLOCK13/SES132/SA132S12	SES144	-1.04623	-50.7496	-49.7033
BLOCK13/SES132/SA132S12	SES148	-1.56878	-51.2721	-49.7033
BLOCK13/SES132/SA132S22	SES062	-0.852543	-50.3947	-49.5421
BLOCK13/SES132/SA132S22	SES083	-1.16302	-50.7052	-49.5421
BLOCK13/SES132/SA132S22	SES127	-1.06905	-50.6112	-49.5421
BLOCK13/SES132/SA132S22	SES275	-0.53096	-50.0731	-49.5421
BLOCK13/SES132/SA132S24	SES007	-0.926685	-50.4059	-49.4792
BLOCK13/SES132/SA132S24	SES083	-2.10415	-51.5833	-49.4792
BLOCK13/SES132/SA132S24	SES127	-1.64355	-51.1227	-49.4792
BLOCK13/SES132/SA132S24	SES275	-0.983364	-50.4626	-49.4792
BLOCK13/SES132/SA132S27	SES083	-2.04861	-52.3581	-50.3094
BLOCK13/SES132/SA132S27	SES120	-0.161816	-50.4713	-50.3094
BLOCK13/SES132/SA132S27	SES127	-1.84364	-52.1531	-50.3094
BLOCK13/SES132/SA132S27	SES275	-1.64547	-51.9549	-50.3094
BLOCK14/SES141/SA141S09	SES143	-0.759727	-51.0592	-50.2995
BLOCK14/SES141/SA141S09	SES144	-0.873318	-51.1728	-50.2995
BLOCK14/SES141/SA141S09	SES162	-0.859959	-51.1594	-50.2995
BLOCK14/SES141/SA141S09	SES180	-0.799419	-51.0989	-50.2995
BLOCK14/SES141/SA141S15	SES127	-1.40442	-51.3348	-49.9304
BLOCK14/SES141/SA141S15	SES144	-1.15407	-51.0845	-49.9304
BLOCK14/SES141/SA141S15	SES162	-1.18237	-51.1128	-49.9304
BLOCK14/SES141/SA141S15	SES180	-0.622208	-50.5526	-49.9304
BLOCK14/SES141/SA141S24	SES127	-1.0518	-50.9929	-49.9411
BLOCK14/SES141/SA141S24	SES144	-1.35678	-51.2979	-49.9411
BLOCK14/SES141/SA141S24	SES162	-0.928173	-50.8693	-49.9411
BLOCK14/SES141/SA141S24	SES183	-1.78411	-51.7252	-49.9411
BLOCK14/SES141/SA141S26	SES142	-1.1558	-51.9752	-50.8193
BLOCK14/SES141/SA141S26	SES144	-1.35407	-52.1734	-50.8193
BLOCK14/SES141/SA141S26	SES172	-1.12587	-51.9452	-50.8193
BLOCK14/SES141/SA141S26	SES180	-0.633953	-51.4533	-50.8193
BLOCK14/SES141/SA141S29	SES127	-0.779911	-50.4404	-49.6605
BLOCK14/SES141/SA141S29	SES142	-0.272381	-49.9328	-49.6605
BLOCK14/SES141/SA141S29	SES144	-1.11714	-50.7776	-49.6605
BLOCK14/SES141/SA141S29	SES180	-0.199017	-49.8595	-49.6605
BLOCK15/SES157/SA157S08	SES083	-2.05453	-52.6195	-50.565
BLOCK15/SES157/SA157S08	SES127	-1.59542	-52.1604	-50.565
BLOCK15/SES157/SA157S08	SES148	-0.951431	-51.5164	-50.565
BLOCK15/SES157/SA157S08	SES292	-2.00115	-52.5662	-50.565
BLOCK15/SES157/SA157S11	SES083	-2.06525	-52.2879	-50.2226
BLOCK15/SES157/SA157S11	SES127	-2.14032	-52.3629	-50.2226
BLOCK15/SES157/SA157S11	SES148	-1.1091	-51.3317	-50.2226
BLOCK15/SES157/SA157S11	SES292	-2.26504	-52.4877	-50.2226
BLOCK15/SES157/SA157S21	SES127	-1.84136	-51.7854	-49.9441
BLOCK15/SES157/SA157S21	SES148	-0.608494	-50.5526	-49.9441
BLOCK15/SES157/SA157S21	SES158	-3.89361	-53.8377	-49.9441
BLOCK15/SES157/SA157S21	SES292	-1.36755	-51.3116	-49.9441
BLOCK15/SES157/SA157S24	SES127	-1.72145	-51.7655	-50.044
BLOCK15/SES157/SA157S24	SES148	-1.27442	-51.3184	-50.044
BLOCK15/SES157/SA157S24	SES183	-1.72282	-51.7668	-50.044
BLOCK15/SES157/SA157S24	SES292	-1.8036	-51.8476	-50.044
BLOCK15/SES157/SA157S26	SES007	-0.858841	-50.8555	-49.9966
BLOCK15/SES157/SA157S26	SES127	-1.32324	-51.3199	-49.9966
BLOCK15/SES157/SA157S26	SES147	-1.71177	-51.7084	-49.9966
BLOCK15/SES157/SA157S26	SES148	-1.06654	-51.0632	-49.9966
BLOCK16/SES161/SA161S10	SES007	-2.06813	-53.6141	-51.546
BLOCK16/SES161/SA161S10	SES105	-1.72655	-53.2725	-51.546
BLOCK16/SES161/SA161S10	SES158	-2.39848	-53.9444	-51.546
BLOCK16/SES161/SA161S10	SES275	-1.68716	-53.2331	-51.546
BLOCK16/SES161/SA161S12	SES007	-1.46527	-52.4789	-51.0136
BLOCK16/SES161/SA161S12	SES105	-1.91808	-52.9317	-51.0136
BLOCK16/SES161/SA161S12	SES158	-1.72271	-52.7363	-51.0136
BLOCK16/SES161/SA161S12	SES275	-1.41996	-52.4336	-51.0136
BLOCK16/SES161/SA161S20	SES007	-1.57945	-53.9049	-52.3254
BLOCK16/SES161/SA161S20	SES105	-2.20158	-54.527	-52.3254
BLOCK16/SES161/SA161S20	SES158	-1.64833	-53.9737	-52.3254
BLOCK16/SES161/SA161S20	SES275	-2.13827	-54.4637	-52.3254
BLOCK16/SES161/SA161S23	SES007	-2.30034	-52.7974	-50.4971
BLOCK16/SES161/SA161S23	SES105	-1.5415	-52.0386	-50.4971
BLOCK16/SES161/SA161S23	SES148	-2.38092	-52.878	-50.4971
BLOCK16/SES161/SA161S23	SES158	-1.36985	-51.8669	-50.4971
BLOCK16/SES161/SA161S28	SES007	-2.24418	-53.2401	-50.9959
BLOCK16/SES161/SA161S28	SES105	-2.60371	-53.5996	-50.9959
BLOCK16/SES161/SA161S28	SES158	-1.02091	-52.0168	-50.9959
BLOCK16/SES161/SA161S28	SES206	-1.42441	-52.4203	-50.9959
BLOCK16/SES164/SA164S11	SES104	-1.27418	-51.0202	-49.746
BLOCK16/SES164/SA164S11	SES125	-1.14947	-50.8955	-49.746
BLOCK16/SES164/SA164S11	SES158	-0.403572	-50.1496	-49.746
BLOCK16/SES164/SA164S11	SES206	-1.67837	-51.4244	-49.746
BLOCK16/SES164/SA164S13	SES099	-1.65878	-53.0579	-51.3992
BLOCK16/SES164/SA164S13	SES104	-2.45015	-53.8493	-51.3992
BLOCK16/SES164/SA164S13	SES125	-2.0607	-53.4599	-51.3992
BLOCK16/SES164/SA164S13	SES206	-2.02802	-53.4272	-51.3992
BLOCK16/SES164/SA164S24	SES002	-0.681168	-51.011	-50.3299
BLOCK16/SES164/SA164S24	SES099	-1.2653	-51.5952	-50.3299
BLOCK16/SES164/SA164S24	SES125	-1.97623	-52.3061	-50.3299
BLOCK16/SES164/SA164S24	SES226	-1.174	-51.5039	-50.3299
BLOCK16/SES164/SA164S27	SES087	-2.27596	-53.5192	-51.2432
BLOCK16/SES164/SA164S27	SES125	-1.93595	-53.1792	-51.2432
BLOCK16/SES164/SA164S27	SES206	-1.96981	-53.2131	-51.2432
BLOCK16/SES164/SA164S27	SES226	-1.99214	-53.2354	-51.2432
BLOCK16/SES164/SA164S29	SES002	-0.323933	-50.9723	-50.6483
BLOCK16/SES164/SA164S29	SES019	-1.6687	-52.317	-50.6483
BLOCK16/SES164/SA164S29	SES125	-1.2985	-51.9468	-50.6483
BLOCK16/SES164/SA164S29	SES226	-1.82836	-52.4767	-50.6483
BLOCK16/SES169/SA169S13	SES117	-1.35566	-51.7057	-50.35
BLOCK16/SES169/SA169S13	SES144	-0.993626	-51.3437	-50.35
BLOCK16/SES169/SA169S13	SES146	-1.2904	-51.6404	-50.35
BLOCK16/SES169/SA169S13	SES162	-1.44181	-51.7918	-50.35
BLOCK16/SES169/SA169S14	SES144	-1.25102	-50.605	-49.354
BLOCK16/SES169/SA169S14	SES148	-0.956463	-50.3104	-49.354
BLOCK16/SES169/SA169S14	SES177	-1.00393	-50.3579	-49.354
BLOCK16/SES169/SA169S14	SES180	-2.02708	-51.381	-49.354
BLOCK16/SES169/SA169S24	SES117	-1.13046	-52.4116	-51.2812
BLOCK16/SES169/SA169S24	SES144	-0.720848	-52.002	-51.2812
BLOCK16/SES169/SA169S24	SES146	-1.10401	-52.3852	-51.2812
BLOCK16/SES169/SA169S24	SES162	-1.02705	-52.3082	-51.2812
BLOCK16/SES169/SA169S27	SES127	-1.50484	-51.8541	-50.3493
BLOCK16/SES169/SA169S27	SES129	-1.36169	-51.711	-50.3493
BLOCK16/SES169/SA169S27	SES144	-1.12734	-51.4766	-50.3493
BLOCK16/SES169/SA169S27	SES146	-0.430782	-50.7801	-50.3493
BLOCK16/SES169/SA169S29	SES144	-0.707027	-50.6511	-49.9441
BLOCK16/SES169/SA169S29	SES162	-0.968338	-50.9124	-49.9441
BLOCK16/SES169/SA169S29	SES177	-1.82989	-51.774	-49.9441
BLOCK16/SES169/SA169S29	SES180	-1.63776	-51.5819	-49.9441
BLOCK17/SES171/SA171S12	SES083	-1.1491	-52.2888	-51.1397
BLOCK17/SES171/SA171S12	SES148	-1.25024	-52.3899	-51.1397
BLOCK17/SES171/SA171S12	SES172	-1.40355	-52.5432	-51.1397
BLOCK17/SES171/SA171S12	SES292	-3.03423	-54.1739	-51.1397
BLOCK17/SES171/SA171S15	SES148	-1.78505	-53.1405	-51.3555
BLOCK17/SES171/SA171S15	SES177	-1.04372	-52.3992	-51.3555
BLOCK17/SES171/SA171S15	SES180	-3.05309	-54.4086	-51.3555
BLOCK17/SES171/SA171S15	SES292	-3.42936	-54.7849	-51.3555
BLOCK17/SES171/SA171S22	SES007	-1.73225	-52.3634	-50.6312
BLOCK17/SES171/SA171S22	SES148	-1.14437	-51.7756	-50.6312
BLOCK17/SES171/SA171S22	SES177	-0.559757	-51.1909	-50.6312
BLOCK17/SES171/SA171S22	SES180	-1.63574	-52.2669	-50.6312
BLOCK17/SES171/SA171S25	SES101	-2.16428	-53.4605	-51.2962
BLOCK17/SES171/SA171S25	SES120	-3.41948	-54.7157	-51.2962
BLOCK17/SES171/SA171S25	SES177	-1.2018	-52.498	-51.2962
BLOCK17/SES171/SA171S25	SES180	-2.56303	-53.8592	-51.2962
BLOCK17/SES171/SA171S27	SES177	-0.437538	-51.4704	-51.0328
BLOCK17/SES171/SA171S27	SES180	-1.81238	-52.8452	-51.0328
BLOCK17/SES171/SA171S27	SES189	-0.601334	-51.6342	-51.0328
BLOCK17/SES171/SA171S27	SES292	-2.69968	-53.7325	-51.0328
BLOCK17/SES173/SA173S13	SES162	-2.33976	-54.06	-51.7202
BLOCK17/SES173/SA173S13	SES177	-2.15058	-53.8708	-51.7202
BLOCK17/SES173/SA173S13	SES180	-3.01407	-54.7343	-51.7202
BLOCK17/SES173/SA173S13	SES292	-3.17629	-54.8965	-51.7202
BLOCK17/SES173/SA173S14	SES007	-3.07043	-55.4411	-52.3707
BLOCK17/SES173/SA173S14	SES162	-2.04346	-54.4142	-52.3707
BLOCK17/SES173/SA173S14	SES177	-1.37811	-53.7488	-52.3707
BLOCK17/SES173/SA173S14	SES180	-2.99616	-55.3669	-52.3707
BLOCK17/SES173/SA173S24	SES144	-1.95435	-54.4673	-52.5129
BLOCK17/SES173/SA173S24	SES162	-2.33579	-54.8487	-52.5129
BLOCK17/SES173/SA173S24	SES177	-1.62559	-54.1385	-52.5129
BLOCK17/SES173/SA173S24	SES180	-3.189	-55.7019	-52.5129
BLOCK17/SES173/SA173S27	SES162	-2.71189	-54.4571	-51.7452
BLOCK17/SES173/SA173S27	SES177	-1.53867	-53.2838	-51.7452
BLOCK17/SES173/SA173S27	SES180	-2.51162	-54.2568	-51.7452
BLOCK17/SES173/SA173S27	SES292	-3.54455	-55.2897	-51.7452
BLOCK17/SES173/SA173S29	SES162	-2.49423	-53.7375	-51.2433
BLOCK17/SES173/SA173S29	SES175	-1.77969	-53.023	-51.2433
BLOCK17/SES173/SA173S29	SES177	-1.72692	-52.9702	-51.2433
BLOCK17/SES173/SA173S29	SES292	-4.84016	-56.0834	-51.2433
BLOCK18/SES182/SA182S10	SES144	-1.11506	-51.7512	-50.6361
BLOCK18/SES182/SA182S10	SES177	-1.74244	-52.3786	-50.6361
BLOCK18/SES182/SA182S10	SES180	-2.46477	-53.1009	-50.6361
BLOCK18/SES182/SA182S10	SES275	-0.832401	-51.4685	-50.6361
BLOCK18/SES182/SA182S12	SES144	-0.568615	-50.9984	-50.4298
BLOCK18/SES182/SA182S12	SES177	-0.751881	-51.1817	-50.4298
BLOCK18/SES182/SA182S12	SES180	-1.23621	-51.666	-50.4298
BLOCK18/SES182/SA182S12	SES275	-1.21887	-51.6487	-50.4298
BLOCK18/SES182/SA182S21	SES117	-1.25353	-52.3545	-51.101
BLOCK18/SES182/SA182S21	SES144	-1.12517	-52.2262	-51.101
BLOCK18/SES182/SA182S21	SES162	-0.608074	-51.7091	-51.101
BLOCK18/SES182/SA182S21	SES180	-1.32883	-52.4298	-51.101
BLOCK18/SES182/SA182S23	SES117	-1.16647	-51.8224	-50.6559
BLOCK18/SES182/SA182S23	SES144	-1.47609	-52.132	-50.6559
BLOCK18/SES182/SA182S23	SES180	-1.92672	-52.5826	-50.6559
BLOCK18/SES182/SA182S23	SES275	-1.3019	-51.9578	-50.6559
BLOCK18/SES182/SA182S25	SES007	-1.01112	-51.6292	-50.6181
BLOCK18/SES182/SA182S25	SES162	-0.666786	-51.2848	-50.6181
BLOCK18/SES182/SA182S25	SES177	-0.572365	-51.1904	-50.6181
BLOCK18/SES182/SA182S25	SES180	-1.06116	-51.6792	-50.6181
BLOCK18/SES184/SA184S12	SES177	-1.44163	-51.9132	-50.4716
BLOCK18/SES184/SA184S12	SES180	-1.10779	-51.5793	-50.4716
BLOCK18/SES184/SA184S12	SES189	-1.94032	-52.4119	-50.4716
BLOCK18/SES184/SA184S12	SES292	-2.25039	-52.7219	-50.4716
BLOCK18/SES184/SA184S13	SES101	-1.63672	-51.8194	-50.1827
BLOCK18/SES184/SA184S13	SES177	-0.928165	-51.1108	-50.1827
BLOCK18/SES184/SA184S13	SES180	-1.28063	-51.4633	-50.1827
BLOCK18/SES184/SA184S13	SES292	-1.34792	-51.5306	-50.1827
BLOCK18/SES184/SA184S22	SES177	-0.831444	-50.5551	-49.7237
BLOCK18/SES184/SA184S22	SES180	-0.971195	-50.6949	-49.7237
BLOCK18/SES184/SA184S22	SES189	-2.31352	-52.0372	-49.7237
BLOCK18/SES184/SA184S22	SES292	-1.5486	-51.2723	-49.7237
BLOCK18/SES184/SA184S25	SES101	-1.0888	-50.2582	-49.1694
BLOCK18/SES184/SA184S25	SES177	-1.29204	-50.4614	-49.1694
BLOCK18/SES184/SA184S25	SES180	-1.09736	-50.2668	-49.1694
BLOCK18/SES184/SA184S25	SES292	-0.785507	-49.9549	-49.1694
BLOCK18/SES184/SA184S27	SES083	-1.45797	-51.3295	-49.8715
BLOCK18/SES184/SA184S27	SES177	-1.00276	-50.8743	-49.8715
BLOCK18/SES184/SA184S27	SES202	-2.51206	-52.3836	-49.8715
BLOCK18/SES184/SA184S27	SES292	-1.78153	-51.653	-49.8715
BLOCK20/SES204/SA204S12	SES062	-1.84344	-51.6054	-49.762
BLOCK20/SES204/SA204S12	SES083	-2.55197	-52.3139	-49.762
BLOCK20/SES204/SA204S12	SES206	-0.574825	-50.3368	-49.762
BLOCK20/SES204/SA204S12	SES226	-1.75596	-51.5179	-49.762
BLOCK20/SES204/SA204S14	SES068	-2.34027	-51.0449	-48.7046
BLOCK20/SES204/SA204S14	SES087	-0.480953	-49.1856	-48.7046
BLOCK20/SES204/SA204S14	SES206	-1.12672	-49.8314	-48.7046
BLOCK20/SES204/SA204S14	SES226	-1.64423	-50.3489	-48.7046
BLOCK20/SES204/SA204S22	SES068	-2.90511	-52.437	-49.5319
BLOCK20/SES204/SA204S22	SES082	-2.46082	-51.9927	-49.5319
BLOCK20/SES204/SA204S22	SES083	-2.65275	-52.1846	-49.5319
BLOCK20/SES204/SA204S22	SES206	-0.94524	-50.4771	-49.5319
BLOCK20/SES204/SA204S25	SES062	-2.23908	-52.0599	-49.8208
BLOCK20/SES204/SA204S25	SES083	-2.60882	-52.4296	-49.8208
BLOCK20/SES204/SA204S25	SES206	-1.05983	-50.8806	-49.8208
BLOCK20/SES204/SA204S25	SES226	-1.84403	-51.6648	-49.8208
BLOCK20/SES204/SA204S27	SES068	-3.35957	-53.553	-50.1935
BLOCK20/SES204/SA204S27	SES082	-2.17295	-52.3664	-50.1935
BLOCK20/SES204/SA204S27	SES087	-1.00367	-51.1971	-50.1935
BLOCK20/SES204/SA204S27	SES206	-0.793591	-50.9871	-50.1935
BLOCK20/SES207/SA207S10	SES127	-1.39048	-52.4377	-51.0472
BLOCK20/SES207/SA207S10	SES183	-1.43103	-52.4782	-51.0472
BLOCK20/SES207/SA207S10	SES189	-1.34054	-52.3877	-51.0472
BLOCK20/SES207/SA207S10	SES292	-2.14152	-53.1887	-51.0472
BLOCK20/SES207/SA207S11	SES127	-2.19819	-52.3486	-50.1504
BLOCK20/SES207/SA207S11	SES183	-1.79113	-51.9415	-50.1504
BLOCK20/SES207/SA207S11	SES187	-1.3419	-51.4923	-50.1504
BLOCK20/SES207/SA207S11	SES292	-1.76411	-51.9145	-50.1504
BLOCK20/SES207/SA207S25	SES068	-1.73099	-52.0305	-50.2995
BLOCK20/SES207/SA207S25	SES083	-1.92454	-52.224	-50.2995
BLOCK20/SES207/SA207S25	SES127	-1.35504	-51.6545	-50.2995
BLOCK20/SES207/SA207S25	SES187	-0.717533	-51.017	-50.2995
BLOCK20/SES207/SA207S27	SES127	-1.54178	-52.5782	-51.0364
BLOCK20/SES207/SA207S27	SES183	-1.01136	-52.0478	-51.0364
BLOCK20/SES207/SA207S27	SES187	-1.28341	-52.3198	-51.0364
BLOCK20/SES207/SA207S27	SES292	-2.0188	-53.0552	-51.0364
BLOCK20/SES207/SA207S29	SES083	-1.90348	-51.9854	-50.0819
BLOCK20/SES207/SA207S29	SES085	-1.50064	-51.5826	-50.0819
BLOCK20/SES207/SA207S29	SES172	-1.49444	-51.5764	-50.0819
BLOCK20/SES207/SA207S29	SES189	-1.55786	-51.6398	-50.0819
BLOCK22/SES221/SA221S12	SES068	-1.89755	-52.1002	-50.2027
BLOCK22/SES221/SA221S12	SES143	-1.88589	-52.0885	-50.2027
BLOCK22/SES221/SA221S12	SES175	-0.999538	-51.2022	-50.2027
BLOCK22/SES221/SA221S12	SES202	-0.870121	-51.0728	-50.2027
BLOCK22/SES221/SA221S15	SES085	-2.19011	-53.6125	-51.4223
BLOCK22/SES221/SA221S15	SES143	-2.89633	-54.3187	-51.4223
BLOCK22/SES221/SA221S15	SES175	-1.24531	-52.6677	-51.4223
BLOCK22/SES221/SA221S15	SES187	-1.18544	-52.6078	-51.4223
BLOCK22/SES221/SA221S23	SES068	-2.1767	-52.8456	-50.6689
BLOCK22/SES221/SA221S23	SES143	-2.19256	-52.8615	-50.6689
BLOCK22/SES221/SA221S23	SES175	-0.689205	-51.3581	-50.6689
BLOCK22/SES221/SA221S23	SES189	-0.140652	-50.8096	-50.6689
BLOCK22/SES221/SA221S27	SES085	-2.86019	-53.3049	-50.4447
BLOCK22/SES221/SA221S27	SES143	-1.80219	-52.2469	-50.4447
BLOCK22/SES221/SA221S27	SES175	-1.42017	-51.8649	-50.4447
BLOCK22/SES221/SA221S27	SES189	0.81097	-49.6337	-50.4447
BLOCK22/SES221/SA221S29	SES085	-3.24276	-54.7724	-51.5297
BLOCK22/SES221/SA221S29	SES143	-2.91954	-54.4492	-51.5297
BLOCK22/SES221/SA221S29	SES175	-1.19175	-52.7214	-51.5297
BLOCK22/SES221/SA221S29	SES187	-0.752827	-52.2825	-51.5297
BLOCK22/SES223/SA223S11	SES143	-1.35798	-52.7405	-51.3826
BLOCK22/SES223/SA223S11	SES144	-2.81529	-54.1979	-51.3826
BLOCK22/SES223/SA223S11	SES175	-0.935131	-52.3177	-51.3826
BLOCK22/SES223/SA223S11	SES187	-1.28075	-52.6633	-51.3826
BLOCK22/SES223/SA223S13	SES068	-2.5575	-54.3198	-51.7623
BLOCK22/SES223/SA223S13	SES143	-2.15709	-53.9194	-51.7623
BLOCK22/SES223/SA223S13	SES146	-2.92352	-54.6858	-51.7623
BLOCK22/SES223/SA223S13	SES202	-2.73519	-54.4975	-51.7623
BLOCK22/SES223/SA223S22	SES143	-1.53289	-52.9282	-51.3953
BLOCK22/SES223/SA223S22	SES144	-2.45939	-53.8547	-51.3953
BLOCK22/SES223/SA223S22	SES175	-1.4246	-52.8199	-51.3953
BLOCK22/SES223/SA223S22	SES187	-1.35496	-52.7503	-51.3953
BLOCK22/SES223/SA223S25	SES068	-1.47052	-52.695	-51.2244
BLOCK22/SES223/SA223S25	SES143	-1.938	-53.1624	-51.2244
BLOCK22/SES223/SA223S25	SES175	-1.14883	-52.3733	-51.2244
BLOCK22/SES223/SA223S25	SES187	-1.26291	-52.4874	-51.2244
BLOCK22/SES223/SA223S27	SES143	-1.24629	-52.2538	-51.0075
BLOCK22/SES223/SA223S27	SES146	-1.65537	-52.6629	-51.0075
BLOCK22/SES223/SA223S27	SES187	-1.49905	-52.5066	-51.0075
BLOCK22/SES223/SA223S27	SES292	-2.83064	-53.8382	-51.0075
BLOCK27/SES273/SA273S12	SES099	-0.409061	-48.9696	-48.5606
BLOCK27/SES273/SA273S12	SES104	-0.283524	-48.8441	-48.5606
BLOCK27/SES273/SA273S12	SES125	-1.02298	-49.5836	-48.5606
BLOCK27/SES273/SA273S12	SES206	-0.160732	-48.7213	-48.5606
BLOCK27/SES273/SA273S13	SES099	-0.564297	-49.1733	-48.609
BLOCK27/SES273/SA273S13	SES104	-0.706371	-49.3154	-48.609
BLOCK27/SES273/SA273S13	SES206	-0.531456	-49.1405	-48.609
BLOCK27/SES273/SA273S13	SES292	-2.31488	-50.9239	-48.609
BLOCK27/SES273/SA273S21	SES099	0.0784836	-48.8664	-48.9449
BLOCK27/SES273/SA273S21	SES148	-2.4714	-51.4163	-48.9449
BLOCK27/SES273/SA273S21	SES149	-0.997265	-49.9422	-48.9449
BLOCK27/SES273/SA273S21	SES177	-3.27375	-52.2187	-48.9449
BLOCK27/SES273/SA273S25	SES104	-1.06953	-50.1682	-49.0987
BLOCK27/SES273/SA273S25	SES125	-0.864262	-49.963	-49.0987
BLOCK27/SES273/SA273S25	SES158	-0.651573	-49.7503	-49.0987
BLOCK27/SES273/SA273S25	SES206	-0.119579	-49.2183	-49.0987
BLOCK27/SES273/SA273S27	SES099	-0.716316	-49.9191	-49.2028
BLOCK27/SES273/SA273S27	SES104	-1.01093	-50.2137	-49.2028
BLOCK27/SES273/SA273S27	SES149	-0.719135	-49.9219	-49.2028
BLOCK27/SES273/SA273S27	SES275	-1.56585	-50.7687	-49.2028
BLOCK27/SES274/SA274S10	SES105	-1.85124	-51.2797	-49.4285
BLOCK27/SES274/SA274S10	SES125	-1.24464	-50.6731	-49.4285
BLOCK27/SES274/SA274S10	SES129	-1.41849	-50.847	-49.4285
BLOCK27/SES274/SA274S10	SES158	-1.58758	-51.0161	-49.4285
BLOCK27/SES274/SA274S11	SES105	-1.81943	-51.1744	-49.355
BLOCK27/SES274/SA274S11	SES149	-0.961617	-50.3166	-49.355
BLOCK27/SES274/SA274S11	SES158	-0.983498	-50.3385	-49.355
BLOCK27/SES274/SA274S11	SES275	-1.22984	-50.5848	-49.355
BLOCK27/SES274/SA274S21	SES105	-1.65993	-51.6696	-50.0097
BLOCK27/SES274/SA274S21	SES129	-1.55734	-51.5671	-50.0097
BLOCK27/SES274/SA274S21	SES149	-1.19804	-51.2078	-50.0097
BLOCK27/SES274/SA274S21	SES158	-2.12373	-52.1334	-50.0097
BLOCK27/SES274/SA274S24	SES105	-1.26733	-50.8594	-49.592
BLOCK27/SES274/SA274S24	SES129	-1.54903	-51.1411	-49.592
BLOCK27/SES274/SA274S24	SES149	-1.57544	-51.1675	-49.592
BLOCK27/SES274/SA274S24	SES158	-2.07125	-51.6633	-49.592
BLOCK27/SES274/SA274S29	SES105	-1.97777	-51.7039	-49.7261
BLOCK27/SES274/SA274S29	SES106	-1.74763	-51.4737	-49.7261
BLOCK27/SES274/SA274S29	SES120	-1.802	-51.5281	-49.7261
BLOCK27/SES274/SA274S29	SES275	-1.40884	-51.135	-49.7261
BLOCK27/SES276/SA276S16	SES148	-1.52306	-51.5621	-50.039
BLOCK27/SES276/SA276S16	SES172	-1.72508	-51.7641	-50.039
BLOCK27/SES276/SA276S16	SES180	-2.36596	-52.405	-50.039
BLOCK27/SES276/SA276S16	SES292	-0.826557	-50.8656	-50.039
BLOCK27/SES276/SA276S17	SES101	-1.53383	-51.6607	-50.1269
BLOCK27/SES276/SA276S17	SES177	-1.5426	-51.6695	-50.1269
BLOCK27/SES276/SA276S17	SES180	-1.73764	-51.8645	-50.1269
BLOCK27/SES276/SA276S17	SES292	-1.84585	-51.9727	-50.1269
BLOCK27/SES276/SA276S24	SES101	-0.781998	-49.6631	-48.8811
BLOCK27/SES276/SA276S24	SES177	-1.36055	-50.2416	-48.8811
BLOCK27/SES276/SA276S24	SES180	-1.62874	-50.5098	-48.8811
BLOCK27/SES276/SA276S24	SES292	-1.89391	-50.775	-48.8811
BLOCK27/SES276/SA276S26	SES101	-1.73831	-51.1811	-49.4428
BLOCK27/SES276/SA276S26	SES177	-0.790501	-50.2333	-49.4428
BLOCK27/SES276/SA276S26	SES180	-1.18382	-50.6266	-49.4428
BLOCK27/SES276/SA276S26	SES292	-1.19538	-50.6382	-49.4428
BLOCK27/SES276/SA276S28	SES101	-1.54069	-51.2036	-49.663
BLOCK27/SES276/SA276S28	SES177	-1.24576	-50.9087	-49.663
BLOCK27/SES276/SA276S28	SES180	-1.29423	-50.9572	-49.663
BLOCK27/SES276/SA276S28	SES292	-1.70506	-51.368	-49.663
BLOCK27/SES277/SA277S12	SES101	-1.30009	-51.8992	-50.5991
BLOCK27/SES277/SA277S12	SES177	-1.74317	-52.3422	-50.5991
BLOCK27/SES277/SA277S12	SES180	-2.28224	-52.8813	-50.5991
BLOCK27/SES277/SA277S12	SES292	-2.86607	-53.4651	-50.5991
BLOCK27/SES277/SA277S14	SES177	-0.864582	-52.4297	-51.5651
BLOCK27/SES277/SA277S14	SES180	-2.15333	-53.7184	-51.5651
BLOCK27/SES277/SA277S14	SES189	-0.888489	-52.4536	-51.5651
BLOCK27/SES277/SA277S14	SES292	-3.75086	-55.316	-51.5651
BLOCK27/SES277/SA277S21	SES177	-0.37315	-50.601	-50.2278
BLOCK27/SES277/SA277S21	SES180	-2.26578	-52.4936	-50.2278
BLOCK27/SES277/SA277S21	SES189	-0.64542	-50.8732	-50.2278
BLOCK27/SES277/SA277S21	SES292	-2.71849	-52.9463	-50.2278
BLOCK27/SES277/SA277S24	SES144	-1.24867	-52.4693	-51.2206
BLOCK27/SES277/SA277S24	SES177	-1.08979	-52.3104	-51.2206
BLOCK27/SES277/SA277S24	SES180	-2.4616	-53.6822	-51.2206
BLOCK27/SES277/SA277S24	SES189	-1.04804	-52.2686	-51.2206
BLOCK27/SES277/SA277S29	SES177	-0.966816	-50.2461	-49.2793
BLOCK27/SES277/SA277S29	SES180	-1.56803	-50.8473	-49.2793
BLOCK27/SES277/SA277S29	SES202	-1.81273	-51.092	-49.2793
BLOCK27/SES277/SA277S29	SES292	-2.37012	-51.6494	-49.2793
BLOCK27/SES279/SA279S09	SES120	-1.64909	-51.1027	-49.4536
BLOCK27/SES279/SA279S09	SES146	-1.42953	-50.8831	-49.4536
BLOCK27/SES279/SA279S09	SES206	-1.11432	-50.5679	-49.4536
BLOCK27/SES279/SA279S09	SES226	-1.83167	-51.2853	-49.4536
BLOCK27/SES279/SA279S10	SES099	-0.514507	-49.8825	-49.368
BLOCK27/SES279/SA279S10	SES206	-0.802685	-50.1707	-49.368
BLOCK27/SES279/SA279S10	SES226	-1.83809	-51.2061	-49.368
BLOCK27/SES279/SA279S10	SES292	-1.23391	-50.6019	-49.368
BLOCK27/SES279/SA279S20	SES099	-1.22962	-50.9187	-49.6891
BLOCK27/SES279/SA279S20	SES206	-0.477394	-50.1665	-49.6891
BLOCK27/SES279/SA279S20	SES226	-1.8665	-51.5556	-49.6891
BLOCK27/SES279/SA279S20	SES292	-0.999466	-50.6886	-49.6891
BLOCK27/SES279/SA279S26	SES099	-0.862099	-50.3348	-49.4727
BLOCK27/SES279/SA279S26	SES206	-0.2519	-49.7246	-49.4727
BLOCK27/SES279/SA279S26	SES226	-1.26452	-50.7372	-49.4727
BLOCK27/SES279/SA279S26	SES292	-1.28788	-50.7606	-49.4727
BLOCK27/SES279/SA279S28	SES099	-0.704247	-49.1805	-48.4762
BLOCK27/SES279/SA279S28	SES120	-1.70324	-50.1795	-48.4762
BLOCK27/SES279/SA279S28	SES177	-2.37624	-50.8525	-48.4762
BLOCK27/SES279/SA279S28	SES206	-0.943352	-49.4196	-48.4762
BLOCK29/SES290/SA290S12	SES162	-0.989799	-51.367	-50.3772
BLOCK29/SES290/SA290S12	SES177	-0.882339	-51.2595	-50.3772
BLOCK29/SES290/SA290S12	SES180	-2.75816	-53.1353	-50.3772
BLOCK29/SES290/SA290S12	SES292	-3.50729	-53.8844	-50.3772
BLOCK29/SES290/SA290S13	SES007	-3.02353	-53.6532	-50.6297
BLOCK29/SES290/SA290S13	SES162	-1.54289	-52.1726	-50.6297
BLOCK29/SES290/SA290S13	SES177	-0.460426	-51.0901	-50.6297
BLOCK29/SES290/SA290S13	SES180	-1.46099	-52.0907	-50.6297
BLOCK29/SES290/SA290S22	SES177	-0.57711	-50.6239	-50.0468
BLOCK29/SES290/SA290S22	SES180	-1.30758	-51.3544	-50.0468
BLOCK29/SES290/SA290S22	SES202	-1.37803	-51.4249	-50.0468
BLOCK29/SES290/SA290S22	SES292	-3.09813	-53.145	-50.0468
BLOCK29/SES290/SA290S25	SES162	-0.909805	-50.8048	-49.895
BLOCK29/SES290/SA290S25	SES177	-0.832344	-50.7274	-49.895
BLOCK29/SES290/SA290S25	SES180	-1.35252	-51.2475	-49.895
BLOCK29/SES290/SA290S25	SES292	-1.94565	-51.8407	-49.895
BLOCK29/SES290/SA290S29	SES177	0.0164909	-50.1439	-50.1603
BLOCK29/SES290/SA290S29	SES180	-0.891556	-51.0519	-50.1603
BLOCK29/SES290/SA290S29	SES275	-2.05546	-52.2158	-50.1603
BLOCK29/SES290/SA290S29	SES292	-1.68801	-51.8484	-50.1603
BLOCK29/SES291/SA291S11	SES105	-3.04852	-53.3888	-50.3403
BLOCK29/SES291/SA291S11	SES125	-1.34013	-51.6804	-50.3403
BLOCK29/SES291/SA291S11	SES158	-1.46547	-51.8058	-50.3403
BLOCK29/SES291/SA291S11	SES275	-3.09954	-53.4399	-50.3403
BLOCK29/SES291/SA291S12	SES158	-0.627609	-50.8179	-50.1903
BLOCK29/SES291/SA291S12	SES226	-1.12341	-51.3137	-50.1903
BLOCK29/SES291/SA291S12	SES270	-0.422585	-50.6129	-50.1903
BLOCK29/SES291/SA291S12	SES275	-3.98804	-54.1783	-50.1903
BLOCK29/SES291/SA291S22	SES082	-1.20483	-50.8434	-49.6385
BLOCK29/SES291/SA291S22	SES158	-1.12701	-50.7655	-49.6385
BLOCK29/SES291/SA291S22	SES259	-1.43063	-51.0692	-49.6385
BLOCK29/SES291/SA291S22	SES275	-2.7747	-52.4132	-49.6385
BLOCK29/SES291/SA291S24	SES104	-0.40028	-49.3438	-48.9435
BLOCK29/SES291/SA291S24	SES125	-0.522236	-49.4658	-48.9435
BLOCK29/SES291/SA291S24	SES158	-0.376831	-49.3204	-48.9435
BLOCK29/SES291/SA291S24	SES275	-2.79692	-51.7404	-48.9435
BLOCK29/SES291/SA291S27	SES158	-0.511841	-49.791	-49.2791
BLOCK29/SES291/SA291S27	SES172	-4.16729	-53.4464	-49.2791
BLOCK29/SES291/SA291S27	SES275	-3.05212	-52.3312	-49.2791
BLOCK29/SES291/SA291S27	SES292	-2.70573	-51.9849	-49.2791
