BLOCK00/SES002/SA002S12	SES002	0.962675	5.94832	4.98564
BLOCK00/SES002/SA002S13	SES002	1.6497	6.0586	4.4089
BLOCK00/SES002/SA002S23	SES002	1.43087	6.19403	4.76316
BLOCK00/SES002/SA002S26	SES002	1.43368	6.07178	4.63811
BLOCK00/SES002/SA002S28	SES002	0.918602	6.6596	5.74099
BLOCK00/SES007/SA007S14	SES007	1.05258	8.10752	7.05493
BLOCK00/SES007/SA007S15	SES007	0.339255	6.98747	6.64821
BLOCK00/SES007/SA007S24	SES007	0.440741	6.89769	6.45695
BLOCK00/SES007/SA007S27	SES007	0.601143	6.0825	5.48135
BLOCK00/SES007/SA007S29	SES007	0.0961914	7.34576	7.24957
BLOCK00/SES008/SA008S11	SES008	1.16624	7.17859	6.01235
BLOCK00/SES008/SA008S12	SES008	-0.0106392	5.93947	5.95011
BLOCK00/SES008/SA008S19	SES008	1.92415	8.68925	6.7651
BLOCK00/SES008/SA008S22	SES008	0.775703	6.16085	5.38514
BLOCK00/SES008/SA008S29	SES008	1.59206	7.90055	6.30849
BLOCK01/SES014/SA014S10	SES014	1.15712	6.9037	5.74658
BLOCK01/SES014/SA014S12	SES014	1.89851	8.85752	6.95901
BLOCK01/SES014/SA014S24	SES014	1.10956	7.08068	5.97111
BLOCK01/SES014/SA014S26	SES014	1.44098	8.80125	7.36027
BLOCK01/SES014/SA014S28	SES014	2.60094	9.5724	6.97147
BLOCK01/SES016/SA016S12	SES016	1.0136	5.85551	4.84191
BLOCK01/SES016/SA016S13	SES016	1.55895	7.64106	6.08211
BLOCK01/SES016/SA016S22	SES016	1.27007	7.95118	6.68111
BLOCK01/SES016/SA016S25	SES016	1.67181	9.16055	7.48874
BLOCK01/SES016/SA016S27	SES016	1.51737	8.18849	6.67111
BLOCK01/SES019/SA019S13	SES019	3.2368	6.54653	3.30973
BLOCK01/SES019/SA019S14	SES019	1.69612	5.74382	4.0477
BLOCK01/SES019/SA019S22	SES019	3.11042	6.24532	3.1349
BLOCK01/SES019/SA019S25	SES019	3.07141	6.30716	3.23574
BLOCK01/SES019/SA019S29	SES019	3.65022	6.53697	2.88675
BLOCK02/SES029/SA029S11	SES029	1.46535	8.85116	7.38581
BLOCK02/SES029/SA029S12	SES029	0.797478	7.87681	7.07933
BLOCK02/SES029/SA029S20	SES029	0.928978	7.84601	6.91703
BLOCK02/SES029/SA029S25	SES029	0.710179	7.76857	7.0584
BLOCK02/SES029/SA029S28	SES029	0.479132	7.50027	7.02114
BLOCK04/SES042/SA042S12	SES042	1.69441	7.71414	6.01973
BLOCK04/SES042/SA042S15	SES042	1.55859	8.67056	7.11197
BLOCK04/SES042/SA042S22	SES042	1.59094	8.4862	6.89526
BLOCK04/SES042/SA042S25	SES042	0.694083	5.91698	5.2229
BLOCK04/SES042/SA042S27	SES042	0.75212	7.06129	6.30917
BLOCK04/SES048/SA048S11	SES048	1.02762	7.78854	6.76091
BLOCK04/SES048/SA048S12	SES048	0.198633	6.27589	6.07725
BLOCK04/SES048/SA048S20	SES048	0.116099	7.77404	7.65794
BLOCK04/SES048/SA048S23	SES048	0.904652	7.1487	6.24405
BLOCK04/SES048/SA048S27	SES048	0.515921	7.90669	7.39077
BLOCK06/SES060/SA060S11	SES060	1.73128	7.87869	6.14741
BLOCK06/SES060/SA060S12	SES060	1.07553	7.67408	6.59855
BLOCK06/SES060/SA060S22	SES060	-0.479496	5.77805	6.25755
BLOCK06/SES060/SA060S24	SES060	1.71151	8.8316	7.12009
BLOCK06/SES060/SA060S28	SES060	1.22804	8.75308	7.52505
BLOCK06/SES062/SA062S10	SES062	0.151838	7.091	6.93916
BLOCK06/SES062/SA062S11	SES062	0.964496	7.847	6.8825
BLOCK06/SES062/SA062S21	SES062	1.40092	9.72732	8.3264
BLOCK06/SES062/SA062S26	SES062	0.6751	8.11012	7.43502
BLOCK06/SES062/SA062S29	SES062	1.34728	8.86445	7.51716
BLOCK06/SES068/SA068S14	SES068	0.296124	6.74529	6.44917
BLOCK06/SES068/SA068S15	SES068	1.42433	8.03226	6.60794
BLOCK06/SES068/SA068S23	SES068	0.917553	7.30854	6.39099
BLOCK06/SES068/SA068S27	SES068	1.70573	7.69433	5.9886
BLOCK06/SES068/SA068S29	SES068	0.588674	7.49855	6.90987
BLOCK08/SES082/SA082S12	SES082	-0.230646	4.96162	5.19227
BLOCK08/SES082/SA082S14	SES082	-0.534685	4.488	5.02268
BLOCK08/SES082/SA082S21	SES082	0.481568	5.68054	5.19897
BLOCK08/SES082/SA082S24	SES082	0.133094	6.42183	6.28874
BLOCK08/SES082/SA082S28	SES082	0.839116	6.14565	5.30653
BLOCK08/SES083/SA083S14	SES083	0.120816	7.38652	7.26571
BLOCK08/SES083/SA083S15	SES083	0.688436	7.60892	6.92049
BLOCK08/SES083/SA083S24	SES083	0.72284	7.38713	6.66429
BLOCK08/SES083/SA083S26	SES083	0.243905	6.21795	5.97404
BLOCK08/SES083/SA083S29	SES083	0.242876	7.07599	6.83311
BLOCK08/SES085/SA085S10	SES085	0.30204	7.76486	7.46282
BLOCK08/SES085/SA085S13	SES085	0.0216379	6.98046	6.95882
BLOCK08/SES085/SA085S22	SES085	-0.0364738	6.77325	6.80973
BLOCK08/SES085/SA085S26	SES085	0.286749	7.17331	6.88656
BLOCK08/SES085/SA085S28	SES085	1.1924	8.34363	7.15123
BLOCK08/SES087/SA087S15	SES087	1.27893	7.57481	6.29588
BLOCK08/SES087/SA087S16	SES087	1.11527	6.37716	5.26189
BLOCK08/SES087/SA087S24	SES087	1.24364	7.30089	6.05725
BLOCK08/SES087/SA087S26	SES087	0.578641	7.81873	7.24009
BLOCK08/SES087/SA087S29	SES087	1.58439	7.89055	6.30616
BLOCK09/SES099/SA099S15	SES099	1.12717	6.16548	5.03831
BLOCK09/SES099/SA099S16	SES099	0.806792	5.91231	5.10552
BLOCK09/SES099/SA099S24	SES099	0.774101	6.78297	6.00887
BLOCK09/SES099/SA099S26	SES099	0.983815	6.97627	5.99246
BLOCK09/SES099/SA099S29	SES099	1.17281	6.82504	5.65223
BLOCK10/SES101/SA101S11	SES101	0.636936	7.42761	6.79068
BLOCK10/SES101/SA101S13	SES101	1.25313	8.17837	6.92524
BLOCK10/SES101/SA101S22	SES101	1.26068	6.49912	5.23844
BLOCK10/SES101/SA101S24	SES101	1.94671	7.58968	5.64297
BLOCK10/SES101/SA101S28	SES101	0.813584	7.38776	6.57417
BLOCK10/SES104/SA104S11	SES104	1.26149	7.9935	6.73202
BLOCK10/SES104/SA104S12	SES104	1.1515	7.78705	6.63555
BLOCK10/SES104/SA104S21	SES104	1.35367	7.01708	5.66341
BLOCK10/SES104/SA104S24	SES104	1.13882	6.45738	5.31857
BLOCK10/SES104/SA104S28	SES104	0.681547	6.85168	6.17014
BLOCK10/SES105/SA105S12	SES105	0.379313	5.72519	5.34588
BLOCK10/SES105/SA105S13	SES105	0.839392	6.50003	5.66063
BLOCK10/SES105/SA105S22	SES105	0.0892434	4.80197	4.71272
BLOCK10/SES105/SA105S26	SES105	1.64545	7.02363	5.37819
BLOCK10/SES105/SA105S29	SES105	1.52251	7.45415	5.93164
BLOCK10/SES106/SA106S09	SES106	1.2881	5.43875	4.15065
BLOCK10/SES106/SA106S11	SES106	0.847538	6.60045	5.75291
BLOCK10/SES106/SA106S22	SES106	2.92058	6.08311	3.16254
BLOCK10/SES106/SA106S27	SES106	0.526347	6.30914	5.78279
BLOCK10/SES106/SA106S29	SES106	0.250225	6.4303	6.18008
BLOCK11/SES117/SA117S12	SES117	1.70804	7.21567	5.50763
BLOCK11/SES117/SA117S13	SES117	0.845293	7.44805	6.60276
BLOCK11/SES117/SA117S23	SES117	1.39008	6.21147	4.82138
BLOCK11/SES117/SA117S25	SES117	1.297	5.67309	4.37609
BLOCK11/SES117/SA117S28	SES117	0.854836	5.82462	4.96978
BLOCK12/SES120/SA120S08	SES120	0.745443	5.71794	4.97249
BLOCK12/SES120/SA120S11	SES120	0.781099	4.47583	3.69474
BLOCK12/SES120/SA120S22	SES120	0.348023	6.96263	6.61461
BLOCK12/SES120/SA120S24	SES120	0.0127125	5.39521	5.3825
BLOCK12/SES120/SA120S28	SES120	-0.691838	4.21212	4.90395
BLOCK12/SES125/SA125S13	SES125	2.07786	8.22665	6.14879
BLOCK12/SES125/SA125S14	SES125	0.791412	6.53613	5.74471
BLOCK12/SES125/SA125S25	SES125	1.51844	7.23172	5.71328
BLOCK12/SES125/SA125S27	SES125	2.08094	8.79011	6.70917
BLOCK12/SES125/SA125S29	SES125	1.05106	7.26842	6.21736
BLOCK12/SES127/SA127S11	SES127	0.475624	6.60644	6.13082
BLOCK12/SES127/SA127S12	SES127	0.0452623	8.21822	8.17296
BLOCK12/SES127/SA127S23	SES127	0.372908	7.04666	6.67375
BLOCK12/SES127/SA127S25	SES127	0.544969	6.58121	6.03624
BLOCK12/SES127/SA127S27	SES127	0.844071	6.72458	5.88051
BLOCK12/SES129/SA129S11	SES129	1.4532	8.76268	7.30948
BLOCK12/SES129/SA129S12	SES129	1.16978	7.94693	6.77715
BLOCK12/SES129/SA129S22	SES129	1.18021	7.24681	6.06661
BLOCK12/SES129/SA129S27	SES129	1.00157	7.44635	6.44478
BLOCK12/SES129/SA129S29	SES129	1.589	8.34997	6.76097
BLOCK14/SES142/SA142S11	SES142	0.972626	6.89702	5.9244
BLOCK14/SES142/SA142S12	SES142	0.981401	7.31717	6.33576
BLOCK14/SES142/SA142S24	SES142	1.03335	7.58509	6.55174
BLOCK14/SES142/SA142S27	SES142	1.14255	8.04037	6.89782
BLOCK14/SES142/SA142S29	SES142	1.29149	8.27794	6.98645
BLOCK14/SES143/SA143S12	SES143	0.650507	6.67657	6.02606
BLOCK14/SES143/SA143S13	SES143	0.363308	6.39528	6.03197
BLOCK14/SES143/SA143S23	SES143	1.12123	7.50929	6.38806
BLOCK14/SES143/SA143S25	SES143	0.957013	7.70166	6.74465
BLOCK14/SES143/SA143S28	SES143	0.605842	6.79172	6.18588
BLOCK14/SES144/SA144S09	SES144	0.81687	7.30479	6.48792
BLOCK14/SES144/SA144S11	SES144	0.609091	6.84035	6.23126
BLOCK14/SES144/SA144S21	SES144	-0.355042	5.49286	5.8479
BLOCK14/SES144/SA144S25	SES144	0.22645	6.91544	6.68899
BLOCK14/SES144/SA144S29	SES144	-0.146545	5.85137	5.99792
BLOCK14/SES146/SA146S14	SES146	0.183517	5.7104	5.52689
BLOCK14/SES146/SA146S15	SES146	-0.0191746	5.87546	5.89463
BLOCK14/SES146/SA146S24	SES146	0.748376	6.02366	5.27529
BLOCK14/SES146/SA146S26	SES146	1.11515	6.58443	5.46927
BLOCK14/SES146/SA146S29	SES146	0.0607944	5.32049	5.25969
BLOCK14/SES147/SA147S11	SES147	1.22506	7.59216	6.36711
BLOCK14/SES147/SA147S13	SES147	1.27764	7.98658	6.70894
BLOCK14/SES147/SA147S23	SES147	0.141898	6.43511	6.29321
BLOCK14/SES147/SA147S26	SES147	0.542991	6.13578	5.59279
BLOCK14/SES147/SA147S28	SES147	0.836747	7.01528	6.17853
BLOCK14/SES148/SA148S10	SES148	0.644878	7.89866	7.25378
BLOCK14/SES148/SA148S12	SES148	0.0823474	5.67563	5.59328
BLOCK14/SES148/SA148S22	SES148	1.0556	8.11775	7.06214
BLOCK14/SES148/SA148S26	SES148	0.324535	7.54248	7.21794
BLOCK14/SES148/SA148S29	SES148	0.284046	6.7294	6.44535
BLOCK14/SES149/SA149S13	SES149	-0.280231	5.23966	5.51989
BLOCK14/SES149/SA149S14	SES149	0.579841	7.29723	6.71739
BLOCK14/SES149/SA149S24	SES149	1.27071	7.81284	6.54213
BLOCK14/SES149/SA149S26	SES149	1.73905	8.83201	7.09295
BLOCK14/SES149/SA149S28	SES149	2.15476	8.9158	6.76104
BLOCK15/SES158/SA158S13	SES158	0.780271	5.85619	5.07592
BLOCK15/SES158/SA158S14	SES158	1.29789	6.14032	4.84243
BLOCK15/SES158/SA158S23	SES158	0.971777	6.77653	5.80475
BLOCK15/SES158/SA158S26	SES158	1.6391	5.79453	4.15542
BLOCK15/SES158/SA158S28	SES158	0.313683	5.87676	5.56308
BLOCK16/SES162/SA162S10	SES162	-0.0255938	5.82283	5.84842
BLOCK16/SES162/SA162S11	SES162	0.98044	7.50614	6.5257
BLOCK16/SES162/SA162S21	SES162	1.41484	7.27578	5.86094
BLOCK16/SES162/SA162S24	SES162	0.555451	6.81831	6.26286
BLOCK16/SES162/SA162S27	SES162	1.25378	6.39043	5.13665
BLOCK16/SES167/SA167S14	SES167	0.882989	8.76205	7.87906
BLOCK16/SES167/SA167S15	SES167	0.986519	8.33717	7.35065
BLOCK16/SES167/SA167S21	SES167	1.19899	8.71949	7.5205
BLOCK16/SES167/SA167S25	SES167	1.64263	8.71448	7.07185
BLOCK16/SES167/SA167S29	SES167	2.13261	9.79377	7.66116
BLOCK17/SES172/SA172S12	SES172	1.56912	6.81786	5.24874
BLOCK17/SES172/SA172S13	SES172	1.45139	7.43975	5.98836
BLOCK17/SES172/SA172S23	SES172	0.9509	7.56998	6.61908
BLOCK17/SES172/SA172S27	SES172	1.00637	6.94418	5.93781
BLOCK17/SES172/SA172S29	SES172	1.79042	7.75241	5.96199
BLOCK17/SES175/SA175S11	SES175	0.341773	7.27683	6.93506
BLOCK17/SES175/SA175S13	SES175	0.173561	7.79456	7.621
BLOCK17/SES175/SA175S23	SES175	0.715143	7.92556	7.21042
BLOCK17/SES175/SA175S25	SES175	0.687434	5.78847	5.10104
BLOCK17/SES175/SA175S28	SES175	0.321106	7.72098	7.39987
BLOCK17/SES177/SA177S15	SES177	0.379874	6.46046	6.08058
BLOCK17/SES177/SA177S17	SES177	0.103326	5.9258	5.82247
BLOCK17/SES177/SA177S23	SES177	-0.522838	5.19154	5.71438
BLOCK17/SES177/SA177S26	SES177	1.11468	8.66324	7.54856
BLOCK17/SES177/SA177S28	SES177	0.658407	6.77576	6.11736
BLOCK18/SES180/SA180S13	SES180	-0.0782981	5.95603	6.03433
BLOCK18/SES180/SA180S15	SES180	0.0879083	6.16933	6.08142
BLOCK18/SES180/SA180S24	SES180	1.07953	7.93453	6.855
BLOCK18/SES180/SA180S26	SES180	1.0254	7.21925	6.19384
BLOCK18/SES180/SA180S29	SES180	0.926041	7.39842	6.47238
BLOCK18/SES183/SA183S13	SES183	1.60594	6.82074	5.21479
BLOCK18/SES183/SA183S14	SES183	0.289437	6.09284	5.8034
BLOCK18/SES183/SA183S24	SES183	1.69033	5.95102	4.26069
BLOCK18/SES183/SA183S27	SES183	1.46661	6.78356	5.31695
BLOCK18/SES183/SA183S29	SES183	0.941159	6.23073	5.28957
BLOCK18/SES187/SA187S13	SES187	0.549059	6.16988	5.62082
BLOCK18/SES187/SA187S14	SES187	0.0527048	5.62179	5.56909
BLOCK18/SES187/SA187S24	SES187	1.41488	7.10476	5.68988
BLOCK18/SES187/SA187S27	SES187	1.19229	6.4914	5.29911
BLOCK18/SES187/SA187S29	SES187	1.225	6.35859	5.13359
BLOCK18/SES189/SA189S10	SES189	1.22241	6.73293	5.51052
BLOCK18/SES189/SA189S13	SES189	0.780492	5.66935	4.88886
BLOCK18/SES189/SA189S24	SES189	0.812509	7.59865	6.78614
BLOCK18/SES189/SA189S26	SES189	0.798555	8.10004	7.30149
BLOCK18/SES189/SA189S29	SES189	1.27666	7.49733	6.22067
BLOCK20/SES202/SA202S12	SES202	0.748128	7.30736	6.55923
BLOCK20/SES202/SA202S14	SES202	2.01983	7.88309	5.86326
BLOCK20/SES202/SA202S24	SES202	0.591981	7.06321	6.47123
BLOCK20/SES202/SA202S27	SES202	1.01227	8.16926	7.157
BLOCK20/SES202/SA202S29	SES202	1.24427	8.4621	7.21783
BLOCK20/SES206/SA206S15	SES206	-0.506676	6.1777	6.68438
BLOCK20/SES206/SA206S17	SES206	1.22023	6.80681	5.58658
BLOCK20/SES206/SA206S24	SES206	1.8841	8.39718	6.51308
BLOCK20/SES206/SA206S27	SES206	1.48596	6.74762	5.26166
BLOCK20/SES206/SA206S29	SES206	1.38082	8.33332	6.9525
BLOCK22/SES226/SA226S12	SES226	0.766004	6.07904	5.31304
BLOCK22/SES226/SA226S13	SES226	-0.354274	4.98426	5.33853
BLOCK22/SES226/SA226S20	SES226	1.18267	6.35898	5.17631
BLOCK22/SES226/SA226S23	SES226	1.46492	7.48633	6.02141
BLOCK22/SES226/SA226S28	SES226	2.079	7.96479	5.8858
BLOCK25/SES259/SA259S13	SES259	2.46486	8.20639	5.74153
BLOCK25/SES259/SA259S14	SES259	2.06958	7.5919	5.52232
BLOCK25/SES259/SA259S22	SES259	1.77774	7.70608	5.92834
BLOCK25/SES259/SA259S24	SES259	1.31141	7.33127	6.01986
BLOCK25/SES259/SA259S28	SES259	2.02301	7.74906	5.72605
BLOCK27/SES270/SA270S14	SES270	2.27499	5.05556	2.78058
BLOCK27/SES270/SA270S16	SES270	0.446282	5.53033	5.08405
BLOCK27/SES270/SA270S22	SES270	2.4341	6.35021	3.91611
BLOCK27/SES270/SA270S26	SES270	0.324515	4.63717	4.31266
BLOCK27/SES270/SA270S28	SES270	0.951216	5.4679	4.51668
BLOCK27/SES275/SA275S17	SES275	1.327	7.70808	6.38108
BLOCK27/SES275/SA275S18	SES275	-0.0545626	6.73459	6.78916
BLOCK27/SES275/SA275S24	SES275	0.652198	6.14502	5.49282
BLOCK27/SES275/SA275S26	SES275	1.14751	7.51468	6.36717
BLOCK27/SES275/SA275S28	SES275	0.516892	6.68393	6.16704
BLOCK29/SES292/SA292S10	SES292	0.068233	7.61174	7.54351
BLOCK29/SES292/SA292S12	SES292	0.535932	6.19095	5.65502
BLOCK29/SES292/SA292S22	SES292	0.744058	7.39619	6.65213
BLOCK29/SES292/SA292S24	SES292	0.350313	6.96412	6.61381
BLOCK29/SES292/SA292S27	SES292	-0.183624	6.45235	6.63597
BLOCK00/SES001/SA001S14	SES062	-2.85943	3.48156	6.34099
BLOCK00/SES001/SA001S14	SES082	-1.62837	4.71261	6.34099
BLOCK00/SES001/SA001S14	SES106	-1.83337	4.50762	6.34099
BLOCK00/SES001/SA001S14	SES206	-2.14548	4.19551	6.34099
BLOCK00/SES001/SA001S15	SES062	-1.61277	5.41756	7.03033
BLOCK00/SES001/SA001S15	SES104	-2.27779	4.75254	7.03033
BLOCK00/SES001/SA001S15	SES106	-2.38789	4.64244	7.03033
BLOCK00/SES001/SA001S15	SES206	-1.83576	5.19458	7.03033
BLOCK00/SES001/SA001S24	SES062	-2.88018	3.40916	6.28934
BLOCK00/SES001/SA001S24	SES082	-0.75061	5.53873	6.28934
BLOCK00/SES001/SA001S24	SES087	-2.10475	4.18459	6.28934
BLOCK00/SES001/SA001S24	SES206	-0.459368	5.82997	6.28934
BLOCK00/SES001/SA001S27	SES062	-1.78595	6.02589	7.81184
BLOCK00/SES001/SA001S27	SES082	-1.3459	6.46594	7.81184
BLOCK00/SES001/SA001S27	SES087	-1.30026	6.51158	7.81184
BLOCK00/SES001/SA001S27	SES206	-1.00012	6.81172	7.81184
BLOCK00/SES001/SA001S29	SES062	-3.09058	3.2797	6.37027
BLOCK00/SES001/SA001S29	SES082	-1.25999	5.11028	6.37027
BLOCK00/SES001/SA001S29	SES158	-1.14512	5.22516	6.37027
BLOCK00/SES001/SA001S29	SES206	-1.77551	4.59477	6.37027
BLOCK00/SES003/SA003S11	SES002	-1.07369	4.1505	5.22419
BLOCK00/SES003/SA003S11	SES019	-1.94088	3.28331	5.22419
BLOCK00/SES003/SA003S11	SES082	-1.68385	3.54034	5.22419
BLOCK00/SES003/SA003S11	SES125	-2.21672	3.00747	5.22419
BLOCK00/SES003/SA003S15	SES016	-2.24194	4.35751	6.59944
BLOCK00/SES003/SA003S15	SES019	-1.82931	4.77013	6.59944
BLOCK00/SES003/SA003S15	SES062	-0.978144	5.6213	6.59944
BLOCK00/SES003/SA003S15	SES206	-1.90777	4.69167	6.59944
BLOCK00/SES003/SA003S22	SES002	-1.84521	3.87351	5.71872
BLOCK00/SES003/SA003S22	SES062	-1.54206	4.17665	5.71872
BLOCK00/SES003/SA003S22	SES082	-1.96035	3.75837	5.71872
BLOCK00/SES003/SA003S22	SES087	-2.58392	3.13479	5.71872
BLOCK00/SES003/SA003S25	SES062	-3.11466	2.77898	5.89364
BLOCK00/SES003/SA003S25	SES082	-2.53121	3.36243	5.89364
BLOCK00/SES003/SA003S25	SES087	-1.56644	4.3272	5.89364
BLOCK00/SES003/SA003S25	SES206	-1.44786	4.44578	5.89364
BLOCK00/SES003/SA003S29	SES002	-2.47201	3.16635	5.63836
BLOCK00/SES003/SA003S29	SES062	-2.44907	3.18929	5.63836
BLOCK00/SES003/SA003S29	SES082	-1.66615	3.97221	5.63836
BLOCK00/SES003/SA003S29	SES087	-2.86145	2.77691	5.63836
BLOCK00/SES004/SA004S12	SES083	-1.50928	5.14288	6.65216
BLOCK00/SES004/SA004S12	SES148	-2.10781	4.54435	6.65216
BLOCK00/SES004/SA004S12	SES172	-0.016233	6.63592	6.65216
BLOCK00/SES004/SA004S12	SES292	-1.7405	4.91166	6.65216
BLOCK00/SES004/SA004S17	SES083	-1.27737	5.31693	6.5943
BLOCK00/SES004/SA004S17	SES162	-1.1976	5.3967	6.5943
BLOCK00/SES004/SA004S17	SES172	-0.407569	6.18673	6.5943
BLOCK00/SES004/SA004S17	SES292	-1.75499	4.83931	6.5943
BLOCK00/SES004/SA004S24	SES083	-1.54188	5.53812	7.08
BLOCK00/SES004/SA004S24	SES148	-2.28099	4.799	7.08
BLOCK00/SES004/SA004S24	SES172	-0.340645	6.73935	7.08
BLOCK00/SES004/SA004S24	SES292	-1.26675	5.81324	7.08
BLOCK00/SES004/SA004S26	SES083	-1.72446	4.60381	6.32827
BLOCK00/SES004/SA004S26	SES127	-1.56121	4.76707	6.32827
BLOCK00/SES004/SA004S26	SES148	-3.11127	3.21701	6.32827
BLOCK00/SES004/SA004S26	SES292	-2.00287	4.3254	6.32827
BLOCK00/SES004/SA004S28	SES083	-1.63038	5.03109	6.66147
BLOCK00/SES004/SA004S28	SES127	-1.09376	5.56771	6.66147
BLOCK00/SES004/SA004S28	SES187	-0.671428	5.99004	6.66147
BLOCK00/SES004/SA004S28	SES292	-1.98532	4.67616	6.66147
BLOCK00/SES006/SA006S10	SES014	-3.00316	0.325312	3.32847
BLOCK00/SES006/SA006S10	SES158	-1.12564	2.20283	3.32847
BLOCK00/SES006/SA006S10	SES226	-3.37656	-0.0480955	3.32847
BLOCK00/SES006/SA006S10	SES270	-0.429138	2.89933	3.32847
BLOCK00/SES006/SA006S11	SES158	-1.69466	1.89715	3.59181
BLOCK00/SES006/SA006S11	SES226	-2.58566	1.00615	3.59181
BLOCK00/SES006/SA006S11	SES270	-0.723841	2.86797	3.59181
BLOCK00/SES006/SA006S11	SES275	-3.58185	0.0099649	3.59181
BLOCK00/SES006/SA006S23	SES062	-3.78378	0.717436	4.50121
BLOCK00/SES006/SA006S23	SES105	-3.15165	1.34956	4.50121
BLOCK00/SES006/SA006S23	SES158	-1.1456	3.35562	4.50121
BLOCK00/SES006/SA006S23	SES275	-2.51518	1.98603	4.50121
BLOCK00/SES006/SA006S26	SES104	-2.81664	1.69754	4.51417
BLOCK00/SES006/SA006S26	SES158	-1.43181	3.08236	4.51417
BLOCK00/SES006/SA006S26	SES270	0.243736	4.75791	4.51417
BLOCK00/SES006/SA006S26	SES275	-4.37016	0.144015	4.51417
BLOCK00/SES006/SA006S28	SES007	-3.687	-0.444888	3.24211
BLOCK00/SES006/SA006S28	SES105	-2.69912	0.542987	3.24211
BLOCK00/SES006/SA006S28	SES158	-1.88582	1.35628	3.24211
BLOCK00/SES006/SA006S28	SES275	-2.76203	0.480079	3.24211
BLOCK00/SES009/SA009S12	SES083	-3.69311	2.94002	6.63312
BLOCK00/SES009/SA009S12	SES148	-1.74709	4.88603	6.63312
BLOCK00/SES009/SA009S12	SES177	-0.555358	6.07776	6.63312
BLOCK00/SES009/SA009S12	SES292	-2.01113	4.62199	6.63312
BLOCK00/SES009/SA009S15	SES007	-0.181761	6.8376	7.01936
BLOCK00/SES009/SA009S15	SES099	-3.30372	3.71564	7.01936
BLOCK00/SES009/SA009S15	SES148	-1.39592	5.62344	7.01936
BLOCK00/SES009/SA009S15	SES172	-1.36627	5.65309	7.01936
BLOCK00/SES009/SA009S24	SES146	-1.14699	5.56281	6.7098
BLOCK00/SES009/SA009S24	SES148	-2.08005	4.62974	6.7098
BLOCK00/SES009/SA009S24	SES177	-0.310232	6.39956	6.7098
BLOCK00/SES009/SA009S24	SES292	-1.71507	4.99472	6.7098
BLOCK00/SES009/SA009S26	SES083	-2.85529	3.04587	5.90117
BLOCK00/SES009/SA009S26	SES101	-3.06169	2.83948	5.90117
BLOCK00/SES009/SA009S26	SES120	-1.37769	4.52348	5.90117
BLOCK00/SES009/SA009S26	SES177	-0.929634	4.97153	5.90117
BLOCK00/SES009/SA009S29	SES083	-2.21492	4.32142	6.53634
BLOCK00/SES009/SA009S29	SES101	-2.0424	4.49394	6.53634
BLOCK00/SES009/SA009S29	SES177	-0.110212	6.42613	6.53634
BLOCK00/SES009/SA009S29	SES292	-1.69307	4.84327	6.53634
BLOCK01/SES011/SA011S10	SES019	-1.85094	2.79309	4.64402
BLOCK01/SES011/SA011S10	SES042	0.235676	4.8797	4.64402
BLOCK01/SES011/SA011S10	SES082	-3.09658	1.54744	4.64402
BLOCK01/SES011/SA011S10	SES206	-1.50146	3.14256	4.64402
BLOCK01/SES011/SA011S11	SES019	-2.44773	2.4389	4.88663
BLOCK01/SES011/SA011S11	SES042	-0.645675	4.24095	4.88663
BLOCK01/SES011/SA011S11	SES082	-1.63364	3.25299	4.88663
BLOCK01/SES011/SA011S11	SES206	-2.08144	2.80519	4.88663
BLOCK01/SES011/SA011S22	SES019	-1.09782	3.94588	5.04371
BLOCK01/SES011/SA011S22	SES042	0.541884	5.58559	5.04371
BLOCK01/SES011/SA011S22	SES082	-2.56962	2.47409	5.04371
BLOCK01/SES011/SA011S22	SES206	-2.02773	3.01598	5.04371
BLOCK01/SES011/SA011S24	SES019	-1.55831	4.18618	5.74449
BLOCK01/SES011/SA011S24	SES042	0.753163	6.49765	5.74449
BLOCK01/SES011/SA011S24	SES104	-1.7932	3.95129	5.74449
BLOCK01/SES011/SA011S24	SES206	-0.708862	5.03562	5.74449
BLOCK01/SES011/SA011S27	SES082	-0.587929	5.26329	5.85122
BLOCK01/SES011/SA011S27	SES087	-1.88595	3.96527	5.85122
BLOCK01/SES011/SA011S27	SES125	-1.09032	4.7609	5.85122
BLOCK01/SES011/SA011S27	SES206	-0.799176	5.05204	5.85122
BLOCK01/SES012/SA012S11	SES007	-1.09284	6.08753	7.18036
BLOCK01/SES012/SA012S11	SES082	-2.06195	5.11841	7.18036
BLOCK01/SES012/SA012S11	SES083	-2.49943	4.68093	7.18036
BLOCK01/SES012/SA012S11	SES206	-2.35427	4.8261	7.18036
BLOCK01/SES012/SA012S14	SES082	-0.763251	5.78372	6.54697
BLOCK01/SES012/SA012S14	SES087	-1.87459	4.67238	6.54697
BLOCK01/SES012/SA012S14	SES206	-1.36741	5.17956	6.54697
BLOCK01/SES012/SA012S14	SES292	-1.8816	4.66538	6.54697
BLOCK01/SES012/SA012S24	SES082	-0.926397	4.41286	5.33926
BLOCK01/SES012/SA012S24	SES087	-2.59079	2.74847	5.33926
BLOCK01/SES012/SA012S24	SES120	-2.34908	2.99018	5.33926
BLOCK01/SES012/SA012S24	SES206	-1.57254	3.76671	5.33926
BLOCK01/SES012/SA012S26	SES019	-4.2309	1.99622	6.22712
BLOCK01/SES012/SA012S26	SES082	-2.72457	3.50255	6.22712
BLOCK01/SES012/SA012S26	SES206	-1.32381	4.90331	6.22712
BLOCK01/SES012/SA012S26	SES292	-1.52195	4.70516	6.22712
BLOCK01/SES012/SA012S29	SES062	-1.21604	4.80339	6.01943
BLOCK01/SES012/SA012S29	SES082	-1.35524	4.66418	6.01943
BLOCK01/SES012/SA012S29	SES083	-3.87961	2.13982	6.01943
BLOCK01/SES012/SA012S29	SES206	-2.25075	3.76868	6.01943
BLOCK01/SES013/SA013S16	SES062	-3.85062	1.38206	5.23267
BLOCK01/SES013/SA013S16	SES106	-2.05848	3.1742	5.23267
BLOCK01/SES013/SA013S16	SES206	-2.00232	3.23036	5.23267
BLOCK01/SES013/SA013S16	SES226	-1.49896	3.73372	5.23267
BLOCK01/SES013/SA013S17	SES062	-2.4158	4.17701	6.59281
BLOCK01/SES013/SA013S17	SES106	-2.27532	4.31748	6.59281
BLOCK01/SES013/SA013S17	SES206	-0.714515	5.87829	6.59281
BLOCK01/SES013/SA013S17	SES226	-0.68018	5.91263	6.59281
BLOCK01/SES013/SA013S23	SES104	-1.80586	2.20859	4.01445
BLOCK01/SES013/SA013S23	SES106	-1.31803	2.69642	4.01445
BLOCK01/SES013/SA013S23	SES206	-1.48782	2.52663	4.01445
BLOCK01/SES013/SA013S23	SES270	0.00586796	4.02032	4.01445
BLOCK01/SES013/SA013S25	SES042	-2.42962	3.08056	5.51017
BLOCK01/SES013/SA013S25	SES104	-1.89754	3.61263	5.51017
BLOCK01/SES013/SA013S25	SES106	-1.59812	3.91205	5.51017
BLOCK01/SES013/SA013S25	SES206	-2.41204	3.09813	5.51017
BLOCK01/SES013/SA013S29	SES062	-4.67674	0.618308	5.29505
BLOCK01/SES013/SA013S29	SES104	-2.3968	2.89824	5.29505
BLOCK01/SES013/SA013S29	SES106	-1.37015	3.9249	5.29505
BLOCK01/SES013/SA013S29	SES206	-2.63085	2.6642	5.29505
BLOCK02/SES021/SA021S13	SES016	-3.42386	2.73899	6.16286
BLOCK02/SES021/SA021S13	SES029	-1.34471	4.81815	6.16286
BLOCK02/SES021/SA021S13	SES087	-2.67632	3.48654	6.16286
BLOCK02/SES021/SA021S13	SES206	-1.85461	4.30824	6.16286
BLOCK02/SES021/SA021S15	SES087	-1.12252	6.0827	7.20522
BLOCK02/SES021/SA021S15	SES125	-1.60779	5.59742	7.20522
BLOCK02/SES021/SA021S15	SES206	-1.24608	5.95914	7.20522
BLOCK02/SES021/SA021S15	SES226	-2.39067	4.81455	7.20522
BLOCK02/SES021/SA021S23	SES062	-3.31662	2.26972	5.58634
BLOCK02/SES021/SA021S23	SES087	-1.93607	3.65028	5.58634
BLOCK02/SES021/SA021S23	SES206	-1.79622	3.79012	5.58634
BLOCK02/SES021/SA021S23	SES226	-1.50758	4.07876	5.58634
BLOCK02/SES021/SA021S27	SES002	-1.53846	5.51498	7.05344
BLOCK02/SES021/SA021S27	SES016	-5.25523	1.79821	7.05344
BLOCK02/SES021/SA021S27	SES019	-1.18064	5.8728	7.05344
BLOCK02/SES021/SA021S27	SES062	-1.51501	5.53843	7.05344
BLOCK02/SES021/SA021S29	SES087	-1.7464	4.13079	5.87719
BLOCK02/SES021/SA021S29	SES125	-1.71315	4.16404	5.87719
BLOCK02/SES021/SA021S29	SES206	-0.451594	5.4256	5.87719
BLOCK02/SES021/SA021S29	SES226	-2.0525	3.82469	5.87719
BLOCK04/SES043/SA043S09	SES083	-0.732893	4.96623	5.69913
BLOCK04/SES043/SA043S09	SES101	-1.01026	4.68886	5.69913
BLOCK04/SES043/SA043S09	SES144	-0.448108	5.25102	5.69913
BLOCK04/SES043/SA043S09	SES172	-1.62667	4.07245	5.69913
BLOCK04/SES043/SA043S11	SES083	-0.487965	5.9545	6.44246
BLOCK04/SES043/SA043S11	SES101	-1.10863	5.33384	6.44246
BLOCK04/SES043/SA043S11	SES144	-0.0138845	6.42858	6.44246
BLOCK04/SES043/SA043S11	SES172	-0.757855	5.68461	6.44246
BLOCK04/SES043/SA043S23	SES083	-1.15164	5.12713	6.27878
BLOCK04/SES043/SA043S23	SES144	-0.0927992	6.18598	6.27878
BLOCK04/SES043/SA043S23	SES177	-1.45249	4.82629	6.27878
BLOCK04/SES043/SA043S23	SES275	-1.30951	4.96927	6.27878
BLOCK04/SES043/SA043S26	SES083	-1.01612	4.95808	5.9742
BLOCK04/SES043/SA043S26	SES101	-1.49165	4.48254	5.9742
BLOCK04/SES043/SA043S26	SES144	0.188828	6.16302	5.9742
BLOCK04/SES043/SA043S26	SES177	-1.06773	4.90647	5.9742
BLOCK04/SES043/SA043S28	SES016	-2.38154	3.87918	6.26072
BLOCK04/SES043/SA043S28	SES083	-0.640006	5.62072	6.26072
BLOCK04/SES043/SA043S28	SES101	-0.665034	5.59569	6.26072
BLOCK04/SES043/SA043S28	SES144	-0.44634	5.81438	6.26072
BLOCK04/SES044/SA044S10	SES127	-2.11276	3.13756	5.25032
BLOCK04/SES044/SA044S10	SES144	-0.841278	4.40905	5.25032
BLOCK04/SES044/SA044S10	SES147	-4.2282	1.02212	5.25032
BLOCK04/SES044/SA044S10	SES148	-2.4473	2.80302	5.25032
BLOCK04/SES044/SA044S11	SES101	-1.0985	4.91831	6.01681
BLOCK04/SES044/SA044S11	SES144	0.318893	6.33571	6.01681
BLOCK04/SES044/SA044S11	SES147	-2.49137	3.52545	6.01681
BLOCK04/SES044/SA044S11	SES177	-2.10793	3.90888	6.01681
BLOCK04/SES044/SA044S24	SES007	-2.39112	3.19171	5.58282
BLOCK04/SES044/SA044S24	SES101	-0.603201	4.97962	5.58282
BLOCK04/SES044/SA044S24	SES147	-2.11578	3.46705	5.58282
BLOCK04/SES044/SA044S24	SES177	-1.13391	4.44891	5.58282
BLOCK04/SES044/SA044S26	SES007	-2.43893	3.3069	5.74584
BLOCK04/SES044/SA044S26	SES016	-1.5542	4.19164	5.74584
BLOCK04/SES044/SA044S26	SES101	-0.242213	5.50362	5.74584
BLOCK04/SES044/SA044S26	SES147	-1.23747	4.50837	5.74584
BLOCK04/SES044/SA044S29	SES007	-2.28714	4.17919	6.46633
BLOCK04/SES044/SA044S29	SES101	-0.517588	5.94874	6.46633
BLOCK04/SES044/SA044S29	SES147	-1.82756	4.63876	6.46633
BLOCK04/SES044/SA044S29	SES177	-1.84917	4.61716	6.46633
BLOCK04/SES046/SA046S13	SES101	-1.24504	4.31666	5.5617
BLOCK04/SES046/SA046S13	SES144	-0.811972	4.74973	5.5617
BLOCK04/SES046/SA046S13	SES147	-2.33198	3.22972	5.5617
BLOCK04/SES046/SA046S13	SES177	-2.05991	3.50179	5.5617
BLOCK04/SES046/SA046S15	SES048	-0.85324	6.23284	7.08608
BLOCK04/SES046/SA046S15	SES083	-0.793602	6.29247	7.08608
BLOCK04/SES046/SA046S15	SES120	-3.56813	3.51795	7.08608
BLOCK04/SES046/SA046S15	SES148	-1.67349	5.41259	7.08608
BLOCK04/SES046/SA046S22	SES101	-0.915576	4.99598	5.91155
BLOCK04/SES046/SA046S22	SES144	-0.461941	5.44961	5.91155
BLOCK04/SES046/SA046S22	SES147	-2.62318	3.28837	5.91155
BLOCK04/SES046/SA046S22	SES172	-0.801733	5.10982	5.91155
BLOCK04/SES046/SA046S25	SES083	-1.37493	4.70852	6.08345
BLOCK04/SES046/SA046S25	SES127	-2.18472	3.89874	6.08345
BLOCK04/SES046/SA046S25	SES144	-1.19568	4.88777	6.08345
BLOCK04/SES046/SA046S25	SES148	-1.67743	4.40602	6.08345
BLOCK04/SES046/SA046S28	SES007	-2.25035	4.2001	6.45045
BLOCK04/SES046/SA046S28	SES105	-1.79178	4.65867	6.45045
BLOCK04/SES046/SA046S28	SES147	-1.91559	4.53485	6.45045
BLOCK04/SES046/SA046S28	SES148	-1.01678	5.43367	6.45045
BLOCK04/SES049/SA049S16	SES104	-1.10303	3.67221	4.77524
BLOCK04/SES049/SA049S16	SES106	-2.15074	2.6245	4.77524
BLOCK04/SES049/SA049S16	SES120	-2.58136	2.19388	4.77524
BLOCK04/SES049/SA049S16	SES206	-2.32197	2.45327	4.77524
BLOCK04/SES049/SA049S18	SES099	-0.92665	3.29692	4.22357
BLOCK04/SES049/SA049S18	SES104	-2.57431	1.64925	4.22357
BLOCK04/SES049/SA049S18	SES125	-2.98926	1.23431	4.22357
BLOCK04/SES049/SA049S18	SES206	-2.04867	2.17489	4.22357
BLOCK04/SES049/SA049S25	SES087	-2.44699	1.9533	4.40029
BLOCK04/SES049/SA049S25	SES104	-0.884373	3.51592	4.40029
BLOCK04/SES049/SA049S25	SES125	-1.91062	2.48967	4.40029
BLOCK04/SES049/SA049S25	SES206	-0.676246	3.72405	4.40029
BLOCK04/SES049/SA049S27	SES099	-0.253274	4.78137	5.03465
BLOCK04/SES049/SA049S27	SES104	0.07514	5.10979	5.03465
BLOCK04/SES049/SA049S27	SES125	-2.96955	2.0651	5.03465
BLOCK04/SES049/SA049S27	SES206	-1.74215	3.2925	5.03465
BLOCK04/SES049/SA049S29	SES099	-0.259213	5.74476	6.00397
BLOCK04/SES049/SA049S29	SES104	-0.0960298	5.90794	6.00397
BLOCK04/SES049/SA049S29	SES125	-1.38253	4.62144	6.00397
BLOCK04/SES049/SA049S29	SES206	-0.583436	5.42053	6.00397
BLOCK06/SES063/SA063S09	SES068	-1.24261	5.33894	6.58155
BLOCK06/SES063/SA063S09	SES083	-0.984368	5.59718	6.58155
BLOCK06/SES063/SA063S09	SES177	-1.38276	5.19879	6.58155
BLOCK06/SES063/SA063S09	SES187	-1.89146	4.69009	6.58155
BLOCK06/SES063/SA063S10	SES068	-1.81612	4.71585	6.53197
BLOCK06/SES063/SA063S10	SES083	-0.531294	6.00068	6.53197
BLOCK06/SES063/SA063S10	SES172	-0.309321	6.22265	6.53197
BLOCK06/SES063/SA063S10	SES187	-1.43693	5.09504	6.53197
BLOCK06/SES063/SA063S20	SES068	-2.25584	4.21488	6.47071
BLOCK06/SES063/SA063S20	SES083	-1.28734	5.18337	6.47071
BLOCK06/SES063/SA063S20	SES172	-0.236597	6.23411	6.47071
BLOCK06/SES063/SA063S20	SES187	-0.997815	5.4729	6.47071
BLOCK06/SES063/SA063S24	SES029	-3.36443	3.33739	6.70182
BLOCK06/SES063/SA063S24	SES083	-0.709674	5.99215	6.70182
BLOCK06/SES063/SA063S24	SES177	-1.029	5.67283	6.70182
BLOCK06/SES063/SA063S24	SES189	-0.282104	6.41972	6.70182
BLOCK06/SES063/SA063S27	SES083	0.0312004	6.24137	6.21017
BLOCK06/SES063/SA063S27	SES172	-0.644932	5.56523	6.21017
BLOCK06/SES063/SA063S27	SES187	-1.16143	5.04874	6.21017
BLOCK06/SES063/SA063S27	SES292	-2.08445	4.12572	6.21017
BLOCK06/SES067/SA067S12	SES083	-0.741263	6.7228	7.46406
BLOCK06/SES067/SA067S12	SES172	-1.37984	6.08422	7.46406
BLOCK06/SES067/SA067S12	SES202	-0.999549	6.46451	7.46406
BLOCK06/SES067/SA067S12	SES292	-1.75032	5.71374	7.46406
BLOCK06/SES067/SA067S14	SES085	-2.13468	6.01052	8.14521
BLOCK06/SES067/SA067S14	SES177	-1.18094	6.96427	8.14521
BLOCK06/SES067/SA067S14	SES183	-0.0572691	8.08794	8.14521
BLOCK06/SES067/SA067S14	SES202	-0.693857	7.45135	8.14521
BLOCK06/SES067/SA067S21	SES144	-0.736631	6.02503	6.76167
BLOCK06/SES067/SA067S21	SES177	-0.641475	6.12019	6.76167
BLOCK06/SES067/SA067S21	SES183	-1.04619	5.71548	6.76167
BLOCK06/SES067/SA067S21	SES189	-1.18792	5.57375	6.76167
BLOCK06/SES067/SA067S25	SES085	-1.7041	4.91503	6.61913
BLOCK06/SES067/SA067S25	SES177	-1.44044	5.17869	6.61913
BLOCK06/SES067/SA067S25	SES183	-0.583026	6.03611	6.61913
BLOCK06/SES067/SA067S25	SES202	-2.29084	4.32829	6.61913
BLOCK06/SES067/SA067S29	SES085	-2.40522	4.68538	7.09061
BLOCK06/SES067/SA067S29	SES177	-1.23556	5.85505	7.09061
BLOCK06/SES067/SA067S29	SES183	-0.566554	6.52405	7.09061
BLOCK06/SES067/SA067S29	SES202	-0.148355	6.94225	7.09061
BLOCK06/SES069/SA069S12	SES029	-2.96854	3.14867	6.11721
BLOCK06/SES069/SA069S12	SES082	-0.849594	5.26762	6.11721
BLOCK06/SES069/SA069S12	SES087	-2.1042	4.01301	6.11721
BLOCK06/SES069/SA069S12	SES206	-1.16944	4.94777	6.11721
BLOCK06/SES069/SA069S13	SES029	-3.73016	2.51739	6.24755
BLOCK06/SES069/SA069S13	SES087	-1.433	4.81455	6.24755
BLOCK06/SES069/SA069S13	SES206	-0.906203	5.34135	6.24755
BLOCK06/SES069/SA069S13	SES226	-0.0810671	6.16648	6.24755
BLOCK06/SES069/SA069S23	SES029	-1.9006	5.17057	7.07117
BLOCK06/SES069/SA069S23	SES087	-1.18218	5.88899	7.07117
BLOCK06/SES069/SA069S23	SES206	-1.23192	5.83925	7.07117
BLOCK06/SES069/SA069S23	SES226	-0.315575	6.7556	7.07117
BLOCK06/SES069/SA069S25	SES087	-1.63537	6.11627	7.75164
BLOCK06/SES069/SA069S25	SES206	-2.46723	5.28441	7.75164
BLOCK06/SES069/SA069S25	SES226	-0.913438	6.8382	7.75164
BLOCK06/SES069/SA069S25	SES270	-2.28569	5.46595	7.75164
BLOCK06/SES069/SA069S27	SES087	-2.61485	3.80189	6.41674
BLOCK06/SES069/SA069S27	SES206	-1.22512	5.19162	6.41674
BLOCK06/SES069/SA069S27	SES226	-0.446415	5.97032	6.41674
BLOCK06/SES069/SA069S27	SES270	-1.87982	4.53692	6.41674
BLOCK08/SES081/SA081S11	SES060	-1.73855	4.62668	6.36522
BLOCK08/SES081/SA081S11	SES062	-1.54673	4.8185	6.36522
BLOCK08/SES081/SA081S11	SES117	-3.5556	2.80963	6.36522
BLOCK08/SES081/SA081S11	SES162	-2.56077	3.80446	6.36522
BLOCK08/SES081/SA081S13	SES016	-1.07947	6.20181	7.28128
BLOCK08/SES081/SA081S13	SES060	-0.361911	6.91937	7.28128
BLOCK08/SES081/SA081S13	SES068	-0.611728	6.66955	7.28128
BLOCK08/SES081/SA081S13	SES129	-1.91256	5.36872	7.28128
BLOCK08/SES081/SA081S24	SES060	-0.385797	6.19777	6.58356
BLOCK08/SES081/SA081S24	SES068	-0.814171	5.76939	6.58356
BLOCK08/SES081/SA081S24	SES117	-2.91377	3.66979	6.58356
BLOCK08/SES081/SA081S24	SES275	-1.76317	4.82039	6.58356
BLOCK08/SES081/SA081S27	SES007	-1.01779	5.1205	6.13829
BLOCK08/SES081/SA081S27	SES060	-1.60153	4.53675	6.13829
BLOCK08/SES081/SA081S27	SES117	-1.3447	4.79359	6.13829
BLOCK08/SES081/SA081S27	SES275	-1.48176	4.65653	6.13829
BLOCK08/SES081/SA081S29	SES007	-0.999081	5.4395	6.43858
BLOCK08/SES081/SA081S29	SES060	-0.893532	5.54505	6.43858
BLOCK08/SES081/SA081S29	SES117	-1.93776	4.50082	6.43858
BLOCK08/SES081/SA081S29	SES275	-1.60322	4.83536	6.43858
BLOCK08/SES086/SA086S11	SES029	-4.0614	0.593848	4.65525
BLOCK08/SES086/SA086S11	SES082	-1.83951	2.81575	4.65525
BLOCK08/SES086/SA086S11	SES087	-1.10996	3.54529	4.65525
BLOCK08/SES086/SA086S11	SES206	-1.6093	3.04595	4.65525
BLOCK08/SES086/SA086S12	SES029	-3.42382	2.45159	5.8754
BLOCK08/SES086/SA086S12	SES082	-2.2449	3.63051	5.8754
BLOCK08/SES086/SA086S12	SES087	-0.699431	5.17597	5.8754
BLOCK08/SES086/SA086S12	SES206	-0.860414	5.01499	5.8754
BLOCK08/SES086/SA086S20	SES029	-3.36255	3.52265	6.8852
BLOCK08/SES086/SA086S20	SES082	-1.74512	5.14007	6.8852
BLOCK08/SES086/SA086S20	SES087	0.596982	7.48218	6.8852
BLOCK08/SES086/SA086S20	SES206	-0.562433	6.32276	6.8852
BLOCK08/SES086/SA086S24	SES087	-0.709282	4.07295	4.78223
BLOCK08/SES086/SA086S24	SES104	-1.94462	2.83761	4.78223
BLOCK08/SES086/SA086S24	SES120	-1.97479	2.80744	4.78223
BLOCK08/SES086/SA086S24	SES206	-0.833194	3.94903	4.78223
BLOCK08/SES086/SA086S28	SES029	-3.63911	2.85698	6.49609
BLOCK08/SES086/SA086S28	SES082	-1.79678	4.69932	6.49609
BLOCK08/SES086/SA086S28	SES087	-1.16558	5.33051	6.49609
BLOCK08/SES086/SA086S28	SES206	-1.46498	5.03111	6.49609
BLOCK08/SES089/SA089S13	SES087	-2.03783	3.71404	5.75187
BLOCK08/SES089/SA089S13	SES206	-1.63254	4.11933	5.75187
BLOCK08/SES089/SA089S13	SES226	-1.70751	4.04436	5.75187
BLOCK08/SES089/SA089S13	SES270	-2.4739	3.27797	5.75187
BLOCK08/SES089/SA089S14	SES062	-1.96371	4.41816	6.38187
BLOCK08/SES089/SA089S14	SES087	-0.24551	6.13636	6.38187
BLOCK08/SES089/SA089S14	SES206	-1.56235	4.81952	6.38187
BLOCK08/SES089/SA089S14	SES226	-1.6553	4.72658	6.38187
BLOCK08/SES089/SA089S23	SES087	-1.53973	3.34279	4.88252
BLOCK08/SES089/SA089S23	SES206	-1.15831	3.72421	4.88252
BLOCK08/SES089/SA089S23	SES226	-1.79812	3.0844	4.88252
BLOCK08/SES089/SA089S23	SES270	-2.50212	2.38039	4.88252
BLOCK08/SES089/SA089S25	SES062	-2.11669	4.19258	6.30927
BLOCK08/SES089/SA089S25	SES087	-0.921167	5.3881	6.30927
BLOCK08/SES089/SA089S25	SES206	-2.48943	3.81984	6.30927
BLOCK08/SES089/SA089S25	SES226	-1.59321	4.71606	6.30927
BLOCK08/SES089/SA089S28	SES062	-1.3704	4.75456	6.12496
BLOCK08/SES089/SA089S28	SES087	-0.698997	5.42597	6.12496
BLOCK08/SES089/SA089S28	SES206	-1.18388	4.94108	6.12496
BLOCK08/SES089/SA089S28	SES226	-1.25288	4.87209	6.12496
BLOCK09/SES097/SA097S11	SES099	0.203282	5.2507	5.04741
BLOCK09/SES097/SA097S11	SES125	-2.61545	2.43197	5.04741
BLOCK09/SES097/SA097S11	SES206	-1.51096	3.53645	5.04741
BLOCK09/SES097/SA097S11	SES226	0.2422	5.28961	5.04741
BLOCK09/SES097/SA097S14	SES062	-2.29565	3.31668	5.61233
BLOCK09/SES097/SA097S14	SES099	-0.895602	4.71673	5.61233
BLOCK09/SES097/SA097S14	SES104	-1.27331	4.33902	5.61233
BLOCK09/SES097/SA097S14	SES206	-2.26523	3.3471	5.61233
BLOCK09/SES097/SA097S22	SES099	-0.17134	4.6655	4.83684
BLOCK09/SES097/SA097S22	SES206	-1.3043	3.53254	4.83684
BLOCK09/SES097/SA097S22	SES226	-2.25209	2.58475	4.83684
BLOCK09/SES097/SA097S22	SES270	-0.461617	4.37522	4.83684
BLOCK09/SES097/SA097S26	SES099	-0.671422	4.33349	5.00492
BLOCK09/SES097/SA097S26	SES120	-1.38116	3.62376	5.00492
BLOCK09/SES097/SA097S26	SES206	-2.12916	2.87576	5.00492
BLOCK09/SES097/SA097S26	SES226	-2.22459	2.78033	5.00492
BLOCK09/SES097/SA097S28	SES099	-0.868523	5.14047	6.00899
BLOCK09/SES097/SA097S28	SES120	-1.89846	4.11053	6.00899
BLOCK09/SES097/SA097S28	SES206	-2.45151	3.55747	6.00899
BLOCK09/SES097/SA097S28	SES226	-2.23073	3.77826	6.00899
BLOCK09/SES098/SA098S11	SES127	-1.58872	4.52014	6.10886
BLOCK09/SES098/SA098S11	SES144	-1.2225	4.88636	6.10886
BLOCK09/SES098/SA098S11	SES147	-0.544559	5.56431	6.10886
BLOCK09/SES098/SA098S11	SES148	-3.82444	2.28442	6.10886
BLOCK09/SES098/SA098S12	SES127	-3.50056	1.16947	4.67003
BLOCK09/SES098/SA098S12	SES144	-2.54971	2.12031	4.67003
BLOCK09/SES098/SA098S12	SES147	-1.79235	2.87768	4.67003
BLOCK09/SES098/SA098S12	SES189	-3.01436	1.65566	4.67003
BLOCK09/SES098/SA098S20	SES127	-3.54159	2.11908	5.66067
BLOCK09/SES098/SA098S20	SES147	-2.31559	3.34508	5.66067
BLOCK09/SES098/SA098S20	SES148	-3.43719	2.22348	5.66067
BLOCK09/SES098/SA098S20	SES292	-1.69055	3.97012	5.66067
BLOCK09/SES098/SA098S23	SES127	-1.76971	3.83801	5.60773
BLOCK09/SES098/SA098S23	SES147	-1.70523	3.9025	5.60773
BLOCK09/SES098/SA098S23	SES187	-1.51871	4.08902	5.60773
BLOCK09/SES098/SA098S23	SES292	-1.49074	4.11699	5.60773
BLOCK09/SES098/SA098S27	SES127	-3.39296	2.46388	5.85684
BLOCK09/SES098/SA098S27	SES147	-3.02181	2.83503	5.85684
BLOCK09/SES098/SA098S27	SES148	-4.09585	1.761	5.85684
BLOCK09/SES098/SA098S27	SES292	-0.827502	5.02934	5.85684
BLOCK10/SES102/SA102S13	SES101	-0.935719	4.65447	5.59019
BLOCK10/SES102/SA102S13	SES105	-1.05433	4.53586	5.59019
BLOCK10/SES102/SA102S13	SES120	-1.89888	3.69131	5.59019
BLOCK10/SES102/SA102S13	SES158	-2.51446	3.07573	5.59019
BLOCK10/SES102/SA102S14	SES007	-0.61521	7.0051	7.62031
BLOCK10/SES102/SA102S14	SES101	-0.73013	6.89018	7.62031
BLOCK10/SES102/SA102S14	SES105	-0.473605	7.1467	7.62031
BLOCK10/SES102/SA102S14	SES147	-2.97807	4.64224	7.62031
BLOCK10/SES102/SA102S22	SES007	-1.56025	4.83261	6.39286
BLOCK10/SES102/SA102S22	SES101	-0.562573	5.83029	6.39286
BLOCK10/SES102/SA102S22	SES105	-0.614625	5.77823	6.39286
BLOCK10/SES102/SA102S22	SES158	-2.60621	3.78665	6.39286
BLOCK10/SES102/SA102S25	SES007	-1.23949	5.37726	6.61675
BLOCK10/SES102/SA102S25	SES101	-0.0567164	6.56003	6.61675
BLOCK10/SES102/SA102S25	SES105	-0.895704	5.72105	6.61675
BLOCK10/SES102/SA102S25	SES147	-2.89109	3.72566	6.61675
BLOCK10/SES102/SA102S27	SES007	-1.55202	4.50066	6.05269
BLOCK10/SES102/SA102S27	SES101	-0.577905	5.47478	6.05269
BLOCK10/SES102/SA102S27	SES105	-1.3611	4.69158	6.05269
BLOCK10/SES102/SA102S27	SES147	-2.76304	3.28964	6.05269
BLOCK10/SES103/SA103S14	SES105	-2.90248	1.39378	4.29626
BLOCK10/SES103/SA103S14	SES106	-1.95556	2.3407	4.29626
BLOCK10/SES103/SA103S14	SES120	-2.4676	1.82866	4.29626
BLOCK10/SES103/SA103S14	SES206	-2.55257	1.74369	4.29626
BLOCK10/SES103/SA103S15	SES099	-1.8166	1.78149	3.59808
BLOCK10/SES103/SA103S15	SES101	-4.54728	-0.949194	3.59808
BLOCK10/SES103/SA103S15	SES104	-2.00838	1.5897	3.59808
BLOCK10/SES103/SA103S15	SES125	-2.77574	0.822339	3.59808
BLOCK10/SES103/SA103S24	SES104	-2.11657	2.28383	4.4004
BLOCK10/SES103/SA103S24	SES125	-3.16297	1.23743	4.4004
BLOCK10/SES103/SA103S24	SES148	-3.03218	1.36822	4.4004
BLOCK10/SES103/SA103S24	SES158	-1.6559	2.7445	4.4004
BLOCK10/SES103/SA103S26	SES104	-1.72489	2.9558	4.68069
BLOCK10/SES103/SA103S26	SES106	-0.892409	3.78828	4.68069
BLOCK10/SES103/SA103S26	SES125	-1.79493	2.88576	4.68069
BLOCK10/SES103/SA103S26	SES148	-2.91927	1.76142	4.68069
BLOCK10/SES103/SA103S28	SES104	-1.45574	2.83091	4.28665
BLOCK10/SES103/SA103S28	SES106	-1.29743	2.98921	4.28665
BLOCK10/SES103/SA103S28	SES125	-1.9021	2.38455	4.28665
BLOCK10/SES103/SA103S28	SES206	-3.00347	1.28317	4.28665
BLOCK12/SES121/SA121S12	SES042	-2.16005	1.89327	4.05332
BLOCK12/SES121/SA121S12	SES087	-1.91034	2.14297	4.05332
BLOCK12/SES121/SA121S12	SES105	-1.51991	2.5334	4.05332
BLOCK12/SES121/SA121S12	SES206	-1.15743	2.89588	4.05332
BLOCK12/SES121/SA121S14	SES007	-2.65059	0.56151	3.2121
BLOCK12/SES121/SA121S14	SES105	-3.70326	-0.491158	3.2121
BLOCK12/SES121/SA121S14	SES106	-2.56679	0.645308	3.2121
BLOCK12/SES121/SA121S14	SES206	-2.02579	1.18631	3.2121
BLOCK12/SES121/SA121S23	SES105	-3.25979	0.195448	3.45524
BLOCK12/SES121/SA121S23	SES106	-1.90239	1.55285	3.45524
BLOCK12/SES121/SA121S23	SES120	-2.01469	1.44055	3.45524
BLOCK12/SES121/SA121S23	SES206	-1.09102	2.36422	3.45524
BLOCK12/SES121/SA121S25	SES007	-2.61797	0.310724	2.9287
BLOCK12/SES121/SA121S25	SES105	-3.66334	-0.734645	2.9287
BLOCK12/SES121/SA121S25	SES106	-2.94118	-0.0124801	2.9287
BLOCK12/SES121/SA121S25	SES206	-2.18958	0.739117	2.9287
BLOCK12/SES121/SA121S27	SES087	-1.01238	3.02956	4.04194
BLOCK12/SES121/SA121S27	SES105	-4.71138	-0.669441	4.04194
BLOCK12/SES121/SA121S27	SES120	-1.03447	3.00748	4.04194
BLOCK12/SES121/SA121S27	SES206	-0.399605	3.64234	4.04194
BLOCK12/SES124/SA124S16	SES042	-0.503259	5.64273	6.14599
BLOCK12/SES124/SA124S16	SES082	-1.4371	4.70889	6.14599
BLOCK12/SES124/SA124S16	SES183	-3.27874	2.86725	6.14599
BLOCK12/SES124/SA124S16	SES206	-2.07544	4.07055	6.14599
BLOCK12/SES124/SA124S17	SES105	-2.38337	2.72443	5.10779
BLOCK12/SES124/SA124S17	SES149	-3.29364	1.81415	5.10779
BLOCK12/SES124/SA124S17	SES158	-4.01337	1.09442	5.10779
BLOCK12/SES124/SA124S17	SES275	-1.60311	3.50468	5.10779
BLOCK12/SES124/SA124S23	SES105	-2.32961	5.21322	7.54283
BLOCK12/SES124/SA124S23	SES125	-0.112193	7.43063	7.54283
BLOCK12/SES124/SA124S23	SES129	-3.68848	3.85435	7.54283
BLOCK12/SES124/SA124S23	SES158	-0.69511	6.84772	7.54283
BLOCK12/SES124/SA124S26	SES105	-3.35835	2.9003	6.25864
BLOCK12/SES124/SA124S26	SES125	-0.838105	5.42054	6.25864
BLOCK12/SES124/SA124S26	SES129	-4.07408	2.18456	6.25864
BLOCK12/SES124/SA124S26	SES158	-2.22837	4.03027	6.25864
BLOCK12/SES124/SA124S28	SES104	-0.362035	5.98349	6.34553
BLOCK12/SES124/SA124S28	SES106	-1.52714	4.81839	6.34553
BLOCK12/SES124/SA124S28	SES125	-0.952339	5.39319	6.34553
BLOCK12/SES124/SA124S28	SES275	-2.2795	4.06603	6.34553
BLOCK12/SES126/SA126S13	SES007	-1.66045	4.55169	6.21215
BLOCK12/SES126/SA126S13	SES162	-2.00825	4.2039	6.21215
BLOCK12/SES126/SA126S13	SES177	-1.00695	5.2052	6.21215
BLOCK12/SES126/SA126S13	SES180	-1.69081	4.52134	6.21215
BLOCK12/SES126/SA126S14	SES144	-1.15961	6.0338	7.19341
BLOCK12/SES126/SA126S14	SES148	-1.82404	5.36937	7.19341
BLOCK12/SES126/SA126S14	SES177	-0.533443	6.65996	7.19341
BLOCK12/SES126/SA126S14	SES180	-1.90453	5.28888	7.19341
BLOCK12/SES126/SA126S20	SES007	-1.11042	6.00046	7.11088
BLOCK12/SES126/SA126S20	SES162	-2.14442	4.96646	7.11088
BLOCK12/SES126/SA126S20	SES172	-2.12731	4.98357	7.11088
BLOCK12/SES126/SA126S20	SES180	-2.43768	4.6732	7.11088
BLOCK12/SES126/SA126S24	SES120	-0.383811	6.33089	6.7147
BLOCK12/SES126/SA126S24	SES162	-1.79528	4.91942	6.7147
BLOCK12/SES126/SA126S24	SES177	-0.453801	6.2609	6.7147
BLOCK12/SES126/SA126S24	SES180	-1.36606	5.34865	6.7147
BLOCK12/SES126/SA126S26	SES120	-0.622046	5.22116	5.84321
BLOCK12/SES126/SA126S26	SES177	-1.03198	4.81123	5.84321
BLOCK12/SES126/SA126S26	SES180	-2.14079	3.70241	5.84321
BLOCK12/SES126/SA126S26	SES202	-1.62078	4.22243	5.84321
BLOCK12/SES128/SA128S10	SES087	-3.44869	1.78938	5.23808
BLOCK12/SES128/SA128S10	SES206	-1.69324	3.54483	5.23808
BLOCK12/SES128/SA128S10	SES226	-0.920461	4.31762	5.23808
BLOCK12/SES128/SA128S10	SES270	-0.935074	4.303	5.23808
BLOCK12/SES128/SA128S12	SES120	-1.93573	3.74801	5.68374
BLOCK12/SES128/SA128S12	SES158	-2.73785	2.94589	5.68374
BLOCK12/SES128/SA128S12	SES206	-1.86345	3.82029	5.68374
BLOCK12/SES128/SA128S12	SES226	-2.43739	3.24635	5.68374
BLOCK12/SES128/SA128S21	SES106	-2.09917	3.02134	5.12051
BLOCK12/SES128/SA128S21	SES120	-2.50181	2.6187	5.12051
BLOCK12/SES128/SA128S21	SES206	-1.9382	3.18231	5.12051
BLOCK12/SES128/SA128S21	SES226	-0.888878	4.23163	5.12051
BLOCK12/SES128/SA128S24	SES087	-1.73794	3.8746	5.61255
BLOCK12/SES128/SA128S24	SES120	-1.76321	3.84934	5.61255
BLOCK12/SES128/SA128S24	SES206	-1.34891	4.26364	5.61255
BLOCK12/SES128/SA128S24	SES226	-2.177	3.43555	5.61255
BLOCK12/SES128/SA128S27	SES099	-0.607811	5.67477	6.28258
BLOCK12/SES128/SA128S27	SES120	-0.816268	5.46631	6.28258
BLOCK12/SES128/SA128S27	SES206	-0.684689	5.59789	6.28258
BLOCK12/SES128/SA128S27	SES226	-1.18418	5.09841	6.28258
BLOCK13/SES130/SA130S13	SES143	-0.902697	4.26658	5.16928
BLOCK13/SES130/SA130S13	SES144	-0.99787	4.17141	5.16928
BLOCK13/SES130/SA130S13	SES146	-2.8116	2.35768	5.16928
BLOCK13/SES130/SA130S13	SES275	-2.96964	2.19964	5.16928
BLOCK13/SES130/SA130S15	SES143	-2.16976	4.83606	7.00581
BLOCK13/SES130/SA130S15	SES144	0.18576	7.19157	7.00581
BLOCK13/SES130/SA130S15	SES146	-1.29108	5.71473	7.00581
BLOCK13/SES130/SA130S15	SES275	-1.3427	5.66311	7.00581
BLOCK13/SES130/SA130S23	SES127	-2.45312	2.79378	5.2469
BLOCK13/SES130/SA130S23	SES144	-1.26436	3.98254	5.2469
BLOCK13/SES130/SA130S23	SES146	-2.17274	3.07416	5.2469
BLOCK13/SES130/SA130S23	SES162	-0.595791	4.65111	5.2469
BLOCK13/SES130/SA130S25	SES127	-1.08884	4.89532	5.98415
BLOCK13/SES130/SA130S25	SES144	-0.29922	5.68493	5.98415
BLOCK13/SES130/SA130S25	SES146	-1.49005	4.4941	5.98415
BLOCK13/SES130/SA130S25	SES275	-1.12456	4.85959	5.98415
BLOCK13/SES130/SA130S28	SES127	-1.7905	4.08521	5.87571
BLOCK13/SES130/SA130S28	SES144	-0.900564	4.97514	5.87571
BLOCK13/SES130/SA130S28	SES146	-1.04625	4.82946	5.87571
BLOCK13/SES130/SA130S28	SES275	-0.872747	5.00296	5.87571
BLOCK13/SES131/SA131S13	SES002	-2.42045	1.40114	3.82159
BLOCK13/SES131/SA131S13	SES007	-2.7154	1.10619	3.82159
BLOCK13/SES131/SA131S13	SES099	-1.59402	2.22757	3.82159
BLOCK13/SES131/SA131S13	SES105	-2.57459	1.247	3.82159
BLOCK13/SES131/SA131S14	SES104	-0.754694	5.39371	6.14841
BLOCK13/SES131/SA131S14	SES106	-1.84555	4.30286	6.14841
BLOCK13/SES131/SA131S14	SES125	-1.90917	4.23923	6.14841
BLOCK13/SES131/SA131S14	SES148	-1.304	4.8444	6.14841
BLOCK13/SES131/SA131S20	SES104	-2.20533	2.15995	4.36527
BLOCK13/SES131/SA131S20	SES106	-2.12593	2.23935	4.36527
BLOCK13/SES131/SA131S20	SES125	-3.25324	1.11204	4.36527
BLOCK13/SES131/SA131S20	SES148	-2.842	1.52327	4.36527
BLOCK13/SES131/SA131S22	SES099	-1.13611	4.91338	6.04949
BLOCK13/SES131/SA131S22	SES104	-1.55474	4.49475	6.04949
BLOCK13/SES131/SA131S22	SES125	-2.9243	3.12519	6.04949
BLOCK13/SES131/SA131S22	SES206	-2.24171	3.80778	6.04949
BLOCK13/SES131/SA131S29	SES087	-2.15505	2.4154	4.57044
BLOCK13/SES131/SA131S29	SES104	-2.58381	1.98663	4.57044
BLOCK13/SES131/SA131S29	SES125	-3.55442	1.01602	4.57044
BLOCK13/SES131/SA131S29	SES206	-1.92579	2.64465	4.57044
BLOCK13/SES132/SA132S11	SES083	-2.83738	3.68505	6.52243
BLOCK13/SES132/SA132S11	SES120	-0.377656	6.14477	6.52243
BLOCK13/SES132/SA132S11	SES127	-2.22771	4.29472	6.52243
BLOCK13/SES132/SA132S11	SES275	-1.64529	4.87714	6.52243
BLOCK13/SES132/SA132S12	SES083	-2.58121	4.96328	7.54449
BLOCK13/SES132/SA132S12	SES143	-2.69257	4.85192	7.54449
BLOCK13/SES132/SA132S12	SES144	-1.47603	6.06846	7.54449
BLOCK13/SES132/SA132S12	SES148	-0.927713	6.61678	7.54449
BLOCK13/SES132/SA132S22	SES062	-1.37499	4.53636	5.91136
BLOCK13/SES132/SA132S22	SES083	-2.98211	2.92924	5.91136
BLOCK13/SES132/SA132S22	SES127	-1.94074	3.97062	5.91136
BLOCK13/SES132/SA132S22	SES275	-0.846758	5.0646	5.91136
BLOCK13/SES132/SA132S24	SES007	-1.30025	6.06772	7.36797
BLOCK13/SES132/SA132S24	SES083	-3.05447	4.3135	7.36797
BLOCK13/SES132/SA132S24	SES127	-2.77549	4.59248	7.36797
BLOCK13/SES132/SA132S24	SES275	-1.14633	6.22164	7.36797
BLOCK13/SES132/SA132S27	SES083	-3.28457	2.11208	5.39666
BLOCK13/SES132/SA132S27	SES120	-0.150153	5.2465	5.39666
BLOCK13/SES132/SA132S27	SES127	-2.28294	3.11372	5.39666
BLOCK13/SES132/SA132S27	SES275	-2.16559	3.23107	5.39666
BLOCK14/SES141/SA141S09	SES143	-2.11173	5.14976	7.26149
BLOCK14/SES141/SA141S09	SES144	-1.14733	6.11416	7.26149
BLOCK14/SES141/SA141S09	SES162	-1.61321	5.64827	7.26149
BLOCK14/SES141/SA141S09	SES180	-1.74766	5.51383	7.26149
BLOCK14/SES141/SA141S15	SES127	-1.94361	4.99558	6.93919
BLOCK14/SES141/SA141S15	SES144	-1.44688	5.4923	6.93919
BLOCK14/SES141/SA141S15	SES162	-2.24427	4.69492	6.93919
BLOCK14/SES141/SA141S15	SES180	-1.75177	5.18742	6.93919
BLOCK14/SES141/SA141S24	SES127	-1.35849	5.67246	7.03095
BLOCK14/SES141/SA141S24	SES144	-1.44494	5.58601	7.03095
BLOCK14/SES141/SA141S24	SES162	-1.61331	5.41764	7.03095
BLOCK14/SES141/SA141S24	SES183	-2.12106	4.90989	7.03095
BLOCK14/SES141/SA141S26	SES142	-1.56098	4.56438	6.12535
BLOCK14/SES141/SA141S26	SES144	-1.51356	4.61179	6.12535
BLOCK14/SES141/SA141S26	SES172	-0.88091	5.24444	6.12535
BLOCK14/SES141/SA141S26	SES180	-1.55695	4.5684	6.12535
BLOCK14/SES141/SA141S29	SES127	-0.877626	6.13361	7.01124
BLOCK14/SES141/SA141S29	SES142	-0.925712	6.08553	7.01124
BLOCK14/SES141/SA141S29	SES144	-1.39803	5.61321	7.01124
BLOCK14/SES141/SA141S29	SES180	-1.65889	5.35234	7.01124
BLOCK15/SES157/SA157S08	SES083	-2.05144	4.66092	6.71236
BLOCK15/SES157/SA157S08	SES127	-2.1135	4.59886	6.71236
BLOCK15/SES157/SA157S08	SES148	-1.0919	5.62046	6.71236
BLOCK15/SES157/SA157S08	SES292	-2.72382	3.98854	6.71236
BLOCK15/SES157/SA157S11	SES083	-2.21543	4.31783	6.53326
BLOCK15/SES157/SA157S11	SES127	-1.41278	5.12048	6.53326
BLOCK15/SES157/SA157S11	SES148	-1.77491	4.75835	6.53326
BLOCK15/SES157/SA157S11	SES292	-2.04763	4.48563	6.53326
BLOCK15/SES157/SA157S21	SES127	-0.726821	5.90232	6.62914
BLOCK15/SES157/SA157S21	SES148	-0.268069	6.36107	6.62914
BLOCK15/SES157/SA157S21	SES158	-5.62846	1.00068	6.62914
BLOCK15/SES157/SA157S21	SES292	-2.02295	4.60619	6.62914
BLOCK15/SES157/SA157S24	SES127	-1.35247	5.43369	6.78617
BLOCK15/SES157/SA157S24	SES148	-1.23618	5.54998	6.78617
BLOCK15/SES157/SA157S24	SES183	-1.92665	4.85952	6.78617
BLOCK15/SES157/SA157S24	SES292	-2.30188	4.48429	6.78617
BLOCK15/SES157/SA157S26	SES007	-1.14205	5.89185	7.03391
BLOCK15/SES157/SA157S26	SES127	-1.01776	6.01615	7.03391
BLOCK15/SES157/SA157S26	SES147	-2.12633	4.90757	7.03391
BLOCK15/SES157/SA157S26	SES148	-0.954205	6.0797	7.03391
BLOCK16/SES161/SA161S10	SES007	-1.80205	3.44152	5.24357
BLOCK16/SES161/SA161S10	SES105	-1.91933	3.32424	5.24357
BLOCK16/SES161/SA161S10	SES158	-2.65657	2.58701	5.24357
BLOCK16/SES161/SA161S10	SES275	-1.78524	3.45834	5.24357
BLOCK16/SES161/SA161S12	SES007	-2.61158	2.71983	5.33141
BLOCK16/SES161/SA161S12	SES105	-2.47957	2.85185	5.33141
BLOCK16/SES161/SA161S12	SES158	-1.79344	3.53797	5.33141
BLOCK16/SES161/SA161S12	SES275	-1.2244	4.10702	5.33141
BLOCK16/SES161/SA161S20	SES007	-2.02661	2.56818	4.59479
BLOCK16/SES161/SA161S20	SES105	-3.52083	1.07396	4.59479
BLOCK16/SES161/SA161S20	SES158	-1.8421	2.75269	4.59479
BLOCK16/SES161/SA161S20	SES275	-2.57053	2.02426	4.59479
BLOCK16/SES161/SA161S23	SES007	-2.60197	2.88899	5.49095
BLOCK16/SES161/SA161S23	SES105	-1.41517	4.07578	5.49095
BLOCK16/SES161/SA161S23	SES148	-1.7413	3.74965	5.49095
BLOCK16/SES161/SA161S23	SES158	-2.26011	3.23085	5.49095
BLOCK16/SES161/SA161S28	SES007	-2.35465	2.87881	5.23346
BLOCK16/SES161/SA161S28	SES105	-3.2313	2.00216	5.23346
BLOCK16/SES161/SA161S28	SES158	-1.32118	3.91228	5.23346
BLOCK16/SES161/SA161S28	SES206	-1.20622	4.02724	5.23346
BLOCK16/SES164/SA164S11	SES104	-2.06828	2.84565	4.91393
BLOCK16/SES164/SA164S11	SES125	-2.12438	2.78955	4.91393
BLOCK16/SES164/SA164S11	SES158	-0.252732	4.6612	4.91393
BLOCK16/SES164/SA164S11	SES206	-2.67461	2.23932	4.91393
BLOCK16/SES164/SA164S13	SES099	-2.32019	2.19431	4.5145
BLOCK16/SES164/SA164S13	SES104	-2.45224	2.06226	4.5145
BLOCK16/SES164/SA164S13	SES125	-2.95567	1.55883	4.5145
BLOCK16/SES164/SA164S13	SES206	-2.41381	2.10069	4.5145
BLOCK16/SES164/SA164S24	SES002	-0.298172	3.88586	4.18403
BLOCK16/SES164/SA164S24	SES099	-1.3813	2.80273	4.18403
BLOCK16/SES164/SA164S24	SES125	-2.96341	1.22062	4.18403
BLOCK16/SES164/SA164S24	SES226	-0.453721	3.73031	4.18403
BLOCK16/SES164/SA164S27	SES087	-2.73258	1.06961	3.80219
BLOCK16/SES164/SA164S27	SES125	-2.28627	1.51592	3.80219
BLOCK16/SES164/SA164S27	SES206	-2.54602	1.25617	3.80219
BLOCK16/SES164/SA164S27	SES226	-1.13862	2.66356	3.80219
BLOCK16/SES164/SA164S29	SES002	0.355206	4.06676	3.71155
BLOCK16/SES164/SA164S29	SES019	-2.0126	1.69895	3.71155
BLOCK16/SES164/SA164S29	SES125	-2.51342	1.19813	3.71155
BLOCK16/SES164/SA164S29	SES226	-1.3716	2.33995	3.71155
BLOCK16/SES169/SA169S13	SES117	-1.23839	5.0064	6.24479
BLOCK16/SES169/SA169S13	SES144	-1.15771	5.08708	6.24479
BLOCK16/SES169/SA169S13	SES146	-1.55111	4.69368	6.24479
BLOCK16/SES169/SA169S13	SES162	-1.0835	5.16129	6.24479
BLOCK16/SES169/SA169S14	SES144	-1.71619	6.15562	7.8718
BLOCK16/SES169/SA169S14	SES148	-1.91986	5.95194	7.8718
BLOCK16/SES169/SA169S14	SES177	-0.48198	7.38982	7.8718
BLOCK16/SES169/SA169S14	SES180	-2.01777	5.85403	7.8718
BLOCK16/SES169/SA169S24	SES117	-1.78648	3.13754	4.92402
BLOCK16/SES169/SA169S24	SES144	-1.45471	3.46931	4.92402
BLOCK16/SES169/SA169S24	SES146	-1.30405	3.61997	4.92402
BLOCK16/SES169/SA169S24	SES162	-1.3406	3.58342	4.92402
BLOCK16/SES169/SA169S27	SES127	-1.55415	4.27731	5.83146
BLOCK16/SES169/SA169S27	SES129	-1.56218	4.26928	5.83146
BLOCK16/SES169/SA169S27	SES144	-2.02432	3.80713	5.83146
BLOCK16/SES169/SA169S27	SES146	-0.863782	4.96768	5.83146
BLOCK16/SES169/SA169S29	SES144	-0.563102	6.8728	7.4359
BLOCK16/SES169/SA169S29	SES162	-0.596815	6.83909	7.4359
BLOCK16/SES169/SA169S29	SES177	-1.21635	6.21955	7.4359
BLOCK16/SES169/SA169S29	SES180	-1.16515	6.27075	7.4359
BLOCK17/SES171/SA171S12	SES083	-2.22603	2.68982	4.91585
BLOCK17/SES171/SA171S12	SES148	-2.24659	2.66926	4.91585
BLOCK17/SES171/SA171S12	SES172	-1.35943	3.55642	4.91585
BLOCK17/SES171/SA171S12	SES292	-3.69953	1.21632	4.91585
BLOCK17/SES171/SA171S15	SES148	-1.41685	3.92977	5.34662
BLOCK17/SES171/SA171S15	SES177	-0.800443	4.54618	5.34662
BLOCK17/SES171/SA171S15	SES180	-2.50184	2.84478	5.34662
BLOCK17/SES171/SA171S15	SES292	-1.67205	3.67457	5.34662
BLOCK17/SES171/SA171S22	SES007	-2.01914	5.32973	7.34888
BLOCK17/SES171/SA171S22	SES148	-1.68898	5.6599	7.34888
BLOCK17/SES171/SA171S22	SES177	-0.941379	6.4075	7.34888
BLOCK17/SES171/SA171S22	SES180	-2.77695	4.57193	7.34888
BLOCK17/SES171/SA171S25	SES101	-1.59663	4.05296	5.64959
BLOCK17/SES171/SA171S25	SES120	-3.65473	1.99486	5.64959
BLOCK17/SES171/SA171S25	SES177	-1.88212	3.76747	5.64959
BLOCK17/SES171/SA171S25	SES180	-2.12911	3.52048	5.64959
BLOCK17/SES171/SA171S27	SES177	-0.604558	5.04201	5.64657
BLOCK17/SES171/SA171S27	SES180	-2.42758	3.21899	5.64657
BLOCK17/SES171/SA171S27	SES189	-0.228748	5.41783	5.64657
BLOCK17/SES171/SA171S27	SES292	-2.70708	2.93949	5.64657
BLOCK17/SES173/SA173S13	SES162	-4.4985	1.86931	6.36781
BLOCK17/SES173/SA173S13	SES177	-1.91193	4.45589	6.36781
BLOCK17/SES173/SA173S13	SES180	-4.16074	2.20707	6.36781
BLOCK17/SES173/SA173S13	SES292	-0.788417	5.5794	6.36781
BLOCK17/SES173/SA173S14	SES007	-1.49677	5.25694	6.75371
BLOCK17/SES173/SA173S14	SES162	-4.2461	2.50761	6.75371
BLOCK17/SES173/SA173S14	SES177	-1.45374	5.29996	6.75371
BLOCK17/SES173/SA173S14	SES180	-3.94659	2.80712	6.75371
BLOCK17/SES173/SA173S24	SES144	-2.6423	2.93735	5.57965
BLOCK17/SES173/SA173S24	SES162	-3.71664	1.86301	5.57965
BLOCK17/SES173/SA173S24	SES177	-1.00097	4.57868	5.57965
BLOCK17/SES173/SA173S24	SES180	-3.76765	1.812	5.57965
BLOCK17/SES173/SA173S27	SES162	-4.24178	2.42022	6.66199
BLOCK17/SES173/SA173S27	SES177	-1.80544	4.85655	6.66199
BLOCK17/SES173/SA173S27	SES180	-2.50219	4.1598	6.66199
BLOCK17/SES173/SA173S27	SES292	-0.881606	5.78039	6.66199
BLOCK17/SES173/SA173S29	SES162	-3.46959	2.39848	5.86808
BLOCK17/SES173/SA173S29	SES175	-1.48776	4.38032	5.86808
BLOCK17/SES173/SA173S29	SES177	-0.85882	5.00926	5.86808
BLOCK17/SES173/SA173S29	SES292	-2.58588	3.28219	5.86808
BLOCK18/SES182/SA182S10	SES144	-1.1414	4.62351	5.7649
BLOCK18/SES182/SA182S10	SES177	-1.71396	4.05094	5.7649
BLOCK18/SES182/SA182S10	SES180	-2.63327	3.13163	5.7649
BLOCK18/SES182/SA182S10	SES275	-0.825266	4.93964	5.7649
BLOCK18/SES182/SA182S12	SES144	-0.232534	7.03757	7.27011
BLOCK18/SES182/SA182S12	SES177	-0.993353	6.27676	7.27011
BLOCK18/SES182/SA182S12	SES180	-1.34922	5.92089	7.27011
BLOCK18/SES182/SA182S12	SES275	-0.408034	6.86207	7.27011
BLOCK18/SES182/SA182S21	SES117	-2.03488	3.20764	5.24253
BLOCK18/SES182/SA182S21	SES144	-1.28965	3.95288	5.24253
BLOCK18/SES182/SA182S21	SES162	-1.38063	3.86189	5.24253
BLOCK18/SES182/SA182S21	SES180	-2.91645	2.32607	5.24253
BLOCK18/SES182/SA182S23	SES117	-1.94726	3.25632	5.20358
BLOCK18/SES182/SA182S23	SES144	-1.60736	3.59622	5.20358
BLOCK18/SES182/SA182S23	SES180	-2.24171	2.96186	5.20358
BLOCK18/SES182/SA182S23	SES275	0.517607	5.72118	5.20358
BLOCK18/SES182/SA182S25	SES007	-0.47987	4.46894	4.94881
BLOCK18/SES182/SA182S25	SES162	-0.728134	4.22067	4.94881
BLOCK18/SES182/SA182S25	SES177	-0.99868	3.95013	4.94881
BLOCK18/SES182/SA182S25	SES180	-2.29479	2.65402	4.94881
BLOCK18/SES184/SA184S12	SES177	-2.71672	3.22072	5.93744
BLOCK18/SES184/SA184S12	SES180	-1.96409	3.97335	5.93744
BLOCK18/SES184/SA184S12	SES189	-1.53228	4.40516	5.93744
BLOCK18/SES184/SA184S12	SES292	-1.2611	4.67634	5.93744
BLOCK18/SES184/SA184S13	SES101	-1.56723	4.29059	5.85782
BLOCK18/SES184/SA184S13	SES177	-1.4418	4.41602	5.85782
BLOCK18/SES184/SA184S13	SES180	-1.81669	4.04113	5.85782
BLOCK18/SES184/SA184S13	SES292	-1.96622	3.8916	5.85782
BLOCK18/SES184/SA184S22	SES177	-2.7051	3.0708	5.7759
BLOCK18/SES184/SA184S22	SES180	-0.923892	4.85201	5.7759
BLOCK18/SES184/SA184S22	SES189	-1.77873	3.99717	5.7759
BLOCK18/SES184/SA184S22	SES292	-2.37689	3.39901	5.7759
BLOCK18/SES184/SA184S25	SES101	-1.14759	5.66341	6.811
BLOCK18/SES184/SA184S25	SES177	-2.7809	4.0301	6.811
BLOCK18/SES184/SA184S25	SES180	-1.88082	4.93018	6.811
BLOCK18/SES184/SA184S25	SES292	-1.7912	5.0198	6.811
BLOCK18/SES184/SA184S27	SES083	-1.45213	4.45172	5.90385
BLOCK18/SES184/SA184S27	SES177	-0.810162	5.09369	5.90385
BLOCK18/SES184/SA184S27	SES202	-1.41861	4.48524	5.90385
BLOCK18/SES184/SA184S27	SES292	-1.0891	4.81475	5.90385
BLOCK20/SES204/SA204S12	SES062	-0.88173	5.88337	6.7651
BLOCK20/SES204/SA204S12	SES083	-3.21195	3.55315	6.7651
BLOCK20/SES204/SA204S12	SES206	-0.764518	6.00058	6.7651
BLOCK20/SES204/SA204S12	SES226	-2.58013	4.18497	6.7651
BLOCK20/SES204/SA204S14	SES068	-0.935806	6.88724	7.82305
BLOCK20/SES204/SA204S14	SES087	-0.48571	7.33734	7.82305
BLOCK20/SES204/SA204S14	SES206	-1.60652	6.21653	7.82305
BLOCK20/SES204/SA204S14	SES226	-2.26096	5.56209	7.82305
BLOCK20/SES204/SA204S22	SES068	-1.1382	5.852	6.9902
BLOCK20/SES204/SA204S22	SES082	-3.0095	3.9807	6.9902
BLOCK20/SES204/SA204S22	SES083	-3.34874	3.64146	6.9902
BLOCK20/SES204/SA204S22	SES206	-1.51221	5.478	6.9902
BLOCK20/SES204/SA204S25	SES062	-1.25205	6.05073	7.30277
BLOCK20/SES204/SA204S25	SES083	-3.07957	4.2232	7.30277
BLOCK20/SES204/SA204S25	SES206	-1.33465	5.96812	7.30277
BLOCK20/SES204/SA204S25	SES226	-2.68009	4.62268	7.30277
BLOCK20/SES204/SA204S27	SES068	-1.54872	4.91055	6.45928
BLOCK20/SES204/SA204S27	SES082	-2.53546	3.92382	6.45928
BLOCK20/SES204/SA204S27	SES087	-1.13499	5.32429	6.45928
BLOCK20/SES204/SA204S27	SES206	-2.06454	4.39474	6.45928
BLOCK20/SES207/SA207S10	SES127	-1.88772	4.43367	6.32139
BLOCK20/SES207/SA207S10	SES183	-0.998341	5.32305	6.32139
BLOCK20/SES207/SA207S10	SES189	-1.289	5.03239	6.32139
BLOCK20/SES207/SA207S10	SES292	-2.26001	4.06139	6.32139
BLOCK20/SES207/SA207S11	SES127	-2.84062	3.14511	5.98573
BLOCK20/SES207/SA207S11	SES183	-1.48045	4.50529	5.98573
BLOCK20/SES207/SA207S11	SES187	-1.44804	4.53769	5.98573
BLOCK20/SES207/SA207S11	SES292	-1.1762	4.80954	5.98573
BLOCK20/SES207/SA207S25	SES068	-1.24108	4.52739	5.76847
BLOCK20/SES207/SA207S25	SES083	-1.78686	3.98161	5.76847
BLOCK20/SES207/SA207S25	SES127	-1.44749	4.32097	5.76847
BLOCK20/SES207/SA207S25	SES187	-1.12956	4.63891	5.76847
BLOCK20/SES207/SA207S27	SES127	-2.01411	3.38074	5.39485
BLOCK20/SES207/SA207S27	SES183	-1.44197	3.95288	5.39485
BLOCK20/SES207/SA207S27	SES187	-1.54865	3.8462	5.39485
BLOCK20/SES207/SA207S27	SES292	-1.89292	3.50193	5.39485
BLOCK20/SES207/SA207S29	SES083	-2.24911	4.12331	6.37242
BLOCK20/SES207/SA207S29	SES085	-2.16537	4.20705	6.37242
BLOCK20/SES207/SA207S29	SES172	-1.07891	5.29351	6.37242
BLOCK20/SES207/SA207S29	SES189	-2.19052	4.1819	6.37242
BLOCK22/SES221/SA221S12	SES068	-0.453362	6.88107	7.33443
BLOCK22/SES221/SA221S12	SES143	-2.89467	4.43977	7.33443
BLOCK22/SES221/SA221S12	SES175	-1.71751	5.61693	7.33443
BLOCK22/SES221/SA221S12	SES202	-1.58186	5.75257	7.33443
BLOCK22/SES221/SA221S15	SES085	-1.47491	5.52012	6.99503
BLOCK22/SES221/SA221S15	SES143	-3.38604	3.60899	6.99503
BLOCK22/SES221/SA221S15	SES175	-1.70501	5.29002	6.99503
BLOCK22/SES221/SA221S15	SES187	-1.89164	5.10339	6.99503
BLOCK22/SES221/SA221S23	SES068	0.00668287	6.995	6.98832
BLOCK22/SES221/SA221S23	SES143	-2.38297	4.60535	6.98832
BLOCK22/SES221/SA221S23	SES175	-0.968973	6.01935	6.98832
BLOCK22/SES221/SA221S23	SES189	-1.90794	5.08038	6.98832
BLOCK22/SES221/SA221S27	SES085	-0.665551	5.8844	6.54995
BLOCK22/SES221/SA221S27	SES143	-2.48507	4.06488	6.54995
BLOCK22/SES221/SA221S27	SES175	-1.55884	4.99111	6.54995
BLOCK22/SES221/SA221S27	SES189	-0.697514	5.85244	6.54995
BLOCK22/SES221/SA221S29	SES085	-0.789606	6.286	7.07561
BLOCK22/SES221/SA221S29	SES143	-2.11589	4.95972	7.07561
BLOCK22/SES221/SA221S29	SES175	-0.977074	6.09853	7.07561
BLOCK22/SES221/SA221S29	SES187	-1.87981	5.19579	7.07561
BLOCK22/SES223/SA223S11	SES143	-1.45074	4.31751	5.76825
BLOCK22/SES223/SA223S11	SES144	-2.90557	2.86268	5.76825
BLOCK22/SES223/SA223S11	SES175	-1.59358	4.17467	5.76825
BLOCK22/SES223/SA223S11	SES187	-1.97629	3.79196	5.76825
BLOCK22/SES223/SA223S13	SES068	-0.0643706	5.80516	5.86953
BLOCK22/SES223/SA223S13	SES143	-2.97815	2.89138	5.86953
BLOCK22/SES223/SA223S13	SES146	-3.01718	2.85235	5.86953
BLOCK22/SES223/SA223S13	SES202	-3.93634	1.93319	5.86953
BLOCK22/SES223/SA223S22	SES143	-2.37003	3.05366	5.42369
BLOCK22/SES223/SA223S22	SES144	-3.03592	2.38777	5.42369
BLOCK22/SES223/SA223S22	SES175	-1.37155	4.05214	5.42369
BLOCK22/SES223/SA223S22	SES187	-1.88417	3.53952	5.42369
BLOCK22/SES223/SA223S25	SES068	-0.643297	5.39339	6.03669
BLOCK22/SES223/SA223S25	SES143	-2.42593	3.61076	6.03669
BLOCK22/SES223/SA223S25	SES175	-1.66668	4.37001	6.03669
BLOCK22/SES223/SA223S25	SES187	-1.8124	4.22429	6.03669
BLOCK22/SES223/SA223S27	SES143	-1.4518	4.1256	5.57741
BLOCK22/SES223/SA223S27	SES146	-1.61476	3.96264	5.57741
BLOCK22/SES223/SA223S27	SES187	-2.22536	3.35205	5.57741
BLOCK22/SES223/SA223S27	SES292	-0.109969	5.46744	5.57741
BLOCK27/SES273/SA273S12	SES099	-0.864748	5.9516	6.81634
BLOCK27/SES273/SA273S12	SES104	-0.730625	6.08572	6.81634
BLOCK27/SES273/SA273S12	SES125	-2.60691	4.20943	6.81634
BLOCK27/SES273/SA273S12	SES206	-1.38173	5.43461	6.81634
BLOCK27/SES273/SA273S13	SES099	-0.851031	5.94106	6.79209
BLOCK27/SES273/SA273S13	SES104	-1.19827	5.59382	6.79209
BLOCK27/SES273/SA273S13	SES206	-1.43863	5.35346	6.79209
BLOCK27/SES273/SA273S13	SES292	-1.67946	5.11264	6.79209
BLOCK27/SES273/SA273S21	SES099	-1.12821	5.06949	6.1977
BLOCK27/SES273/SA273S21	SES148	-2.41518	3.78252	6.1977
BLOCK27/SES273/SA273S21	SES149	-1.54692	4.65077	6.1977
BLOCK27/SES273/SA273S21	SES177	-1.69596	4.50174	6.1977
BLOCK27/SES273/SA273S25	SES104	-1.18653	4.53937	5.7259
BLOCK27/SES273/SA273S25	SES125	-2.95331	2.77259	5.7259
BLOCK27/SES273/SA273S25	SES158	-0.499837	5.22606	5.7259
BLOCK27/SES273/SA273S25	SES206	-1.2603	4.4656	5.7259
BLOCK27/SES273/SA273S27	SES099	-0.47001	6.40628	6.87629
BLOCK27/SES273/SA273S27	SES104	-1.20587	5.67043	6.87629
BLOCK27/SES273/SA273S27	SES149	-1.29422	5.58207	6.87629
BLOCK27/SES273/SA273S27	SES275	-1.69872	5.17757	6.87629
BLOCK27/SES274/SA274S10	SES105	-2.37915	4.72247	7.10163
BLOCK27/SES274/SA274S10	SES125	-3.17707	3.92456	7.10163
BLOCK27/SES274/SA274S10	SES129	-0.69842	6.40321	7.10163
BLOCK27/SES274/SA274S10	SES158	-3.84675	3.25488	7.10163
BLOCK27/SES274/SA274S11	SES105	-1.73292	6.25007	7.98299
BLOCK27/SES274/SA274S11	SES149	-2.65176	5.33123	7.98299
BLOCK27/SES274/SA274S11	SES158	-2.12342	5.85957	7.98299
BLOCK27/SES274/SA274S11	SES275	-1.0258	6.95719	7.98299
BLOCK27/SES274/SA274S21	SES105	-2.57399	5.50838	8.08237
BLOCK27/SES274/SA274S21	SES129	-1.18427	6.8981	8.08237
BLOCK27/SES274/SA274S21	SES149	-2.07504	6.00733	8.08237
BLOCK27/SES274/SA274S21	SES158	-3.94889	4.13348	8.08237
BLOCK27/SES274/SA274S24	SES105	-2.55735	4.44755	7.0049
BLOCK27/SES274/SA274S24	SES129	-0.755066	6.24984	7.0049
BLOCK27/SES274/SA274S24	SES149	-3.41115	3.59375	7.0049
BLOCK27/SES274/SA274S24	SES158	-5.49766	1.50724	7.0049
BLOCK27/SES274/SA274S29	SES105	-1.61947	5.11948	6.73895
BLOCK27/SES274/SA274S29	SES106	-2.23882	4.50013	6.73895
BLOCK27/SES274/SA274S29	SES120	-1.28355	5.4554	6.73895
BLOCK27/SES274/SA274S29	SES275	-1.16087	5.57808	6.73895
BLOCK27/SES276/SA276S16	SES148	-1.63895	4.80055	6.43951
BLOCK27/SES276/SA276S16	SES172	-1.07626	5.36325	6.43951
BLOCK27/SES276/SA276S16	SES180	-3.2081	3.2314	6.43951
BLOCK27/SES276/SA276S16	SES292	-1.5264	4.9131	6.43951
BLOCK27/SES276/SA276S17	SES101	-1.42111	5.00241	6.42352
BLOCK27/SES276/SA276S17	SES177	-1.97076	4.45276	6.42352
BLOCK27/SES276/SA276S17	SES180	-2.15503	4.26849	6.42352
BLOCK27/SES276/SA276S17	SES292	-1.94328	4.48024	6.42352
BLOCK27/SES276/SA276S24	SES101	-0.617335	6.50575	7.12309
BLOCK27/SES276/SA276S24	SES177	-1.60488	5.5182	7.12309
BLOCK27/SES276/SA276S24	SES180	-2.60727	4.51582	7.12309
BLOCK27/SES276/SA276S24	SES292	-2.04947	5.07362	7.12309
BLOCK27/SES276/SA276S26	SES101	-1.427	5.813	7.24
BLOCK27/SES276/SA276S26	SES177	-1.16669	6.07331	7.24
BLOCK27/SES276/SA276S26	SES180	-0.584679	6.65532	7.24
BLOCK27/SES276/SA276S26	SES292	-0.684978	6.55502	7.24
BLOCK27/SES276/SA276S28	SES101	-0.481987	6.56007	7.04206
BLOCK27/SES276/SA276S28	SES177	-1.3025	5.73956	7.04206
BLOCK27/SES276/SA276S28	SES180	-0.578061	6.464	7.04206
BLOCK27/SES276/SA276S28	SES292	-1.01834	6.02372	7.04206
BLOCK27/SES277/SA277S12	SES101	-0.412705	4.46415	4.87685
BLOCK27/SES277/SA277S12	SES177	-2.04947	2.82738	4.87685
BLOCK27/SES277/SA277S12	SES180	-3.1214	1.75545	4.87685
BLOCK27/SES277/SA277S12	SES292	-3.79079	1.08606	4.87685
BLOCK27/SES277/SA277S14	SES177	-1.2713	3.158	4.4293
BLOCK27/SES277/SA277S14	SES180	-3.34119	1.08811	4.4293
BLOCK27/SES277/SA277S14	SES189	-0.624387	3.80491	4.4293
BLOCK27/SES277/SA277S14	SES292	-2.64458	1.78472	4.4293
BLOCK27/SES277/SA277S21	SES177	-0.86525	4.62857	5.49382
BLOCK27/SES277/SA277S21	SES180	-2.25221	3.24161	5.49382
BLOCK27/SES277/SA277S21	SES189	0.404566	5.89838	5.49382
BLOCK27/SES277/SA277S21	SES292	-2.83685	2.65697	5.49382
BLOCK27/SES277/SA277S24	SES144	-1.19589	2.34262	3.5385
BLOCK27/SES277/SA277S24	SES177	-1.83169	1.70681	3.5385
BLOCK27/SES277/SA277S24	SES180	-3.89886	-0.360355	3.5385
BLOCK27/SES277/SA277S24	SES189	-0.536144	3.00236	3.5385
BLOCK27/SES277/SA277S29	SES177	-1.74917	4.50207	6.25124
BLOCK27/SES277/SA277S29	SES180	-2.70473	3.54651	6.25124
BLOCK27/SES277/SA277S29	SES202	-2.25031	4.00093	6.25124
BLOCK27/SES277/SA277S29	SES292	-3.22121	3.03003	6.25124
BLOCK27/SES279/SA279S09	SES120	-1.73826	4.49426	6.23253
BLOCK27/SES279/SA279S09	SES146	-2.67089	3.56163	6.23253
BLOCK27/SES279/SA279S09	SES206	-2.16946	4.06307	6.23253
BLOCK27/SES279/SA279S09	SES226	-2.61648	3.61605	6.23253
BLOCK27/SES279/SA279S10	SES099	-0.81054	5.41757	6.22812
BLOCK27/SES279/SA279S10	SES206	-1.56836	4.65976	6.22812
BLOCK27/SES279/SA279S10	SES226	-2.66134	3.56677	6.22812
BLOCK27/SES279/SA279S10	SES292	-1.23477	4.99335	6.22812
BLOCK27/SES279/SA279S20	SES099	-1.94528	3.31611	5.26138
BLOCK27/SES279/SA279S20	SES206	-1.46007	3.80132	5.26138
BLOCK27/SES279/SA279S20	SES226	-3.29271	1.96868	5.26138
BLOCK27/SES279/SA279S20	SES292	-0.781357	4.48003	5.26138
BLOCK27/SES279/SA279S26	SES099	-1.62808	4.17051	5.79859
BLOCK27/SES279/SA279S26	SES206	-1.61125	4.18734	5.79859
BLOCK27/SES279/SA279S26	SES226	-2.51583	3.28275	5.79859
BLOCK27/SES279/SA279S26	SES292	-0.717164	5.08142	5.79859
BLOCK27/SES279/SA279S28	SES099	-1.09052	6.76726	7.85778
BLOCK27/SES279/SA279S28	SES120	-1.06173	6.79606	7.85778
BLOCK27/SES279/SA279S28	SES177	-1.94223	5.91555	7.85778
BLOCK27/SES279/SA279S28	SES206	-1.06521	6.79257	7.85778
BLOCK29/SES290/SA290S12	SES162	-0.745142	7.75804	8.50319
BLOCK29/SES290/SA290S12	SES177	-0.619223	7.88396	8.50319
BLOCK29/SES290/SA290S12	SES180	-1.54724	6.95595	8.50319
BLOCK29/SES290/SA290S12	SES292	-2.08274	6.42045	8.50319
BLOCK29/SES290/SA290S13	SES007	-0.876873	6.26033	7.1372
BLOCK29/SES290/SA290S13	SES162	-2.16982	4.96738	7.1372
BLOCK29/SES290/SA290S13	SES177	-1.13176	6.00544	7.1372
BLOCK29/SES290/SA290S13	SES180	-0.979425	6.15778	7.1372
BLOCK29/SES290/SA290S22	SES177	-1.43615	5.66479	7.10094
BLOCK29/SES290/SA290S22	SES180	-1.30891	5.79203	7.10094
BLOCK29/SES290/SA290S22	SES202	-2.00455	5.09639	7.10094
BLOCK29/SES290/SA290S22	SES292	-1.66754	5.4334	7.10094
BLOCK29/SES290/SA290S25	SES162	-1.06537	6.68597	7.75133
BLOCK29/SES290/SA290S25	SES177	-0.906275	6.84506	7.75133
BLOCK29/SES290/SA290S25	SES180	-1.1701	6.58123	7.75133
BLOCK29/SES290/SA290S25	SES292	-0.777305	6.97403	7.75133
BLOCK29/SES290/SA290S29	SES177	-0.748584	6.40687	7.15546
BLOCK29/SES290/SA290S29	SES180	-1.00018	6.15527	7.15546
BLOCK29/SES290/SA290S29	SES275	-1.29083	5.86463	7.15546
BLOCK29/SES290/SA290S29	SES292	-0.872222	6.28323	7.15546
BLOCK29/SES291/SA291S11	SES105	-3.30605	1.75192	5.05797
BLOCK29/SES291/SA291S11	SES125	-2.15695	2.90102	5.05797
BLOCK29/SES291/SA291S11	SES158	-1.2875	3.77047	5.05797
BLOCK29/SES291/SA291S11	SES275	-2.78178	2.27619	5.05797
BLOCK29/SES291/SA291S12	SES158	-0.0209575	5.85534	5.87629
BLOCK29/SES291/SA291S12	SES226	-2.06597	3.81032	5.87629
BLOCK29/SES291/SA291S12	SES270	0.437716	6.31401	5.87629
BLOCK29/SES291/SA291S12	SES275	-5.05208	0.824215	5.87629
BLOCK29/SES291/SA291S22	SES082	-1.79376	3.93101	5.72477
BLOCK29/SES291/SA291S22	SES158	-1.73737	3.98741	5.72477
BLOCK29/SES291/SA291S22	SES259	-2.45455	3.27023	5.72477
BLOCK29/SES291/SA291S22	SES275	-2.90642	2.81835	5.72477
BLOCK29/SES291/SA291S24	SES104	-0.477988	6.42373	6.90172
BLOCK29/SES291/SA291S24	SES125	-0.995255	5.90647	6.90172
BLOCK29/SES291/SA291S24	SES158	-0.754641	6.14708	6.90172
BLOCK29/SES291/SA291S24	SES275	-3.43371	3.46801	6.90172
BLOCK29/SES291/SA291S27	SES158	-0.298809	6.09137	6.39018
BLOCK29/SES291/SA291S27	SES172	-4.22884	2.16133	6.39018
BLOCK29/SES291/SA291S27	SES275	-3.22541	3.16477	6.39018
BLOCK29/SES291/SA291S27	SES292	-1.74677	4.64341	6.39018
