BLOCK00/SES002/SA002S12	SES002	0.978395	5.80436	4.82597
BLOCK00/SES002/SA002S13	SES002	2.07861	5.78494	3.70633
BLOCK00/SES002/SA002S23	SES002	1.48556	6.08359	4.59803
BLOCK00/SES002/SA002S26	SES002	0.961115	5.60886	4.64774
BLOCK00/SES002/SA002S28	SES002	0.879545	6.40342	5.52387
BLOCK00/SES007/SA007S14	SES007	0.977554	8.17422	7.19666
BLOCK00/SES007/SA007S15	SES007	0.153878	6.89836	6.74449
BLOCK00/SES007/SA007S24	SES007	0.4174	6.90902	6.49162
BLOCK00/SES007/SA007S27	SES007	0.744896	6.06709	5.32219
BLOCK00/SES007/SA007S29	SES007	-0.108807	7.25787	7.36668
BLOCK00/SES008/SA008S11	SES008	1.11701	7.08719	5.97018
BLOCK00/SES008/SA008S12	SES008	0.101301	6.00136	5.90005
BLOCK00/SES008/SA008S19	SES008	2.12829	8.77588	6.64758
BLOCK00/SES008/SA008S22	SES008	0.704938	6.11902	5.41408
BLOCK00/SES008/SA008S29	SES008	1.52499	7.78581	6.26082
BLOCK01/SES014/SA014S10	SES014	1.626	7.18411	5.55811
BLOCK01/SES014/SA014S12	SES014	2.36281	9.12041	6.7576
BLOCK01/SES014/SA014S24	SES014	1.24518	6.99253	5.74734
BLOCK01/SES014/SA014S26	SES014	1.68436	8.88129	7.19693
BLOCK01/SES014/SA014S28	SES014	2.88573	9.56007	6.67434
BLOCK01/SES016/SA016S12	SES016	1.16853	5.69204	4.52351
BLOCK01/SES016/SA016S13	SES016	1.1215	7.23433	6.11283
BLOCK01/SES016/SA016S22	SES016	1.29192	8.02231	6.73039
BLOCK01/SES016/SA016S25	SES016	1.61042	9.34941	7.73899
BLOCK01/SES016/SA016S27	SES016	1.30606	8.45978	7.15372
BLOCK01/SES019/SA019S13	SES019	3.36683	6.41223	3.0454
BLOCK01/SES019/SA019S14	SES019	1.86853	5.72358	3.85505
BLOCK01/SES019/SA019S22	SES019	3.33131	6.32272	2.99141
BLOCK01/SES019/SA019S25	SES019	3.22545	6.20359	2.97814
BLOCK01/SES019/SA019S29	SES019	3.95715	6.58959	2.63244
BLOCK02/SES029/SA029S11	SES029	1.07189	8.69717	7.62528
BLOCK02/SES029/SA029S12	SES029	0.606182	7.90148	7.2953
BLOCK02/SES029/SA029S20	SES029	0.642199	7.82782	7.18562
BLOCK02/SES029/SA029S25	SES029	0.70511	7.6196	6.91449
BLOCK02/SES029/SA029S28	SES029	0.0494485	7.27505	7.2256
BLOCK04/SES042/SA042S12	SES042	1.67215	7.69463	6.02248
BLOCK04/SES042/SA042S15	SES042	1.60679	8.78256	7.17577
BLOCK04/SES042/SA042S22	SES042	1.76836	8.56093	6.79257
BLOCK04/SES042/SA042S25	SES042	1.04884	6.03516	4.98632
BLOCK04/SES042/SA042S27	SES042	0.862438	7.23065	6.36822
BLOCK04/SES048/SA048S11	SES048	1.10299	7.87904	6.77605
BLOCK04/SES048/SA048S12	SES048	0.509854	6.42376	5.91391
BLOCK04/SES048/SA048S20	SES048	0.370672	7.95217	7.5815
BLOCK04/SES048/SA048S23	SES048	1.01649	7.23271	6.21622
BLOCK04/SES048/SA048S27	SES048	0.122155	7.68266	7.56051
BLOCK06/SES060/SA060S11	SES060	1.34208	7.65657	6.31449
BLOCK06/SES060/SA060S12	SES060	-0.00235081	6.85774	6.86009
BLOCK06/SES060/SA060S22	SES060	-0.600902	5.6956	6.2965
BLOCK06/SES060/SA060S24	SES060	1.56047	8.78614	7.22566
BLOCK06/SES060/SA060S28	SES060	1.28006	9.09077	7.81071
BLOCK06/SES062/SA062S10	SES062	0.365763	7.2131	6.84734
BLOCK06/SES062/SA062S11	SES062	1.08134	7.86775	6.78642
BLOCK06/SES062/SA062S21	SES062	1.22166	9.81818	8.59652
BLOCK06/SES062/SA062S26	SES062	0.91996	8.5326	7.61264
BLOCK06/SES062/SA062S29	SES062	1.25784	9.1849	7.92706
BLOCK06/SES068/SA068S14	SES068	0.259037	6.70026	6.44123
BLOCK06/SES068/SA068S15	SES068	0.722949	7.77648	7.05353
BLOCK06/SES068/SA068S23	SES068	1.09015	7.43031	6.34016
BLOCK06/SES068/SA068S27	SES068	1.99198	7.98332	5.99135
BLOCK06/SES068/SA068S29	SES068	0.861923	7.76323	6.90131
BLOCK08/SES082/SA082S12	SES082	-0.243259	5.10496	5.34822
BLOCK08/SES082/SA082S14	SES082	-0.415808	4.59519	5.011
BLOCK08/SES082/SA082S21	SES082	0.295744	5.60012	5.30437
BLOCK08/SES082/SA082S24	SES082	0.558122	6.50168	5.94355
BLOCK08/SES082/SA082S28	SES082	1.02645	6.17113	5.14468
BLOCK08/SES083/SA083S14	SES083	0.29031	7.53618	7.24587
BLOCK08/SES083/SA083S15	SES083	0.895112	7.74839	6.85327
BLOCK08/SES083/SA083S24	SES083	0.310338	7.04422	6.73388
BLOCK08/SES083/SA083S26	SES083	0.913317	6.80858	5.89526
BLOCK08/SES083/SA083S29	SES083	0.120157	7.13832	7.01817
BLOCK08/SES085/SA085S10	SES085	0.0671387	7.56465	7.49751
BLOCK08/SES085/SA085S13	SES085	0.257859	7.10599	6.84813
BLOCK08/SES085/SA085S22	SES085	0.182434	6.94201	6.75958
BLOCK08/SES085/SA085S26	SES085	-0.00232124	7.18061	7.18293
BLOCK08/SES085/SA085S28	SES085	0.672012	7.99738	7.32537
BLOCK08/SES087/SA087S15	SES087	1.20998	7.52255	6.31257
BLOCK08/SES087/SA087S16	SES087	1.08588	6.24243	5.15655
BLOCK08/SES087/SA087S24	SES087	1.37436	7.25216	5.8778
BLOCK08/SES087/SA087S26	SES087	0.308608	7.60229	7.29369
BLOCK08/SES087/SA087S29	SES087	1.50809	8.03682	6.52873
BLOCK09/SES099/SA099S15	SES099	0.954423	5.8814	4.92698
BLOCK09/SES099/SA099S16	SES099	0.917148	5.68006	4.76291
BLOCK09/SES099/SA099S24	SES099	1.03216	6.78112	5.74896
BLOCK09/SES099/SA099S26	SES099	1.03004	6.84723	5.81719
BLOCK09/SES099/SA099S29	SES099	1.12393	6.70193	5.578
BLOCK10/SES101/SA101S11	SES101	0.597198	7.49147	6.89427
BLOCK10/SES101/SA101S13	SES101	1.28762	8.47336	7.18574
BLOCK10/SES101/SA101S22	SES101	1.36901	6.63613	5.26712
BLOCK10/SES101/SA101S24	SES101	1.45486	7.44711	5.99226
BLOCK10/SES101/SA101S28	SES101	0.579166	7.29278	6.71362
BLOCK10/SES104/SA104S11	SES104	1.63829	8.0019	6.36361
BLOCK10/SES104/SA104S12	SES104	1.38307	7.9678	6.58473
BLOCK10/SES104/SA104S21	SES104	1.30163	6.8231	5.52147
BLOCK10/SES104/SA104S24	SES104	1.13361	6.55069	5.41708
BLOCK10/SES104/SA104S28	SES104	0.783154	6.83116	6.048
BLOCK10/SES105/SA105S12	SES105	0.46385	5.77643	5.31258
BLOCK10/SES105/SA105S13	SES105	0.549565	6.51893	5.96936
BLOCK10/SES105/SA105S22	SES105	0.35854	5.06641	4.70787
BLOCK10/SES105/SA105S26	SES105	1.17346	7.03092	5.85746
BLOCK10/SES105/SA105S29	SES105	1.22434	7.36451	6.14018
BLOCK10/SES106/SA106S09	SES106	1.57128	5.4704	3.89912
BLOCK10/SES106/SA106S11	SES106	1.27853	6.78714	5.50861
BLOCK10/SES106/SA106S22	SES106	2.70144	5.54001	2.83857
BLOCK10/SES106/SA106S27	SES106	1.16634	6.66665	5.50031
BLOCK10/SES106/SA106S29	SES106	0.623711	6.64533	6.02162
BLOCK11/SES117/SA117S12	SES117	1.55245	6.92009	5.36764
BLOCK11/SES117/SA117S13	SES117	0.53364	7.25186	6.71822
BLOCK11/SES117/SA117S23	SES117	1.18764	5.998	4.81036
BLOCK11/SES117/SA117S25	SES117	0.822198	5.32423	4.50204
BLOCK11/SES117/SA117S28	SES117	0.786698	5.71882	4.93212
BLOCK12/SES120/SA120S08	SES120	0.910535	5.82598	4.91545
BLOCK12/SES120/SA120S11	SES120	1.08279	4.60282	3.52003
BLOCK12/SES120/SA120S22	SES120	0.328935	7.04578	6.71685
BLOCK12/SES120/SA120S24	SES120	0.355881	5.65005	5.29417
BLOCK12/SES120/SA120S28	SES120	-0.475205	4.61116	5.08637
BLOCK12/SES125/SA125S13	SES125	2.02787	7.98024	5.95237
BLOCK12/SES125/SA125S14	SES125	0.737933	6.31249	5.57456
BLOCK12/SES125/SA125S25	SES125	1.9283	7.38215	5.45386
BLOCK12/SES125/SA125S27	SES125	1.57914	8.86216	7.28302
BLOCK12/SES125/SA125S29	SES125	1.77673	7.76037	5.98365
BLOCK12/SES127/SA127S11	SES127	0.351453	6.66401	6.31256
BLOCK12/SES127/SA127S12	SES127	-0.13533	8.08532	8.22065
BLOCK12/SES127/SA127S23	SES127	0.21136	7.1155	6.90414
BLOCK12/SES127/SA127S25	SES127	0.535566	6.68798	6.15241
BLOCK12/SES127/SA127S27	SES127	0.538963	6.53556	5.9966
BLOCK12/SES129/SA129S11	SES129	1.28911	8.52918	7.24007
BLOCK12/SES129/SA129S12	SES129	1.06171	7.94009	6.87838
BLOCK12/SES129/SA129S22	SES129	1.62866	7.61601	5.98734
BLOCK12/SES129/SA129S27	SES129	1.4572	7.87544	6.41824
BLOCK12/SES129/SA129S29	SES129	0.815825	7.96061	7.14478
BLOCK14/SES142/SA142S11	SES142	0.732635	6.86369	6.13106
BLOCK14/SES142/SA142S12	SES142	0.746931	7.11676	6.36983
BLOCK14/SES142/SA142S24	SES142	1.01787	7.66845	6.65058
BLOCK14/SES142/SA142S27	SES142	0.943248	8.03947	7.09622
BLOCK14/SES142/SA142S29	SES142	1.13707	8.37836	7.24129
BLOCK14/SES143/SA143S12	SES143	0.738598	6.83216	6.09357
BLOCK14/SES143/SA143S13	SES143	0.336877	6.40289	6.06602
BLOCK14/SES143/SA143S23	SES143	0.719669	7.28446	6.56479
BLOCK14/SES143/SA143S25	SES143	1.25607	8.0474	6.79133
BLOCK14/SES143/SA143S28	SES143	0.410406	6.86418	6.45377
BLOCK14/SES144/SA144S09	SES144	0.445605	6.98277	6.53716
BLOCK14/SES144/SA144S11	SES144	0.372026	6.64267	6.27064
BLOCK14/SES144/SA144S21	SES144	-0.421022	5.55971	5.98073
BLOCK14/SES144/SA144S25	SES144	0.197468	6.84734	6.64987
BLOCK14/SES144/SA144S29	SES144	-0.229155	5.66139	5.89054
BLOCK14/SES146/SA146S14	SES146	0.0889502	5.94006	5.85111
BLOCK14/SES146/SA146S15	SES146	-0.0538182	5.936	5.98982
BLOCK14/SES146/SA146S24	SES146	0.904671	6.27593	5.37126
BLOCK14/SES146/SA146S26	SES146	1.08716	6.77903	5.69187
BLOCK14/SES146/SA146S29	SES146	-0.134254	5.15591	5.29016
BLOCK14/SES147/SA147S11	SES147	0.951715	7.57766	6.62595
BLOCK14/SES147/SA147S13	SES147	1.63549	8.56393	6.92844
BLOCK14/SES147/SA147S23	SES147	0.123518	6.50926	6.38574
BLOCK14/SES147/SA147S26	SES147	0.66017	6.25509	5.59492
BLOCK14/SES147/SA147S28	SES147	1.08628	7.29569	6.20941
BLOCK14/SES148/SA148S10	SES148	0.611765	7.8585	7.24674
BLOCK14/SES148/SA148S12	SES148	0.365612	5.88432	5.51871
BLOCK14/SES148/SA148S22	SES148	0.919675	8.13323	7.21356
BLOCK14/SES148/SA148S26	SES148	0.0813861	7.34112	7.25973
BLOCK14/SES148/SA148S29	SES148	-0.119409	6.53128	6.65069
BLOCK14/SES149/SA149S13	SES149	-0.519622	4.96801	5.48763
BLOCK14/SES149/SA149S14	SES149	0.419603	7.13048	6.71088
BLOCK14/SES149/SA149S24	SES149	1.36727	7.83902	6.47176
BLOCK14/SES149/SA149S26	SES149	1.77494	9.18396	7.40902
BLOCK14/SES149/SA149S28	SES149	2.01941	8.79679	6.77738
BLOCK15/SES158/SA158S13	SES158	0.882954	5.82375	4.94079
BLOCK15/SES158/SA158S14	SES158	2.10989	6.25974	4.14985
BLOCK15/SES158/SA158S23	SES158	1.20764	6.93594	5.72831
BLOCK15/SES158/SA158S26	SES158	1.90062	5.52545	3.62483
BLOCK15/SES158/SA158S28	SES158	0.61427	5.86207	5.2478
BLOCK16/SES162/SA162S10	SES162	0.230976	5.95808	5.7271
BLOCK16/SES162/SA162S11	SES162	1.03831	7.75074	6.71242
BLOCK16/SES162/SA162S21	SES162	1.78524	7.7813	5.99606
BLOCK16/SES162/SA162S24	SES162	0.329387	6.60246	6.27307
BLOCK16/SES162/SA162S27	SES162	1.42826	6.44543	5.01717
BLOCK16/SES167/SA167S14	SES167	1.21367	8.87101	7.65734
BLOCK16/SES167/SA167S15	SES167	1.18593	8.54951	7.36358
BLOCK16/SES167/SA167S21	SES167	1.39383	9.19889	7.80506
BLOCK16/SES167/SA167S25	SES167	2.00711	9.11738	7.11027
BLOCK16/SES167/SA167S29	SES167	2.14686	9.93809	7.79123
BLOCK17/SES172/SA172S12	SES172	1.64258	6.64776	5.00518
BLOCK17/SES172/SA172S13	SES172	1.4262	7.42901	6.00281
BLOCK17/SES172/SA172S23	SES172	0.880069	7.71054	6.83047
BLOCK17/SES172/SA172S27	SES172	1.11907	6.97307	5.854
BLOCK17/SES172/SA172S29	SES172	1.82351	7.82539	6.00188
BLOCK17/SES175/SA175S11	SES175	0.249075	7.3539	7.10483
BLOCK17/SES175/SA175S13	SES175	0.455971	8.28338	7.82741
BLOCK17/SES175/SA175S23	SES175	0.50085	7.87262	7.37177
BLOCK17/SES175/SA175S25	SES175	0.625257	5.67691	5.05165
BLOCK17/SES175/SA175S28	SES175	0.13332	7.69731	7.56399
BLOCK17/SES177/SA177S15	SES177	0.527767	6.70598	6.17822
BLOCK17/SES177/SA177S17	SES177	0.142475	5.99499	5.85251
BLOCK17/SES177/SA177S23	SES177	-0.0832725	5.6301	5.71337
BLOCK17/SES177/SA177S26	SES177	0.961397	8.89505	7.93366
BLOCK17/SES177/SA177S28	SES177	0.658717	6.60888	5.95017
BLOCK18/SES180/SA180S13	SES180	-0.364585	5.85806	6.22265
BLOCK18/SES180/SA180S15	SES180	0.4568	6.3011	5.8443
BLOCK18/SES180/SA180S24	SES180	0.554364	7.77772	7.22335
BLOCK18/SES180/SA180S26	SES180	0.46673	6.92641	6.45968
BLOCK18/SES180/SA180S29	SES180	0.762701	7.25487	6.49217
BLOCK18/SES183/SA183S13	SES183	1.49712	6.91632	5.4192
BLOCK18/SES183/SA183S14	SES183	0.0994067	5.97118	5.87178
BLOCK18/SES183/SA183S24	SES183	1.2203	5.86088	4.64058
BLOCK18/SES183/SA183S27	SES183	1.27034	6.67534	5.40499
BLOCK18/SES183/SA183S29	SES183	1.03782	6.4821	5.44427
BLOCK18/SES187/SA187S13	SES187	0.528578	6.29039	5.76181
BLOCK18/SES187/SA187S14	SES187	0.136559	5.6611	5.52455
BLOCK18/SES187/SA187S24	SES187	1.19698	6.97208	5.7751
BLOCK18/SES187/SA187S27	SES187	1.41213	6.51608	5.10395
BLOCK18/SES187/SA187S29	SES187	0.912817	5.70838	4.79557
BLOCK18/SES189/SA189S10	SES189	1.18684	6.68456	5.49772
BLOCK18/SES189/SA189S13	SES189	0.697351	5.56992	4.87257
BLOCK18/SES189/SA189S24	SES189	0.763326	7.75097	6.98765
BLOCK18/SES189/SA189S26	SES189	0.753568	8.00445	7.25089
BLOCK18/SES189/SA189S29	SES189	1.34033	7.57698	6.23665
BLOCK20/SES202/SA202S12	SES202	0.455328	7.10743	6.6521
BLOCK20/SES202/SA202S14	SES202	1.74544	7.72018	5.97474
BLOCK20/SES202/SA202S24	SES202	0.900812	7.25471	6.3539
BLOCK20/SES202/SA202S27	SES202	1.27164	8.54252	7.27087
BLOCK20/SES202/SA202S29	SES202	1.72537	8.85478	7.12941
BLOCK20/SES206/SA206S15	SES206	-0.348688	6.26718	6.61587
BLOCK20/SES206/SA206S17	SES206	0.804589	6.65871	5.85412
BLOCK20/SES206/SA206S24	SES206	1.93871	8.67137	6.73266
BLOCK20/SES206/SA206S27	SES206	1.37234	6.65999	5.28765
BLOCK20/SES206/SA206S29	SES206	1.19307	8.2597	7.06663
BLOCK22/SES226/SA226S12	SES226	0.884605	5.866	4.9814
BLOCK22/SES226/SA226S13	SES226	0.08283	4.87552	4.79269
BLOCK22/SES226/SA226S20	SES226	1.37274	6.16748	4.79474
BLOCK22/SES226/SA226S23	SES226	1.60821	7.39001	5.7818
BLOCK22/SES226/SA226S28	SES226	2.22755	7.94278	5.71523
BLOCK25/SES259/SA259S13	SES259	2.73394	8.17801	5.44407
BLOCK25/SES259/SA259S14	SES259	2.18384	7.69781	5.51397
BLOCK25/SES259/SA259S22	SES259	1.93617	7.9183	5.98213
BLOCK25/SES259/SA259S24	SES259	1.28252	7.19939	5.91687
BLOCK25/SES259/SA259S28	SES259	1.99088	7.58125	5.59037
BLOCK27/SES270/SA270S14	SES270	2.91407	5.21131	2.29724
BLOCK27/SES270/SA270S16	SES270	0.467992	5.21711	4.74911
BLOCK27/SES270/SA270S22	SES270	2.80393	6.2611	3.45717
BLOCK27/SES270/SA270S26	SES270	1.48633	4.9679	3.48157
BLOCK27/SES270/SA270S28	SES270	1.55533	5.74739	4.19206
BLOCK27/SES275/SA275S17	SES275	0.960074	7.53744	6.57736
BLOCK27/SES275/SA275S18	SES275	0.085835	6.82018	6.73435
BLOCK27/SES275/SA275S24	SES275	0.400468	5.9929	5.59243
BLOCK27/SES275/SA275S26	SES275	0.877974	7.33779	6.45981
BLOCK27/SES275/SA275S28	SES275	0.396673	6.72544	6.32876
BLOCK29/SES292/SA292S10	SES292	-0.0323877	7.30562	7.33801
BLOCK29/SES292/SA292S12	SES292	0.321402	5.94708	5.62567
BLOCK29/SES292/SA292S22	SES292	0.390265	7.19419	6.80392
BLOCK29/SES292/SA292S24	SES292	0.243493	6.90496	6.66147
BLOCK29/SES292/SA292S27	SES292	-0.393933	6.25684	6.65078
BLOCK00/SES001/SA001S14	SES062	-2.40336	3.75508	6.15844
BLOCK00/SES001/SA001S14	SES082	-1.39999	4.75845	6.15844
BLOCK00/SES001/SA001S14	SES106	-1.73446	4.42398	6.15844
BLOCK00/SES001/SA001S14	SES206	-1.7807	4.37774	6.15844
BLOCK00/SES001/SA001S15	SES062	-1.45474	5.39687	6.85162
BLOCK00/SES001/SA001S15	SES104	-2.25983	4.59178	6.85162
BLOCK00/SES001/SA001S15	SES106	-2.00377	4.84785	6.85162
BLOCK00/SES001/SA001S15	SES206	-1.68934	5.16228	6.85162
BLOCK00/SES001/SA001S24	SES062	-2.491	3.36321	5.85421
BLOCK00/SES001/SA001S24	SES082	-0.662644	5.19157	5.85421
BLOCK00/SES001/SA001S24	SES087	-1.29924	4.55498	5.85421
BLOCK00/SES001/SA001S24	SES206	-0.33282	5.52139	5.85421
BLOCK00/SES001/SA001S27	SES062	-1.40044	6.25958	7.66001
BLOCK00/SES001/SA001S27	SES082	-1.08548	6.57453	7.66001
BLOCK00/SES001/SA001S27	SES087	-0.911316	6.7487	7.66001
BLOCK00/SES001/SA001S27	SES206	-1.05817	6.60185	7.66001
BLOCK00/SES001/SA001S29	SES062	-2.39834	3.46364	5.86199
BLOCK00/SES001/SA001S29	SES082	-0.590258	5.27173	5.86199
BLOCK00/SES001/SA001S29	SES158	-0.637294	5.22469	5.86199
BLOCK00/SES001/SA001S29	SES206	-1.30167	4.56032	5.86199
BLOCK00/SES003/SA003S11	SES002	-0.370136	4.44138	4.81152
BLOCK00/SES003/SA003S11	SES019	-1.23277	3.57875	4.81152
BLOCK00/SES003/SA003S11	SES082	-1.17461	3.6369	4.81152
BLOCK00/SES003/SA003S11	SES125	-1.52129	3.29023	4.81152
BLOCK00/SES003/SA003S15	SES016	-2.22835	4.38181	6.61016
BLOCK00/SES003/SA003S15	SES019	-1.7864	4.82376	6.61016
BLOCK00/SES003/SA003S15	SES062	-0.850091	5.76007	6.61016
BLOCK00/SES003/SA003S15	SES206	-1.90493	4.70523	6.61016
BLOCK00/SES003/SA003S22	SES002	-1.43859	4.29678	5.73537
BLOCK00/SES003/SA003S22	SES062	-1.32067	4.4147	5.73537
BLOCK00/SES003/SA003S22	SES082	-2.68356	3.05181	5.73537
BLOCK00/SES003/SA003S22	SES087	-2.42148	3.31389	5.73537
BLOCK00/SES003/SA003S25	SES062	-2.49498	2.81515	5.31012
BLOCK00/SES003/SA003S25	SES082	-1.84956	3.46056	5.31012
BLOCK00/SES003/SA003S25	SES087	-1.03498	4.27514	5.31012
BLOCK00/SES003/SA003S25	SES206	-0.933114	4.37701	5.31012
BLOCK00/SES003/SA003S29	SES002	-1.65159	3.72302	5.37461
BLOCK00/SES003/SA003S29	SES062	-2.05936	3.31524	5.37461
BLOCK00/SES003/SA003S29	SES082	-1.56532	3.80928	5.37461
BLOCK00/SES003/SA003S29	SES087	-2.32302	3.05158	5.37461
BLOCK00/SES004/SA004S12	SES083	-1.28253	5.2951	6.57763
BLOCK00/SES004/SA004S12	SES148	-2.18413	4.3935	6.57763
BLOCK00/SES004/SA004S12	SES172	0.0646152	6.64225	6.57763
BLOCK00/SES004/SA004S12	SES292	-1.65717	4.92046	6.57763
BLOCK00/SES004/SA004S17	SES083	-1.41139	5.0657	6.47709
BLOCK00/SES004/SA004S17	SES162	-1.22304	5.25405	6.47709
BLOCK00/SES004/SA004S17	SES172	-0.566311	5.91078	6.47709
BLOCK00/SES004/SA004S17	SES292	-1.78106	4.69604	6.47709
BLOCK00/SES004/SA004S24	SES083	-1.89921	5.24538	7.14459
BLOCK00/SES004/SA004S24	SES148	-2.66307	4.48151	7.14459
BLOCK00/SES004/SA004S24	SES172	-0.391167	6.75342	7.14459
BLOCK00/SES004/SA004S24	SES292	-1.5516	5.59298	7.14459
BLOCK00/SES004/SA004S26	SES083	-2.00858	4.47443	6.483
BLOCK00/SES004/SA004S26	SES127	-1.70246	4.78054	6.483
BLOCK00/SES004/SA004S26	SES148	-3.51224	2.97077	6.483
BLOCK00/SES004/SA004S26	SES292	-1.90742	4.57558	6.483
BLOCK00/SES004/SA004S28	SES083	-1.58672	4.97091	6.55764
BLOCK00/SES004/SA004S28	SES127	-0.64628	5.91136	6.55764
BLOCK00/SES004/SA004S28	SES187	-0.634729	5.92291	6.55764
BLOCK00/SES004/SA004S28	SES292	-1.75548	4.80216	6.55764
BLOCK00/SES006/SA006S10	SES014	-1.8587	0.827327	2.68603
BLOCK00/SES006/SA006S10	SES158	-0.156952	2.52907	2.68603
BLOCK00/SES006/SA006S10	SES226	-3.42248	-0.736452	2.68603
BLOCK00/SES006/SA006S10	SES270	0.361689	3.04772	2.68603
BLOCK00/SES006/SA006S11	SES158	-0.920066	2.29163	3.21169
BLOCK00/SES006/SA006S11	SES226	-2.33155	0.880143	3.21169
BLOCK00/SES006/SA006S11	SES270	-0.501423	2.71027	3.21169
BLOCK00/SES006/SA006S11	SES275	-2.90931	0.302389	3.21169
BLOCK00/SES006/SA006S23	SES062	-2.51136	1.6161	4.12746
BLOCK00/SES006/SA006S23	SES105	-3.49833	0.62913	4.12746
BLOCK00/SES006/SA006S23	SES158	-0.493754	3.63371	4.12746
BLOCK00/SES006/SA006S23	SES275	-2.03547	2.09199	4.12746
BLOCK00/SES006/SA006S26	SES104	-2.56538	1.68766	4.25304
BLOCK00/SES006/SA006S26	SES158	-0.741086	3.51196	4.25304
BLOCK00/SES006/SA006S26	SES270	0.541997	4.79504	4.25304
BLOCK00/SES006/SA006S26	SES275	-3.53123	0.721818	4.25304
BLOCK00/SES006/SA006S28	SES007	-2.71504	0.597687	3.31273
BLOCK00/SES006/SA006S28	SES105	-3.1754	0.137328	3.31273
BLOCK00/SES006/SA006S28	SES158	-2.09751	1.21522	3.31273
BLOCK00/SES006/SA006S28	SES275	-2.9686	0.344129	3.31273
BLOCK00/SES009/SA009S12	SES083	-3.355	3.24895	6.60394
BLOCK00/SES009/SA009S12	SES148	-1.80159	4.80236	6.60394
BLOCK00/SES009/SA009S12	SES177	-0.816692	5.78725	6.60394
BLOCK00/SES009/SA009S12	SES292	-1.72018	4.88376	6.60394
BLOCK00/SES009/SA009S15	SES007	-0.140686	7.11154	7.25223
BLOCK00/SES009/SA009S15	SES099	-4.00468	3.24755	7.25223
BLOCK00/SES009/SA009S15	SES148	-1.91688	5.33534	7.25223
BLOCK00/SES009/SA009S15	SES172	-1.37745	5.87477	7.25223
BLOCK00/SES009/SA009S24	SES146	-0.944059	5.74956	6.69362
BLOCK00/SES009/SA009S24	SES148	-2.22473	4.46889	6.69362
BLOCK00/SES009/SA009S24	SES177	-0.419186	6.27443	6.69362
BLOCK00/SES009/SA009S24	SES292	-1.7222	4.97142	6.69362
BLOCK00/SES009/SA009S26	SES083	-2.82565	2.95468	5.78033
BLOCK00/SES009/SA009S26	SES101	-2.88196	2.89837	5.78033
BLOCK00/SES009/SA009S26	SES120	-1.19459	4.58574	5.78033
BLOCK00/SES009/SA009S26	SES177	-0.925078	4.85525	5.78033
BLOCK00/SES009/SA009S29	SES083	-2.46899	4.27468	6.74367
BLOCK00/SES009/SA009S29	SES101	-1.92571	4.81796	6.74367
BLOCK00/SES009/SA009S29	SES177	-0.59521	6.14846	6.74367
BLOCK00/SES009/SA009S29	SES292	-1.74369	4.99998	6.74367
BLOCK01/SES011/SA011S10	SES019	-0.591075	3.16947	3.76054
BLOCK01/SES011/SA011S10	SES042	0.958323	4.71887	3.76054
BLOCK01/SES011/SA011S10	SES082	-2.12058	1.63996	3.76054
BLOCK01/SES011/SA011S10	SES206	-0.726457	3.03409	3.76054
BLOCK01/SES011/SA011S11	SES019	-1.97326	2.37235	4.3456
BLOCK01/SES011/SA011S11	SES042	-0.182129	4.16347	4.3456
BLOCK01/SES011/SA011S11	SES082	-1.34386	3.00175	4.3456
BLOCK01/SES011/SA011S11	SES206	-1.52436	2.82124	4.3456
BLOCK01/SES011/SA011S22	SES019	-0.474168	3.76076	4.23492
BLOCK01/SES011/SA011S22	SES042	1.34259	5.57751	4.23492
BLOCK01/SES011/SA011S22	SES082	-1.84287	2.39206	4.23492
BLOCK01/SES011/SA011S22	SES206	-0.94647	3.28845	4.23492
BLOCK01/SES011/SA011S24	SES019	-1.48744	3.94886	5.43631
BLOCK01/SES011/SA011S24	SES042	1.22191	6.65821	5.43631
BLOCK01/SES011/SA011S24	SES104	-1.63388	3.80242	5.43631
BLOCK01/SES011/SA011S24	SES206	-0.728568	4.70774	5.43631
BLOCK01/SES011/SA011S27	SES082	-0.13134	5.23462	5.36596
BLOCK01/SES011/SA011S27	SES087	-1.34984	4.01612	5.36596
BLOCK01/SES011/SA011S27	SES125	-0.410933	4.95503	5.36596
BLOCK01/SES011/SA011S27	SES206	-0.0698357	5.29613	5.36596
BLOCK01/SES012/SA012S11	SES007	-0.992165	6.23931	7.23148
BLOCK01/SES012/SA012S11	SES082	-2.06645	5.16503	7.23148
BLOCK01/SES012/SA012S11	SES083	-2.45728	4.7742	7.23148
BLOCK01/SES012/SA012S11	SES206	-2.36326	4.86822	7.23148
BLOCK01/SES012/SA012S14	SES082	-0.374635	6.04604	6.42067
BLOCK01/SES012/SA012S14	SES087	-1.70439	4.71629	6.42067
BLOCK01/SES012/SA012S14	SES206	-1.16823	5.25244	6.42067
BLOCK01/SES012/SA012S14	SES292	-1.37982	5.04085	6.42067
BLOCK01/SES012/SA012S24	SES082	-0.836677	4.31221	5.14889
BLOCK01/SES012/SA012S24	SES087	-2.06976	3.07913	5.14889
BLOCK01/SES012/SA012S24	SES120	-2.18241	2.96648	5.14889
BLOCK01/SES012/SA012S24	SES206	-1.8261	3.32279	5.14889
BLOCK01/SES012/SA012S26	SES019	-3.82051	2.13688	5.95739
BLOCK01/SES012/SA012S26	SES082	-2.67409	3.28331	5.95739
BLOCK01/SES012/SA012S26	SES206	-1.27086	4.68653	5.95739
BLOCK01/SES012/SA012S26	SES292	-1.24267	4.71472	5.95739
BLOCK01/SES012/SA012S29	SES062	-1.46698	4.66367	6.13065
BLOCK01/SES012/SA012S29	SES082	-1.71639	4.41426	6.13065
BLOCK01/SES012/SA012S29	SES083	-4.07684	2.05381	6.13065
BLOCK01/SES012/SA012S29	SES206	-2.10749	4.02316	6.13065
BLOCK01/SES013/SA013S16	SES062	-3.04923	1.47494	4.52417
BLOCK01/SES013/SA013S16	SES106	-1.03689	3.48728	4.52417
BLOCK01/SES013/SA013S16	SES206	-1.03269	3.49148	4.52417
BLOCK01/SES013/SA013S16	SES226	-0.750069	3.7741	4.52417
BLOCK01/SES013/SA013S17	SES062	-2.24855	4.172	6.42054
BLOCK01/SES013/SA013S17	SES106	-2.15856	4.26199	6.42054
BLOCK01/SES013/SA013S17	SES206	-0.858781	5.56176	6.42054
BLOCK01/SES013/SA013S17	SES226	-0.666699	5.75384	6.42054
BLOCK01/SES013/SA013S23	SES104	-1.8604	1.62129	3.48169
BLOCK01/SES013/SA013S23	SES106	-0.637745	2.84394	3.48169
BLOCK01/SES013/SA013S23	SES206	-1.18036	2.30132	3.48169
BLOCK01/SES013/SA013S23	SES270	0.380275	3.86196	3.48169
BLOCK01/SES013/SA013S25	SES042	-1.78877	3.25601	5.04478
BLOCK01/SES013/SA013S25	SES104	-2.01827	3.02651	5.04478
BLOCK01/SES013/SA013S25	SES106	-0.935383	4.1094	5.04478
BLOCK01/SES013/SA013S25	SES206	-2.05925	2.98553	5.04478
BLOCK01/SES013/SA013S29	SES062	-3.3091	1.24703	4.55613
BLOCK01/SES013/SA013S29	SES104	-2.20875	2.34738	4.55613
BLOCK01/SES013/SA013S29	SES106	-0.639709	3.91642	4.55613
BLOCK01/SES013/SA013S29	SES206	-1.67909	2.87703	4.55613
BLOCK02/SES021/SA021S13	SES016	-3.22824	3.07586	6.30409
BLOCK02/SES021/SA021S13	SES029	-1.1537	5.1504	6.30409
BLOCK02/SES021/SA021S13	SES087	-2.32759	3.97651	6.30409
BLOCK02/SES021/SA021S13	SES206	-2.27756	4.02654	6.30409
BLOCK02/SES021/SA021S15	SES087	-0.901118	6.11037	7.01149
BLOCK02/SES021/SA021S15	SES125	-1.45176	5.55972	7.01149
BLOCK02/SES021/SA021S15	SES206	-1.04351	5.96798	7.01149
BLOCK02/SES021/SA021S15	SES226	-2.06885	4.94263	7.01149
BLOCK02/SES021/SA021S23	SES062	-2.60846	2.46307	5.07154
BLOCK02/SES021/SA021S23	SES087	-1.49791	3.57363	5.07154
BLOCK02/SES021/SA021S23	SES206	-1.19025	3.88129	5.07154
BLOCK02/SES021/SA021S23	SES226	-1.1155	3.95604	5.07154
BLOCK02/SES021/SA021S27	SES002	-1.12841	5.71194	6.84035
BLOCK02/SES021/SA021S27	SES016	-4.73996	2.10039	6.84035
BLOCK02/SES021/SA021S27	SES019	-1.36118	5.47917	6.84035
BLOCK02/SES021/SA021S27	SES062	-1.53695	5.3034	6.84035
BLOCK02/SES021/SA021S29	SES087	-1.2788	4.24611	5.52491
BLOCK02/SES021/SA021S29	SES125	-1.36499	4.15992	5.52491
BLOCK02/SES021/SA021S29	SES206	-0.47754	5.04737	5.52491
BLOCK02/SES021/SA021S29	SES226	-1.67675	3.84816	5.52491
BLOCK04/SES043/SA043S09	SES083	-1.06666	4.57131	5.63797
BLOCK04/SES043/SA043S09	SES101	-1.13519	4.50278	5.63797
BLOCK04/SES043/SA043S09	SES144	-0.260357	5.37761	5.63797
BLOCK04/SES043/SA043S09	SES172	-1.70954	3.92843	5.63797
BLOCK04/SES043/SA043S11	SES083	-0.627077	5.74817	6.37525
BLOCK04/SES043/SA043S11	SES101	-0.918402	5.45685	6.37525
BLOCK04/SES043/SA043S11	SES144	-0.0939646	6.28129	6.37525
BLOCK04/SES043/SA043S11	SES172	-1.03607	5.33918	6.37525
BLOCK04/SES043/SA043S23	SES083	-1.18579	4.71633	5.90212
BLOCK04/SES043/SA043S23	SES144	0.0955286	5.99765	5.90212
BLOCK04/SES043/SA043S23	SES177	-1.24228	4.65984	5.90212
BLOCK04/SES043/SA043S23	SES275	-0.962394	4.93972	5.90212
BLOCK04/SES043/SA043S26	SES083	-1.02138	4.67724	5.69863
BLOCK04/SES043/SA043S26	SES101	-1.0263	4.67233	5.69863
BLOCK04/SES043/SA043S26	SES144	0.394884	6.09351	5.69863
BLOCK04/SES043/SA043S26	SES177	-1.25635	4.44227	5.69863
BLOCK04/SES043/SA043S28	SES016	-2.38983	3.749	6.13883
BLOCK04/SES043/SA043S28	SES083	-0.289691	5.84914	6.13883
BLOCK04/SES043/SA043S28	SES101	-0.590116	5.54871	6.13883
BLOCK04/SES043/SA043S28	SES144	-0.49081	5.64802	6.13883
BLOCK04/SES044/SA044S10	SES127	-1.19622	3.8756	5.07181
BLOCK04/SES044/SA044S10	SES144	-0.768361	4.30345	5.07181
BLOCK04/SES044/SA044S10	SES147	-3.48728	1.58453	5.07181
BLOCK04/SES044/SA044S10	SES148	-1.87448	3.19733	5.07181
BLOCK04/SES044/SA044S11	SES101	-0.699277	5.27182	5.9711
BLOCK04/SES044/SA044S11	SES144	0.158837	6.12994	5.9711
BLOCK04/SES044/SA044S11	SES147	-2.52432	3.44678	5.9711
BLOCK04/SES044/SA044S11	SES177	-1.87642	4.09469	5.9711
BLOCK04/SES044/SA044S24	SES007	-2.39405	3.12999	5.52404
BLOCK04/SES044/SA044S24	SES101	-0.633613	4.89043	5.52404
BLOCK04/SES044/SA044S24	SES147	-1.91438	3.60966	5.52404
BLOCK04/SES044/SA044S24	SES177	-1.32673	4.19731	5.52404
BLOCK04/SES044/SA044S26	SES007	-2.07394	3.73269	5.80663
BLOCK04/SES044/SA044S26	SES016	-1.49618	4.31046	5.80663
BLOCK04/SES044/SA044S26	SES101	-0.504133	5.3025	5.80663
BLOCK04/SES044/SA044S26	SES147	-1.59744	4.20919	5.80663
BLOCK04/SES044/SA044S29	SES007	-2.08146	4.69244	6.7739
BLOCK04/SES044/SA044S29	SES101	-0.241494	6.5324	6.7739
BLOCK04/SES044/SA044S29	SES147	-1.95188	4.82202	6.7739
BLOCK04/SES044/SA044S29	SES177	-2.77717	3.99672	6.7739
BLOCK04/SES046/SA046S13	SES101	-1.17595	4.26513	5.44108
BLOCK04/SES046/SA046S13	SES144	-0.620804	4.82028	5.44108
BLOCK04/SES046/SA046S13	SES147	-2.46031	2.98077	5.44108
BLOCK04/SES046/SA046S13	SES177	-2.01961	3.42147	5.44108
BLOCK04/SES046/SA046S15	SES048	-0.644067	6.51683	7.1609
BLOCK04/SES046/SA046S15	SES083	-1.0499	6.111	7.1609
BLOCK04/SES046/SA046S15	SES120	-2.93527	4.22563	7.1609
BLOCK04/SES046/SA046S15	SES148	-1.88141	5.27949	7.1609
BLOCK04/SES046/SA046S22	SES101	-0.500876	5.26022	5.76109
BLOCK04/SES046/SA046S22	SES144	-0.366367	5.39473	5.76109
BLOCK04/SES046/SA046S22	SES147	-2.44896	3.31214	5.76109
BLOCK04/SES046/SA046S22	SES172	-0.446832	5.31426	5.76109
BLOCK04/SES046/SA046S25	SES083	-0.95494	4.98781	5.94275
BLOCK04/SES046/SA046S25	SES127	-1.53856	4.40418	5.94275
BLOCK04/SES046/SA046S25	SES144	-0.602768	5.33998	5.94275
BLOCK04/SES046/SA046S25	SES148	-1.51034	4.43241	5.94275
BLOCK04/SES046/SA046S28	SES007	-2.26856	4.22573	6.4943
BLOCK04/SES046/SA046S28	SES105	-1.85303	4.64127	6.4943
BLOCK04/SES046/SA046S28	SES147	-1.76276	4.73153	6.4943
BLOCK04/SES046/SA046S28	SES148	-1.01293	5.48137	6.4943
BLOCK04/SES049/SA049S16	SES104	-1.09708	3.23387	4.33095
BLOCK04/SES049/SA049S16	SES106	-1.87836	2.45259	4.33095
BLOCK04/SES049/SA049S16	SES120	-2.12956	2.20139	4.33095
BLOCK04/SES049/SA049S16	SES206	-1.48468	2.84627	4.33095
BLOCK04/SES049/SA049S18	SES099	-0.670941	3.49855	4.16949
BLOCK04/SES049/SA049S18	SES104	-2.98387	1.18562	4.16949
BLOCK04/SES049/SA049S18	SES125	-2.79976	1.36973	4.16949
BLOCK04/SES049/SA049S18	SES206	-2.3521	1.81739	4.16949
BLOCK04/SES049/SA049S25	SES087	-2.02474	2.01878	4.04351
BLOCK04/SES049/SA049S25	SES104	-1.2355	2.80801	4.04351
BLOCK04/SES049/SA049S25	SES125	-1.44016	2.60335	4.04351
BLOCK04/SES049/SA049S25	SES206	-0.523043	3.52047	4.04351
BLOCK04/SES049/SA049S27	SES099	-0.0621867	4.57022	4.6324
BLOCK04/SES049/SA049S27	SES104	0.227574	4.85998	4.6324
BLOCK04/SES049/SA049S27	SES125	-1.9183	2.7141	4.6324
BLOCK04/SES049/SA049S27	SES206	-1.1428	3.4896	4.6324
BLOCK04/SES049/SA049S29	SES099	-0.205745	5.61072	5.81647
BLOCK04/SES049/SA049S29	SES104	-0.19725	5.61922	5.81647
BLOCK04/SES049/SA049S29	SES125	-1.54526	4.27121	5.81647
BLOCK04/SES049/SA049S29	SES206	-0.754235	5.06223	5.81647
BLOCK06/SES063/SA063S09	SES068	-1.01978	5.42574	6.44553
BLOCK06/SES063/SA063S09	SES083	-0.747748	5.69778	6.44553
BLOCK06/SES063/SA063S09	SES177	-1.43915	5.00638	6.44553
BLOCK06/SES063/SA063S09	SES187	-1.82382	4.6217	6.44553
BLOCK06/SES063/SA063S10	SES068	-1.75074	4.85835	6.60909
BLOCK06/SES063/SA063S10	SES083	-0.715909	5.89318	6.60909
BLOCK06/SES063/SA063S10	SES172	-0.456809	6.15228	6.60909
BLOCK06/SES063/SA063S10	SES187	-1.79568	4.81341	6.60909
BLOCK06/SES063/SA063S20	SES068	-1.81117	4.33256	6.14373
BLOCK06/SES063/SA063S20	SES083	-0.476678	5.66705	6.14373
BLOCK06/SES063/SA063S20	SES172	-0.0736728	6.07005	6.14373
BLOCK06/SES063/SA063S20	SES187	-0.40594	5.73779	6.14373
BLOCK06/SES063/SA063S24	SES029	-2.31431	4.14211	6.45642
BLOCK06/SES063/SA063S24	SES083	-0.285934	6.17049	6.45642
BLOCK06/SES063/SA063S24	SES177	-0.392221	6.0642	6.45642
BLOCK06/SES063/SA063S24	SES189	0.143629	6.60005	6.45642
BLOCK06/SES063/SA063S27	SES083	0.0217566	6.33579	6.31404
BLOCK06/SES063/SA063S27	SES172	-0.925172	5.38887	6.31404
BLOCK06/SES063/SA063S27	SES187	-1.19157	5.12247	6.31404
BLOCK06/SES063/SA063S27	SES292	-1.55717	4.75687	6.31404
BLOCK06/SES067/SA067S12	SES083	-0.88699	6.80389	7.69088
BLOCK06/SES067/SA067S12	SES172	-1.43639	6.25449	7.69088
BLOCK06/SES067/SA067S12	SES202	-0.919082	6.7718	7.69088
BLOCK06/SES067/SA067S12	SES292	-1.94045	5.75044	7.69088
BLOCK06/SES067/SA067S14	SES085	-2.11851	6.19543	8.31393
BLOCK06/SES067/SA067S14	SES177	-1.54109	6.77284	8.31393
BLOCK06/SES067/SA067S14	SES183	-0.172599	8.14133	8.31393
BLOCK06/SES067/SA067S14	SES202	-1.23511	7.07883	8.31393
BLOCK06/SES067/SA067S21	SES144	-0.854666	6.02102	6.87568
BLOCK06/SES067/SA067S21	SES177	-0.953656	5.92203	6.87568
BLOCK06/SES067/SA067S21	SES183	-1.03146	5.84423	6.87568
BLOCK06/SES067/SA067S21	SES189	-1.56695	5.30874	6.87568
BLOCK06/SES067/SA067S25	SES085	-0.930428	5.65512	6.58555
BLOCK06/SES067/SA067S25	SES177	-1.40529	5.18026	6.58555
BLOCK06/SES067/SA067S25	SES183	-0.476135	6.10942	6.58555
BLOCK06/SES067/SA067S25	SES202	-1.19358	5.39197	6.58555
BLOCK06/SES067/SA067S29	SES085	-2.07325	4.94757	7.02081
BLOCK06/SES067/SA067S29	SES177	-1.30201	5.7188	7.02081
BLOCK06/SES067/SA067S29	SES183	-0.445138	6.57568	7.02081
BLOCK06/SES067/SA067S29	SES202	0.20605	7.22686	7.02081
BLOCK06/SES069/SA069S12	SES029	-2.17505	3.62916	5.80421
BLOCK06/SES069/SA069S12	SES082	-0.688712	5.1155	5.80421
BLOCK06/SES069/SA069S12	SES087	-1.42186	4.38236	5.80421
BLOCK06/SES069/SA069S12	SES206	-0.952866	4.85135	5.80421
BLOCK06/SES069/SA069S13	SES029	-2.84938	3.10799	5.95737
BLOCK06/SES069/SA069S13	SES087	-1.15286	4.80451	5.95737
BLOCK06/SES069/SA069S13	SES206	-0.652611	5.30476	5.95737
BLOCK06/SES069/SA069S13	SES226	-0.248033	5.70933	5.95737
BLOCK06/SES069/SA069S23	SES029	-1.04614	5.91889	6.96503
BLOCK06/SES069/SA069S23	SES087	-0.966382	5.99865	6.96503
BLOCK06/SES069/SA069S23	SES206	-1.41839	5.54664	6.96503
BLOCK06/SES069/SA069S23	SES226	-0.238413	6.72662	6.96503
BLOCK06/SES069/SA069S25	SES087	-1.08663	6.4432	7.52983
BLOCK06/SES069/SA069S25	SES206	-2.13026	5.39957	7.52983
BLOCK06/SES069/SA069S25	SES226	-0.627351	6.90248	7.52983
BLOCK06/SES069/SA069S25	SES270	-2.05931	5.47051	7.52983
BLOCK06/SES069/SA069S27	SES087	-1.56842	4.40452	5.97294
BLOCK06/SES069/SA069S27	SES206	-0.764078	5.20886	5.97294
BLOCK06/SES069/SA069S27	SES226	0.190772	6.16371	5.97294
BLOCK06/SES069/SA069S27	SES270	-0.874424	5.09851	5.97294
BLOCK08/SES081/SA081S11	SES060	-1.59155	4.7118	6.30335
BLOCK08/SES081/SA081S11	SES062	-1.20883	5.09452	6.30335
BLOCK08/SES081/SA081S11	SES117	-3.39833	2.90501	6.30335
BLOCK08/SES081/SA081S11	SES162	-2.43067	3.87268	6.30335
BLOCK08/SES081/SA081S13	SES016	-0.78714	6.3822	7.16934
BLOCK08/SES081/SA081S13	SES060	-0.0490026	7.12034	7.16934
BLOCK08/SES081/SA081S13	SES068	-0.518526	6.65082	7.16934
BLOCK08/SES081/SA081S13	SES129	-1.66239	5.50695	7.16934
BLOCK08/SES081/SA081S24	SES060	-0.907221	6.03884	6.94606
BLOCK08/SES081/SA081S24	SES068	-1.21852	5.72755	6.94606
BLOCK08/SES081/SA081S24	SES117	-3.26221	3.68386	6.94606
BLOCK08/SES081/SA081S24	SES275	-1.83973	5.10633	6.94606
BLOCK08/SES081/SA081S27	SES007	-0.938766	5.39794	6.3367
BLOCK08/SES081/SA081S27	SES060	-1.32309	5.01362	6.3367
BLOCK08/SES081/SA081S27	SES117	-1.37717	4.95953	6.3367
BLOCK08/SES081/SA081S27	SES275	-1.6883	4.6484	6.3367
BLOCK08/SES081/SA081S29	SES007	-1.06933	5.08483	6.15415
BLOCK08/SES081/SA081S29	SES060	-0.826539	5.32761	6.15415
BLOCK08/SES081/SA081S29	SES117	-2.13523	4.01892	6.15415
BLOCK08/SES081/SA081S29	SES275	-1.15404	5.00011	6.15415
BLOCK08/SES086/SA086S11	SES029	-2.83887	1.5691	4.40797
BLOCK08/SES086/SA086S11	SES082	-1.93362	2.47436	4.40797
BLOCK08/SES086/SA086S11	SES087	-0.874157	3.53382	4.40797
BLOCK08/SES086/SA086S11	SES206	-1.66083	2.74715	4.40797
BLOCK08/SES086/SA086S12	SES029	-2.04888	3.66376	5.71264
BLOCK08/SES086/SA086S12	SES082	-2.0777	3.63494	5.71264
BLOCK08/SES086/SA086S12	SES087	-0.392671	5.31997	5.71264
BLOCK08/SES086/SA086S12	SES206	-1.02654	4.68609	5.71264
BLOCK08/SES086/SA086S20	SES029	-2.44107	4.283	6.72407
BLOCK08/SES086/SA086S20	SES082	-1.63343	5.09064	6.72407
BLOCK08/SES086/SA086S20	SES087	0.391083	7.11515	6.72407
BLOCK08/SES086/SA086S20	SES206	-0.309113	6.41496	6.72407
BLOCK08/SES086/SA086S24	SES087	-0.345184	4.25209	4.59727
BLOCK08/SES086/SA086S24	SES104	-1.83179	2.76549	4.59727
BLOCK08/SES086/SA086S24	SES120	-2.07775	2.51952	4.59727
BLOCK08/SES086/SA086S24	SES206	-0.406685	4.19059	4.59727
BLOCK08/SES086/SA086S28	SES029	-2.67165	3.64762	6.31927
BLOCK08/SES086/SA086S28	SES082	-1.97135	4.34792	6.31927
BLOCK08/SES086/SA086S28	SES087	-0.715768	5.6035	6.31927
BLOCK08/SES086/SA086S28	SES206	-1.21856	5.10071	6.31927
BLOCK08/SES089/SA089S13	SES087	-1.75381	3.8327	5.58651
BLOCK08/SES089/SA089S13	SES206	-1.9144	3.67211	5.58651
BLOCK08/SES089/SA089S13	SES226	-1.23097	4.35554	5.58651
BLOCK08/SES089/SA089S13	SES270	-2.08619	3.50032	5.58651
BLOCK08/SES089/SA089S14	SES062	-1.93903	4.19316	6.13218
BLOCK08/SES089/SA089S14	SES087	0.200237	6.33242	6.13218
BLOCK08/SES089/SA089S14	SES206	-1.24464	4.88755	6.13218
BLOCK08/SES089/SA089S14	SES226	-1.06245	5.06974	6.13218
BLOCK08/SES089/SA089S23	SES087	-1.1174	3.73275	4.85015
BLOCK08/SES089/SA089S23	SES206	-1.1193	3.73086	4.85015
BLOCK08/SES089/SA089S23	SES226	-1.51079	3.33936	4.85015
BLOCK08/SES089/SA089S23	SES270	-1.79764	3.05252	4.85015
BLOCK08/SES089/SA089S25	SES062	-1.94436	4.1748	6.11916
BLOCK08/SES089/SA089S25	SES087	-0.872364	5.24679	6.11916
BLOCK08/SES089/SA089S25	SES206	-2.49568	3.62348	6.11916
BLOCK08/SES089/SA089S25	SES226	-1.68715	4.43201	6.11916
BLOCK08/SES089/SA089S28	SES062	-0.954518	4.65415	5.60867
BLOCK08/SES089/SA089S28	SES087	-0.576739	5.03193	5.60867
BLOCK08/SES089/SA089S28	SES206	-0.825911	4.78276	5.60867
BLOCK08/SES089/SA089S28	SES226	-0.803014	4.80565	5.60867
BLOCK09/SES097/SA097S11	SES099	0.754565	5.3255	4.57093
BLOCK09/SES097/SA097S11	SES125	-1.78698	2.78395	4.57093
BLOCK09/SES097/SA097S11	SES206	-0.890864	3.68007	4.57093
BLOCK09/SES097/SA097S11	SES226	-0.0250874	4.54584	4.57093
BLOCK09/SES097/SA097S14	SES062	-1.01115	3.84551	4.85666
BLOCK09/SES097/SA097S14	SES099	-0.39615	4.46051	4.85666
BLOCK09/SES097/SA097S14	SES104	-0.920794	3.93587	4.85666
BLOCK09/SES097/SA097S14	SES206	-1.54565	3.31101	4.85666
BLOCK09/SES097/SA097S22	SES099	0.424801	5.068	4.6432
BLOCK09/SES097/SA097S22	SES206	-1.15265	3.49055	4.6432
BLOCK09/SES097/SA097S22	SES226	-2.21996	2.42324	4.6432
BLOCK09/SES097/SA097S22	SES270	-0.144681	4.49852	4.6432
BLOCK09/SES097/SA097S26	SES099	0.334748	4.67035	4.33561
BLOCK09/SES097/SA097S26	SES120	-1.01481	3.32079	4.33561
BLOCK09/SES097/SA097S26	SES206	-1.66688	2.66872	4.33561
BLOCK09/SES097/SA097S26	SES226	-1.52678	2.80883	4.33561
BLOCK09/SES097/SA097S28	SES099	-0.484445	5.23872	5.72317
BLOCK09/SES097/SA097S28	SES120	-1.75303	3.97014	5.72317
BLOCK09/SES097/SA097S28	SES206	-2.03524	3.68793	5.72317
BLOCK09/SES097/SA097S28	SES226	-2.2937	3.42946	5.72317
BLOCK09/SES098/SA098S11	SES127	-1.86438	4.55106	6.41543
BLOCK09/SES098/SA098S11	SES144	-1.94314	4.4723	6.41543
BLOCK09/SES098/SA098S11	SES147	-0.9347	5.48073	6.41543
BLOCK09/SES098/SA098S11	SES148	-3.9245	2.49094	6.41543
BLOCK09/SES098/SA098S12	SES127	-2.99971	1.53937	4.53908
BLOCK09/SES098/SA098S12	SES144	-2.66358	1.8755	4.53908
BLOCK09/SES098/SA098S12	SES147	-2.23424	2.30484	4.53908
BLOCK09/SES098/SA098S12	SES189	-2.73673	1.80235	4.53908
BLOCK09/SES098/SA098S20	SES127	-3.09436	2.83318	5.92754
BLOCK09/SES098/SA098S20	SES147	-2.72619	3.20135	5.92754
BLOCK09/SES098/SA098S20	SES148	-3.24902	2.67852	5.92754
BLOCK09/SES098/SA098S20	SES292	-1.63969	4.28785	5.92754
BLOCK09/SES098/SA098S23	SES127	-2.08706	3.54727	5.63433
BLOCK09/SES098/SA098S23	SES147	-1.96062	3.67371	5.63433
BLOCK09/SES098/SA098S23	SES187	-1.56826	4.06607	5.63433
BLOCK09/SES098/SA098S23	SES292	-1.56894	4.0654	5.63433
BLOCK09/SES098/SA098S27	SES127	-3.21098	2.58941	5.80039
BLOCK09/SES098/SA098S27	SES147	-2.55339	3.24699	5.80039
BLOCK09/SES098/SA098S27	SES148	-3.87695	1.92344	5.80039
BLOCK09/SES098/SA098S27	SES292	-0.869338	4.93105	5.80039
BLOCK10/SES102/SA102S13	SES101	-0.967584	4.64455	5.61213
BLOCK10/SES102/SA102S13	SES105	-1.40586	4.20627	5.61213
BLOCK10/SES102/SA102S13	SES120	-1.79162	3.82051	5.61213
BLOCK10/SES102/SA102S13	SES158	-2.36907	3.24306	5.61213
BLOCK10/SES102/SA102S14	SES007	-1.08325	6.58118	7.66443
BLOCK10/SES102/SA102S14	SES101	-0.422583	7.24185	7.66443
BLOCK10/SES102/SA102S14	SES105	-0.998938	6.66549	7.66443
BLOCK10/SES102/SA102S14	SES147	-3.33343	4.331	7.66443
BLOCK10/SES102/SA102S22	SES007	-1.91984	4.81276	6.7326
BLOCK10/SES102/SA102S22	SES101	-0.824987	5.90761	6.7326
BLOCK10/SES102/SA102S22	SES105	-0.935082	5.79752	6.7326
BLOCK10/SES102/SA102S22	SES158	-3.03758	3.69502	6.7326
BLOCK10/SES102/SA102S25	SES007	-0.738413	5.86808	6.60649
BLOCK10/SES102/SA102S25	SES101	0.124715	6.7312	6.60649
BLOCK10/SES102/SA102S25	SES105	-0.830877	5.77561	6.60649
BLOCK10/SES102/SA102S25	SES147	-2.3786	4.22789	6.60649
BLOCK10/SES102/SA102S27	SES007	-1.54567	4.65572	6.20139
BLOCK10/SES102/SA102S27	SES101	-0.306676	5.89472	6.20139
BLOCK10/SES102/SA102S27	SES105	-1.63509	4.5663	6.20139
BLOCK10/SES102/SA102S27	SES147	-2.81121	3.39018	6.20139
BLOCK10/SES103/SA103S14	SES105	-2.47281	1.60766	4.08047
BLOCK10/SES103/SA103S14	SES106	-1.57108	2.50939	4.08047
BLOCK10/SES103/SA103S14	SES120	-2.01188	2.06859	4.08047
BLOCK10/SES103/SA103S14	SES206	-2.57257	1.5079	4.08047
BLOCK10/SES103/SA103S15	SES099	-1.30089	1.87163	3.17252
BLOCK10/SES103/SA103S15	SES101	-4.02257	-0.85005	3.17252
BLOCK10/SES103/SA103S15	SES104	-1.18629	1.98624	3.17252
BLOCK10/SES103/SA103S15	SES125	-1.76469	1.40783	3.17252
BLOCK10/SES103/SA103S24	SES104	-2.04471	2.10109	4.1458
BLOCK10/SES103/SA103S24	SES125	-2.6685	1.4773	4.1458
BLOCK10/SES103/SA103S24	SES148	-1.90381	2.24198	4.1458
BLOCK10/SES103/SA103S24	SES158	-1.27622	2.86957	4.1458
BLOCK10/SES103/SA103S26	SES104	-2.12632	2.53438	4.66071
BLOCK10/SES103/SA103S26	SES106	-0.788949	3.87176	4.66071
BLOCK10/SES103/SA103S26	SES125	-2.03152	2.62919	4.66071
BLOCK10/SES103/SA103S26	SES148	-2.33249	2.32821	4.66071
BLOCK10/SES103/SA103S28	SES104	-1.44869	2.3991	3.8478
BLOCK10/SES103/SA103S28	SES106	-0.584781	3.26302	3.8478
BLOCK10/SES103/SA103S28	SES125	-1.31208	2.53572	3.8478
BLOCK10/SES103/SA103S28	SES206	-2.41302	1.43477	3.8478
BLOCK12/SES121/SA121S12	SES042	-2.4655	1.63755	4.10305
BLOCK12/SES121/SA121S12	SES087	-1.5389	2.56414	4.10305
BLOCK12/SES121/SA121S12	SES105	-1.58404	2.51901	4.10305
BLOCK12/SES121/SA121S12	SES206	-1.14246	2.96059	4.10305
BLOCK12/SES121/SA121S14	SES007	-2.64232	0.304634	2.94695
BLOCK12/SES121/SA121S14	SES105	-3.17669	-0.229739	2.94695
BLOCK12/SES121/SA121S14	SES106	-2.49102	0.45593	2.94695
BLOCK12/SES121/SA121S14	SES206	-1.68705	1.2599	2.94695
BLOCK12/SES121/SA121S23	SES105	-2.88841	0.0725302	2.96094
BLOCK12/SES121/SA121S23	SES106	-0.670578	2.29036	2.96094
BLOCK12/SES121/SA121S23	SES120	-2.11472	0.846216	2.96094
BLOCK12/SES121/SA121S23	SES206	-0.276868	2.68407	2.96094
BLOCK12/SES121/SA121S25	SES007	-2.7944	0.189964	2.98436
BLOCK12/SES121/SA121S25	SES105	-3.70348	-0.719117	2.98436
BLOCK12/SES121/SA121S25	SES106	-2.80914	0.175223	2.98436
BLOCK12/SES121/SA121S25	SES206	-2.11715	0.867209	2.98436
BLOCK12/SES121/SA121S27	SES087	-0.955506	3.24195	4.19746
BLOCK12/SES121/SA121S27	SES105	-5.01279	-0.815335	4.19746
BLOCK12/SES121/SA121S27	SES120	-1.26232	2.93514	4.19746
BLOCK12/SES121/SA121S27	SES206	-0.442609	3.75485	4.19746
BLOCK12/SES124/SA124S16	SES042	-0.34399	5.83706	6.18105
BLOCK12/SES124/SA124S16	SES082	-1.46592	4.71512	6.18105
BLOCK12/SES124/SA124S16	SES183	-2.98936	3.19169	6.18105
BLOCK12/SES124/SA124S16	SES206	-1.59023	4.59081	6.18105
BLOCK12/SES124/SA124S17	SES105	-2.32895	2.7288	5.05775
BLOCK12/SES124/SA124S17	SES149	-2.74125	2.3165	5.05775
BLOCK12/SES124/SA124S17	SES158	-3.43696	1.62079	5.05775
BLOCK12/SES124/SA124S17	SES275	-1.56872	3.48903	5.05775
BLOCK12/SES124/SA124S23	SES105	-2.90906	4.69701	7.60607
BLOCK12/SES124/SA124S23	SES125	-0.420399	7.18567	7.60607
BLOCK12/SES124/SA124S23	SES129	-3.17804	4.42803	7.60607
BLOCK12/SES124/SA124S23	SES158	-0.849869	6.7562	7.60607
BLOCK12/SES124/SA124S26	SES105	-3.62231	2.49603	6.11834
BLOCK12/SES124/SA124S26	SES125	-1.05599	5.06235	6.11834
BLOCK12/SES124/SA124S26	SES129	-4.14515	1.97319	6.11834
BLOCK12/SES124/SA124S26	SES158	-1.88306	4.23528	6.11834
BLOCK12/SES124/SA124S28	SES104	-0.312236	5.91918	6.23141
BLOCK12/SES124/SA124S28	SES106	-1.30791	4.9235	6.23141
BLOCK12/SES124/SA124S28	SES125	-0.575762	5.65565	6.23141
BLOCK12/SES124/SA124S28	SES275	-2.21612	4.01529	6.23141
BLOCK12/SES126/SA126S13	SES007	-1.65128	4.52302	6.1743
BLOCK12/SES126/SA126S13	SES162	-1.8922	4.28211	6.1743
BLOCK12/SES126/SA126S13	SES177	-1.18265	4.99165	6.1743
BLOCK12/SES126/SA126S13	SES180	-2.38569	3.78861	6.1743
BLOCK12/SES126/SA126S14	SES144	-0.915126	6.20638	7.12151
BLOCK12/SES126/SA126S14	SES148	-2.31056	4.81094	7.12151
BLOCK12/SES126/SA126S14	SES177	-0.096837	7.02467	7.12151
BLOCK12/SES126/SA126S14	SES180	-2.12831	4.9932	7.12151
BLOCK12/SES126/SA126S20	SES007	-0.920142	6.17198	7.09212
BLOCK12/SES126/SA126S20	SES162	-1.64382	5.4483	7.09212
BLOCK12/SES126/SA126S20	SES172	-2.23152	4.8606	7.09212
BLOCK12/SES126/SA126S20	SES180	-2.45748	4.63464	7.09212
BLOCK12/SES126/SA126S24	SES120	-0.473468	6.46648	6.93995
BLOCK12/SES126/SA126S24	SES162	-1.64258	5.29737	6.93995
BLOCK12/SES126/SA126S24	SES177	-0.78831	6.15164	6.93995
BLOCK12/SES126/SA126S24	SES180	-1.43777	5.50219	6.93995
BLOCK12/SES126/SA126S26	SES120	-0.453924	5.40548	5.8594
BLOCK12/SES126/SA126S26	SES177	-1.14521	4.71419	5.8594
BLOCK12/SES126/SA126S26	SES180	-2.03713	3.82227	5.8594
BLOCK12/SES126/SA126S26	SES202	-1.42998	4.42942	5.8594
BLOCK12/SES128/SA128S10	SES087	-3.15921	1.80893	4.96814
BLOCK12/SES128/SA128S10	SES206	-1.67692	3.29122	4.96814
BLOCK12/SES128/SA128S10	SES226	-1.17126	3.79688	4.96814
BLOCK12/SES128/SA128S10	SES270	-0.854051	4.11409	4.96814
BLOCK12/SES128/SA128S12	SES120	-1.39732	3.96173	5.35905
BLOCK12/SES128/SA128S12	SES158	-1.80924	3.54981	5.35905
BLOCK12/SES128/SA128S12	SES206	-1.46726	3.89179	5.35905
BLOCK12/SES128/SA128S12	SES226	-1.92964	3.42941	5.35905
BLOCK12/SES128/SA128S21	SES106	-1.41696	3.05223	4.46919
BLOCK12/SES128/SA128S21	SES120	-1.41623	3.05296	4.46919
BLOCK12/SES128/SA128S21	SES206	-1.00616	3.46303	4.46919
BLOCK12/SES128/SA128S21	SES226	-0.117829	4.35136	4.46919
BLOCK12/SES128/SA128S24	SES087	-1.30014	3.86287	5.163
BLOCK12/SES128/SA128S24	SES120	-1.29935	3.86366	5.163
BLOCK12/SES128/SA128S24	SES206	-0.849038	4.31397	5.163
BLOCK12/SES128/SA128S24	SES226	-1.7499	3.4131	5.163
BLOCK12/SES128/SA128S27	SES099	-0.276208	5.85627	6.13248
BLOCK12/SES128/SA128S27	SES120	-0.813747	5.31873	6.13248
BLOCK12/SES128/SA128S27	SES206	-0.851342	5.28114	6.13248
BLOCK12/SES128/SA128S27	SES226	-0.972897	5.15958	6.13248
BLOCK13/SES130/SA130S13	SES143	-1.10008	4.10871	5.20879
BLOCK13/SES130/SA130S13	SES144	-0.628735	4.58005	5.20879
BLOCK13/SES130/SA130S13	SES146	-2.72488	2.48391	5.20879
BLOCK13/SES130/SA130S13	SES275	-2.74376	2.46503	5.20879
BLOCK13/SES130/SA130S15	SES143	-1.9669	5.16797	7.13487
BLOCK13/SES130/SA130S15	SES144	0.0567675	7.19164	7.13487
BLOCK13/SES130/SA130S15	SES146	-1.11654	6.01834	7.13487
BLOCK13/SES130/SA130S15	SES275	-1.42207	5.71281	7.13487
BLOCK13/SES130/SA130S23	SES127	-1.91797	3.39669	5.31466
BLOCK13/SES130/SA130S23	SES144	-1.7655	3.54916	5.31466
BLOCK13/SES130/SA130S23	SES146	-1.50951	3.80515	5.31466
BLOCK13/SES130/SA130S23	SES162	-0.632092	4.68257	5.31466
BLOCK13/SES130/SA130S25	SES127	-1.31392	4.8869	6.20082
BLOCK13/SES130/SA130S25	SES144	-0.650068	5.55076	6.20082
BLOCK13/SES130/SA130S25	SES146	-1.73	4.47082	6.20082
BLOCK13/SES130/SA130S25	SES275	-1.48321	4.71761	6.20082
BLOCK13/SES130/SA130S28	SES127	-1.72213	4.08181	5.80394
BLOCK13/SES130/SA130S28	SES144	-1.02838	4.77556	5.80394
BLOCK13/SES130/SA130S28	SES146	-1.07323	4.73071	5.80394
BLOCK13/SES130/SA130S28	SES275	-0.666474	5.13747	5.80394
BLOCK13/SES131/SA131S13	SES002	-1.4514	1.94125	3.39266
BLOCK13/SES131/SA131S13	SES007	-2.04651	1.34614	3.39266
BLOCK13/SES131/SA131S13	SES099	-0.734015	2.65864	3.39266
BLOCK13/SES131/SA131S13	SES105	-2.26151	1.13115	3.39266
BLOCK13/SES131/SA131S14	SES104	-0.896423	5.04994	5.94637
BLOCK13/SES131/SA131S14	SES106	-1.17885	4.76751	5.94637
BLOCK13/SES131/SA131S14	SES125	-1.39598	4.55039	5.94637
BLOCK13/SES131/SA131S14	SES148	-0.837352	5.10902	5.94637
BLOCK13/SES131/SA131S20	SES104	-2.22548	1.64109	3.86657
BLOCK13/SES131/SA131S20	SES106	-1.37526	2.49131	3.86657
BLOCK13/SES131/SA131S20	SES125	-2.57651	1.29006	3.86657
BLOCK13/SES131/SA131S20	SES148	-1.64972	2.21685	3.86657
BLOCK13/SES131/SA131S22	SES099	-0.716624	5.09834	5.81496
BLOCK13/SES131/SA131S22	SES104	-1.23485	4.58011	5.81496
BLOCK13/SES131/SA131S22	SES125	-2.55698	3.25799	5.81496
BLOCK13/SES131/SA131S22	SES206	-2.13388	3.68108	5.81496
BLOCK13/SES131/SA131S29	SES087	-1.5755	2.66863	4.24413
BLOCK13/SES131/SA131S29	SES104	-2.39574	1.8484	4.24413
BLOCK13/SES131/SA131S29	SES125	-2.66068	1.58346	4.24413
BLOCK13/SES131/SA131S29	SES206	-1.31454	2.92959	4.24413
BLOCK13/SES132/SA132S11	SES083	-2.65936	3.89689	6.55626
BLOCK13/SES132/SA132S11	SES120	-0.17728	6.37898	6.55626
BLOCK13/SES132/SA132S11	SES127	-2.17773	4.37852	6.55626
BLOCK13/SES132/SA132S11	SES275	-1.31336	5.2429	6.55626
BLOCK13/SES132/SA132S12	SES083	-2.21205	5.19226	7.40431
BLOCK13/SES132/SA132S12	SES143	-2.10554	5.29877	7.40431
BLOCK13/SES132/SA132S12	SES144	-1.41865	5.98566	7.40431
BLOCK13/SES132/SA132S12	SES148	-0.769814	6.6345	7.40431
BLOCK13/SES132/SA132S22	SES062	-1.41437	4.55626	5.97063
BLOCK13/SES132/SA132S22	SES083	-2.97668	2.99395	5.97063
BLOCK13/SES132/SA132S22	SES127	-2.1278	3.84283	5.97063
BLOCK13/SES132/SA132S22	SES275	-1.05651	4.91412	5.97063
BLOCK13/SES132/SA132S24	SES007	-1.13953	6.35092	7.49045
BLOCK13/SES132/SA132S24	SES083	-3.02338	4.46707	7.49045
BLOCK13/SES132/SA132S24	SES127	-2.24239	5.24805	7.49045
BLOCK13/SES132/SA132S24	SES275	-1.21113	6.27932	7.49045
BLOCK13/SES132/SA132S27	SES083	-3.26277	2.19758	5.46035
BLOCK13/SES132/SA132S27	SES120	-0.268852	5.1915	5.46035
BLOCK13/SES132/SA132S27	SES127	-2.49336	2.96699	5.46035
BLOCK13/SES132/SA132S27	SES275	-2.23657	3.22378	5.46035
BLOCK14/SES141/SA141S09	SES143	-1.99826	5.39	7.38825
BLOCK14/SES141/SA141S09	SES144	-1.33075	6.0575	7.38825
BLOCK14/SES141/SA141S09	SES162	-1.80835	5.57991	7.38825
BLOCK14/SES141/SA141S09	SES180	-1.88578	5.50247	7.38825
BLOCK14/SES141/SA141S15	SES127	-1.8161	5.18165	6.99775
BLOCK14/SES141/SA141S15	SES144	-1.64084	5.35691	6.99775
BLOCK14/SES141/SA141S15	SES162	-2.36684	4.63091	6.99775
BLOCK14/SES141/SA141S15	SES180	-1.73731	5.26044	6.99775
BLOCK14/SES141/SA141S24	SES127	-1.26658	5.89227	7.15885
BLOCK14/SES141/SA141S24	SES144	-1.617	5.54185	7.15885
BLOCK14/SES141/SA141S24	SES162	-1.80949	5.34936	7.15885
BLOCK14/SES141/SA141S24	SES183	-1.91374	5.2451	7.15885
BLOCK14/SES141/SA141S26	SES142	-1.26183	4.91165	6.17347
BLOCK14/SES141/SA141S26	SES144	-1.94652	4.22695	6.17347
BLOCK14/SES141/SA141S26	SES172	-0.87604	5.29743	6.17347
BLOCK14/SES141/SA141S26	SES180	-1.99203	4.18144	6.17347
BLOCK14/SES141/SA141S29	SES127	-0.530671	6.19889	6.72956
BLOCK14/SES141/SA141S29	SES142	-0.935429	5.79413	6.72956
BLOCK14/SES141/SA141S29	SES144	-1.37136	5.3582	6.72956
BLOCK14/SES141/SA141S29	SES180	-1.32687	5.40269	6.72956
BLOCK15/SES157/SA157S08	SES083	-2.32029	4.46436	6.78466
BLOCK15/SES157/SA157S08	SES127	-2.05721	4.72744	6.78466
BLOCK15/SES157/SA157S08	SES148	-1.28187	5.50279	6.78466
BLOCK15/SES157/SA157S08	SES292	-2.5876	4.19706	6.78466
BLOCK15/SES157/SA157S11	SES083	-1.98575	4.53613	6.52189
BLOCK15/SES157/SA157S11	SES127	-1.61087	4.91102	6.52189
BLOCK15/SES157/SA157S11	SES148	-1.72739	4.7945	6.52189
BLOCK15/SES157/SA157S11	SES292	-2.25915	4.26273	6.52189
BLOCK15/SES157/SA157S21	SES127	-0.810679	5.96522	6.7759
BLOCK15/SES157/SA157S21	SES148	-0.774699	6.0012	6.7759
BLOCK15/SES157/SA157S21	SES158	-5.49075	1.28515	6.7759
BLOCK15/SES157/SA157S21	SES292	-2.18664	4.58926	6.7759
BLOCK15/SES157/SA157S24	SES127	-1.3446	5.53648	6.88109
BLOCK15/SES157/SA157S24	SES148	-1.46285	5.41824	6.88109
BLOCK15/SES157/SA157S24	SES183	-1.81096	5.07013	6.88109
BLOCK15/SES157/SA157S24	SES292	-2.36376	4.51733	6.88109
BLOCK15/SES157/SA157S26	SES007	-1.32068	5.93776	7.25844
BLOCK15/SES157/SA157S26	SES127	-1.1473	6.11114	7.25844
BLOCK15/SES157/SA157S26	SES147	-2.33605	4.92239	7.25844
BLOCK15/SES157/SA157S26	SES148	-1.67217	5.58627	7.25844
BLOCK16/SES161/SA161S10	SES007	-1.33562	3.70621	5.04183
BLOCK16/SES161/SA161S10	SES105	-1.37963	3.66219	5.04183
BLOCK16/SES161/SA161S10	SES158	-1.93776	3.10406	5.04183
BLOCK16/SES161/SA161S10	SES275	-1.60756	3.43427	5.04183
BLOCK16/SES161/SA161S12	SES007	-1.7441	3.61327	5.35737
BLOCK16/SES161/SA161S12	SES105	-2.36811	2.98926	5.35737
BLOCK16/SES161/SA161S12	SES158	-1.77257	3.5848	5.35737
BLOCK16/SES161/SA161S12	SES275	-1.61323	3.74414	5.35737
BLOCK16/SES161/SA161S20	SES007	-1.52877	2.64013	4.1689
BLOCK16/SES161/SA161S20	SES105	-2.98562	1.18328	4.1689
BLOCK16/SES161/SA161S20	SES158	-1.21098	2.95792	4.1689
BLOCK16/SES161/SA161S20	SES275	-1.96683	2.20207	4.1689
BLOCK16/SES161/SA161S23	SES007	-2.43206	3.03835	5.4704
BLOCK16/SES161/SA161S23	SES105	-1.37971	4.09069	5.4704
BLOCK16/SES161/SA161S23	SES148	-1.85907	3.61133	5.4704
BLOCK16/SES161/SA161S23	SES158	-1.82849	3.64191	5.4704
BLOCK16/SES161/SA161S28	SES007	-2.50058	2.82934	5.32993
BLOCK16/SES161/SA161S28	SES105	-3.38746	1.94247	5.32993
BLOCK16/SES161/SA161S28	SES158	-1.1374	4.19253	5.32993
BLOCK16/SES161/SA161S28	SES206	-0.7876	4.54233	5.32993
BLOCK16/SES164/SA164S11	SES104	-1.13613	2.79617	3.9323
BLOCK16/SES164/SA164S11	SES125	-0.830235	3.10206	3.9323
BLOCK16/SES164/SA164S11	SES158	0.459792	4.39209	3.9323
BLOCK16/SES164/SA164S11	SES206	-1.61509	2.31721	3.9323
BLOCK16/SES164/SA164S13	SES099	-1.01927	2.23666	3.25593
BLOCK16/SES164/SA164S13	SES104	-0.851371	2.40456	3.25593
BLOCK16/SES164/SA164S13	SES125	-1.30022	1.95571	3.25593
BLOCK16/SES164/SA164S13	SES206	-1.26884	1.98709	3.25593
BLOCK16/SES164/SA164S24	SES002	0.846156	4.34649	3.50034
BLOCK16/SES164/SA164S24	SES099	-0.639628	2.86071	3.50034
BLOCK16/SES164/SA164S24	SES125	-2.21898	1.28136	3.50034
BLOCK16/SES164/SA164S24	SES226	0.204679	3.70501	3.50034
BLOCK16/SES164/SA164S27	SES087	-1.76234	1.0399	2.80224
BLOCK16/SES164/SA164S27	SES125	-0.578321	2.22391	2.80224
BLOCK16/SES164/SA164S27	SES206	-1.69772	1.10452	2.80224
BLOCK16/SES164/SA164S27	SES226	-0.306463	2.49577	2.80224
BLOCK16/SES164/SA164S29	SES002	1.12316	4.01906	2.8959
BLOCK16/SES164/SA164S29	SES019	-0.808547	2.08735	2.8959
BLOCK16/SES164/SA164S29	SES125	-1.60515	1.29075	2.8959
BLOCK16/SES164/SA164S29	SES226	-1.20969	1.68622	2.8959
BLOCK16/SES169/SA169S13	SES117	-1.26087	5.10527	6.36615
BLOCK16/SES169/SA169S13	SES144	-1.09195	5.2742	6.36615
BLOCK16/SES169/SA169S13	SES146	-1.63929	4.72685	6.36615
BLOCK16/SES169/SA169S13	SES162	-1.37986	4.98628	6.36615
BLOCK16/SES169/SA169S14	SES144	-1.69897	6.12324	7.82222
BLOCK16/SES169/SA169S14	SES148	-2.01224	5.80998	7.82222
BLOCK16/SES169/SA169S14	SES177	-0.519072	7.30315	7.82222
BLOCK16/SES169/SA169S14	SES180	-2.15268	5.66954	7.82222
BLOCK16/SES169/SA169S24	SES117	-1.89508	3.21884	5.11391
BLOCK16/SES169/SA169S24	SES144	-1.37125	3.74267	5.11391
BLOCK16/SES169/SA169S24	SES146	-1.2961	3.81782	5.11391
BLOCK16/SES169/SA169S24	SES162	-1.51699	3.59692	5.11391
BLOCK16/SES169/SA169S27	SES127	-1.80771	4.0668	5.87451
BLOCK16/SES169/SA169S27	SES129	-1.55173	4.32278	5.87451
BLOCK16/SES169/SA169S27	SES144	-2.071	3.80351	5.87451
BLOCK16/SES169/SA169S27	SES146	-0.675554	5.19895	5.87451
BLOCK16/SES169/SA169S29	SES144	-0.473119	6.91988	7.39299
BLOCK16/SES169/SA169S29	SES162	-0.167827	7.22517	7.39299
BLOCK16/SES169/SA169S29	SES177	-1.27679	6.1162	7.39299
BLOCK16/SES169/SA169S29	SES180	-1.02869	6.3643	7.39299
BLOCK17/SES171/SA171S12	SES083	-1.83304	3.00503	4.83807
BLOCK17/SES171/SA171S12	SES148	-1.74357	3.0945	4.83807
BLOCK17/SES171/SA171S12	SES172	-1.17148	3.6666	4.83807
BLOCK17/SES171/SA171S12	SES292	-2.84471	1.99336	4.83807
BLOCK17/SES171/SA171S15	SES148	-1.43552	3.91267	5.3482
BLOCK17/SES171/SA171S15	SES177	-1.16634	4.18186	5.3482
BLOCK17/SES171/SA171S15	SES180	-2.47692	2.87127	5.3482
BLOCK17/SES171/SA171S15	SES292	-1.69685	3.65135	5.3482
BLOCK17/SES171/SA171S22	SES007	-1.6486	5.68241	7.331
BLOCK17/SES171/SA171S22	SES148	-1.64662	5.68438	7.331
BLOCK17/SES171/SA171S22	SES177	-0.74423	6.58677	7.331
BLOCK17/SES171/SA171S22	SES180	-2.60379	4.72721	7.331
BLOCK17/SES171/SA171S25	SES101	-1.29638	4.22358	5.51996
BLOCK17/SES171/SA171S25	SES120	-3.31948	2.20048	5.51996
BLOCK17/SES171/SA171S25	SES177	-1.73487	3.78509	5.51996
BLOCK17/SES171/SA171S25	SES180	-2.4265	3.09346	5.51996
BLOCK17/SES171/SA171S27	SES177	-0.674935	4.80776	5.4827
BLOCK17/SES171/SA171S27	SES180	-2.44748	3.03522	5.4827
BLOCK17/SES171/SA171S27	SES189	-0.00810909	5.47459	5.4827
BLOCK17/SES171/SA171S27	SES292	-2.24424	3.23846	5.4827
BLOCK17/SES173/SA173S13	SES162	-3.93608	2.37993	6.31601
BLOCK17/SES173/SA173S13	SES177	-1.80638	4.50963	6.31601
BLOCK17/SES173/SA173S13	SES180	-4.17917	2.13684	6.31601
BLOCK17/SES173/SA173S13	SES292	-0.791176	5.52483	6.31601
BLOCK17/SES173/SA173S14	SES007	-1.0541	5.73493	6.78903
BLOCK17/SES173/SA173S14	SES162	-3.86196	2.92707	6.78903
BLOCK17/SES173/SA173S14	SES177	-1.50312	5.28591	6.78903
BLOCK17/SES173/SA173S14	SES180	-4.17168	2.61734	6.78903
BLOCK17/SES173/SA173S24	SES144	-2.77853	2.95425	5.73278
BLOCK17/SES173/SA173S24	SES162	-3.75302	1.97976	5.73278
BLOCK17/SES173/SA173S24	SES177	-1.05589	4.67689	5.73278
BLOCK17/SES173/SA173S24	SES180	-4.32936	1.40343	5.73278
BLOCK17/SES173/SA173S27	SES162	-3.78789	2.91522	6.7031
BLOCK17/SES173/SA173S27	SES177	-1.89001	4.81309	6.7031
BLOCK17/SES173/SA173S27	SES180	-2.68395	4.01916	6.7031
BLOCK17/SES173/SA173S27	SES292	-0.83375	5.86935	6.7031
BLOCK17/SES173/SA173S29	SES162	-3.12472	2.77804	5.90275
BLOCK17/SES173/SA173S29	SES175	-1.2657	4.63706	5.90275
BLOCK17/SES173/SA173S29	SES177	-0.47851	5.42424	5.90275
BLOCK17/SES173/SA173S29	SES292	-2.69461	3.20814	5.90275
BLOCK18/SES182/SA182S10	SES144	-1.51916	4.17053	5.68969
BLOCK18/SES182/SA182S10	SES177	-1.49776	4.19193	5.68969
BLOCK18/SES182/SA182S10	SES180	-2.90694	2.78275	5.68969
BLOCK18/SES182/SA182S10	SES275	-0.860838	4.82885	5.68969
BLOCK18/SES182/SA182S12	SES144	-0.392573	6.95036	7.34293
BLOCK18/SES182/SA182S12	SES177	-1.05992	6.28301	7.34293
BLOCK18/SES182/SA182S12	SES180	-1.7093	5.63363	7.34293
BLOCK18/SES182/SA182S12	SES275	-0.752199	6.59073	7.34293
BLOCK18/SES182/SA182S21	SES117	-2.07542	3.23554	5.31096
BLOCK18/SES182/SA182S21	SES144	-1.50847	3.80249	5.31096
BLOCK18/SES182/SA182S21	SES162	-1.40999	3.90097	5.31096
BLOCK18/SES182/SA182S21	SES180	-3.17082	2.14014	5.31096
BLOCK18/SES182/SA182S23	SES117	-1.61791	3.53599	5.1539
BLOCK18/SES182/SA182S23	SES144	-1.90325	3.25066	5.1539
BLOCK18/SES182/SA182S23	SES180	-2.44221	2.7117	5.1539
BLOCK18/SES182/SA182S23	SES275	0.308578	5.46248	5.1539
BLOCK18/SES182/SA182S25	SES007	-0.107635	4.66665	4.77429
BLOCK18/SES182/SA182S25	SES162	-0.437738	4.33655	4.77429
BLOCK18/SES182/SA182S25	SES177	-1.05889	3.71539	4.77429
BLOCK18/SES182/SA182S25	SES180	-1.97141	2.80288	4.77429
BLOCK18/SES184/SA184S12	SES177	-2.60427	3.38305	5.98732
BLOCK18/SES184/SA184S12	SES180	-2.25927	3.72805	5.98732
BLOCK18/SES184/SA184S12	SES189	-1.64002	4.34731	5.98732
BLOCK18/SES184/SA184S12	SES292	-1.21108	4.77624	5.98732
BLOCK18/SES184/SA184S13	SES101	-1.57486	4.38528	5.96014
BLOCK18/SES184/SA184S13	SES177	-1.70118	4.25897	5.96014
BLOCK18/SES184/SA184S13	SES180	-2.14221	3.81793	5.96014
BLOCK18/SES184/SA184S13	SES292	-1.83916	4.12098	5.96014
BLOCK18/SES184/SA184S22	SES177	-2.45122	3.23153	5.68275
BLOCK18/SES184/SA184S22	SES180	-1.59986	4.08289	5.68275
BLOCK18/SES184/SA184S22	SES189	-2.21914	3.46361	5.68275
BLOCK18/SES184/SA184S22	SES292	-2.02286	3.65989	5.68275
BLOCK18/SES184/SA184S25	SES101	-1.38428	5.26619	6.65047
BLOCK18/SES184/SA184S25	SES177	-2.7592	3.89127	6.65047
BLOCK18/SES184/SA184S25	SES180	-1.64619	5.00428	6.65047
BLOCK18/SES184/SA184S25	SES292	-1.45499	5.19548	6.65047
BLOCK18/SES184/SA184S27	SES083	-1.59637	4.48501	6.08138
BLOCK18/SES184/SA184S27	SES177	-1.30617	4.77521	6.08138
BLOCK18/SES184/SA184S27	SES202	-1.45944	4.62194	6.08138
BLOCK18/SES184/SA184S27	SES292	-1.14254	4.93884	6.08138
BLOCK20/SES204/SA204S12	SES062	-1.32542	5.7243	7.04972
BLOCK20/SES204/SA204S12	SES083	-3.37745	3.67227	7.04972
BLOCK20/SES204/SA204S12	SES206	-0.880205	6.16951	7.04972
BLOCK20/SES204/SA204S12	SES226	-2.70457	4.34514	7.04972
BLOCK20/SES204/SA204S14	SES068	-0.748714	7.22425	7.97296
BLOCK20/SES204/SA204S14	SES087	-0.51895	7.45401	7.97296
BLOCK20/SES204/SA204S14	SES206	-1.57119	6.40178	7.97296
BLOCK20/SES204/SA204S14	SES226	-2.41899	5.55397	7.97296
BLOCK20/SES204/SA204S22	SES068	-1.36425	5.52524	6.88948
BLOCK20/SES204/SA204S22	SES082	-2.87069	4.01879	6.88948
BLOCK20/SES204/SA204S22	SES083	-3.45999	3.42949	6.88948
BLOCK20/SES204/SA204S22	SES206	-1.30894	5.58054	6.88948
BLOCK20/SES204/SA204S25	SES062	-1.27888	5.91234	7.19122
BLOCK20/SES204/SA204S25	SES083	-3.21827	3.97295	7.19122
BLOCK20/SES204/SA204S25	SES206	-1.21442	5.9768	7.19122
BLOCK20/SES204/SA204S25	SES226	-2.42905	4.76217	7.19122
BLOCK20/SES204/SA204S27	SES068	-1.24937	5.0624	6.31177
BLOCK20/SES204/SA204S27	SES082	-2.21862	4.09314	6.31177
BLOCK20/SES204/SA204S27	SES087	-0.96806	5.34371	6.31177
BLOCK20/SES204/SA204S27	SES206	-1.90176	4.41001	6.31177
BLOCK20/SES207/SA207S10	SES127	-1.59461	4.80255	6.39715
BLOCK20/SES207/SA207S10	SES183	-1.64421	4.75294	6.39715
BLOCK20/SES207/SA207S10	SES189	-1.32656	5.07059	6.39715
BLOCK20/SES207/SA207S10	SES292	-2.11449	4.28266	6.39715
BLOCK20/SES207/SA207S11	SES127	-2.3608	3.63402	5.99482
BLOCK20/SES207/SA207S11	SES183	-1.60418	4.39064	5.99482
BLOCK20/SES207/SA207S11	SES187	-1.35218	4.64264	5.99482
BLOCK20/SES207/SA207S11	SES292	-1.51413	4.48069	5.99482
BLOCK20/SES207/SA207S25	SES068	-1.84697	4.07659	5.92356
BLOCK20/SES207/SA207S25	SES083	-2.02534	3.89823	5.92356
BLOCK20/SES207/SA207S25	SES127	-1.55342	4.37014	5.92356
BLOCK20/SES207/SA207S25	SES187	-1.3602	4.56336	5.92356
BLOCK20/SES207/SA207S27	SES127	-2.38261	3.01692	5.39953
BLOCK20/SES207/SA207S27	SES183	-1.52052	3.87901	5.39953
BLOCK20/SES207/SA207S27	SES187	-1.31998	4.07955	5.39953
BLOCK20/SES207/SA207S27	SES292	-2.26211	3.13742	5.39953
BLOCK20/SES207/SA207S29	SES083	-2.1826	4.1239	6.30651
BLOCK20/SES207/SA207S29	SES085	-2.07423	4.23228	6.30651
BLOCK20/SES207/SA207S29	SES172	-0.651625	5.65488	6.30651
BLOCK20/SES207/SA207S29	SES189	-1.8592	4.4473	6.30651
BLOCK22/SES221/SA221S12	SES068	-0.182741	7.10425	7.28699
BLOCK22/SES221/SA221S12	SES143	-2.56899	4.718	7.28699
BLOCK22/SES221/SA221S12	SES175	-1.96311	5.32388	7.28699
BLOCK22/SES221/SA221S12	SES202	-1.11957	6.16743	7.28699
BLOCK22/SES221/SA221S15	SES085	-1.48072	5.44652	6.92724
BLOCK22/SES221/SA221S15	SES143	-3.28599	3.64125	6.92724
BLOCK22/SES221/SA221S15	SES175	-1.57591	5.35134	6.92724
BLOCK22/SES221/SA221S15	SES187	-1.86944	5.05781	6.92724
BLOCK22/SES221/SA221S23	SES068	0.124459	6.93625	6.81179
BLOCK22/SES221/SA221S23	SES143	-1.9264	4.88538	6.81179
BLOCK22/SES221/SA221S23	SES175	-0.662596	6.14919	6.81179
BLOCK22/SES221/SA221S23	SES189	-1.55097	5.26082	6.81179
BLOCK22/SES221/SA221S27	SES085	-0.142492	6.17892	6.32141
BLOCK22/SES221/SA221S27	SES143	-2.25143	4.06998	6.32141
BLOCK22/SES221/SA221S27	SES175	-1.63407	4.68734	6.32141
BLOCK22/SES221/SA221S27	SES189	-0.61906	5.70235	6.32141
BLOCK22/SES221/SA221S29	SES085	-1.0588	6.26042	7.31922
BLOCK22/SES221/SA221S29	SES143	-2.82638	4.49284	7.31922
BLOCK22/SES221/SA221S29	SES175	-1.23268	6.08654	7.31922
BLOCK22/SES221/SA221S29	SES187	-2.1591	5.16012	7.31922
BLOCK22/SES223/SA223S11	SES143	-2.05526	3.80755	5.86282
BLOCK22/SES223/SA223S11	SES144	-3.00031	2.86251	5.86282
BLOCK22/SES223/SA223S11	SES175	-1.7716	4.09121	5.86282
BLOCK22/SES223/SA223S11	SES187	-2.31943	3.54339	5.86282
BLOCK22/SES223/SA223S13	SES068	-0.512378	5.44522	5.9576
BLOCK22/SES223/SA223S13	SES143	-2.64506	3.31254	5.9576
BLOCK22/SES223/SA223S13	SES146	-3.11025	2.84735	5.9576
BLOCK22/SES223/SA223S13	SES202	-3.50582	2.45178	5.9576
BLOCK22/SES223/SA223S22	SES143	-2.51211	3.10448	5.61659
BLOCK22/SES223/SA223S22	SES144	-3.65721	1.95938	5.61659
BLOCK22/SES223/SA223S22	SES175	-1.67528	3.94131	5.61659
BLOCK22/SES223/SA223S22	SES187	-2.06298	3.55361	5.61659
BLOCK22/SES223/SA223S25	SES068	-0.698038	5.30478	6.00281
BLOCK22/SES223/SA223S25	SES143	-2.03816	3.96465	6.00281
BLOCK22/SES223/SA223S25	SES175	-1.37461	4.62821	6.00281
BLOCK22/SES223/SA223S25	SES187	-1.84481	4.15801	6.00281
BLOCK22/SES223/SA223S27	SES143	-1.55897	4.01091	5.56988
BLOCK22/SES223/SA223S27	SES146	-1.81765	3.75223	5.56988
BLOCK22/SES223/SA223S27	SES187	-2.32341	3.24647	5.56988
BLOCK22/SES223/SA223S27	SES292	-0.472933	5.09695	5.56988
BLOCK27/SES273/SA273S12	SES099	-0.494578	6.11966	6.61424
BLOCK27/SES273/SA273S12	SES104	-0.628919	5.98532	6.61424
BLOCK27/SES273/SA273S12	SES125	-2.26383	4.35041	6.61424
BLOCK27/SES273/SA273S12	SES206	-1.06297	5.55127	6.61424
BLOCK27/SES273/SA273S13	SES099	-0.859371	5.81172	6.67109
BLOCK27/SES273/SA273S13	SES104	-1.38403	5.28706	6.67109
BLOCK27/SES273/SA273S13	SES206	-1.76973	4.90137	6.67109
BLOCK27/SES273/SA273S13	SES292	-1.94321	4.72788	6.67109
BLOCK27/SES273/SA273S21	SES099	-1.12521	5.25057	6.37578
BLOCK27/SES273/SA273S21	SES148	-2.39944	3.97634	6.37578
BLOCK27/SES273/SA273S21	SES149	-2.27075	4.10503	6.37578
BLOCK27/SES273/SA273S21	SES177	-1.93112	4.44466	6.37578
BLOCK27/SES273/SA273S25	SES104	-1.27176	4.43013	5.70189
BLOCK27/SES273/SA273S25	SES125	-2.4682	3.2337	5.70189
BLOCK27/SES273/SA273S25	SES158	-0.38675	5.31515	5.70189
BLOCK27/SES273/SA273S25	SES206	-1.3215	4.3804	5.70189
BLOCK27/SES273/SA273S27	SES099	-0.304444	6.56968	6.87413
BLOCK27/SES273/SA273S27	SES104	-1.0886	5.78552	6.87413
BLOCK27/SES273/SA273S27	SES149	-1.3942	5.47993	6.87413
BLOCK27/SES273/SA273S27	SES275	-1.55413	5.31999	6.87413
BLOCK27/SES274/SA274S10	SES105	-2.70421	4.4521	7.15631
BLOCK27/SES274/SA274S10	SES125	-3.02334	4.13296	7.15631
BLOCK27/SES274/SA274S10	SES129	-0.791604	6.36471	7.15631
BLOCK27/SES274/SA274S10	SES158	-3.60909	3.54722	7.15631
BLOCK27/SES274/SA274S11	SES105	-1.5574	6.25481	7.8122
BLOCK27/SES274/SA274S11	SES149	-1.94374	5.86847	7.8122
BLOCK27/SES274/SA274S11	SES158	-1.95869	5.85351	7.8122
BLOCK27/SES274/SA274S11	SES275	-1.00467	6.80753	7.8122
BLOCK27/SES274/SA274S21	SES105	-2.55343	5.45832	8.01174
BLOCK27/SES274/SA274S21	SES129	-0.832376	7.17937	8.01174
BLOCK27/SES274/SA274S21	SES149	-2.1275	5.88425	8.01174
BLOCK27/SES274/SA274S21	SES158	-4.02136	3.99038	8.01174
BLOCK27/SES274/SA274S24	SES105	-1.96109	4.98381	6.9449
BLOCK27/SES274/SA274S24	SES129	-0.631127	6.31377	6.9449
BLOCK27/SES274/SA274S24	SES149	-3.05248	3.89242	6.9449
BLOCK27/SES274/SA274S24	SES158	-4.55546	2.38944	6.9449
BLOCK27/SES274/SA274S29	SES105	-2.01706	4.75348	6.77054
BLOCK27/SES274/SA274S29	SES106	-2.34171	4.42884	6.77054
BLOCK27/SES274/SA274S29	SES120	-1.33474	5.4358	6.77054
BLOCK27/SES274/SA274S29	SES275	-1.25367	5.51687	6.77054
BLOCK27/SES276/SA276S16	SES148	-1.97945	4.57695	6.5564
BLOCK27/SES276/SA276S16	SES172	-0.754641	5.80176	6.5564
BLOCK27/SES276/SA276S16	SES180	-3.20856	3.34785	6.5564
BLOCK27/SES276/SA276S16	SES292	-1.48735	5.06905	6.5564
BLOCK27/SES276/SA276S17	SES101	-1.30335	5.0458	6.34915
BLOCK27/SES276/SA276S17	SES177	-1.56281	4.78634	6.34915
BLOCK27/SES276/SA276S17	SES180	-2.0271	4.32205	6.34915
BLOCK27/SES276/SA276S17	SES292	-1.85106	4.49809	6.34915
BLOCK27/SES276/SA276S24	SES101	-0.596605	6.60743	7.20403
BLOCK27/SES276/SA276S24	SES177	-1.42586	5.77817	7.20403
BLOCK27/SES276/SA276S24	SES180	-2.55506	4.64897	7.20403
BLOCK27/SES276/SA276S24	SES292	-2.19892	5.00511	7.20403
BLOCK27/SES276/SA276S26	SES101	-1.72791	5.77771	7.50562
BLOCK27/SES276/SA276S26	SES177	-1.08074	6.42489	7.50562
BLOCK27/SES276/SA276S26	SES180	-1.16548	6.34014	7.50562
BLOCK27/SES276/SA276S26	SES292	-1.0748	6.43082	7.50562
BLOCK27/SES276/SA276S28	SES101	-0.84467	6.3669	7.21157
BLOCK27/SES276/SA276S28	SES177	-1.48736	5.72421	7.21157
BLOCK27/SES276/SA276S28	SES180	-0.623552	6.58802	7.21157
BLOCK27/SES276/SA276S28	SES292	-0.938928	6.27264	7.21157
BLOCK27/SES277/SA277S12	SES101	-0.394464	4.30038	4.69485
BLOCK27/SES277/SA277S12	SES177	-1.90217	2.79268	4.69485
BLOCK27/SES277/SA277S12	SES180	-3.331	1.36384	4.69485
BLOCK27/SES277/SA277S12	SES292	-3.10444	1.59041	4.69485
BLOCK27/SES277/SA277S14	SES177	-0.968534	3.18004	4.14858
BLOCK27/SES277/SA277S14	SES180	-3.18396	0.964616	4.14858
BLOCK27/SES277/SA277S14	SES189	-0.409294	3.73928	4.14858
BLOCK27/SES277/SA277S14	SES292	-2.24761	1.90096	4.14858
BLOCK27/SES277/SA277S21	SES177	-1.38597	4.19885	5.58482
BLOCK27/SES277/SA277S21	SES180	-1.90733	3.67749	5.58482
BLOCK27/SES277/SA277S21	SES189	0.377611	5.96243	5.58482
BLOCK27/SES277/SA277S21	SES292	-2.54428	3.04053	5.58482
BLOCK27/SES277/SA277S24	SES144	-0.94617	2.17302	3.11919
BLOCK27/SES277/SA277S24	SES177	-1.13767	1.98151	3.11919
BLOCK27/SES277/SA277S24	SES180	-3.50645	-0.387265	3.11919
BLOCK27/SES277/SA277S24	SES189	-0.147855	2.97133	3.11919
BLOCK27/SES277/SA277S29	SES177	-1.4623	4.46618	5.92848
BLOCK27/SES277/SA277S29	SES180	-2.25755	3.67093	5.92848
BLOCK27/SES277/SA277S29	SES202	-1.46737	4.46111	5.92848
BLOCK27/SES277/SA277S29	SES292	-2.4879	3.44058	5.92848
BLOCK27/SES279/SA279S09	SES120	-1.4859	4.61159	6.09749
BLOCK27/SES279/SA279S09	SES146	-2.7304	3.36709	6.09749
BLOCK27/SES279/SA279S09	SES206	-1.6574	4.44009	6.09749
BLOCK27/SES279/SA279S09	SES226	-2.2807	3.81679	6.09749
BLOCK27/SES279/SA279S10	SES099	-0.70133	5.38493	6.08626
BLOCK27/SES279/SA279S10	SES206	-1.31094	4.77533	6.08626
BLOCK27/SES279/SA279S10	SES226	-2.18529	3.90097	6.08626
BLOCK27/SES279/SA279S10	SES292	-0.71242	5.37384	6.08626
BLOCK27/SES279/SA279S20	SES099	-2.03312	3.18373	5.21685
BLOCK27/SES279/SA279S20	SES206	-1.71781	3.49903	5.21685
BLOCK27/SES279/SA279S20	SES226	-2.97189	2.24496	5.21685
BLOCK27/SES279/SA279S20	SES292	-0.733705	4.48314	5.21685
BLOCK27/SES279/SA279S26	SES099	-1.51908	3.91551	5.43459
BLOCK27/SES279/SA279S26	SES206	-0.761589	4.67301	5.43459
BLOCK27/SES279/SA279S26	SES226	-2.4309	3.00369	5.43459
BLOCK27/SES279/SA279S26	SES292	-0.118742	5.31585	5.43459
BLOCK27/SES279/SA279S28	SES099	-1.35441	6.62155	7.97596
BLOCK27/SES279/SA279S28	SES120	-1.16716	6.80879	7.97596
BLOCK27/SES279/SA279S28	SES177	-2.11197	5.86399	7.97596
BLOCK27/SES279/SA279S28	SES206	-1.01726	6.9587	7.97596
BLOCK29/SES290/SA290S12	SES162	-1.36309	7.29144	8.65453
BLOCK29/SES290/SA290S12	SES177	-0.816878	7.83765	8.65453
BLOCK29/SES290/SA290S12	SES180	-1.63282	7.0217	8.65453
BLOCK29/SES290/SA290S12	SES292	-1.97355	6.68098	8.65453
BLOCK29/SES290/SA290S13	SES007	-0.648711	6.2714	6.92011
BLOCK29/SES290/SA290S13	SES162	-1.8216	5.09851	6.92011
BLOCK29/SES290/SA290S13	SES177	-0.866446	6.05367	6.92011
BLOCK29/SES290/SA290S13	SES180	-0.665858	6.25425	6.92011
BLOCK29/SES290/SA290S22	SES177	-1.6349	5.40276	7.03767
BLOCK29/SES290/SA290S22	SES180	-1.51389	5.52378	7.03767
BLOCK29/SES290/SA290S22	SES202	-1.7118	5.32586	7.03767
BLOCK29/SES290/SA290S22	SES292	-1.75707	5.28059	7.03767
BLOCK29/SES290/SA290S25	SES162	-1.10743	6.82677	7.9342
BLOCK29/SES290/SA290S25	SES177	-1.36549	6.5687	7.9342
BLOCK29/SES290/SA290S25	SES180	-1.35297	6.58123	7.9342
BLOCK29/SES290/SA290S25	SES292	-1.13861	6.79559	7.9342
BLOCK29/SES290/SA290S29	SES177	-0.630712	6.8628	7.49351
BLOCK29/SES290/SA290S29	SES180	-1.07697	6.41654	7.49351
BLOCK29/SES290/SA290S29	SES275	-1.24486	6.24865	7.49351
BLOCK29/SES290/SA290S29	SES292	-1.21879	6.27472	7.49351
BLOCK29/SES291/SA291S11	SES105	-3.31612	1.73601	5.05213
BLOCK29/SES291/SA291S11	SES125	-1.6016	3.45052	5.05213
BLOCK29/SES291/SA291S11	SES158	-0.965315	4.08681	5.05213
BLOCK29/SES291/SA291S11	SES275	-2.51508	2.53705	5.05213
BLOCK29/SES291/SA291S12	SES158	0.364721	6.11459	5.74987
BLOCK29/SES291/SA291S12	SES226	-2.3867	3.36317	5.74987
BLOCK29/SES291/SA291S12	SES270	0.399261	6.14913	5.74987
BLOCK29/SES291/SA291S12	SES275	-4.53511	1.21476	5.74987
BLOCK29/SES291/SA291S22	SES082	-1.46761	4.13685	5.60445
BLOCK29/SES291/SA291S22	SES158	-1.14498	4.45947	5.60445
BLOCK29/SES291/SA291S22	SES259	-1.87779	3.72666	5.60445
BLOCK29/SES291/SA291S22	SES275	-2.71627	2.88818	5.60445
BLOCK29/SES291/SA291S24	SES104	-0.280376	6.3894	6.66978
BLOCK29/SES291/SA291S24	SES125	-0.943151	5.72663	6.66978
BLOCK29/SES291/SA291S24	SES158	-0.524222	6.14555	6.66978
BLOCK29/SES291/SA291S24	SES275	-3.26495	3.40483	6.66978
BLOCK29/SES291/SA291S27	SES158	-0.053133	6.20541	6.25855
BLOCK29/SES291/SA291S27	SES172	-3.81035	2.4482	6.25855
BLOCK29/SES291/SA291S27	SES275	-2.91576	3.34279	6.25855
BLOCK29/SES291/SA291S27	SES292	-2.07025	4.18829	6.25855
