BLOCK00/SES002/SA002S12	SES002	0.565324	-7.358	-7.92333
BLOCK00/SES002/SA002S13	SES002	1.17577	-7.56227	-8.73804
BLOCK00/SES002/SA002S23	SES002	0.359993	-7.6712	-8.0312
BLOCK00/SES002/SA002S26	SES002	0.384805	-8.54142	-8.92623
BLOCK00/SES002/SA002S28	SES002	0.161382	-8.0017	-8.16308
BLOCK00/SES007/SA007S14	SES007	0.709753	-6.05099	-6.76074
BLOCK00/SES007/SA007S15	SES007	0.556255	-6.8067	-7.36296
BLOCK00/SES007/SA007S24	SES007	0.387354	-6.56687	-6.95422
BLOCK00/SES007/SA007S27	SES007	0.0946488	-7.91263	-8.00728
BLOCK00/SES007/SA007S29	SES007	0.127683	-6.81446	-6.94214
BLOCK00/SES008/SA008S11	SES008	1.06856	-6.37314	-7.4417
BLOCK00/SES008/SA008S12	SES008	-0.00762606	-7.30457	-7.29694
BLOCK00/SES008/SA008S19	SES008	1.19918	-6.44398	-7.64316
BLOCK00/SES008/SA008S22	SES008	0.410206	-7.33113	-7.74134
BLOCK00/SES008/SA008S29	SES008	0.888988	-6.32952	-7.21851
BLOCK01/SES014/SA014S10	SES014	0.85651	-6.85062	-7.70713
BLOCK01/SES014/SA014S12	SES014	1.20241	-6.2997	-7.50211
BLOCK01/SES014/SA014S24	SES014	1.08036	-6.92108	-8.00144
BLOCK01/SES014/SA014S26	SES014	1.39473	-5.87828	-7.27301
BLOCK01/SES014/SA014S28	SES014	1.74979	-5.57375	-7.32355
BLOCK01/SES016/SA016S12	SES016	0.985252	-8.47382	-9.45907
BLOCK01/SES016/SA016S13	SES016	0.773528	-6.76539	-7.53892
BLOCK01/SES016/SA016S22	SES016	0.830986	-6.56132	-7.39231
BLOCK01/SES016/SA016S25	SES016	1.27309	-4.95266	-6.22575
BLOCK01/SES016/SA016S27	SES016	1.1513	-6.15072	-7.30202
BLOCK01/SES019/SA019S13	SES019	3.42923	-5.77755	-9.20677
BLOCK01/SES019/SA019S14	SES019	1.3333	-7.68038	-9.01368
BLOCK01/SES019/SA019S22	SES019	1.9715	-6.38537	-8.35687
BLOCK01/SES019/SA019S25	SES019	2.11576	-6.56154	-8.6773
BLOCK01/SES019/SA019S29	SES019	3.93029	-6.51555	-10.4458
BLOCK02/SES029/SA029S11	SES029	0.579765	-6.06561	-6.64537
BLOCK02/SES029/SA029S12	SES029	0.214054	-6.55827	-6.77232
BLOCK02/SES029/SA029S20	SES029	0.397889	-6.09459	-6.49248
BLOCK02/SES029/SA029S25	SES029	0.242685	-6.98668	-7.22936
BLOCK02/SES029/SA029S28	SES029	0.28071	-6.54992	-6.83063
BLOCK04/SES042/SA042S12	SES042	0.99653	-6.45084	-7.44737
BLOCK04/SES042/SA042S15	SES042	0.972561	-5.90469	-6.87725
BLOCK04/SES042/SA042S22	SES042	1.73158	-6.67768	-8.40925
BLOCK04/SES042/SA042S25	SES042	0.095397	-8.77135	-8.86675
BLOCK04/SES042/SA042S27	SES042	1.30879	-7.03507	-8.34386
BLOCK04/SES048/SA048S11	SES048	0.65264	-5.89638	-6.54902
BLOCK04/SES048/SA048S12	SES048	0.175635	-7.47338	-7.64901
BLOCK04/SES048/SA048S20	SES048	0.385952	-6.18543	-6.57138
BLOCK04/SES048/SA048S23	SES048	0.957211	-6.40164	-7.35885
BLOCK04/SES048/SA048S27	SES048	0.182935	-7.15736	-7.3403
BLOCK06/SES060/SA060S11	SES060	0.926232	-6.52292	-7.44915
BLOCK06/SES060/SA060S12	SES060	0.900065	-7.48745	-8.38752
BLOCK06/SES060/SA060S22	SES060	-1.35809	-9.24169	-7.8836
BLOCK06/SES060/SA060S24	SES060	1.12168	-5.40204	-6.52372
BLOCK06/SES060/SA060S28	SES060	0.641446	-5.53398	-6.17543
BLOCK06/SES062/SA062S10	SES062	-0.0989437	-6.91841	-6.81946
BLOCK06/SES062/SA062S11	SES062	-0.132093	-8.19346	-8.06136
BLOCK06/SES062/SA062S21	SES062	0.773496	-5.21258	-5.98607
BLOCK06/SES062/SA062S26	SES062	0.225393	-7.0574	-7.28279
BLOCK06/SES062/SA062S29	SES062	0.565747	-6.14192	-6.70766
BLOCK06/SES068/SA068S14	SES068	0.423992	-7.05336	-7.47735
BLOCK06/SES068/SA068S15	SES068	0.659127	-6.82243	-7.48156
BLOCK06/SES068/SA068S23	SES068	0.260443	-7.13438	-7.39482
BLOCK06/SES068/SA068S27	SES068	1.33963	-6.03396	-7.37359
BLOCK06/SES068/SA068S29	SES068	0.546924	-6.95801	-7.50494
BLOCK08/SES082/SA082S12	SES082	0.123281	-7.94743	-8.07071
BLOCK08/SES082/SA082S14	SES082	0.248065	-7.81017	-8.05824
BLOCK08/SES082/SA082S21	SES082	0.413733	-7.05163	-7.46537
BLOCK08/SES082/SA082S24	SES082	-0.0946894	-7.86831	-7.77362
BLOCK08/SES082/SA082S28	SES082	0.260756	-7.63123	-7.89199
BLOCK08/SES083/SA083S14	SES083	0.195034	-6.71268	-6.90771
BLOCK08/SES083/SA083S15	SES083	0.566582	-6.65404	-7.22062
BLOCK08/SES083/SA083S24	SES083	0.31232	-7.11639	-7.42871
BLOCK08/SES083/SA083S26	SES083	0.303411	-7.83757	-8.14098
BLOCK08/SES083/SA083S29	SES083	0.012495	-7.51423	-7.52672
BLOCK08/SES085/SA085S10	SES085	1.05687	-5.85474	-6.91161
BLOCK08/SES085/SA085S13	SES085	-0.154426	-7.92735	-7.77293
BLOCK08/SES085/SA085S22	SES085	0.713281	-6.51806	-7.23134
BLOCK08/SES085/SA085S26	SES085	0.0854869	-7.24802	-7.33351
BLOCK08/SES085/SA085S28	SES085	0.338572	-7.10436	-7.44294
BLOCK08/SES087/SA087S15	SES087	0.951636	-7.47773	-8.42937
BLOCK08/SES087/SA087S16	SES087	1.11215	-7.28414	-8.39629
BLOCK08/SES087/SA087S24	SES087	0.979183	-7.19127	-8.17045
BLOCK08/SES087/SA087S26	SES087	0.765622	-6.48062	-7.24625
BLOCK08/SES087/SA087S29	SES087	1.27657	-6.2511	-7.52767
BLOCK09/SES099/SA099S15	SES099	0.484316	-7.64668	-8.131
BLOCK09/SES099/SA099S16	SES099	0.760648	-7.02925	-7.7899
BLOCK09/SES099/SA099S24	SES099	0.657085	-7.43886	-8.09594
BLOCK09/SES099/SA099S26	SES099	0.920528	-6.72903	-7.64956
BLOCK09/SES099/SA099S29	SES099	0.405553	-7.72446	-8.13001
BLOCK10/SES101/SA101S11	SES101	0.5489	-6.14824	-6.69714
BLOCK10/SES101/SA101S13	SES101	0.364257	-5.52411	-5.88837
BLOCK10/SES101/SA101S22	SES101	0.387663	-7.57082	-7.95849
BLOCK10/SES101/SA101S24	SES101	1.01342	-6.22299	-7.2364
BLOCK10/SES101/SA101S28	SES101	0.562275	-6.85862	-7.4209
BLOCK10/SES104/SA104S11	SES104	0.480924	-6.52117	-7.00209
BLOCK10/SES104/SA104S12	SES104	0.518954	-7.27806	-7.79701
BLOCK10/SES104/SA104S21	SES104	0.452974	-7.44899	-7.90196
BLOCK10/SES104/SA104S24	SES104	-0.150256	-7.98124	-7.83099
BLOCK10/SES104/SA104S28	SES104	0.704126	-7.06879	-7.77291
BLOCK10/SES105/SA105S12	SES105	0.958678	-7.41535	-8.37403
BLOCK10/SES105/SA105S13	SES105	-0.00752163	-7.3289	-7.32138
BLOCK10/SES105/SA105S22	SES105	0.466782	-8.20496	-8.67174
BLOCK10/SES105/SA105S26	SES105	0.986387	-7.45944	-8.44583
BLOCK10/SES105/SA105S29	SES105	1.10253	-6.02147	-7.124
BLOCK10/SES106/SA106S09	SES106	0.70842	-7.42558	-8.134
BLOCK10/SES106/SA106S11	SES106	0.898415	-6.457	-7.35542
BLOCK10/SES106/SA106S22	SES106	1.30818	-7.23712	-8.54529
BLOCK10/SES106/SA106S27	SES106	0.403225	-6.9105	-7.31372
BLOCK10/SES106/SA106S29	SES106	0.727145	-6.0686	-6.79575
BLOCK11/SES117/SA117S12	SES117	0.684574	-7.28725	-7.97182
BLOCK11/SES117/SA117S13	SES117	0.133928	-7.66454	-7.79847
BLOCK11/SES117/SA117S23	SES117	0.785603	-8.03741	-8.82301
BLOCK11/SES117/SA117S25	SES117	0.533445	-7.57486	-8.1083
BLOCK11/SES117/SA117S28	SES117	0.815288	-7.33482	-8.15011
BLOCK12/SES120/SA120S08	SES120	0.308907	-7.50056	-7.80947
BLOCK12/SES120/SA120S11	SES120	0.516761	-9.91842	-10.4352
BLOCK12/SES120/SA120S22	SES120	0.0966191	-6.83	-6.92662
BLOCK12/SES120/SA120S24	SES120	-0.131612	-8.0095	-7.87789
BLOCK12/SES120/SA120S28	SES120	-0.0698872	-7.96542	-7.89553
BLOCK12/SES125/SA125S13	SES125	0.718676	-6.89279	-7.61147
BLOCK12/SES125/SA125S14	SES125	0.495916	-7.35158	-7.84749
BLOCK12/SES125/SA125S25	SES125	0.744158	-7.52252	-8.26668
BLOCK12/SES125/SA125S27	SES125	1.05343	-6.3493	-7.40273
BLOCK12/SES125/SA125S29	SES125	0.379818	-6.9701	-7.34992
BLOCK12/SES127/SA127S11	SES127	0.12533	-7.51858	-7.64391
BLOCK12/SES127/SA127S12	SES127	0.450993	-5.80649	-6.25748
BLOCK12/SES127/SA127S23	SES127	0.144667	-6.49434	-6.63901
BLOCK12/SES127/SA127S25	SES127	0.46103	-6.50959	-6.97062
BLOCK12/SES127/SA127S27	SES127	0.797987	-6.58065	-7.37864
BLOCK12/SES129/SA129S11	SES129	1.19069	-5.68265	-6.87334
BLOCK12/SES129/SA129S12	SES129	0.800986	-5.80992	-6.61091
BLOCK12/SES129/SA129S22	SES129	0.891282	-6.43285	-7.32414
BLOCK12/SES129/SA129S27	SES129	1.16038	-6.55163	-7.712
BLOCK12/SES129/SA129S29	SES129	0.135692	-7.80547	-7.94116
BLOCK14/SES142/SA142S11	SES142	0.875265	-6.28351	-7.15877
BLOCK14/SES142/SA142S12	SES142	0.374471	-7.13096	-7.50543
BLOCK14/SES142/SA142S24	SES142	0.702225	-6.2988	-7.00102
BLOCK14/SES142/SA142S27	SES142	0.830158	-6.26226	-7.09242
BLOCK14/SES142/SA142S29	SES142	1.09081	-5.83653	-6.92734
BLOCK14/SES143/SA143S12	SES143	0.564764	-6.81674	-7.3815
BLOCK14/SES143/SA143S13	SES143	0.763681	-6.93151	-7.69519
BLOCK14/SES143/SA143S23	SES143	0.195375	-7.06285	-7.25822
BLOCK14/SES143/SA143S25	SES143	0.16984	-7.44596	-7.6158
BLOCK14/SES143/SA143S28	SES143	0.579234	-6.96252	-7.54175
BLOCK14/SES144/SA144S09	SES144	0.267552	-7.23023	-7.49778
BLOCK14/SES144/SA144S11	SES144	0.107838	-6.97496	-7.0828
BLOCK14/SES144/SA144S21	SES144	-0.36062	-7.83691	-7.47629
BLOCK14/SES144/SA144S25	SES144	0.485604	-7.20835	-7.69395
BLOCK14/SES144/SA144S29	SES144	-0.448399	-8.11618	-7.66778
BLOCK14/SES146/SA146S14	SES146	0.41047	-7.45009	-7.86056
BLOCK14/SES146/SA146S15	SES146	-0.0887151	-7.73274	-7.64403
BLOCK14/SES146/SA146S24	SES146	0.425052	-7.14608	-7.57114
BLOCK14/SES146/SA146S26	SES146	0.203753	-7.33648	-7.54023
BLOCK14/SES146/SA146S29	SES146	0.505686	-7.68833	-8.19402
BLOCK14/SES147/SA147S11	SES147	0.02388	-7.2722	-7.29608
BLOCK14/SES147/SA147S13	SES147	0.336281	-6.38638	-6.72266
BLOCK14/SES147/SA147S23	SES147	0.369274	-7.198	-7.56727
BLOCK14/SES147/SA147S26	SES147	0.89132	-6.83285	-7.72417
BLOCK14/SES147/SA147S28	SES147	0.925933	-6.30367	-7.2296
BLOCK14/SES148/SA148S10	SES148	0.336065	-6.47115	-6.80722
BLOCK14/SES148/SA148S12	SES148	-0.237103	-7.7273	-7.49019
BLOCK14/SES148/SA148S22	SES148	0.537115	-6.44939	-6.9865
BLOCK14/SES148/SA148S26	SES148	0.156632	-6.15022	-6.30685
BLOCK14/SES148/SA148S29	SES148	-0.0357881	-7.31188	-7.27609
BLOCK14/SES149/SA149S13	SES149	-0.0734568	-6.83414	-6.76069
BLOCK14/SES149/SA149S14	SES149	0.132822	-6.23473	-6.36755
BLOCK14/SES149/SA149S24	SES149	0.714053	-6.52163	-7.23568
BLOCK14/SES149/SA149S26	SES149	0.76088	-5.90575	-6.66663
BLOCK14/SES149/SA149S28	SES149	1.62215	-4.9667	-6.58885
BLOCK15/SES158/SA158S13	SES158	0.803671	-6.63035	-7.43402
BLOCK15/SES158/SA158S14	SES158	0.49412	-7.84278	-8.3369
BLOCK15/SES158/SA158S23	SES158	0.616043	-6.08409	-6.70014
BLOCK15/SES158/SA158S26	SES158	1.14245	-7.09257	-8.23502
BLOCK15/SES158/SA158S28	SES158	0.461582	-7.38362	-7.8452
BLOCK16/SES162/SA162S10	SES162	0.316583	-7.8809	-8.19748
BLOCK16/SES162/SA162S11	SES162	0.4835	-6.32292	-6.80641
BLOCK16/SES162/SA162S21	SES162	0.843425	-6.51386	-7.35728
BLOCK16/SES162/SA162S24	SES162	0.564587	-6.82203	-7.38661
BLOCK16/SES162/SA162S27	SES162	1.2826	-7.42286	-8.70546
BLOCK16/SES167/SA167S14	SES167	0.869508	-6.27236	-7.14187
BLOCK16/SES167/SA167S15	SES167	1.3612	-5.95326	-7.31445
BLOCK16/SES167/SA167S21	SES167	1.39769	-5.82472	-7.22241
BLOCK16/SES167/SA167S25	SES167	1.71886	-6.23863	-7.9575
BLOCK16/SES167/SA167S29	SES167	1.95843	-5.26701	-7.22544
BLOCK17/SES172/SA172S12	SES172	0.741259	-7.62448	-8.36574
BLOCK17/SES172/SA172S13	SES172	1.35003	-7.15403	-8.50406
BLOCK17/SES172/SA172S23	SES172	0.789339	-6.73237	-7.52171
BLOCK17/SES172/SA172S27	SES172	0.675043	-8.18575	-8.8608
BLOCK17/SES172/SA172S29	SES172	1.41904	-6.78795	-8.20699
BLOCK17/SES175/SA175S11	SES175	0.181291	-7.30636	-7.48765
BLOCK17/SES175/SA175S13	SES175	0.540231	-5.17415	-5.71438
BLOCK17/SES175/SA175S23	SES175	0.697718	-6.04056	-6.73828
BLOCK17/SES175/SA175S25	SES175	-0.0516243	-7.84589	-7.79427
BLOCK17/SES175/SA175S28	SES175	0.285247	-6.43259	-6.71784
BLOCK17/SES177/SA177S15	SES177	0.373069	-7.84783	-8.22089
BLOCK17/SES177/SA177S17	SES177	0.381545	-7.45102	-7.83256
BLOCK17/SES177/SA177S23	SES177	0.238231	-7.66436	-7.90259
BLOCK17/SES177/SA177S26	SES177	0.746848	-5.41771	-6.16456
BLOCK17/SES177/SA177S28	SES177	0.783321	-7.25258	-8.0359
BLOCK18/SES180/SA180S13	SES180	-0.233872	-8.1631	-7.92922
BLOCK18/SES180/SA180S15	SES180	0.188519	-6.97371	-7.16223
BLOCK18/SES180/SA180S24	SES180	0.505054	-6.17492	-6.67998
BLOCK18/SES180/SA180S26	SES180	0.362369	-6.41791	-6.78028
BLOCK18/SES180/SA180S29	SES180	-0.284945	-7.85178	-7.56684
BLOCK18/SES183/SA183S13	SES183	1.06914	-6.68531	-7.75446
BLOCK18/SES183/SA183S14	SES183	-0.0374951	-7.2401	-7.2026
BLOCK18/SES183/SA183S24	SES183	1.1184	-7.19624	-8.31464
BLOCK18/SES183/SA183S27	SES183	0.941408	-7.60124	-8.54265
BLOCK18/SES183/SA183S29	SES183	1.11736	-6.65927	-7.77663
BLOCK18/SES187/SA187S13	SES187	0.0664158	-8.25511	-8.32152
BLOCK18/SES187/SA187S14	SES187	0.36843	-7.70347	-8.0719
BLOCK18/SES187/SA187S24	SES187	0.49227	-7.77202	-8.26429
BLOCK18/SES187/SA187S27	SES187	0.52934	-7.77106	-8.3004
BLOCK18/SES187/SA187S29	SES187	0.084877	-8.21288	-8.29776
BLOCK18/SES189/SA189S10	SES189	1.05473	-7.52239	-8.57712
BLOCK18/SES189/SA189S13	SES189	1.08654	-8.33949	-9.42603
BLOCK18/SES189/SA189S24	SES189	0.536146	-6.62288	-7.15903
BLOCK18/SES189/SA189S26	SES189	0.97859	-6.80402	-7.78261
BLOCK18/SES189/SA189S29	SES189	0.93683	-6.60081	-7.53764
BLOCK20/SES202/SA202S12	SES202	0.707679	-6.87503	-7.58271
BLOCK20/SES202/SA202S14	SES202	0.967923	-6.75846	-7.72638
BLOCK20/SES202/SA202S24	SES202	0.46628	-7.69967	-8.16595
BLOCK20/SES202/SA202S27	SES202	0.619184	-6.48812	-7.1073
BLOCK20/SES202/SA202S29	SES202	0.712535	-6.73018	-7.44272
BLOCK20/SES206/SA206S15	SES206	-0.407135	-7.03664	-6.62951
BLOCK20/SES206/SA206S17	SES206	0.479359	-7.20583	-7.68519
BLOCK20/SES206/SA206S24	SES206	1.26616	-5.66888	-6.93504
BLOCK20/SES206/SA206S27	SES206	1.02624	-7.1312	-8.15744
BLOCK20/SES206/SA206S29	SES206	1.05037	-5.75113	-6.8015
BLOCK22/SES226/SA226S12	SES226	0.758746	-7.17226	-7.931
BLOCK22/SES226/SA226S13	SES226	-0.197208	-8.27062	-8.07341
BLOCK22/SES226/SA226S20	SES226	0.409783	-7.37547	-7.78525
BLOCK22/SES226/SA226S23	SES226	0.536839	-6.74701	-7.28384
BLOCK22/SES226/SA226S28	SES226	0.932421	-6.5603	-7.49272
BLOCK25/SES259/SA259S13	SES259	1.79176	-6.13439	-7.92616
BLOCK25/SES259/SA259S14	SES259	1.30509	-6.12841	-7.43351
BLOCK25/SES259/SA259S22	SES259	1.32489	-5.96852	-7.29341
BLOCK25/SES259/SA259S24	SES259	1.05597	-6.50866	-7.56463
BLOCK25/SES259/SA259S28	SES259	0.768926	-6.57839	-7.34732
BLOCK27/SES270/SA270S14	SES270	1.68634	-6.90348	-8.58982
BLOCK27/SES270/SA270S16	SES270	0.311821	-7.01877	-7.33059
BLOCK27/SES270/SA270S22	SES270	1.77272	-6.42698	-8.1997
BLOCK27/SES270/SA270S26	SES270	0.544495	-7.39121	-7.9357
BLOCK27/SES270/SA270S28	SES270	0.973988	-6.81452	-7.78851
BLOCK27/SES275/SA275S17	SES275	0.485253	-6.59242	-7.07767
BLOCK27/SES275/SA275S18	SES275	0.254507	-6.89462	-7.14913
BLOCK27/SES275/SA275S24	SES275	0.425798	-7.47614	-7.90193
BLOCK27/SES275/SA275S26	SES275	0.692015	-6.80914	-7.50115
BLOCK27/SES275/SA275S28	SES275	0.665154	-6.97065	-7.63581
BLOCK29/SES292/SA292S10	SES292	-0.0348639	-6.74719	-6.71232
BLOCK29/SES292/SA292S12	SES292	0.142234	-8.08856	-8.23079
BLOCK29/SES292/SA292S22	SES292	0.0491772	-7.44251	-7.49169
BLOCK29/SES292/SA292S24	SES292	-0.291587	-7.48047	-7.18888
BLOCK29/SES292/SA292S27	SES292	-0.355602	-7.28046	-6.92486
BLOCK00/SES001/SA001S14	SES062	-1.97874	-10.0312	-8.0525
BLOCK00/SES001/SA001S14	SES082	-0.780367	-8.83287	-8.0525
BLOCK00/SES001/SA001S14	SES106	-1.44484	-9.49734	-8.0525
BLOCK00/SES001/SA001S14	SES206	-1.4187	-9.4712	-8.0525
BLOCK00/SES001/SA001S15	SES062	-0.998143	-8.39359	-7.39544
BLOCK00/SES001/SA001S15	SES104	-1.26087	-8.65632	-7.39544
BLOCK00/SES001/SA001S15	SES106	-1.69941	-9.09485	-7.39544
BLOCK00/SES001/SA001S15	SES206	-1.49485	-8.89029	-7.39544
BLOCK00/SES001/SA001S24	SES062	-0.783244	-8.30367	-7.52043
BLOCK00/SES001/SA001S24	SES082	-0.765485	-8.28591	-7.52043
BLOCK00/SES001/SA001S24	SES087	-0.563597	-8.08402	-7.52043
BLOCK00/SES001/SA001S24	SES206	-0.272781	-7.79321	-7.52043
BLOCK00/SES001/SA001S27	SES062	-0.927438	-7.00661	-6.07917
BLOCK00/SES001/SA001S27	SES082	-0.702039	-6.78121	-6.07917
BLOCK00/SES001/SA001S27	SES087	-0.467321	-6.54649	-6.07917
BLOCK00/SES001/SA001S27	SES206	-0.998441	-7.07761	-6.07917
BLOCK00/SES001/SA001S29	SES062	-1.94673	-9.43351	-7.48678
BLOCK00/SES001/SA001S29	SES082	-0.719723	-8.2065	-7.48678
BLOCK00/SES001/SA001S29	SES158	-0.837342	-8.32412	-7.48678
BLOCK00/SES001/SA001S29	SES206	-1.02424	-8.51102	-7.48678
BLOCK00/SES003/SA003S11	SES002	-0.48152	-8.3685	-7.88698
BLOCK00/SES003/SA003S11	SES019	-1.42248	-9.30946	-7.88698
BLOCK00/SES003/SA003S11	SES082	-0.325359	-8.21234	-7.88698
BLOCK00/SES003/SA003S11	SES125	-1.21578	-9.10277	-7.88698
BLOCK00/SES003/SA003S15	SES016	-1.44156	-8.45758	-7.01603
BLOCK00/SES003/SA003S15	SES019	-3.53058	-10.5466	-7.01603
BLOCK00/SES003/SA003S15	SES062	-0.174328	-7.19036	-7.01603
BLOCK00/SES003/SA003S15	SES206	-0.905351	-7.92138	-7.01603
BLOCK00/SES003/SA003S22	SES002	-0.435774	-7.98609	-7.55031
BLOCK00/SES003/SA003S22	SES062	0.201083	-7.34923	-7.55031
BLOCK00/SES003/SA003S22	SES082	-0.361933	-7.91225	-7.55031
BLOCK00/SES003/SA003S22	SES087	-0.149705	-7.70002	-7.55031
BLOCK00/SES003/SA003S25	SES062	-1.90186	-10.3146	-8.41277
BLOCK00/SES003/SA003S25	SES082	-1.8657	-10.2785	-8.41277
BLOCK00/SES003/SA003S25	SES087	-1.68466	-10.0974	-8.41277
BLOCK00/SES003/SA003S25	SES206	-1.92675	-10.3395	-8.41277
BLOCK00/SES003/SA003S29	SES002	-1.23803	-9.15748	-7.91944
BLOCK00/SES003/SA003S29	SES062	-2.25471	-10.1742	-7.91944
BLOCK00/SES003/SA003S29	SES082	-1.15006	-9.06951	-7.91944
BLOCK00/SES003/SA003S29	SES087	-1.64044	-9.55988	-7.91944
BLOCK00/SES004/SA004S12	SES083	-1.11025	-7.908	-6.79775
BLOCK00/SES004/SA004S12	SES148	-0.719273	-7.51702	-6.79775
BLOCK00/SES004/SA004S12	SES172	0.167622	-6.63013	-6.79775
BLOCK00/SES004/SA004S12	SES292	-0.992045	-7.78979	-6.79775
BLOCK00/SES004/SA004S17	SES083	-0.989874	-8.0272	-7.03733
BLOCK00/SES004/SA004S17	SES162	-1.07771	-8.11504	-7.03733
BLOCK00/SES004/SA004S17	SES172	-0.520866	-7.5582	-7.03733
BLOCK00/SES004/SA004S17	SES292	-1.00696	-8.04429	-7.03733
BLOCK00/SES004/SA004S24	SES083	-0.919556	-7.67411	-6.75456
BLOCK00/SES004/SA004S24	SES148	-1.28508	-8.03963	-6.75456
BLOCK00/SES004/SA004S24	SES172	-0.220091	-6.97465	-6.75456
BLOCK00/SES004/SA004S24	SES292	-0.711887	-7.46645	-6.75456
BLOCK00/SES004/SA004S26	SES083	-1.37747	-8.73584	-7.35837
BLOCK00/SES004/SA004S26	SES127	-0.805928	-8.16429	-7.35837
BLOCK00/SES004/SA004S26	SES148	-2.55153	-9.9099	-7.35837
BLOCK00/SES004/SA004S26	SES292	-1.42109	-8.77946	-7.35837
BLOCK00/SES004/SA004S28	SES083	-0.684528	-7.54317	-6.85864
BLOCK00/SES004/SA004S28	SES127	-0.0926013	-6.95124	-6.85864
BLOCK00/SES004/SA004S28	SES187	-0.121039	-6.97968	-6.85864
BLOCK00/SES004/SA004S28	SES292	-1.30131	-8.15995	-6.85864
BLOCK00/SES006/SA006S10	SES014	-0.916724	-10.1917	-9.27502
BLOCK00/SES006/SA006S10	SES158	-1.1692	-10.4442	-9.27502
BLOCK00/SES006/SA006S10	SES226	-2.72624	-12.0013	-9.27502
BLOCK00/SES006/SA006S10	SES270	0.458708	-8.81631	-9.27502
BLOCK00/SES006/SA006S11	SES158	-1.48	-10.2509	-8.77089
BLOCK00/SES006/SA006S11	SES226	-1.50218	-10.2731	-8.77089
BLOCK00/SES006/SA006S11	SES270	-0.0386333	-8.80953	-8.77089
BLOCK00/SES006/SA006S11	SES275	-1.46502	-10.2359	-8.77089
BLOCK00/SES006/SA006S23	SES062	-4.01822	-12.4833	-8.4651
BLOCK00/SES006/SA006S23	SES105	-3.23326	-11.6984	-8.4651
BLOCK00/SES006/SA006S23	SES158	-1.56379	-10.0289	-8.4651
BLOCK00/SES006/SA006S23	SES275	-2.8306	-11.2957	-8.4651
BLOCK00/SES006/SA006S26	SES104	-2.78787	-11.4332	-8.64536
BLOCK00/SES006/SA006S26	SES158	-1.65364	-10.299	-8.64536
BLOCK00/SES006/SA006S26	SES270	-0.345472	-8.99083	-8.64536
BLOCK00/SES006/SA006S26	SES275	-2.26402	-10.9094	-8.64536
BLOCK00/SES006/SA006S28	SES007	-1.68937	-10.9614	-9.27208
BLOCK00/SES006/SA006S28	SES105	-2.78907	-12.0611	-9.27208
BLOCK00/SES006/SA006S28	SES158	-0.760494	-10.0326	-9.27208
BLOCK00/SES006/SA006S28	SES275	-1.88927	-11.1613	-9.27208
BLOCK00/SES009/SA009S12	SES083	-2.52564	-9.94155	-7.41591
BLOCK00/SES009/SA009S12	SES148	-1.55635	-8.97225	-7.41591
BLOCK00/SES009/SA009S12	SES177	-0.485003	-7.90091	-7.41591
BLOCK00/SES009/SA009S12	SES292	-0.792048	-8.20796	-7.41591
BLOCK00/SES009/SA009S15	SES007	0.0208402	-6.98143	-7.00227
BLOCK00/SES009/SA009S15	SES099	-2.83912	-9.8414	-7.00227
BLOCK00/SES009/SA009S15	SES148	-1.29982	-8.30209	-7.00227
BLOCK00/SES009/SA009S15	SES172	-0.79699	-7.79926	-7.00227
BLOCK00/SES009/SA009S24	SES146	-0.410164	-7.96844	-7.55828
BLOCK00/SES009/SA009S24	SES148	-1.94552	-9.50379	-7.55828
BLOCK00/SES009/SA009S24	SES177	-0.323493	-7.88177	-7.55828
BLOCK00/SES009/SA009S24	SES292	-0.861773	-8.42005	-7.55828
BLOCK00/SES009/SA009S26	SES083	-2.53136	-9.86284	-7.33148
BLOCK00/SES009/SA009S26	SES101	-2.31559	-9.64707	-7.33148
BLOCK00/SES009/SA009S26	SES120	-0.818947	-8.15043	-7.33148
BLOCK00/SES009/SA009S26	SES177	-0.840981	-8.17246	-7.33148
BLOCK00/SES009/SA009S29	SES083	-1.62409	-9.10885	-7.48476
BLOCK00/SES009/SA009S29	SES101	-1.35773	-8.84248	-7.48476
BLOCK00/SES009/SA009S29	SES177	-0.574007	-8.05877	-7.48476
BLOCK00/SES009/SA009S29	SES292	-0.953001	-8.43776	-7.48476
BLOCK01/SES011/SA011S10	SES019	-3.86158	-12.4233	-8.56172
BLOCK01/SES011/SA011S10	SES042	0.72185	-7.83987	-8.56172
BLOCK01/SES011/SA011S10	SES082	-0.830203	-9.39193	-8.56172
BLOCK01/SES011/SA011S10	SES206	-0.432031	-8.99376	-8.56172
BLOCK01/SES011/SA011S11	SES019	-2.66019	-10.9772	-8.31705
BLOCK01/SES011/SA011S11	SES042	0.367613	-7.94944	-8.31705
BLOCK01/SES011/SA011S11	SES082	-0.543898	-8.86095	-8.31705
BLOCK01/SES011/SA011S11	SES206	-0.921254	-9.23831	-8.31705
BLOCK01/SES011/SA011S22	SES019	-2.67195	-11.1102	-8.43827
BLOCK01/SES011/SA011S22	SES042	0.60175	-7.83652	-8.43827
BLOCK01/SES011/SA011S22	SES082	-1.1841	-9.62237	-8.43827
BLOCK01/SES011/SA011S22	SES206	-1.15368	-9.59195	-8.43827
BLOCK01/SES011/SA011S24	SES019	-2.8214	-10.6	-7.7786
BLOCK01/SES011/SA011S24	SES042	1.01617	-6.76243	-7.7786
BLOCK01/SES011/SA011S24	SES104	-0.0872684	-7.86587	-7.7786
BLOCK01/SES011/SA011S24	SES206	-0.405127	-8.18373	-7.7786
BLOCK01/SES011/SA011S27	SES082	-0.162481	-8.13873	-7.97624
BLOCK01/SES011/SA011S27	SES087	-1.37717	-9.35341	-7.97624
BLOCK01/SES011/SA011S27	SES125	0.0376749	-7.93857	-7.97624
BLOCK01/SES011/SA011S27	SES206	-0.369668	-8.34591	-7.97624
BLOCK01/SES012/SA012S11	SES007	-0.116854	-6.83615	-6.7193
BLOCK01/SES012/SA012S11	SES082	-0.228351	-6.94765	-6.7193
BLOCK01/SES012/SA012S11	SES083	-1.22003	-7.93933	-6.7193
BLOCK01/SES012/SA012S11	SES206	-0.666688	-7.38599	-6.7193
BLOCK01/SES012/SA012S14	SES082	-0.475646	-8.19631	-7.72066
BLOCK01/SES012/SA012S14	SES087	-1.53919	-9.25985	-7.72066
BLOCK01/SES012/SA012S14	SES206	-0.43632	-8.15698	-7.72066
BLOCK01/SES012/SA012S14	SES292	-1.05394	-8.7746	-7.72066
BLOCK01/SES012/SA012S24	SES082	-0.486602	-9.02659	-8.53999
BLOCK01/SES012/SA012S24	SES087	-1.47964	-10.0196	-8.53999
BLOCK01/SES012/SA012S24	SES120	-1.73755	-10.2775	-8.53999
BLOCK01/SES012/SA012S24	SES206	-0.799622	-9.33961	-8.53999
BLOCK01/SES012/SA012S26	SES019	-7.82305	-15.9757	-8.1527
BLOCK01/SES012/SA012S26	SES082	-1.53712	-9.68982	-8.1527
BLOCK01/SES012/SA012S26	SES206	0.0481195	-8.10458	-8.1527
BLOCK01/SES012/SA012S26	SES292	-1.09554	-9.24823	-8.1527
BLOCK01/SES012/SA012S29	SES062	-1.12897	-7.64978	-6.52081
BLOCK01/SES012/SA012S29	SES082	0.0830655	-6.43774	-6.52081
BLOCK01/SES012/SA012S29	SES083	-1.63437	-8.15517	-6.52081
BLOCK01/SES012/SA012S29	SES206	0.0170102	-6.5038	-6.52081
BLOCK01/SES013/SA013S16	SES062	-3.30544	-11.7713	-8.4659
BLOCK01/SES013/SA013S16	SES106	-1.09729	-9.56319	-8.4659
BLOCK01/SES013/SA013S16	SES206	-1.50234	-9.96824	-8.4659
BLOCK01/SES013/SA013S16	SES226	-1.17359	-9.63949	-8.4659
BLOCK01/SES013/SA013S17	SES062	-1.1361	-8.93929	-7.80319
BLOCK01/SES013/SA013S17	SES106	-1.26356	-9.06675	-7.80319
BLOCK01/SES013/SA013S17	SES206	-0.371307	-8.1745	-7.80319
BLOCK01/SES013/SA013S17	SES226	-0.643214	-8.4464	-7.80319
BLOCK01/SES013/SA013S23	SES104	-1.07684	-9.95622	-8.87938
BLOCK01/SES013/SA013S23	SES106	-0.185167	-9.06455	-8.87938
BLOCK01/SES013/SA013S23	SES206	-1.58065	-10.46	-8.87938
BLOCK01/SES013/SA013S23	SES270	-0.529645	-9.40903	-8.87938
BLOCK01/SES013/SA013S25	SES042	-2.64847	-10.7451	-8.0966
BLOCK01/SES013/SA013S25	SES104	-0.62541	-8.72201	-8.0966
BLOCK01/SES013/SA013S25	SES106	-0.0587797	-8.15538	-8.0966
BLOCK01/SES013/SA013S25	SES206	-1.67739	-9.77399	-8.0966
BLOCK01/SES013/SA013S29	SES062	-3.16967	-11.5779	-8.40827
BLOCK01/SES013/SA013S29	SES104	-1.17842	-9.58669	-8.40827
BLOCK01/SES013/SA013S29	SES106	-0.444529	-8.8528	-8.40827
BLOCK01/SES013/SA013S29	SES206	-2.24879	-10.6571	-8.40827
BLOCK02/SES021/SA021S13	SES016	-2.36356	-10.0926	-7.72907
BLOCK02/SES021/SA021S13	SES029	-0.533538	-8.2626	-7.72907
BLOCK02/SES021/SA021S13	SES087	-2.4262	-10.1553	-7.72907
BLOCK02/SES021/SA021S13	SES206	-1.63303	-9.3621	-7.72907
BLOCK02/SES021/SA021S15	SES087	-0.798488	-8.02322	-7.22473
BLOCK02/SES021/SA021S15	SES125	-1.16232	-8.38705	-7.22473
BLOCK02/SES021/SA021S15	SES206	-1.06333	-8.28806	-7.22473
BLOCK02/SES021/SA021S15	SES226	-1.20148	-8.4262	-7.22473
BLOCK02/SES021/SA021S23	SES062	-2.27779	-10.7592	-8.48143
BLOCK02/SES021/SA021S23	SES087	-0.863937	-9.34536	-8.48143
BLOCK02/SES021/SA021S23	SES206	-1.36811	-9.84953	-8.48143
BLOCK02/SES021/SA021S23	SES226	-1.20177	-9.68319	-8.48143
BLOCK02/SES021/SA021S27	SES002	-0.863104	-7.96042	-7.09732
BLOCK02/SES021/SA021S27	SES016	-3.18484	-10.2822	-7.09732
BLOCK02/SES021/SA021S27	SES019	-1.22368	-8.321	-7.09732
BLOCK02/SES021/SA021S27	SES062	-1.04204	-8.13936	-7.09732
BLOCK02/SES021/SA021S29	SES087	-1.23534	-9.02933	-7.79399
BLOCK02/SES021/SA021S29	SES125	-2.09888	-9.89286	-7.79399
BLOCK02/SES021/SA021S29	SES206	-0.624989	-8.41898	-7.79399
BLOCK02/SES021/SA021S29	SES226	-1.37321	-9.1672	-7.79399
BLOCK04/SES043/SA043S09	SES083	-0.311562	-8.48676	-8.1752
BLOCK04/SES043/SA043S09	SES101	-0.415046	-8.59024	-8.1752
BLOCK04/SES043/SA043S09	SES144	-0.0988245	-8.27402	-8.1752
BLOCK04/SES043/SA043S09	SES172	-1.37861	-9.55381	-8.1752
BLOCK04/SES043/SA043S11	SES083	0.0742445	-7.0474	-7.12165
BLOCK04/SES043/SA043S11	SES101	-0.246555	-7.3682	-7.12165
BLOCK04/SES043/SA043S11	SES144	0.149597	-6.97205	-7.12165
BLOCK04/SES043/SA043S11	SES172	-0.568322	-7.68997	-7.12165
BLOCK04/SES043/SA043S23	SES083	-0.188541	-7.83642	-7.64788
BLOCK04/SES043/SA043S23	SES144	-0.137602	-7.78548	-7.64788
BLOCK04/SES043/SA043S23	SES177	-0.664252	-8.31213	-7.64788
BLOCK04/SES043/SA043S23	SES275	-0.810951	-8.45883	-7.64788
BLOCK04/SES043/SA043S26	SES083	-0.49911	-9.14765	-8.64854
BLOCK04/SES043/SA043S26	SES101	-0.398636	-9.04718	-8.64854
BLOCK04/SES043/SA043S26	SES144	0.111721	-8.53682	-8.64854
BLOCK04/SES043/SA043S26	SES177	-0.825482	-9.47402	-8.64854
BLOCK04/SES043/SA043S28	SES016	-1.83445	-9.32249	-7.48804
BLOCK04/SES043/SA043S28	SES083	-0.634778	-8.12282	-7.48804
BLOCK04/SES043/SA043S28	SES101	-0.500843	-7.98888	-7.48804
BLOCK04/SES043/SA043S28	SES144	-0.74387	-8.23191	-7.48804
BLOCK04/SES044/SA044S10	SES127	-3.48095	-11.5586	-8.0777
BLOCK04/SES044/SA044S10	SES144	-0.841304	-8.919	-8.0777
BLOCK04/SES044/SA044S10	SES147	-4.52887	-12.6066	-8.0777
BLOCK04/SES044/SA044S10	SES148	-3.11185	-11.1895	-8.0777
BLOCK04/SES044/SA044S11	SES101	-0.385627	-7.94835	-7.56272
BLOCK04/SES044/SA044S11	SES144	0.0133986	-7.54932	-7.56272
BLOCK04/SES044/SA044S11	SES147	-2.07258	-9.6353	-7.56272
BLOCK04/SES044/SA044S11	SES177	-1.08291	-8.64564	-7.56272
BLOCK04/SES044/SA044S24	SES007	-1.79551	-9.65891	-7.8634
BLOCK04/SES044/SA044S24	SES101	0.170124	-7.69328	-7.8634
BLOCK04/SES044/SA044S24	SES147	-1.59785	-9.46125	-7.8634
BLOCK04/SES044/SA044S24	SES177	-0.114254	-7.97766	-7.8634
BLOCK04/SES044/SA044S26	SES007	-1.20748	-8.48855	-7.28107
BLOCK04/SES044/SA044S26	SES016	-0.575134	-7.8562	-7.28107
BLOCK04/SES044/SA044S26	SES101	-0.393984	-7.67505	-7.28107
BLOCK04/SES044/SA044S26	SES147	-0.597778	-7.87885	-7.28107
BLOCK04/SES044/SA044S29	SES007	-2.28216	-9.32074	-7.03857
BLOCK04/SES044/SA044S29	SES101	-0.307083	-7.34566	-7.03857
BLOCK04/SES044/SA044S29	SES147	-0.885161	-7.92374	-7.03857
BLOCK04/SES044/SA044S29	SES177	-2.12528	-9.16386	-7.03857
BLOCK04/SES046/SA046S13	SES101	-0.430812	-8.96619	-8.53538
BLOCK04/SES046/SA046S13	SES144	-0.302025	-8.8374	-8.53538
BLOCK04/SES046/SA046S13	SES147	-2.40356	-10.9389	-8.53538
BLOCK04/SES046/SA046S13	SES177	-1.23721	-9.77259	-8.53538
BLOCK04/SES046/SA046S15	SES048	-0.346731	-6.38006	-6.03333
BLOCK04/SES046/SA046S15	SES083	-0.896863	-6.93019	-6.03333
BLOCK04/SES046/SA046S15	SES120	-3.00328	-9.03661	-6.03333
BLOCK04/SES046/SA046S15	SES148	-1.37444	-7.40777	-6.03333
BLOCK04/SES046/SA046S22	SES101	-0.128467	-8.07906	-7.95059
BLOCK04/SES046/SA046S22	SES144	-0.0496087	-8.0002	-7.95059
BLOCK04/SES046/SA046S22	SES147	-2.27781	-10.2284	-7.95059
BLOCK04/SES046/SA046S22	SES172	-0.00951004	-7.9601	-7.95059
BLOCK04/SES046/SA046S25	SES083	-0.366294	-7.61794	-7.25165
BLOCK04/SES046/SA046S25	SES127	-1.10515	-8.3568	-7.25165
BLOCK04/SES046/SA046S25	SES144	-0.262453	-7.5141	-7.25165
BLOCK04/SES046/SA046S25	SES148	-1.28088	-8.53253	-7.25165
BLOCK04/SES046/SA046S28	SES007	-1.12246	-8.38416	-7.2617
BLOCK04/SES046/SA046S28	SES105	-1.35523	-8.61693	-7.2617
BLOCK04/SES046/SA046S28	SES147	-1.45345	-8.71515	-7.2617
BLOCK04/SES046/SA046S28	SES148	-1.73529	-8.99699	-7.2617
BLOCK04/SES049/SA049S16	SES104	-1.15104	-9.99376	-8.84272
BLOCK04/SES049/SA049S16	SES106	-2.06112	-10.9038	-8.84272
BLOCK04/SES049/SA049S16	SES120	-1.70025	-10.543	-8.84272
BLOCK04/SES049/SA049S16	SES206	-1.935	-10.7777	-8.84272
BLOCK04/SES049/SA049S18	SES099	-0.248132	-8.70917	-8.46103
BLOCK04/SES049/SA049S18	SES104	-1.53667	-9.99771	-8.46103
BLOCK04/SES049/SA049S18	SES125	-1.47135	-9.93238	-8.46103
BLOCK04/SES049/SA049S18	SES206	-2.18717	-10.6482	-8.46103
BLOCK04/SES049/SA049S25	SES087	-2.1021	-11.2476	-9.14546
BLOCK04/SES049/SA049S25	SES104	-1.22346	-10.3689	-9.14546
BLOCK04/SES049/SA049S25	SES125	-1.50393	-10.6494	-9.14546
BLOCK04/SES049/SA049S25	SES206	-0.889544	-10.035	-9.14546
BLOCK04/SES049/SA049S27	SES099	-0.222024	-8.24367	-8.02165
BLOCK04/SES049/SA049S27	SES104	0.00400066	-8.01765	-8.02165
BLOCK04/SES049/SA049S27	SES125	-1.25217	-9.27382	-8.02165
BLOCK04/SES049/SA049S27	SES206	-1.65373	-9.67538	-8.02165
BLOCK04/SES049/SA049S29	SES099	-0.725519	-8.2933	-7.56778
BLOCK04/SES049/SA049S29	SES104	-0.218014	-7.78579	-7.56778
BLOCK04/SES049/SA049S29	SES125	-0.48392	-8.0517	-7.56778
BLOCK04/SES049/SA049S29	SES206	-1.66244	-9.23022	-7.56778
BLOCK06/SES063/SA063S09	SES068	-2.50847	-11.4626	-8.95418
BLOCK06/SES063/SA063S09	SES083	-0.589012	-9.54319	-8.95418
BLOCK06/SES063/SA063S09	SES177	-0.826058	-9.78024	-8.95418
BLOCK06/SES063/SA063S09	SES187	-0.967767	-9.92195	-8.95418
BLOCK06/SES063/SA063S10	SES068	-1.37506	-9.89381	-8.51875
BLOCK06/SES063/SA063S10	SES083	-0.593397	-9.11215	-8.51875
BLOCK06/SES063/SA063S10	SES172	-0.781692	-9.30044	-8.51875
BLOCK06/SES063/SA063S10	SES187	-1.11341	-9.63216	-8.51875
BLOCK06/SES063/SA063S20	SES068	-2.67601	-11.1892	-8.51319
BLOCK06/SES063/SA063S20	SES083	-1.10695	-9.62014	-8.51319
BLOCK06/SES063/SA063S20	SES172	-0.751461	-9.26465	-8.51319
BLOCK06/SES063/SA063S20	SES187	-1.02746	-9.54065	-8.51319
BLOCK06/SES063/SA063S24	SES029	-2.90648	-12.4995	-9.59303
BLOCK06/SES063/SA063S24	SES083	-0.464542	-10.0576	-9.59303
BLOCK06/SES063/SA063S24	SES177	-0.753378	-10.3464	-9.59303
BLOCK06/SES063/SA063S24	SES189	0.877542	-8.71549	-9.59303
BLOCK06/SES063/SA063S27	SES083	-0.422935	-8.79609	-8.37316
BLOCK06/SES063/SA063S27	SES172	-1.48355	-9.8567	-8.37316
BLOCK06/SES063/SA063S27	SES187	-0.986499	-9.35966	-8.37316
BLOCK06/SES063/SA063S27	SES292	-1.27953	-9.65269	-8.37316
BLOCK06/SES067/SA067S12	SES083	-0.811706	-7.83996	-7.02826
BLOCK06/SES067/SA067S12	SES172	-1.40522	-8.43348	-7.02826
BLOCK06/SES067/SA067S12	SES202	-0.840151	-7.86841	-7.02826
BLOCK06/SES067/SA067S12	SES292	-1.281	-8.30926	-7.02826
BLOCK06/SES067/SA067S14	SES085	-1.05654	-7.00028	-5.94374
BLOCK06/SES067/SA067S14	SES177	-1.53728	-7.48102	-5.94374
BLOCK06/SES067/SA067S14	SES183	0.176293	-5.76744	-5.94374
BLOCK06/SES067/SA067S14	SES202	-0.131812	-6.07555	-5.94374
BLOCK06/SES067/SA067S21	SES144	-1.1324	-8.80176	-7.66936
BLOCK06/SES067/SA067S21	SES177	-1.34008	-9.00944	-7.66936
BLOCK06/SES067/SA067S21	SES183	-1.49292	-9.16228	-7.66936
BLOCK06/SES067/SA067S21	SES189	-1.15533	-8.8247	-7.66936
BLOCK06/SES067/SA067S25	SES085	-1.68465	-8.52477	-6.84012
BLOCK06/SES067/SA067S25	SES177	-1.09597	-7.93608	-6.84012
BLOCK06/SES067/SA067S25	SES183	-0.87978	-7.7199	-6.84012
BLOCK06/SES067/SA067S25	SES202	-1.53872	-8.37883	-6.84012
BLOCK06/SES067/SA067S29	SES085	-2.25453	-9.83888	-7.58435
BLOCK06/SES067/SA067S29	SES177	-2.19862	-9.78298	-7.58435
BLOCK06/SES067/SA067S29	SES183	-0.930311	-8.51466	-7.58435
BLOCK06/SES067/SA067S29	SES202	-0.498363	-8.08271	-7.58435
BLOCK06/SES069/SA069S12	SES029	-1.62729	-8.8446	-7.21731
BLOCK06/SES069/SA069S12	SES082	-0.804399	-8.02171	-7.21731
BLOCK06/SES069/SA069S12	SES087	-1.24112	-8.45843	-7.21731
BLOCK06/SES069/SA069S12	SES206	-0.35982	-7.57713	-7.21731
BLOCK06/SES069/SA069S13	SES029	-2.38126	-9.54656	-7.16529
BLOCK06/SES069/SA069S13	SES087	-1.36307	-8.52836	-7.16529
BLOCK06/SES069/SA069S13	SES206	-1.57351	-8.7388	-7.16529
BLOCK06/SES069/SA069S13	SES226	0.277043	-6.88825	-7.16529
BLOCK06/SES069/SA069S23	SES029	-0.366491	-7.00233	-6.63584
BLOCK06/SES069/SA069S23	SES087	-0.392706	-7.02854	-6.63584
BLOCK06/SES069/SA069S23	SES206	-1.45515	-8.09098	-6.63584
BLOCK06/SES069/SA069S23	SES226	-0.166859	-6.8027	-6.63584
BLOCK06/SES069/SA069S25	SES087	-1.03806	-8.21095	-7.17289
BLOCK06/SES069/SA069S25	SES206	-1.80094	-8.97383	-7.17289
BLOCK06/SES069/SA069S25	SES226	-0.0617075	-7.2346	-7.17289
BLOCK06/SES069/SA069S25	SES270	-1.3386	-8.51149	-7.17289
BLOCK06/SES069/SA069S27	SES087	-1.84979	-9.53496	-7.68517
BLOCK06/SES069/SA069S27	SES206	-0.888116	-8.57329	-7.68517
BLOCK06/SES069/SA069S27	SES226	0.18003	-7.50514	-7.68517
BLOCK06/SES069/SA069S27	SES270	-0.937412	-8.62258	-7.68517
BLOCK08/SES081/SA081S11	SES060	-1.83835	-9.62928	-7.79092
BLOCK08/SES081/SA081S11	SES062	-0.649216	-8.44014	-7.79092
BLOCK08/SES081/SA081S11	SES117	-2.01894	-9.80986	-7.79092
BLOCK08/SES081/SA081S11	SES162	-1.6048	-9.39573	-7.79092
BLOCK08/SES081/SA081S13	SES016	-0.423789	-7.22236	-6.79857
BLOCK08/SES081/SA081S13	SES060	-0.215581	-7.01415	-6.79857
BLOCK08/SES081/SA081S13	SES068	-0.183929	-6.9825	-6.79857
BLOCK08/SES081/SA081S13	SES129	-1.88215	-8.68072	-6.79857
BLOCK08/SES081/SA081S24	SES060	-0.616411	-7.93483	-7.31842
BLOCK08/SES081/SA081S24	SES068	-0.462312	-7.78073	-7.31842
BLOCK08/SES081/SA081S24	SES117	-1.60564	-8.92406	-7.31842
BLOCK08/SES081/SA081S24	SES275	-0.958033	-8.27645	-7.31842
BLOCK08/SES081/SA081S27	SES007	-0.236651	-8.25101	-8.01436
BLOCK08/SES081/SA081S27	SES060	-0.402216	-8.41657	-8.01436
BLOCK08/SES081/SA081S27	SES117	-0.818688	-8.83305	-8.01436
BLOCK08/SES081/SA081S27	SES275	-1.11852	-9.13288	-8.01436
BLOCK08/SES081/SA081S29	SES007	-0.237386	-8.65661	-8.41922
BLOCK08/SES081/SA081S29	SES060	-0.607662	-9.02688	-8.41922
BLOCK08/SES081/SA081S29	SES117	-1.00013	-9.41935	-8.41922
BLOCK08/SES081/SA081S29	SES275	-1.27193	-9.69115	-8.41922
BLOCK08/SES086/SA086S11	SES029	-3.21712	-12.2743	-9.05718
BLOCK08/SES086/SA086S11	SES082	-1.77108	-10.8283	-9.05718
BLOCK08/SES086/SA086S11	SES087	-0.283849	-9.34103	-9.05718
BLOCK08/SES086/SA086S11	SES206	-1.84018	-10.8974	-9.05718
BLOCK08/SES086/SA086S12	SES029	-2.54934	-10.8746	-8.3253
BLOCK08/SES086/SA086S12	SES082	-1.62842	-9.95372	-8.3253
BLOCK08/SES086/SA086S12	SES087	0.588916	-7.73638	-8.3253
BLOCK08/SES086/SA086S12	SES206	-0.933444	-9.25874	-8.3253
BLOCK08/SES086/SA086S20	SES029	-1.84267	-9.72947	-7.8868
BLOCK08/SES086/SA086S20	SES082	-1.64574	-9.53254	-7.8868
BLOCK08/SES086/SA086S20	SES087	0.270956	-7.61584	-7.8868
BLOCK08/SES086/SA086S20	SES206	-0.945467	-8.83227	-7.8868
BLOCK08/SES086/SA086S24	SES087	0.21326	-8.89539	-9.10865
BLOCK08/SES086/SA086S24	SES104	-1.38809	-10.4967	-9.10865
BLOCK08/SES086/SA086S24	SES120	-0.62098	-9.72963	-9.10865
BLOCK08/SES086/SA086S24	SES206	-0.237701	-9.34635	-9.10865
BLOCK08/SES086/SA086S28	SES029	-2.27225	-9.91587	-7.64362
BLOCK08/SES086/SA086S28	SES082	-1.26489	-8.90852	-7.64362
BLOCK08/SES086/SA086S28	SES087	0.11789	-7.52573	-7.64362
BLOCK08/SES086/SA086S28	SES206	-0.474389	-8.11801	-7.64362
BLOCK08/SES089/SA089S13	SES087	-0.809975	-9.47083	-8.66085
BLOCK08/SES089/SA089S13	SES206	-1.28788	-9.94873	-8.66085
BLOCK08/SES089/SA089S13	SES226	-0.807894	-9.46875	-8.66085
BLOCK08/SES089/SA089S13	SES270	-1.55291	-10.2138	-8.66085
BLOCK08/SES089/SA089S14	SES062	-1.55635	-9.69529	-8.13894
BLOCK08/SES089/SA089S14	SES087	-0.353718	-8.49266	-8.13894
BLOCK08/SES089/SA089S14	SES206	-1.48678	-9.62572	-8.13894
BLOCK08/SES089/SA089S14	SES226	-1.3181	-9.45704	-8.13894
BLOCK08/SES089/SA089S23	SES087	-0.616554	-10.6671	-10.0505
BLOCK08/SES089/SA089S23	SES206	-1.54896	-11.5995	-10.0505
BLOCK08/SES089/SA089S23	SES226	-1.07512	-11.1256	-10.0505
BLOCK08/SES089/SA089S23	SES270	-3.18392	-13.2344	-10.0505
BLOCK08/SES089/SA089S25	SES062	-0.664933	-9.32058	-8.65564
BLOCK08/SES089/SA089S25	SES087	-0.178168	-8.83381	-8.65564
BLOCK08/SES089/SA089S25	SES206	-2.12413	-10.7798	-8.65564
BLOCK08/SES089/SA089S25	SES226	-0.788392	-9.44404	-8.65564
BLOCK08/SES089/SA089S28	SES062	-0.480266	-9.05546	-8.57519
BLOCK08/SES089/SA089S28	SES087	0.301198	-8.27399	-8.57519
BLOCK08/SES089/SA089S28	SES206	-1.59693	-10.1721	-8.57519
BLOCK08/SES089/SA089S28	SES226	-0.389244	-8.96443	-8.57519
BLOCK09/SES097/SA097S11	SES099	-0.34307	-9.0502	-8.70713
BLOCK09/SES097/SA097S11	SES125	-1.56955	-10.2767	-8.70713
BLOCK09/SES097/SA097S11	SES206	-1.47223	-10.1794	-8.70713
BLOCK09/SES097/SA097S11	SES226	0.516042	-8.19109	-8.70713
BLOCK09/SES097/SA097S14	SES062	-2.78243	-10.7795	-7.99712
BLOCK09/SES097/SA097S14	SES099	-0.78965	-8.78677	-7.99712
BLOCK09/SES097/SA097S14	SES104	-1.05304	-9.05016	-7.99712
BLOCK09/SES097/SA097S14	SES206	-1.92928	-9.9264	-7.99712
BLOCK09/SES097/SA097S22	SES099	-0.034049	-8.69658	-8.66253
BLOCK09/SES097/SA097S22	SES206	-1.75613	-10.4187	-8.66253
BLOCK09/SES097/SA097S22	SES226	-0.543291	-9.20582	-8.66253
BLOCK09/SES097/SA097S22	SES270	-0.824947	-9.48748	-8.66253
BLOCK09/SES097/SA097S26	SES099	-0.0374784	-8.96563	-8.92815
BLOCK09/SES097/SA097S26	SES120	-0.703507	-9.63166	-8.92815
BLOCK09/SES097/SA097S26	SES206	-2.1421	-11.0703	-8.92815
BLOCK09/SES097/SA097S26	SES226	-0.0337725	-8.96193	-8.92815
BLOCK09/SES097/SA097S28	SES099	-0.48073	-8.0051	-7.52437
BLOCK09/SES097/SA097S28	SES120	-1.41213	-8.93651	-7.52437
BLOCK09/SES097/SA097S28	SES206	-1.88551	-9.40988	-7.52437
BLOCK09/SES097/SA097S28	SES226	-1.00835	-8.53272	-7.52437
BLOCK09/SES098/SA098S11	SES127	-0.850754	-7.97127	-7.12051
BLOCK09/SES098/SA098S11	SES144	-0.337809	-7.45832	-7.12051
BLOCK09/SES098/SA098S11	SES147	-0.573705	-7.69422	-7.12051
BLOCK09/SES098/SA098S11	SES148	-1.96004	-9.08055	-7.12051
BLOCK09/SES098/SA098S12	SES127	-2.61569	-10.9514	-8.3357
BLOCK09/SES098/SA098S12	SES144	-1.65874	-9.99445	-8.3357
BLOCK09/SES098/SA098S12	SES147	-1.92887	-10.2646	-8.3357
BLOCK09/SES098/SA098S12	SES189	-1.55972	-9.89542	-8.3357
BLOCK09/SES098/SA098S20	SES127	-3.15518	-11.287	-8.13182
BLOCK09/SES098/SA098S20	SES147	-1.5367	-9.66852	-8.13182
BLOCK09/SES098/SA098S20	SES148	-3.64088	-11.7727	-8.13182
BLOCK09/SES098/SA098S20	SES292	-1.10893	-9.24074	-8.13182
BLOCK09/SES098/SA098S23	SES127	-1.57209	-9.40786	-7.83576
BLOCK09/SES098/SA098S23	SES147	-1.52134	-9.3571	-7.83576
BLOCK09/SES098/SA098S23	SES187	-0.862225	-8.69798	-7.83576
BLOCK09/SES098/SA098S23	SES292	-0.775069	-8.61083	-7.83576
BLOCK09/SES098/SA098S27	SES127	-3.07593	-10.7612	-7.68529
BLOCK09/SES098/SA098S27	SES147	-2.66157	-10.3469	-7.68529
BLOCK09/SES098/SA098S27	SES148	-3.68896	-11.3743	-7.68529
BLOCK09/SES098/SA098S27	SES292	-0.855568	-8.54086	-7.68529
BLOCK10/SES102/SA102S13	SES101	0.0194159	-8.98781	-9.00722
BLOCK10/SES102/SA102S13	SES105	-0.829971	-9.83719	-9.00722
BLOCK10/SES102/SA102S13	SES120	-2.99029	-11.9975	-9.00722
BLOCK10/SES102/SA102S13	SES158	-2.32847	-11.3357	-9.00722
BLOCK10/SES102/SA102S14	SES007	0.25497	-5.95184	-6.2068
BLOCK10/SES102/SA102S14	SES101	-0.368171	-6.57498	-6.2068
BLOCK10/SES102/SA102S14	SES105	-0.719706	-6.92651	-6.2068
BLOCK10/SES102/SA102S14	SES147	-2.36986	-8.57666	-6.2068
BLOCK10/SES102/SA102S22	SES007	-1.13577	-8.26708	-7.13131
BLOCK10/SES102/SA102S22	SES101	-0.549979	-7.68129	-7.13131
BLOCK10/SES102/SA102S22	SES105	-0.780391	-7.9117	-7.13131
BLOCK10/SES102/SA102S22	SES158	-1.98259	-9.1139	-7.13131
BLOCK10/SES102/SA102S25	SES007	-0.246591	-7.34203	-7.09544
BLOCK10/SES102/SA102S25	SES101	-0.188439	-7.28387	-7.09544
BLOCK10/SES102/SA102S25	SES105	-1.05541	-8.15084	-7.09544
BLOCK10/SES102/SA102S25	SES147	-2.36209	-9.45752	-7.09544
BLOCK10/SES102/SA102S27	SES007	-0.570284	-7.95087	-7.38059
BLOCK10/SES102/SA102S27	SES101	0.190038	-7.19055	-7.38059
BLOCK10/SES102/SA102S27	SES105	-1.65849	-9.03907	-7.38059
BLOCK10/SES102/SA102S27	SES147	-2.55716	-9.93774	-7.38059
BLOCK10/SES103/SA103S14	SES105	-1.83769	-10.3764	-8.53867
BLOCK10/SES103/SA103S14	SES106	-1.54722	-10.0859	-8.53867
BLOCK10/SES103/SA103S14	SES120	-2.07882	-10.6175	-8.53867
BLOCK10/SES103/SA103S14	SES206	-1.69408	-10.2327	-8.53867
BLOCK10/SES103/SA103S15	SES099	-2.09814	-11.64	-9.54187
BLOCK10/SES103/SA103S15	SES101	-3.50321	-13.0451	-9.54187
BLOCK10/SES103/SA103S15	SES104	-1.26172	-10.8036	-9.54187
BLOCK10/SES103/SA103S15	SES125	-1.64396	-11.1858	-9.54187
BLOCK10/SES103/SA103S24	SES104	-1.17729	-9.6807	-8.50342
BLOCK10/SES103/SA103S24	SES125	-2.62895	-11.1324	-8.50342
BLOCK10/SES103/SA103S24	SES148	-2.11763	-10.621	-8.50342
BLOCK10/SES103/SA103S24	SES158	-1.51358	-10.017	-8.50342
BLOCK10/SES103/SA103S26	SES104	-0.873086	-9.13126	-8.25817
BLOCK10/SES103/SA103S26	SES106	-1.36511	-9.62329	-8.25817
BLOCK10/SES103/SA103S26	SES125	-1.44981	-9.70799	-8.25817
BLOCK10/SES103/SA103S26	SES148	-2.15528	-10.4135	-8.25817
BLOCK10/SES103/SA103S28	SES104	-0.662412	-9.342	-8.67959
BLOCK10/SES103/SA103S28	SES106	-1.19699	-9.87658	-8.67959
BLOCK10/SES103/SA103S28	SES125	-2.32378	-11.0034	-8.67959
BLOCK10/SES103/SA103S28	SES206	-1.80213	-10.4817	-8.67959
BLOCK12/SES121/SA121S12	SES042	-1.49197	-9.94868	-8.4567
BLOCK12/SES121/SA121S12	SES087	-1.36613	-9.82283	-8.4567
BLOCK12/SES121/SA121S12	SES105	-0.323962	-8.78067	-8.4567
BLOCK12/SES121/SA121S12	SES206	-0.735871	-9.19258	-8.4567
BLOCK12/SES121/SA121S14	SES007	-2.26476	-12.8656	-10.6009
BLOCK12/SES121/SA121S14	SES105	-1.66954	-12.2704	-10.6009
BLOCK12/SES121/SA121S14	SES106	-1.19935	-11.8002	-10.6009
BLOCK12/SES121/SA121S14	SES206	-1.48535	-12.0862	-10.6009
BLOCK12/SES121/SA121S23	SES105	-1.34083	-11.3444	-10.0036
BLOCK12/SES121/SA121S23	SES106	-1.22437	-11.228	-10.0036
BLOCK12/SES121/SA121S23	SES120	-1.88177	-11.8854	-10.0036
BLOCK12/SES121/SA121S23	SES206	-0.629308	-10.6329	-10.0036
BLOCK12/SES121/SA121S25	SES007	-1.59886	-12.2456	-10.6467
BLOCK12/SES121/SA121S25	SES105	-1.55363	-12.2004	-10.6467
BLOCK12/SES121/SA121S25	SES106	-0.752639	-11.3994	-10.6467
BLOCK12/SES121/SA121S25	SES206	-1.43206	-12.0788	-10.6467
BLOCK12/SES121/SA121S27	SES087	0.401351	-9.52812	-9.92947
BLOCK12/SES121/SA121S27	SES105	-2.98561	-12.9151	-9.92947
BLOCK12/SES121/SA121S27	SES120	-0.483385	-10.4129	-9.92947
BLOCK12/SES121/SA121S27	SES206	-1.26296	-11.1924	-9.92947
BLOCK12/SES124/SA124S16	SES042	0.218416	-6.62987	-6.84829
BLOCK12/SES124/SA124S16	SES082	-0.425889	-7.27417	-6.84829
BLOCK12/SES124/SA124S16	SES183	-1.02422	-7.87251	-6.84829
BLOCK12/SES124/SA124S16	SES206	-1.0373	-7.88558	-6.84829
BLOCK12/SES124/SA124S17	SES105	-1.82812	-9.77676	-7.94864
BLOCK12/SES124/SA124S17	SES149	-0.953141	-8.90178	-7.94864
BLOCK12/SES124/SA124S17	SES158	-1.79252	-9.74117	-7.94864
BLOCK12/SES124/SA124S17	SES275	-1.57854	-9.52718	-7.94864
BLOCK12/SES124/SA124S23	SES105	-2.10316	-8.34591	-6.24275
BLOCK12/SES124/SA124S23	SES125	0.32256	-5.92019	-6.24275
BLOCK12/SES124/SA124S23	SES129	-2.23976	-8.48251	-6.24275
BLOCK12/SES124/SA124S23	SES158	-1.24688	-7.48963	-6.24275
BLOCK12/SES124/SA124S26	SES105	-2.01765	-9.80263	-7.78498
BLOCK12/SES124/SA124S26	SES125	-0.281316	-8.06629	-7.78498
BLOCK12/SES124/SA124S26	SES129	-2.15319	-9.93816	-7.78498
BLOCK12/SES124/SA124S26	SES158	-0.679777	-8.46475	-7.78498
BLOCK12/SES124/SA124S28	SES104	-0.554315	-7.48314	-6.92883
BLOCK12/SES124/SA124S28	SES106	-1.09417	-8.023	-6.92883
BLOCK12/SES124/SA124S28	SES125	0.0677657	-6.86106	-6.92883
BLOCK12/SES124/SA124S28	SES275	-1.03969	-7.96851	-6.92883
BLOCK12/SES126/SA126S13	SES007	-0.614398	-8.33002	-7.71562
BLOCK12/SES126/SA126S13	SES162	-1.50234	-9.21796	-7.71562
BLOCK12/SES126/SA126S13	SES177	-0.522287	-8.23791	-7.71562
BLOCK12/SES126/SA126S13	SES180	-1.38208	-9.0977	-7.71562
BLOCK12/SES126/SA126S14	SES144	-0.503461	-7.62334	-7.11988
BLOCK12/SES126/SA126S14	SES148	-1.82042	-8.94029	-7.11988
BLOCK12/SES126/SA126S14	SES177	-0.893087	-8.01296	-7.11988
BLOCK12/SES126/SA126S14	SES180	-1.52411	-8.64399	-7.11988
BLOCK12/SES126/SA126S20	SES007	-0.938513	-7.37859	-6.44008
BLOCK12/SES126/SA126S20	SES162	-1.30835	-7.74843	-6.44008
BLOCK12/SES126/SA126S20	SES172	-1.6403	-8.08038	-6.44008
BLOCK12/SES126/SA126S20	SES180	-1.23861	-7.67869	-6.44008
BLOCK12/SES126/SA126S24	SES120	-0.181067	-7.27676	-7.09569
BLOCK12/SES126/SA126S24	SES162	-1.18224	-8.27794	-7.09569
BLOCK12/SES126/SA126S24	SES177	-0.211809	-7.3075	-7.09569
BLOCK12/SES126/SA126S24	SES180	-0.566499	-7.66219	-7.09569
BLOCK12/SES126/SA126S26	SES120	0.200433	-7.25518	-7.45561
BLOCK12/SES126/SA126S26	SES177	-0.407337	-7.86295	-7.45561
BLOCK12/SES126/SA126S26	SES180	-0.680542	-8.13616	-7.45561
BLOCK12/SES126/SA126S26	SES202	-0.894801	-8.35041	-7.45561
BLOCK12/SES128/SA128S10	SES087	-2.45078	-10.1613	-7.71055
BLOCK12/SES128/SA128S10	SES206	-1.03183	-8.74237	-7.71055
BLOCK12/SES128/SA128S10	SES226	-0.473346	-8.18389	-7.71055
BLOCK12/SES128/SA128S10	SES270	-1.20979	-8.92034	-7.71055
BLOCK12/SES128/SA128S12	SES120	-0.277383	-8.04081	-7.76342
BLOCK12/SES128/SA128S12	SES158	-0.55461	-8.31803	-7.76342
BLOCK12/SES128/SA128S12	SES206	-0.615309	-8.37873	-7.76342
BLOCK12/SES128/SA128S12	SES226	-1.73238	-9.4958	-7.76342
BLOCK12/SES128/SA128S21	SES106	-0.992846	-8.70765	-7.7148
BLOCK12/SES128/SA128S21	SES120	-1.15586	-8.87066	-7.7148
BLOCK12/SES128/SA128S21	SES206	-1.22012	-8.93492	-7.7148
BLOCK12/SES128/SA128S21	SES226	0.131472	-7.58333	-7.7148
BLOCK12/SES128/SA128S24	SES087	-1.28749	-9.51363	-8.22615
BLOCK12/SES128/SA128S24	SES120	-0.600393	-8.82654	-8.22615
BLOCK12/SES128/SA128S24	SES206	-0.355995	-8.58214	-8.22615
BLOCK12/SES128/SA128S24	SES226	-1.31559	-9.54174	-8.22615
BLOCK12/SES128/SA128S27	SES099	-0.0805092	-7.29961	-7.2191
BLOCK12/SES128/SA128S27	SES120	-0.150161	-7.36926	-7.2191
BLOCK12/SES128/SA128S27	SES206	-0.854377	-8.07348	-7.2191
BLOCK12/SES128/SA128S27	SES226	-0.988719	-8.20782	-7.2191
BLOCK13/SES130/SA130S13	SES143	-0.67738	-9.33528	-8.6579
BLOCK13/SES130/SA130S13	SES144	0.20644	-8.45146	-8.6579
BLOCK13/SES130/SA130S13	SES146	-2.04342	-10.7013	-8.6579
BLOCK13/SES130/SA130S13	SES275	-2.1894	-10.8473	-8.6579
BLOCK13/SES130/SA130S15	SES143	-0.846736	-7.95484	-7.10811
BLOCK13/SES130/SA130S15	SES144	0.239066	-6.86904	-7.10811
BLOCK13/SES130/SA130S15	SES146	-0.569764	-7.67787	-7.10811
BLOCK13/SES130/SA130S15	SES275	-1.12008	-8.22819	-7.10811
BLOCK13/SES130/SA130S23	SES127	-1.1758	-9.08157	-7.90577
BLOCK13/SES130/SA130S23	SES144	-0.122519	-8.02829	-7.90577
BLOCK13/SES130/SA130S23	SES146	-0.889441	-8.79521	-7.90577
BLOCK13/SES130/SA130S23	SES162	-0.773273	-8.67904	-7.90577
BLOCK13/SES130/SA130S25	SES127	-0.843717	-7.42465	-6.58094
BLOCK13/SES130/SA130S25	SES144	-0.247772	-6.82871	-6.58094
BLOCK13/SES130/SA130S25	SES146	-1.13112	-7.71205	-6.58094
BLOCK13/SES130/SA130S25	SES275	-1.06773	-7.64867	-6.58094
BLOCK13/SES130/SA130S28	SES127	-0.435328	-8.49249	-8.05716
BLOCK13/SES130/SA130S28	SES144	-0.6733	-8.73046	-8.05716
BLOCK13/SES130/SA130S28	SES146	-0.15828	-8.21544	-8.05716
BLOCK13/SES130/SA130S28	SES275	-0.637568	-8.69473	-8.05716
BLOCK13/SES131/SA131S13	SES002	-1.46629	-10.0054	-8.53909
BLOCK13/SES131/SA131S13	SES007	-1.46203	-10.0011	-8.53909
BLOCK13/SES131/SA131S13	SES099	-0.174254	-8.71335	-8.53909
BLOCK13/SES131/SA131S13	SES105	-1.22139	-9.76048	-8.53909
BLOCK13/SES131/SA131S14	SES104	-0.534947	-6.85789	-6.32295
BLOCK13/SES131/SA131S14	SES106	-1.71926	-8.0422	-6.32295
BLOCK13/SES131/SA131S14	SES125	-1.50762	-7.83056	-6.32295
BLOCK13/SES131/SA131S14	SES148	-0.0537543	-6.3767	-6.32295
BLOCK13/SES131/SA131S20	SES104	-1.09002	-9.74808	-8.65806
BLOCK13/SES131/SA131S20	SES106	-1.24445	-9.9025	-8.65806
BLOCK13/SES131/SA131S20	SES125	-1.54953	-10.2076	-8.65806
BLOCK13/SES131/SA131S20	SES148	-1.68043	-10.3385	-8.65806
BLOCK13/SES131/SA131S22	SES099	-0.345148	-7.29083	-6.94568
BLOCK13/SES131/SA131S22	SES104	-0.652061	-7.59774	-6.94568
BLOCK13/SES131/SA131S22	SES125	-0.618456	-7.56413	-6.94568
BLOCK13/SES131/SA131S22	SES206	-0.936748	-7.88243	-6.94568
BLOCK13/SES131/SA131S29	SES087	-1.52181	-10.1705	-8.64872
BLOCK13/SES131/SA131S29	SES104	-1.86659	-10.5153	-8.64872
BLOCK13/SES131/SA131S29	SES125	-3.9891	-12.6378	-8.64872
BLOCK13/SES131/SA131S29	SES206	-2.2154	-10.8641	-8.64872
BLOCK13/SES132/SA132S11	SES083	-1.73245	-9.02461	-7.29216
BLOCK13/SES132/SA132S11	SES120	-0.193427	-7.48559	-7.29216
BLOCK13/SES132/SA132S11	SES127	-2.38347	-9.67563	-7.29216
BLOCK13/SES132/SA132S11	SES275	-1.64411	-8.93626	-7.29216
BLOCK13/SES132/SA132S12	SES083	-1.86781	-8.84511	-6.9773
BLOCK13/SES132/SA132S12	SES143	-2.19202	-9.16932	-6.9773
BLOCK13/SES132/SA132S12	SES144	-0.960774	-7.93808	-6.9773
BLOCK13/SES132/SA132S12	SES148	-1.43753	-8.41483	-6.9773
BLOCK13/SES132/SA132S22	SES062	-0.531811	-7.97433	-7.44252
BLOCK13/SES132/SA132S22	SES083	-1.90636	-9.34888	-7.44252
BLOCK13/SES132/SA132S22	SES127	-1.95058	-9.39311	-7.44252
BLOCK13/SES132/SA132S22	SES275	-0.959963	-8.40249	-7.44252
BLOCK13/SES132/SA132S24	SES007	-0.84766	-7.60079	-6.75313
BLOCK13/SES132/SA132S24	SES083	-2.02188	-8.77501	-6.75313
BLOCK13/SES132/SA132S24	SES127	-2.96428	-9.71741	-6.75313
BLOCK13/SES132/SA132S24	SES275	-1.21273	-7.96586	-6.75313
BLOCK13/SES132/SA132S27	SES083	-2.54489	-10.8641	-8.31919
BLOCK13/SES132/SA132S27	SES120	0.347971	-7.97122	-8.31919
BLOCK13/SES132/SA132S27	SES127	-4.85891	-13.1781	-8.31919
BLOCK13/SES132/SA132S27	SES275	-1.95314	-10.2723	-8.31919
BLOCK14/SES141/SA141S09	SES143	-0.908603	-7.72493	-6.81632
BLOCK14/SES141/SA141S09	SES144	-0.247861	-7.06418	-6.81632
BLOCK14/SES141/SA141S09	SES162	-1.11758	-7.9339	-6.81632
BLOCK14/SES141/SA141S09	SES180	-0.944035	-7.76036	-6.81632
BLOCK14/SES141/SA141S15	SES127	-1.95417	-9.54348	-7.58931
BLOCK14/SES141/SA141S15	SES144	-1.31503	-8.90434	-7.58931
BLOCK14/SES141/SA141S15	SES162	-1.97472	-9.56404	-7.58931
BLOCK14/SES141/SA141S15	SES180	-1.46118	-9.05049	-7.58931
BLOCK14/SES141/SA141S24	SES127	-2.2909	-9.57756	-7.28666
BLOCK14/SES141/SA141S24	SES144	-1.21609	-8.50275	-7.28666
BLOCK14/SES141/SA141S24	SES162	-1.75632	-9.04298	-7.28666
BLOCK14/SES141/SA141S24	SES183	-1.38567	-8.67233	-7.28666
BLOCK14/SES141/SA141S26	SES142	-0.0276613	-8.10017	-8.07251
BLOCK14/SES141/SA141S26	SES144	-1.39829	-9.4708	-8.07251
BLOCK14/SES141/SA141S26	SES172	-0.91868	-8.99119	-8.07251
BLOCK14/SES141/SA141S26	SES180	-1.12356	-9.19607	-8.07251
BLOCK14/SES141/SA141S29	SES127	-1.16681	-8.19509	-7.02828
BLOCK14/SES141/SA141S29	SES142	-0.011548	-7.03983	-7.02828
BLOCK14/SES141/SA141S29	SES144	-0.373165	-7.40144	-7.02828
BLOCK14/SES141/SA141S29	SES180	-0.434364	-7.46264	-7.02828
BLOCK15/SES157/SA157S08	SES083	-0.916728	-8.14151	-7.22479
BLOCK15/SES157/SA157S08	SES127	-1.08688	-8.31166	-7.22479
BLOCK15/SES157/SA157S08	SES148	-0.302702	-7.52749	-7.22479
BLOCK15/SES157/SA157S08	SES292	-1.23552	-8.46031	-7.22479
BLOCK15/SES157/SA157S11	SES083	-0.98073	-8.93121	-7.95048
BLOCK15/SES157/SA157S11	SES127	-0.922429	-8.8729	-7.95048
BLOCK15/SES157/SA157S11	SES148	-1.47268	-9.42316	-7.95048
BLOCK15/SES157/SA157S11	SES292	-1.70552	-9.65599	-7.95048
BLOCK15/SES157/SA157S21	SES127	-0.0861058	-6.93148	-6.84538
BLOCK15/SES157/SA157S21	SES148	0.0537968	-6.79158	-6.84538
BLOCK15/SES157/SA157S21	SES158	-4.15822	-11.0036	-6.84538
BLOCK15/SES157/SA157S21	SES292	-1.51517	-8.36055	-6.84538
BLOCK15/SES157/SA157S24	SES127	-0.561393	-8.70285	-8.14146
BLOCK15/SES157/SA157S24	SES148	-0.600192	-8.74165	-8.14146
BLOCK15/SES157/SA157S24	SES183	-0.816635	-8.95809	-8.14146
BLOCK15/SES157/SA157S24	SES292	-1.70202	-9.84348	-8.14146
BLOCK15/SES157/SA157S26	SES007	-0.911786	-8.27887	-7.36708
BLOCK15/SES157/SA157S26	SES127	-0.390105	-7.75718	-7.36708
BLOCK15/SES157/SA157S26	SES147	-0.926892	-8.29397	-7.36708
BLOCK15/SES157/SA157S26	SES148	-0.91362	-8.2807	-7.36708
BLOCK16/SES161/SA161S10	SES007	-0.785509	-8.39137	-7.60587
BLOCK16/SES161/SA161S10	SES105	-0.868293	-8.47416	-7.60587
BLOCK16/SES161/SA161S10	SES158	-1.29162	-8.89749	-7.60587
BLOCK16/SES161/SA161S10	SES275	-0.677241	-8.28311	-7.60587
BLOCK16/SES161/SA161S12	SES007	-2.3786	-11.03	-8.65141
BLOCK16/SES161/SA161S12	SES105	-1.91171	-10.5631	-8.65141
BLOCK16/SES161/SA161S12	SES158	-1.72441	-10.3758	-8.65141
BLOCK16/SES161/SA161S12	SES275	-3.50074	-12.1522	-8.65141
BLOCK16/SES161/SA161S20	SES007	-0.888849	-9.78849	-8.89964
BLOCK16/SES161/SA161S20	SES105	-2.14792	-11.0476	-8.89964
BLOCK16/SES161/SA161S20	SES158	-0.325169	-9.22481	-8.89964
BLOCK16/SES161/SA161S20	SES275	-2.29583	-11.1955	-8.89964
BLOCK16/SES161/SA161S23	SES007	-2.17069	-11.0617	-8.89101
BLOCK16/SES161/SA161S23	SES105	-0.744263	-9.63527	-8.89101
BLOCK16/SES161/SA161S23	SES148	-2.77421	-11.6652	-8.89101
BLOCK16/SES161/SA161S23	SES158	-2.86204	-11.753	-8.89101
BLOCK16/SES161/SA161S28	SES007	-1.51831	-9.49465	-7.97635
BLOCK16/SES161/SA161S28	SES105	-2.335	-10.3113	-7.97635
BLOCK16/SES161/SA161S28	SES158	-0.47096	-8.44731	-7.97635
BLOCK16/SES161/SA161S28	SES206	-1.05228	-9.02862	-7.97635
BLOCK16/SES164/SA164S11	SES104	-1.52041	-9.07746	-7.55705
BLOCK16/SES164/SA164S11	SES125	-0.36797	-7.92502	-7.55705
BLOCK16/SES164/SA164S11	SES158	-1.28531	-8.84236	-7.55705
BLOCK16/SES164/SA164S11	SES206	-3.26142	-10.8185	-7.55705
BLOCK16/SES164/SA164S13	SES099	-1.93947	-10.0946	-8.15517
BLOCK16/SES164/SA164S13	SES104	-1.22818	-9.38335	-8.15517
BLOCK16/SES164/SA164S13	SES125	-1.47829	-9.63346	-8.15517
BLOCK16/SES164/SA164S13	SES206	-2.19102	-10.3462	-8.15517
BLOCK16/SES164/SA164S24	SES002	0.145406	-7.71058	-7.85599
BLOCK16/SES164/SA164S24	SES099	-0.770725	-8.62671	-7.85599
BLOCK16/SES164/SA164S24	SES125	-0.713153	-8.56914	-7.85599
BLOCK16/SES164/SA164S24	SES226	0.472318	-7.38367	-7.85599
BLOCK16/SES164/SA164S27	SES087	-2.71515	-11.1072	-8.39204
BLOCK16/SES164/SA164S27	SES125	-0.655694	-9.04774	-8.39204
BLOCK16/SES164/SA164S27	SES206	-2.58517	-10.9772	-8.39204
BLOCK16/SES164/SA164S27	SES226	-0.381459	-8.7735	-8.39204
BLOCK16/SES164/SA164S29	SES002	-0.313818	-8.39464	-8.08082
BLOCK16/SES164/SA164S29	SES019	-1.56706	-9.64788	-8.08082
BLOCK16/SES164/SA164S29	SES125	-0.367901	-8.44872	-8.08082
BLOCK16/SES164/SA164S29	SES226	0.0374308	-8.04339	-8.08082
BLOCK16/SES169/SA169S13	SES117	-1.34601	-8.98585	-7.63983
BLOCK16/SES169/SA169S13	SES144	-0.711393	-8.35123	-7.63983
BLOCK16/SES169/SA169S13	SES146	-0.717474	-8.35731	-7.63983
BLOCK16/SES169/SA169S13	SES162	-1.25984	-8.89968	-7.63983
BLOCK16/SES169/SA169S14	SES144	-0.71846	-7.05524	-6.33678
BLOCK16/SES169/SA169S14	SES148	-0.441765	-6.77854	-6.33678
BLOCK16/SES169/SA169S14	SES177	-0.291691	-6.62847	-6.33678
BLOCK16/SES169/SA169S14	SES180	-0.800339	-7.13712	-6.33678
BLOCK16/SES169/SA169S24	SES117	-1.01192	-9.24234	-8.23041
BLOCK16/SES169/SA169S24	SES144	-0.635025	-8.86544	-8.23041
BLOCK16/SES169/SA169S24	SES146	-0.864505	-9.09492	-8.23041
BLOCK16/SES169/SA169S24	SES162	-1.12753	-9.35794	-8.23041
BLOCK16/SES169/SA169S27	SES127	-0.776252	-8.26674	-7.49048
BLOCK16/SES169/SA169S27	SES129	-0.51472	-8.00521	-7.49048
BLOCK16/SES169/SA169S27	SES144	-0.564647	-8.05513	-7.49048
BLOCK16/SES169/SA169S27	SES146	-0.563378	-8.05386	-7.49048
BLOCK16/SES169/SA169S29	SES144	-0.158208	-6.65424	-6.49603
BLOCK16/SES169/SA169S29	SES162	-0.373178	-6.86921	-6.49603
BLOCK16/SES169/SA169S29	SES177	-0.980682	-7.47671	-6.49603
BLOCK16/SES169/SA169S29	SES180	-1.16185	-7.65788	-6.49603
BLOCK17/SES171/SA171S12	SES083	-0.883369	-9.58771	-8.70434
BLOCK17/SES171/SA171S12	SES148	-2.49652	-11.2009	-8.70434
BLOCK17/SES171/SA171S12	SES172	-1.56356	-10.2679	-8.70434
BLOCK17/SES171/SA171S12	SES292	-3.05797	-11.7623	-8.70434
BLOCK17/SES171/SA171S15	SES148	-1.36532	-9.41927	-8.05395
BLOCK17/SES171/SA171S15	SES177	-1.04258	-9.09653	-8.05395
BLOCK17/SES171/SA171S15	SES180	-2.69773	-10.7517	-8.05395
BLOCK17/SES171/SA171S15	SES292	-1.87	-9.92395	-8.05395
BLOCK17/SES171/SA171S22	SES007	-1.05531	-7.42657	-6.37126
BLOCK17/SES171/SA171S22	SES148	-0.642243	-7.0135	-6.37126
BLOCK17/SES171/SA171S22	SES177	-0.307928	-6.67919	-6.37126
BLOCK17/SES171/SA171S22	SES180	-1.65772	-8.02898	-6.37126
BLOCK17/SES171/SA171S25	SES101	-1.93178	-9.90619	-7.97441
BLOCK17/SES171/SA171S25	SES120	-3.31092	-11.2853	-7.97441
BLOCK17/SES171/SA171S25	SES177	-0.960232	-8.93464	-7.97441
BLOCK17/SES171/SA171S25	SES180	-1.94787	-9.92228	-7.97441
BLOCK17/SES171/SA171S27	SES177	-0.707865	-8.93641	-8.22855
BLOCK17/SES171/SA171S27	SES180	-3.20255	-11.4311	-8.22855
BLOCK17/SES171/SA171S27	SES189	-0.508086	-8.73663	-8.22855
BLOCK17/SES171/SA171S27	SES292	-2.59556	-10.8241	-8.22855
BLOCK17/SES173/SA173S13	SES162	-2.37718	-9.9165	-7.53933
BLOCK17/SES173/SA173S13	SES177	-1.24671	-8.78604	-7.53933
BLOCK17/SES173/SA173S13	SES180	-1.653	-9.19232	-7.53933
BLOCK17/SES173/SA173S13	SES292	-0.100873	-7.6402	-7.53933
BLOCK17/SES173/SA173S14	SES007	-0.787567	-8.17519	-7.38762
BLOCK17/SES173/SA173S14	SES162	-2.71068	-10.0983	-7.38762
BLOCK17/SES173/SA173S14	SES177	-1.4268	-8.81442	-7.38762
BLOCK17/SES173/SA173S14	SES180	-2.00027	-9.3879	-7.38762
BLOCK17/SES173/SA173S24	SES144	-1.91571	-9.74721	-7.8315
BLOCK17/SES173/SA173S24	SES162	-2.5236	-10.3551	-7.8315
BLOCK17/SES173/SA173S24	SES177	-0.460874	-8.29238	-7.8315
BLOCK17/SES173/SA173S24	SES180	-2.33748	-10.169	-7.8315
BLOCK17/SES173/SA173S27	SES162	-3.96786	-11.5624	-7.59455
BLOCK17/SES173/SA173S27	SES177	-1.30594	-8.9005	-7.59455
BLOCK17/SES173/SA173S27	SES180	-1.63557	-9.23013	-7.59455
BLOCK17/SES173/SA173S27	SES292	-0.279637	-7.87419	-7.59455
BLOCK17/SES173/SA173S29	SES162	-1.97066	-10.044	-8.07331
BLOCK17/SES173/SA173S29	SES175	-0.805923	-8.87923	-8.07331
BLOCK17/SES173/SA173S29	SES177	-0.695429	-8.76874	-8.07331
BLOCK17/SES173/SA173S29	SES292	-1.23617	-9.30948	-8.07331
BLOCK18/SES182/SA182S10	SES144	-1.30221	-8.32616	-7.02394
BLOCK18/SES182/SA182S10	SES177	-1.35842	-8.38237	-7.02394
BLOCK18/SES182/SA182S10	SES180	-2.64848	-9.67243	-7.02394
BLOCK18/SES182/SA182S10	SES275	-0.612974	-7.63692	-7.02394
BLOCK18/SES182/SA182S12	SES144	-0.957139	-7.7004	-6.74326
BLOCK18/SES182/SA182S12	SES177	-0.853299	-7.59656	-6.74326
BLOCK18/SES182/SA182S12	SES180	-2.38148	-9.12474	-6.74326
BLOCK18/SES182/SA182S12	SES275	-0.764375	-7.50764	-6.74326
BLOCK18/SES182/SA182S21	SES117	-1.80953	-10.0791	-8.26958
BLOCK18/SES182/SA182S21	SES144	-1.06168	-9.33126	-8.26958
BLOCK18/SES182/SA182S21	SES162	-1.07323	-9.34281	-8.26958
BLOCK18/SES182/SA182S21	SES180	-2.6429	-10.9125	-8.26958
BLOCK18/SES182/SA182S23	SES117	-2.10729	-10.4228	-8.31553
BLOCK18/SES182/SA182S23	SES144	-2.04199	-10.3575	-8.31553
BLOCK18/SES182/SA182S23	SES180	-4.45404	-12.7696	-8.31553
BLOCK18/SES182/SA182S23	SES275	-2.02235	-10.3379	-8.31553
BLOCK18/SES182/SA182S25	SES007	0.108419	-7.63996	-7.74838
BLOCK18/SES182/SA182S25	SES162	-0.960574	-8.70895	-7.74838
BLOCK18/SES182/SA182S25	SES177	-1.10413	-8.85251	-7.74838
BLOCK18/SES182/SA182S25	SES180	-2.56778	-10.3162	-7.74838
BLOCK18/SES184/SA184S12	SES177	-1.5956	-8.83267	-7.23707
BLOCK18/SES184/SA184S12	SES180	-0.442749	-7.67982	-7.23707
BLOCK18/SES184/SA184S12	SES189	-1.63355	-8.87062	-7.23707
BLOCK18/SES184/SA184S12	SES292	-0.0850325	-7.32211	-7.23707
BLOCK18/SES184/SA184S13	SES101	-0.999983	-8.54575	-7.54577
BLOCK18/SES184/SA184S13	SES177	-0.956385	-8.50215	-7.54577
BLOCK18/SES184/SA184S13	SES180	-1.03499	-8.58076	-7.54577
BLOCK18/SES184/SA184S13	SES292	-0.877775	-8.42354	-7.54577
BLOCK18/SES184/SA184S22	SES177	-1.43495	-9.08626	-7.65131
BLOCK18/SES184/SA184S22	SES180	-0.462746	-8.11405	-7.65131
BLOCK18/SES184/SA184S22	SES189	-1.45801	-9.10931	-7.65131
BLOCK18/SES184/SA184S22	SES292	-0.692907	-8.34421	-7.65131
BLOCK18/SES184/SA184S25	SES101	-0.932471	-8.23201	-7.29954
BLOCK18/SES184/SA184S25	SES177	-1.35858	-8.65812	-7.29954
BLOCK18/SES184/SA184S25	SES180	-0.250986	-7.55053	-7.29954
BLOCK18/SES184/SA184S25	SES292	-0.7417	-8.04124	-7.29954
BLOCK18/SES184/SA184S27	SES083	-0.831762	-8.3149	-7.48314
BLOCK18/SES184/SA184S27	SES177	-0.551574	-8.03472	-7.48314
BLOCK18/SES184/SA184S27	SES202	-0.545366	-8.02851	-7.48314
BLOCK18/SES184/SA184S27	SES292	-0.90502	-8.38816	-7.48314
BLOCK20/SES204/SA204S12	SES062	-0.719001	-7.64567	-6.92667
BLOCK20/SES204/SA204S12	SES083	-2.04134	-8.96801	-6.92667
BLOCK20/SES204/SA204S12	SES206	-0.757588	-7.68426	-6.92667
BLOCK20/SES204/SA204S12	SES226	-1.21334	-8.14001	-6.92667
BLOCK20/SES204/SA204S14	SES068	-0.293774	-6.57313	-6.27935
BLOCK20/SES204/SA204S14	SES087	-0.0949073	-6.37426	-6.27935
BLOCK20/SES204/SA204S14	SES206	-0.913298	-7.19265	-6.27935
BLOCK20/SES204/SA204S14	SES226	-1.25852	-7.53787	-6.27935
BLOCK20/SES204/SA204S22	SES068	-0.418495	-7.41731	-6.99881
BLOCK20/SES204/SA204S22	SES082	-1.06292	-8.06173	-6.99881
BLOCK20/SES204/SA204S22	SES083	-2.52114	-9.51995	-6.99881
BLOCK20/SES204/SA204S22	SES206	-0.560943	-7.55975	-6.99881
BLOCK20/SES204/SA204S25	SES062	-0.802225	-7.54192	-6.73969
BLOCK20/SES204/SA204S25	SES083	-2.22409	-8.96378	-6.73969
BLOCK20/SES204/SA204S25	SES206	-0.308159	-7.04785	-6.73969
BLOCK20/SES204/SA204S25	SES226	-1.0921	-7.83179	-6.73969
BLOCK20/SES204/SA204S27	SES068	-0.34053	-8.01975	-7.67922
BLOCK20/SES204/SA204S27	SES082	-1.64908	-9.3283	-7.67922
BLOCK20/SES204/SA204S27	SES087	0.190337	-7.48888	-7.67922
BLOCK20/SES204/SA204S27	SES206	-1.64222	-9.32144	-7.67922
BLOCK20/SES207/SA207S10	SES127	-2.0633	-9.18353	-7.12023
BLOCK20/SES207/SA207S10	SES183	-1.13332	-8.25355	-7.12023
BLOCK20/SES207/SA207S10	SES189	-0.736979	-7.85721	-7.12023
BLOCK20/SES207/SA207S10	SES292	-1.51182	-8.63206	-7.12023
BLOCK20/SES207/SA207S11	SES127	-1.96181	-10.1811	-8.21934
BLOCK20/SES207/SA207S11	SES183	-1.87404	-10.0934	-8.21934
BLOCK20/SES207/SA207S11	SES187	-0.925673	-9.14501	-8.21934
BLOCK20/SES207/SA207S11	SES292	-0.610569	-8.82991	-8.21934
BLOCK20/SES207/SA207S25	SES068	-0.88425	-9.14918	-8.26493
BLOCK20/SES207/SA207S25	SES083	-1.50412	-9.76905	-8.26493
BLOCK20/SES207/SA207S25	SES127	-0.630145	-8.89507	-8.26493
BLOCK20/SES207/SA207S25	SES187	-0.78111	-9.04604	-8.26493
BLOCK20/SES207/SA207S27	SES127	-1.72077	-9.77767	-8.0569
BLOCK20/SES207/SA207S27	SES183	-1.40753	-9.46442	-8.0569
BLOCK20/SES207/SA207S27	SES187	-0.848141	-8.90504	-8.0569
BLOCK20/SES207/SA207S27	SES292	-1.50858	-9.56548	-8.0569
BLOCK20/SES207/SA207S29	SES083	-2.45807	-10.0599	-7.60184
BLOCK20/SES207/SA207S29	SES085	-1.40061	-9.00245	-7.60184
BLOCK20/SES207/SA207S29	SES172	-0.659184	-8.26102	-7.60184
BLOCK20/SES207/SA207S29	SES189	-2.11196	-9.7138	-7.60184
BLOCK22/SES221/SA221S12	SES068	0.00889778	-6.57545	-6.58435
BLOCK22/SES221/SA221S12	SES143	-1.55141	-8.13576	-6.58435
BLOCK22/SES221/SA221S12	SES175	-0.31585	-6.9002	-6.58435
BLOCK22/SES221/SA221S12	SES202	-0.616535	-7.20088	-6.58435
BLOCK22/SES221/SA221S15	SES085	-0.258347	-7.26176	-7.00342
BLOCK22/SES221/SA221S15	SES143	-1.22929	-8.2327	-7.00342
BLOCK22/SES221/SA221S15	SES175	-0.731103	-7.73452	-7.00342
BLOCK22/SES221/SA221S15	SES187	-0.935297	-7.93871	-7.00342
BLOCK22/SES221/SA221S23	SES068	0.404127	-6.53117	-6.93529
BLOCK22/SES221/SA221S23	SES143	-1.65119	-8.58648	-6.93529
BLOCK22/SES221/SA221S23	SES175	-0.841783	-7.77708	-6.93529
BLOCK22/SES221/SA221S23	SES189	-1.29085	-8.22614	-6.93529
BLOCK22/SES221/SA221S27	SES085	0.273172	-7.09776	-7.37093
BLOCK22/SES221/SA221S27	SES143	-1.2241	-8.59503	-7.37093
BLOCK22/SES221/SA221S27	SES175	-1.03699	-8.40792	-7.37093
BLOCK22/SES221/SA221S27	SES189	-1.07042	-8.44135	-7.37093
BLOCK22/SES221/SA221S29	SES085	0.141943	-6.8034	-6.94534
BLOCK22/SES221/SA221S29	SES143	-1.03027	-7.97562	-6.94534
BLOCK22/SES221/SA221S29	SES175	-0.228602	-7.17394	-6.94534
BLOCK22/SES221/SA221S29	SES187	-0.885402	-7.83074	-6.94534
BLOCK22/SES223/SA223S11	SES143	-1.23684	-8.69685	-7.46001
BLOCK22/SES223/SA223S11	SES144	-1.94266	-9.40267	-7.46001
BLOCK22/SES223/SA223S11	SES175	-0.763521	-8.22353	-7.46001
BLOCK22/SES223/SA223S11	SES187	-1.22585	-8.68586	-7.46001
BLOCK22/SES223/SA223S13	SES068	-0.00616884	-7.4015	-7.39533
BLOCK22/SES223/SA223S13	SES143	-1.77481	-9.17013	-7.39533
BLOCK22/SES223/SA223S13	SES146	-1.1346	-8.52992	-7.39533
BLOCK22/SES223/SA223S13	SES202	-1.16232	-8.55765	-7.39533
BLOCK22/SES223/SA223S22	SES143	-0.495049	-7.69859	-7.20354
BLOCK22/SES223/SA223S22	SES144	-1.75192	-8.95547	-7.20354
BLOCK22/SES223/SA223S22	SES175	-0.485744	-7.68929	-7.20354
BLOCK22/SES223/SA223S22	SES187	-1.25713	-8.46067	-7.20354
BLOCK22/SES223/SA223S25	SES068	-0.796241	-7.99656	-7.20032
BLOCK22/SES223/SA223S25	SES143	-1.40934	-8.60966	-7.20032
BLOCK22/SES223/SA223S25	SES175	-1.03496	-8.23529	-7.20032
BLOCK22/SES223/SA223S25	SES187	-1.64689	-8.84721	-7.20032
BLOCK22/SES223/SA223S27	SES143	-0.306955	-8.31943	-8.01247
BLOCK22/SES223/SA223S27	SES146	-1.98615	-9.99862	-8.01247
BLOCK22/SES223/SA223S27	SES187	-1.23931	-9.25179	-8.01247
BLOCK22/SES223/SA223S27	SES292	-0.412503	-8.42498	-8.01247
BLOCK27/SES273/SA273S12	SES099	0.00563908	-7.376	-7.38164
BLOCK27/SES273/SA273S12	SES104	0.254494	-7.12714	-7.38164
BLOCK27/SES273/SA273S12	SES125	-0.337983	-7.71962	-7.38164
BLOCK27/SES273/SA273S12	SES206	-0.0664067	-7.44804	-7.38164
BLOCK27/SES273/SA273S13	SES099	-1.11938	-7.97298	-6.8536
BLOCK27/SES273/SA273S13	SES104	-0.00403881	-6.85764	-6.8536
BLOCK27/SES273/SA273S13	SES206	-1.48063	-8.33423	-6.8536
BLOCK27/SES273/SA273S13	SES292	-0.762535	-7.61613	-6.8536
BLOCK27/SES273/SA273S21	SES099	-0.702075	-8.44137	-7.7393
BLOCK27/SES273/SA273S21	SES148	-1.98499	-9.72429	-7.7393
BLOCK27/SES273/SA273S21	SES149	-1.68077	-9.42007	-7.7393
BLOCK27/SES273/SA273S21	SES177	-1.79537	-9.53466	-7.7393
BLOCK27/SES273/SA273S25	SES104	0.00859833	-8.11696	-8.12556
BLOCK27/SES273/SA273S25	SES125	-1.1672	-9.29276	-8.12556
BLOCK27/SES273/SA273S25	SES158	0.336543	-7.78901	-8.12556
BLOCK27/SES273/SA273S25	SES206	-0.337746	-8.4633	-8.12556
BLOCK27/SES273/SA273S27	SES099	-0.688552	-7.01542	-6.32686
BLOCK27/SES273/SA273S27	SES104	-0.735973	-7.06284	-6.32686
BLOCK27/SES273/SA273S27	SES149	-1.07871	-7.40557	-6.32686
BLOCK27/SES273/SA273S27	SES275	-1.14252	-7.46938	-6.32686
BLOCK27/SES274/SA274S10	SES105	-1.65569	-8.25811	-6.60243
BLOCK27/SES274/SA274S10	SES125	-1.46569	-8.06812	-6.60243
BLOCK27/SES274/SA274S10	SES129	0.0205927	-6.58183	-6.60243
BLOCK27/SES274/SA274S10	SES158	-3.9508	-10.5532	-6.60243
BLOCK27/SES274/SA274S11	SES105	-0.857585	-7.57747	-6.71989
BLOCK27/SES274/SA274S11	SES149	-0.540597	-7.26049	-6.71989
BLOCK27/SES274/SA274S11	SES158	-1.27655	-7.99644	-6.71989
BLOCK27/SES274/SA274S11	SES275	-0.0524716	-6.77236	-6.71989
BLOCK27/SES274/SA274S21	SES105	-1.09189	-7.85563	-6.76374
BLOCK27/SES274/SA274S21	SES129	0.0813665	-6.68238	-6.76374
BLOCK27/SES274/SA274S21	SES149	-1.76694	-8.53068	-6.76374
BLOCK27/SES274/SA274S21	SES158	-3.49001	-10.2537	-6.76374
BLOCK27/SES274/SA274S24	SES105	-1.56687	-9.09018	-7.52331
BLOCK27/SES274/SA274S24	SES129	0.18422	-7.33909	-7.52331
BLOCK27/SES274/SA274S24	SES149	-2.03975	-9.56306	-7.52331
BLOCK27/SES274/SA274S24	SES158	-5.18649	-12.7098	-7.52331
BLOCK27/SES274/SA274S29	SES105	-1.3978	-8.46431	-7.06651
BLOCK27/SES274/SA274S29	SES106	-1.70752	-8.77403	-7.06651
BLOCK27/SES274/SA274S29	SES120	-0.924021	-7.99053	-7.06651
BLOCK27/SES274/SA274S29	SES275	-0.590119	-7.65662	-7.06651
BLOCK27/SES276/SA276S16	SES148	-0.264904	-7.26232	-6.99741
BLOCK27/SES276/SA276S16	SES172	-0.0922241	-7.08964	-6.99741
BLOCK27/SES276/SA276S16	SES180	-0.606792	-7.6042	-6.99741
BLOCK27/SES276/SA276S16	SES292	-0.490804	-7.48821	-6.99741
BLOCK27/SES276/SA276S17	SES101	-1.126	-8.51308	-7.38708
BLOCK27/SES276/SA276S17	SES177	-1.33226	-8.71935	-7.38708
BLOCK27/SES276/SA276S17	SES180	-1.38621	-8.77329	-7.38708
BLOCK27/SES276/SA276S17	SES292	-0.95568	-8.34276	-7.38708
BLOCK27/SES276/SA276S24	SES101	-0.190622	-6.95844	-6.76782
BLOCK27/SES276/SA276S24	SES177	-0.542541	-7.31036	-6.76782
BLOCK27/SES276/SA276S24	SES180	-0.902291	-7.67011	-6.76782
BLOCK27/SES276/SA276S24	SES292	-0.950833	-7.71865	-6.76782
BLOCK27/SES276/SA276S26	SES101	-0.776402	-7.43961	-6.66321
BLOCK27/SES276/SA276S26	SES177	-0.797508	-7.46072	-6.66321
BLOCK27/SES276/SA276S26	SES180	-0.854793	-7.518	-6.66321
BLOCK27/SES276/SA276S26	SES292	-0.292462	-6.95567	-6.66321
BLOCK27/SES276/SA276S28	SES101	-0.344023	-7.28481	-6.94079
BLOCK27/SES276/SA276S28	SES177	-0.971196	-7.91198	-6.94079
BLOCK27/SES276/SA276S28	SES180	-0.174752	-7.11554	-6.94079
BLOCK27/SES276/SA276S28	SES292	-0.303904	-7.24469	-6.94079
BLOCK27/SES277/SA277S12	SES101	-0.335724	-8.73866	-8.40293
BLOCK27/SES277/SA277S12	SES177	-1.83572	-10.2387	-8.40293
BLOCK27/SES277/SA277S12	SES180	-1.94952	-10.3524	-8.40293
BLOCK27/SES277/SA277S12	SES292	-1.41415	-9.81709	-8.40293
BLOCK27/SES277/SA277S14	SES177	-1.13988	-9.53961	-8.39973
BLOCK27/SES277/SA277S14	SES180	-1.90359	-10.3033	-8.39973
BLOCK27/SES277/SA277S14	SES189	-0.325857	-8.72559	-8.39973
BLOCK27/SES277/SA277S14	SES292	-2.20642	-10.6061	-8.39973
BLOCK27/SES277/SA277S21	SES177	-0.375877	-8.92308	-8.5472
BLOCK27/SES277/SA277S21	SES180	-1.02653	-9.57373	-8.5472
BLOCK27/SES277/SA277S21	SES189	-0.0019846	-8.54919	-8.5472
BLOCK27/SES277/SA277S21	SES292	-2.48926	-11.0365	-8.5472
BLOCK27/SES277/SA277S24	SES144	-0.715292	-9.32818	-8.61289
BLOCK27/SES277/SA277S24	SES177	-1.12001	-9.7329	-8.61289
BLOCK27/SES277/SA277S24	SES180	-2.76671	-11.3796	-8.61289
BLOCK27/SES277/SA277S24	SES189	-0.128488	-8.74137	-8.61289
BLOCK27/SES277/SA277S29	SES177	-0.622422	-6.97192	-6.3495
BLOCK27/SES277/SA277S29	SES180	-0.641153	-6.99065	-6.3495
BLOCK27/SES277/SA277S29	SES202	-0.128992	-6.47849	-6.3495
BLOCK27/SES277/SA277S29	SES292	-1.23701	-7.58651	-6.3495
BLOCK27/SES279/SA279S09	SES120	-1.04439	-7.66035	-6.61596
BLOCK27/SES279/SA279S09	SES146	-1.15909	-7.77505	-6.61596
BLOCK27/SES279/SA279S09	SES206	-0.650558	-7.26652	-6.61596
BLOCK27/SES279/SA279S09	SES226	-1.38265	-7.99861	-6.61596
BLOCK27/SES279/SA279S10	SES099	-1.38665	-8.43956	-7.05291
BLOCK27/SES279/SA279S10	SES206	-1.76409	-8.817	-7.05291
BLOCK27/SES279/SA279S10	SES226	-2.27232	-9.32523	-7.05291
BLOCK27/SES279/SA279S10	SES292	-0.368938	-7.42185	-7.05291
BLOCK27/SES279/SA279S20	SES099	-1.63509	-9.16331	-7.52822
BLOCK27/SES279/SA279S20	SES206	-0.612043	-8.14026	-7.52822
BLOCK27/SES279/SA279S20	SES226	-2.28075	-9.80897	-7.52822
BLOCK27/SES279/SA279S20	SES292	-0.518867	-8.04709	-7.52822
BLOCK27/SES279/SA279S26	SES099	-0.917673	-8.83813	-7.92045
BLOCK27/SES279/SA279S26	SES206	-0.791954	-8.71241	-7.92045
BLOCK27/SES279/SA279S26	SES226	-1.66501	-9.58547	-7.92045
BLOCK27/SES279/SA279S26	SES292	0.286408	-7.63405	-7.92045
BLOCK27/SES279/SA279S28	SES099	-0.927086	-7.34266	-6.41558
BLOCK27/SES279/SA279S28	SES120	-0.818013	-7.23359	-6.41558
BLOCK27/SES279/SA279S28	SES177	-1.91336	-8.32894	-6.41558
BLOCK27/SES279/SA279S28	SES206	-1.06591	-7.48148	-6.41558
BLOCK29/SES290/SA290S12	SES162	-0.0846381	-5.83429	-5.74965
BLOCK29/SES290/SA290S12	SES177	-0.25381	-6.00346	-5.74965
BLOCK29/SES290/SA290S12	SES180	-0.840268	-6.58992	-5.74965
BLOCK29/SES290/SA290S12	SES292	-1.03793	-6.78758	-5.74965
BLOCK29/SES290/SA290S13	SES007	-0.0454025	-6.56576	-6.52036
BLOCK29/SES290/SA290S13	SES162	-1.15355	-7.67391	-6.52036
BLOCK29/SES290/SA290S13	SES177	-0.663692	-7.18405	-6.52036
BLOCK29/SES290/SA290S13	SES180	-0.382296	-6.90265	-6.52036
BLOCK29/SES290/SA290S22	SES177	-0.706594	-7.32321	-6.61662
BLOCK29/SES290/SA290S22	SES180	-0.44995	-7.06657	-6.61662
BLOCK29/SES290/SA290S22	SES202	-0.487237	-7.10385	-6.61662
BLOCK29/SES290/SA290S22	SES292	-0.466703	-7.08332	-6.61662
BLOCK29/SES290/SA290S25	SES162	-0.636775	-7.001	-6.36422
BLOCK29/SES290/SA290S25	SES177	-0.659716	-7.02394	-6.36422
BLOCK29/SES290/SA290S25	SES180	-0.985032	-7.34926	-6.36422
BLOCK29/SES290/SA290S25	SES292	-0.610764	-6.97499	-6.36422
BLOCK29/SES290/SA290S29	SES177	-0.254115	-6.45932	-6.2052
BLOCK29/SES290/SA290S29	SES180	-0.028873	-6.23407	-6.2052
BLOCK29/SES290/SA290S29	SES275	-0.747896	-6.9531	-6.2052
BLOCK29/SES290/SA290S29	SES292	-0.401152	-6.60635	-6.2052
BLOCK29/SES291/SA291S11	SES105	-1.63877	-9.51736	-7.87858
BLOCK29/SES291/SA291S11	SES125	-1.2574	-9.13598	-7.87858
BLOCK29/SES291/SA291S11	SES158	-0.356908	-8.23549	-7.87858
BLOCK29/SES291/SA291S11	SES275	-0.899571	-8.77815	-7.87858
BLOCK29/SES291/SA291S12	SES158	0.224573	-7.05119	-7.27577
BLOCK29/SES291/SA291S12	SES226	-0.945202	-8.22097	-7.27577
BLOCK29/SES291/SA291S12	SES270	-0.734491	-8.01026	-7.27577
BLOCK29/SES291/SA291S12	SES275	-2.2716	-9.54737	-7.27577
BLOCK29/SES291/SA291S22	SES082	-0.361879	-7.92818	-7.5663
BLOCK29/SES291/SA291S22	SES158	-0.197162	-7.76346	-7.5663
BLOCK29/SES291/SA291S22	SES259	-0.636205	-8.2025	-7.5663
BLOCK29/SES291/SA291S22	SES275	-1.41508	-8.98137	-7.5663
BLOCK29/SES291/SA291S24	SES104	0.271594	-6.80946	-7.08105
BLOCK29/SES291/SA291S24	SES125	-0.276489	-7.35754	-7.08105
BLOCK29/SES291/SA291S24	SES158	-0.0990815	-7.18014	-7.08105
BLOCK29/SES291/SA291S24	SES275	-1.34215	-8.42321	-7.08105
BLOCK29/SES291/SA291S27	SES158	-0.0731955	-7.17284	-7.09965
BLOCK29/SES291/SA291S27	SES172	-2.26378	-9.36342	-7.09965
BLOCK29/SES291/SA291S27	SES275	-1.44295	-8.5426	-7.09965
BLOCK29/SES291/SA291S27	SES292	-0.257568	-7.35721	-7.09965
